Building DAG of jobs...
Using shell: /bin/bash
Provided cores: 1 (use --cores to define parallelism)
Rules claiming more threads will be scaled down.
Select jobs to execute...

[Sun Oct 10 03:24:09 2021]
rule cnnscorevariants:
    input: /fs03/pg32/zarul/results/single_calling/genotype_gvcf/PRS026.vcf.gz, /fs03/pg32/zarul/results/single_calling/genotype_gvcf/PRS026.vcf.gz.tbi, /fs03/pg32/zarul/results/preprocessing/gatk_applybqsr/PRS026_recal.bam, /fs03/pg32/zarul/results/preprocessing/gatk_applybqsr/PRS026_recal.bai, /fs03/pg32/zarul/results/GRCh38_full_analysis_set_plus_decoy_hla.fa
    output: /fs03/pg32/zarul/results/single_calling/cnnscorevariants/PRS026.vcf.gz, /fs03/pg32/zarul/results/single_calling/cnnscorevariants/PRS026.vcf.gz.tbi, /fs03/pg32/zarul/results/single_calling/cnnscorevariants/.temp_PRS026
    log: /fs03/pg32/zarul/results/log/single_calling/cnnscorevariants/PRS026.log
    jobid: 0
    wildcards: sample=PRS026
    resources: mem_mb=50000, disk_mb=56200, tmpdir=/tmp

Activating singularity image /projects/pg32/WES_preliminary_analyses/.snakemake/singularity/c25fcccac22093779d3bc7c101442daf.simg
INFO:    Converting SIF file to temporary sandbox...
16:24:36.181 INFO  NativeLibraryLoader - Loading libgkl_compression.so from jar:file:/gatk/gatk-package-4.1.3.0-local.jar!/com/intel/gkl/native/libgkl_compression.so
16:24:36.684 INFO  CNNScoreVariants - ------------------------------------------------------------
16:24:36.685 INFO  CNNScoreVariants - The Genome Analysis Toolkit (GATK) v4.1.3.0
16:24:36.685 INFO  CNNScoreVariants - For support and documentation go to https://software.broadinstitute.org/gatk/
16:24:36.685 INFO  CNNScoreVariants - Executing as mzar0002@m3j000 on Linux v3.10.0-1160.11.1.el7.x86_64 amd64
16:24:36.685 INFO  CNNScoreVariants - Java runtime: OpenJDK 64-Bit Server VM v1.8.0_191-8u191-b12-0ubuntu0.16.04.1-b12
16:24:36.685 INFO  CNNScoreVariants - Start Date/Time: October 9, 2021 4:24:36 PM UTC
16:24:36.685 INFO  CNNScoreVariants - ------------------------------------------------------------
16:24:36.685 INFO  CNNScoreVariants - ------------------------------------------------------------
16:24:36.686 INFO  CNNScoreVariants - HTSJDK Version: 2.20.1
16:24:36.686 INFO  CNNScoreVariants - Picard Version: 2.20.5
16:24:36.686 INFO  CNNScoreVariants - HTSJDK Defaults.COMPRESSION_LEVEL : 2
16:24:36.686 INFO  CNNScoreVariants - HTSJDK Defaults.USE_ASYNC_IO_READ_FOR_SAMTOOLS : false
16:24:36.686 INFO  CNNScoreVariants - HTSJDK Defaults.USE_ASYNC_IO_WRITE_FOR_SAMTOOLS : true
16:24:36.686 INFO  CNNScoreVariants - HTSJDK Defaults.USE_ASYNC_IO_WRITE_FOR_TRIBBLE : false
16:24:36.686 INFO  CNNScoreVariants - Deflater: IntelDeflater
16:24:36.686 INFO  CNNScoreVariants - Inflater: IntelInflater
16:24:36.686 INFO  CNNScoreVariants - GCS max retries/reopens: 20
16:24:36.686 INFO  CNNScoreVariants - Requester pays: disabled
16:24:36.686 INFO  CNNScoreVariants - Initializing engine
16:24:37.655 INFO  FeatureManager - Using codec VCFCodec to read file file:///fs03/pg32/zarul/results/single_calling/genotype_gvcf/PRS026.vcf.gz
16:24:38.027 INFO  CNNScoreVariants - Done initializing engine
16:24:38.028 INFO  NativeLibraryLoader - Loading libgkl_utils.so from jar:file:/gatk/gatk-package-4.1.3.0-local.jar!/com/intel/gkl/native/libgkl_utils.so
16:24:40.465 INFO  CNNScoreVariants - Using key:CNN_2D for CNN architecture:/tmp/small_2d.7609191588705095020.json and weights:/tmp/small_2d.6514777743611454279.hd5
16:24:41.240 INFO  ProgressMeter - Starting traversal
16:24:41.241 INFO  ProgressMeter -        Current Locus  Elapsed Minutes    Variants Processed  Variants/Minute
16:24:41.245 INFO  CNNScoreVariants - Starting pass 0 through the variants
16:25:00.894 INFO  ProgressMeter -        chr1:78119402              0.3                  1000           3055.8
16:25:39.411 WARN  CNNScoreVariants - No reads at contig:chr1 site:152213341
16:25:39.425 WARN  CNNScoreVariants - No reads at contig:chr1 site:152213347
16:26:31.312 INFO  ProgressMeter -       chr1:222628664              1.8                  2000           1090.2
16:27:50.501 INFO  ProgressMeter -       chr2:130463255              3.2                  3000            951.1
16:29:07.279 INFO  ProgressMeter -        chr3:38580976              4.4                  4000            902.1
16:30:24.902 INFO  ProgressMeter -       chr3:194653103              5.7                  5000            873.0
16:31:42.629 INFO  ProgressMeter -         chr5:6656097              7.0                  6000            854.3
16:32:59.240 INFO  ProgressMeter -         chr6:4998729              8.3                  7000            843.4
16:34:16.303 INFO  ProgressMeter -         chr7:6781339              9.6                  8000            834.7
16:35:56.427 INFO  ProgressMeter -       chr7:150803641             11.3                  9000            799.8
16:37:08.304 INFO  ProgressMeter -        chr9:41938378             12.5                 10000            803.1
16:38:26.438 INFO  ProgressMeter -       chr10:43111239             13.8                 11000            799.8
16:39:54.396 INFO  ProgressMeter -        chr11:5151556             15.2                 12000            788.5
16:41:08.534 INFO  ProgressMeter -      chr11:103186319             16.5                 13000            790.0
16:42:27.406 INFO  ProgressMeter -       chr12:95867169             17.8                 14000            787.9
16:43:44.678 INFO  ProgressMeter -       chr14:50302999             19.1                 15000            787.1
16:45:11.900 INFO  ProgressMeter -       chr15:78944905             20.5                 16000            780.1
16:46:33.312 INFO  ProgressMeter -       chr16:88784902             21.9                 17000            777.4
16:47:53.219 INFO  ProgressMeter -       chr17:69216282             23.2                 18000            775.9
16:49:15.202 INFO  ProgressMeter -        chr19:7849088             24.6                 19000            773.4
16:50:37.024 INFO  ProgressMeter -       chr19:48835841             25.9                 20000            771.3
16:51:56.482 INFO  ProgressMeter -       chr21:10569534             27.3                 21000            770.5
16:52:45.165 INFO  ProgressMeter -       chrX:123403426             28.1                 22000            783.9
16:53:15.509 INFO  CNNScoreVariants - Finished pass 0 through the variants
16:53:55.939 INFO  CNNScoreVariants - Starting pass 1 through the variants
16:53:56.126 INFO  ProgressMeter -        chr1:55058524             29.2                 23000            786.4
16:53:56.973 INFO  CNNScoreVariants - Finished pass 1 through the variants
16:53:56.974 INFO  CNNScoreVariants - No variants filtered by: AllowAllVariantsVariantFilter
16:53:56.976 INFO  CNNScoreVariants - No reads filtered by: (WellformedReadFilter AND ReadGroupBlackListReadFilter)
16:53:56.976 INFO  ProgressMeter -        chrX:53430674             29.3                 44224           1511.3
16:53:56.976 INFO  ProgressMeter - Traversal complete. Processed 44224 total variants in 29.3 minutes.
16:53:56.976 INFO  CNNScoreVariants - Done scoring variants with CNN.
16:53:57.107 INFO  CNNScoreVariants - Shutting down engine
[October 9, 2021 4:53:57 PM UTC] org.broadinstitute.hellbender.tools.walkers.vqsr.CNNScoreVariants done. Elapsed time: 29.35 minutes.
Runtime.totalMemory()=2076049408
Using GATK jar /gatk/gatk-package-4.1.3.0-local.jar
Running:
    java -Dsamjdk.use_async_io_read_samtools=false -Dsamjdk.use_async_io_write_samtools=true -Dsamjdk.use_async_io_write_tribble=false -Dsamjdk.compression_level=2 -Xmx50G -jar /gatk/gatk-package-4.1.3.0-local.jar CNNScoreVariants -I /fs03/pg32/zarul/results/preprocessing/gatk_applybqsr/PRS026_recal.bam -V /fs03/pg32/zarul/results/single_calling/genotype_gvcf/PRS026.vcf.gz -R /fs03/pg32/zarul/results/GRCh38_full_analysis_set_plus_decoy_hla.fa -O /fs03/pg32/zarul/results/single_calling/cnnscorevariants/PRS026.vcf.gz -tensor-type read_tensor
INFO:    Cleaning up image...
Touching output file /fs03/pg32/zarul/results/single_calling/cnnscorevariants/.temp_PRS026.
[Sun Oct 10 03:53:59 2021]
Finished job 0.
1 of 1 steps (100%) done
