Building DAG of jobs...
Using shell: /bin/bash
Provided cores: 1 (use --cores to define parallelism)
Rules claiming more threads will be scaled down.
Select jobs to execute...

[Sat Oct  9 23:46:10 2021]
rule cnnscorevariants:
    input: /fs03/pg32/zarul/results/single_calling/genotype_gvcf/JH19025.vcf.gz, /fs03/pg32/zarul/results/single_calling/genotype_gvcf/JH19025.vcf.gz.tbi, /fs03/pg32/zarul/results/preprocessing/gatk_applybqsr/JH19025_recal.bam, /fs03/pg32/zarul/results/preprocessing/gatk_applybqsr/JH19025_recal.bai, /fs03/pg32/zarul/results/GRCh38_full_analysis_set_plus_decoy_hla.fa
    output: /fs03/pg32/zarul/results/single_calling/cnnscorevariants/JH19025.vcf.gz, /fs03/pg32/zarul/results/single_calling/cnnscorevariants/JH19025.vcf.gz.tbi, /fs03/pg32/zarul/results/single_calling/cnnscorevariants/.temp_JH19025
    log: /fs03/pg32/zarul/results/log/single_calling/cnnscorevariants/JH19025.log
    jobid: 0
    wildcards: sample=JH19025
    resources: mem_mb=50000, disk_mb=33541, tmpdir=/tmp

Activating singularity image /projects/pg32/WES_preliminary_analyses/.snakemake/singularity/c25fcccac22093779d3bc7c101442daf.simg
INFO:    Converting SIF file to temporary sandbox...
12:46:37.778 INFO  NativeLibraryLoader - Loading libgkl_compression.so from jar:file:/gatk/gatk-package-4.1.3.0-local.jar!/com/intel/gkl/native/libgkl_compression.so
12:46:38.277 INFO  CNNScoreVariants - ------------------------------------------------------------
12:46:38.277 INFO  CNNScoreVariants - The Genome Analysis Toolkit (GATK) v4.1.3.0
12:46:38.277 INFO  CNNScoreVariants - For support and documentation go to https://software.broadinstitute.org/gatk/
12:46:38.277 INFO  CNNScoreVariants - Executing as mzar0002@m3h005 on Linux v3.10.0-1160.11.1.el7.x86_64 amd64
12:46:38.277 INFO  CNNScoreVariants - Java runtime: OpenJDK 64-Bit Server VM v1.8.0_191-8u191-b12-0ubuntu0.16.04.1-b12
12:46:38.278 INFO  CNNScoreVariants - Start Date/Time: October 9, 2021 12:46:37 PM UTC
12:46:38.278 INFO  CNNScoreVariants - ------------------------------------------------------------
12:46:38.278 INFO  CNNScoreVariants - ------------------------------------------------------------
12:46:38.278 INFO  CNNScoreVariants - HTSJDK Version: 2.20.1
12:46:38.278 INFO  CNNScoreVariants - Picard Version: 2.20.5
12:46:38.278 INFO  CNNScoreVariants - HTSJDK Defaults.COMPRESSION_LEVEL : 2
12:46:38.278 INFO  CNNScoreVariants - HTSJDK Defaults.USE_ASYNC_IO_READ_FOR_SAMTOOLS : false
12:46:38.278 INFO  CNNScoreVariants - HTSJDK Defaults.USE_ASYNC_IO_WRITE_FOR_SAMTOOLS : true
12:46:38.278 INFO  CNNScoreVariants - HTSJDK Defaults.USE_ASYNC_IO_WRITE_FOR_TRIBBLE : false
12:46:38.279 INFO  CNNScoreVariants - Deflater: IntelDeflater
12:46:38.279 INFO  CNNScoreVariants - Inflater: IntelInflater
12:46:38.279 INFO  CNNScoreVariants - GCS max retries/reopens: 20
12:46:38.279 INFO  CNNScoreVariants - Requester pays: disabled
12:46:38.279 INFO  CNNScoreVariants - Initializing engine
12:46:39.278 INFO  FeatureManager - Using codec VCFCodec to read file file:///fs03/pg32/zarul/results/single_calling/genotype_gvcf/JH19025.vcf.gz
12:46:39.639 INFO  CNNScoreVariants - Done initializing engine
12:46:39.640 INFO  NativeLibraryLoader - Loading libgkl_utils.so from jar:file:/gatk/gatk-package-4.1.3.0-local.jar!/com/intel/gkl/native/libgkl_utils.so
12:46:41.876 INFO  CNNScoreVariants - Using key:CNN_2D for CNN architecture:/tmp/small_2d.8613632778928938006.json and weights:/tmp/small_2d.3643329894558289116.hd5
12:46:42.640 INFO  ProgressMeter - Starting traversal
12:46:42.641 INFO  ProgressMeter -        Current Locus  Elapsed Minutes    Variants Processed  Variants/Minute
12:46:42.646 INFO  CNNScoreVariants - Starting pass 0 through the variants
12:46:55.017 INFO  ProgressMeter -        chr1:89713973              0.2                  1000           4848.5
12:48:56.893 INFO  ProgressMeter -       chr1:209760195              2.2                  2000            893.8
12:50:50.478 INFO  ProgressMeter -       chr2:126899281              4.1                  3000            726.3
12:52:40.888 INFO  ProgressMeter -        chr3:33866453              6.0                  4000            669.9
12:54:31.574 INFO  ProgressMeter -       chr3:196886204              7.8                  5000            639.8
12:56:22.967 INFO  ProgressMeter -        chr5:33963765              9.7                  6000            620.3
12:58:10.322 INFO  ProgressMeter -        chr6:26199855             11.5                  7000            610.7
13:00:02.216 INFO  ProgressMeter -        chr7:27662771             13.3                  8000            600.3
13:02:02.208 INFO  ProgressMeter -       chr7:156969530             15.3                  9000            587.2
13:03:54.936 INFO  ProgressMeter -        chr9:89363482             17.2                 10000            581.2
13:05:46.837 INFO  ProgressMeter -       chr10:79557536             19.1                 11000            576.8
13:07:40.591 INFO  ProgressMeter -       chr11:33054645             21.0                 12000            572.4
13:09:33.618 INFO  ProgressMeter -        chr12:6777854             22.8                 13000            568.9
13:11:24.399 INFO  ProgressMeter -      chr12:132620010             24.7                 14000            566.9
13:13:15.311 INFO  ProgressMeter -       chr14:94446462             26.5                 15000            565.1
13:15:14.345 INFO  ProgressMeter -         chr16:764058             28.5                 16000            560.8
13:17:08.529 INFO  ProgressMeter -        chr17:8189376             30.4                 17000            558.6
13:19:04.233 INFO  ProgressMeter -       chr17:82444070             32.4                 18000            556.2
13:20:57.440 INFO  ProgressMeter -       chr19:15181626             34.2                 19000            554.8
13:22:52.566 INFO  ProgressMeter -       chr19:55955339             36.2                 20000            553.0
13:24:46.518 INFO  ProgressMeter -       chr22:21388395             38.1                 21000            551.7
13:25:49.923 INFO  CNNScoreVariants - Finished pass 0 through the variants
13:27:19.488 INFO  CNNScoreVariants - Starting pass 1 through the variants
13:27:19.566 INFO  ProgressMeter -         chr1:6554170             40.6                 22000            541.7
13:27:20.922 INFO  CNNScoreVariants - Finished pass 1 through the variants
13:27:20.922 INFO  CNNScoreVariants - No variants filtered by: AllowAllVariantsVariantFilter
13:27:20.923 INFO  CNNScoreVariants - No reads filtered by: (WellformedReadFilter AND ReadGroupBlackListReadFilter)
13:27:20.923 INFO  ProgressMeter -       chr22:31712838             40.6                 43734           1076.2
13:27:20.923 INFO  ProgressMeter - Traversal complete. Processed 43734 total variants in 40.6 minutes.
13:27:20.923 INFO  CNNScoreVariants - Done scoring variants with CNN.
13:27:21.086 INFO  CNNScoreVariants - Shutting down engine
[October 9, 2021 1:27:21 PM UTC] org.broadinstitute.hellbender.tools.walkers.vqsr.CNNScoreVariants done. Elapsed time: 40.72 minutes.
Runtime.totalMemory()=2076049408
Using GATK jar /gatk/gatk-package-4.1.3.0-local.jar
Running:
    java -Dsamjdk.use_async_io_read_samtools=false -Dsamjdk.use_async_io_write_samtools=true -Dsamjdk.use_async_io_write_tribble=false -Dsamjdk.compression_level=2 -Xmx50G -jar /gatk/gatk-package-4.1.3.0-local.jar CNNScoreVariants -I /fs03/pg32/zarul/results/preprocessing/gatk_applybqsr/JH19025_recal.bam -V /fs03/pg32/zarul/results/single_calling/genotype_gvcf/JH19025.vcf.gz -R /fs03/pg32/zarul/results/GRCh38_full_analysis_set_plus_decoy_hla.fa -O /fs03/pg32/zarul/results/single_calling/cnnscorevariants/JH19025.vcf.gz -tensor-type read_tensor
INFO:    Cleaning up image...
Touching output file /fs03/pg32/zarul/results/single_calling/cnnscorevariants/.temp_JH19025.
[Sun Oct 10 00:27:23 2021]
Finished job 0.
1 of 1 steps (100%) done
