Building DAG of jobs...
Using shell: /bin/bash
Provided cores: 1 (use --cores to define parallelism)
Rules claiming more threads will be scaled down.
Select jobs to execute...

[Sat Oct  9 23:42:32 2021]
rule cnnscorevariants:
    input: /fs03/pg32/zarul/results/single_calling/genotype_gvcf/JH19041.vcf.gz, /fs03/pg32/zarul/results/single_calling/genotype_gvcf/JH19041.vcf.gz.tbi, /fs03/pg32/zarul/results/preprocessing/gatk_applybqsr/JH19041_recal.bam, /fs03/pg32/zarul/results/preprocessing/gatk_applybqsr/JH19041_recal.bai, /fs03/pg32/zarul/results/GRCh38_full_analysis_set_plus_decoy_hla.fa
    output: /fs03/pg32/zarul/results/single_calling/cnnscorevariants/JH19041.vcf.gz, /fs03/pg32/zarul/results/single_calling/cnnscorevariants/JH19041.vcf.gz.tbi, /fs03/pg32/zarul/results/single_calling/cnnscorevariants/.temp_JH19041
    log: /fs03/pg32/zarul/results/log/single_calling/cnnscorevariants/JH19041.log
    jobid: 0
    wildcards: sample=JH19041
    resources: mem_mb=50000, disk_mb=27816, tmpdir=/tmp

Activating singularity image /projects/pg32/WES_preliminary_analyses/.snakemake/singularity/c25fcccac22093779d3bc7c101442daf.simg
INFO:    Converting SIF file to temporary sandbox...
12:42:57.471 INFO  NativeLibraryLoader - Loading libgkl_compression.so from jar:file:/gatk/gatk-package-4.1.3.0-local.jar!/com/intel/gkl/native/libgkl_compression.so
12:42:57.964 INFO  CNNScoreVariants - ------------------------------------------------------------
12:42:57.965 INFO  CNNScoreVariants - The Genome Analysis Toolkit (GATK) v4.1.3.0
12:42:57.965 INFO  CNNScoreVariants - For support and documentation go to https://software.broadinstitute.org/gatk/
12:42:57.965 INFO  CNNScoreVariants - Executing as mzar0002@m3j008 on Linux v3.10.0-1160.11.1.el7.x86_64 amd64
12:42:57.965 INFO  CNNScoreVariants - Java runtime: OpenJDK 64-Bit Server VM v1.8.0_191-8u191-b12-0ubuntu0.16.04.1-b12
12:42:57.965 INFO  CNNScoreVariants - Start Date/Time: October 9, 2021 12:42:57 PM UTC
12:42:57.965 INFO  CNNScoreVariants - ------------------------------------------------------------
12:42:57.965 INFO  CNNScoreVariants - ------------------------------------------------------------
12:42:57.966 INFO  CNNScoreVariants - HTSJDK Version: 2.20.1
12:42:57.966 INFO  CNNScoreVariants - Picard Version: 2.20.5
12:42:57.966 INFO  CNNScoreVariants - HTSJDK Defaults.COMPRESSION_LEVEL : 2
12:42:57.966 INFO  CNNScoreVariants - HTSJDK Defaults.USE_ASYNC_IO_READ_FOR_SAMTOOLS : false
12:42:57.966 INFO  CNNScoreVariants - HTSJDK Defaults.USE_ASYNC_IO_WRITE_FOR_SAMTOOLS : true
12:42:57.966 INFO  CNNScoreVariants - HTSJDK Defaults.USE_ASYNC_IO_WRITE_FOR_TRIBBLE : false
12:42:57.966 INFO  CNNScoreVariants - Deflater: IntelDeflater
12:42:57.966 INFO  CNNScoreVariants - Inflater: IntelInflater
12:42:57.966 INFO  CNNScoreVariants - GCS max retries/reopens: 20
12:42:57.966 INFO  CNNScoreVariants - Requester pays: disabled
12:42:57.966 INFO  CNNScoreVariants - Initializing engine
12:42:58.786 INFO  FeatureManager - Using codec VCFCodec to read file file:///fs03/pg32/zarul/results/single_calling/genotype_gvcf/JH19041.vcf.gz
12:42:59.119 INFO  CNNScoreVariants - Done initializing engine
12:42:59.120 INFO  NativeLibraryLoader - Loading libgkl_utils.so from jar:file:/gatk/gatk-package-4.1.3.0-local.jar!/com/intel/gkl/native/libgkl_utils.so
12:43:01.303 INFO  CNNScoreVariants - Using key:CNN_2D for CNN architecture:/tmp/small_2d.3161541736936885236.json and weights:/tmp/small_2d.7554107180957327169.hd5
12:43:02.031 INFO  ProgressMeter - Starting traversal
12:43:02.032 INFO  ProgressMeter -        Current Locus  Elapsed Minutes    Variants Processed  Variants/Minute
12:43:02.036 INFO  CNNScoreVariants - Starting pass 0 through the variants
12:43:12.864 INFO  ProgressMeter -        chr1:88857299              0.2                  1000           5539.7
12:44:29.864 INFO  ProgressMeter -       chr1:207683909              1.5                  2000           1366.2
12:45:42.459 INFO  ProgressMeter -       chr2:108910513              2.7                  3000           1122.0
12:46:53.151 INFO  ProgressMeter -        chr3:33214100              3.9                  4000           1038.4
12:48:05.683 INFO  ProgressMeter -         chr4:1012545              5.1                  5000            988.0
12:49:17.396 INFO  ProgressMeter -        chr5:66054653              6.3                  6000            959.1
12:50:27.126 INFO  ProgressMeter -        chr6:39316274              7.4                  7000            943.6
12:51:38.366 INFO  ProgressMeter -        chr7:50093121              8.6                  8000            929.6
12:52:55.446 INFO  ProgressMeter -        chr8:12133940              9.9                  9000            910.0
12:54:07.432 INFO  ProgressMeter -        chr9:94319169             11.1                 10000            901.7
12:55:18.379 INFO  ProgressMeter -       chr10:89645075             12.3                 11000            896.3
12:56:30.186 INFO  ProgressMeter -       chr11:55554822             13.5                 12000            890.9
12:57:42.510 INFO  ProgressMeter -       chr12:23534420             14.7                 13000            885.9
12:58:54.391 INFO  ProgressMeter -       chr13:33061698             15.9                 14000            882.0
13:00:06.137 INFO  ProgressMeter -       chr15:39973598             17.1                 15000            878.8
13:01:17.328 INFO  ProgressMeter -       chr16:28497126             18.3                 16000            876.5
13:02:30.658 INFO  ProgressMeter -       chr17:27582824             19.5                 17000            872.8
13:03:43.336 INFO  ProgressMeter -       chr18:63655761             20.7                 18000            870.1
13:04:56.271 INFO  ProgressMeter -       chr19:39425118             21.9                 19000            867.4
13:06:09.904 INFO  ProgressMeter -       chr20:41362504             23.1                 20000            864.6
13:07:22.843 INFO  ProgressMeter -       chr22:50178377             24.3                 21000            862.5
13:07:26.500 INFO  CNNScoreVariants - Finished pass 0 through the variants
13:08:20.756 INFO  CNNScoreVariants - Starting pass 1 through the variants
13:08:20.893 INFO  ProgressMeter -        chr1:34794345             25.3                 22000            869.1
13:08:21.669 INFO  CNNScoreVariants - Finished pass 1 through the variants
13:08:21.670 INFO  CNNScoreVariants - No variants filtered by: AllowAllVariantsVariantFilter
13:08:21.747 INFO  CNNScoreVariants - No reads filtered by: (WellformedReadFilter AND ReadGroupBlackListReadFilter)
13:08:21.747 INFO  ProgressMeter -       chr22:21469313             25.3                 42732           1687.1
13:08:21.747 INFO  ProgressMeter - Traversal complete. Processed 42732 total variants in 25.3 minutes.
13:08:21.747 INFO  CNNScoreVariants - Done scoring variants with CNN.
13:08:21.896 INFO  CNNScoreVariants - Shutting down engine
[October 9, 2021 1:08:21 PM UTC] org.broadinstitute.hellbender.tools.walkers.vqsr.CNNScoreVariants done. Elapsed time: 25.41 minutes.
Runtime.totalMemory()=2076049408
Using GATK jar /gatk/gatk-package-4.1.3.0-local.jar
Running:
    java -Dsamjdk.use_async_io_read_samtools=false -Dsamjdk.use_async_io_write_samtools=true -Dsamjdk.use_async_io_write_tribble=false -Dsamjdk.compression_level=2 -Xmx50G -jar /gatk/gatk-package-4.1.3.0-local.jar CNNScoreVariants -I /fs03/pg32/zarul/results/preprocessing/gatk_applybqsr/JH19041_recal.bam -V /fs03/pg32/zarul/results/single_calling/genotype_gvcf/JH19041.vcf.gz -R /fs03/pg32/zarul/results/GRCh38_full_analysis_set_plus_decoy_hla.fa -O /fs03/pg32/zarul/results/single_calling/cnnscorevariants/JH19041.vcf.gz -tensor-type read_tensor
INFO:    Cleaning up image...
Touching output file /fs03/pg32/zarul/results/single_calling/cnnscorevariants/.temp_JH19041.
[Sun Oct 10 00:08:25 2021]
Finished job 0.
1 of 1 steps (100%) done
