Building DAG of jobs...
Using shell: /bin/bash
Provided cores: 1 (use --cores to define parallelism)
Rules claiming more threads will be scaled down.
Select jobs to execute...

[Sun Oct 10 00:45:45 2021]
rule cnnscorevariants:
    input: /fs03/pg32/zarul/results/single_calling/genotype_gvcf/JH19022.vcf.gz, /fs03/pg32/zarul/results/single_calling/genotype_gvcf/JH19022.vcf.gz.tbi, /fs03/pg32/zarul/results/preprocessing/gatk_applybqsr/JH19022_recal.bam, /fs03/pg32/zarul/results/preprocessing/gatk_applybqsr/JH19022_recal.bai, /fs03/pg32/zarul/results/GRCh38_full_analysis_set_plus_decoy_hla.fa
    output: /fs03/pg32/zarul/results/single_calling/cnnscorevariants/JH19022.vcf.gz, /fs03/pg32/zarul/results/single_calling/cnnscorevariants/JH19022.vcf.gz.tbi, /fs03/pg32/zarul/results/single_calling/cnnscorevariants/.temp_JH19022
    log: /fs03/pg32/zarul/results/log/single_calling/cnnscorevariants/JH19022.log
    jobid: 0
    wildcards: sample=JH19022
    resources: mem_mb=50000, disk_mb=30600, tmpdir=/tmp

Activating singularity image /projects/pg32/WES_preliminary_analyses/.snakemake/singularity/c25fcccac22093779d3bc7c101442daf.simg
INFO:    Converting SIF file to temporary sandbox...
13:46:12.003 INFO  NativeLibraryLoader - Loading libgkl_compression.so from jar:file:/gatk/gatk-package-4.1.3.0-local.jar!/com/intel/gkl/native/libgkl_compression.so
13:46:12.482 INFO  CNNScoreVariants - ------------------------------------------------------------
13:46:12.482 INFO  CNNScoreVariants - The Genome Analysis Toolkit (GATK) v4.1.3.0
13:46:12.482 INFO  CNNScoreVariants - For support and documentation go to https://software.broadinstitute.org/gatk/
13:46:12.482 INFO  CNNScoreVariants - Executing as mzar0002@m3j008 on Linux v3.10.0-1160.11.1.el7.x86_64 amd64
13:46:12.482 INFO  CNNScoreVariants - Java runtime: OpenJDK 64-Bit Server VM v1.8.0_191-8u191-b12-0ubuntu0.16.04.1-b12
13:46:12.483 INFO  CNNScoreVariants - Start Date/Time: October 9, 2021 1:46:11 PM UTC
13:46:12.483 INFO  CNNScoreVariants - ------------------------------------------------------------
13:46:12.483 INFO  CNNScoreVariants - ------------------------------------------------------------
13:46:12.483 INFO  CNNScoreVariants - HTSJDK Version: 2.20.1
13:46:12.483 INFO  CNNScoreVariants - Picard Version: 2.20.5
13:46:12.483 INFO  CNNScoreVariants - HTSJDK Defaults.COMPRESSION_LEVEL : 2
13:46:12.483 INFO  CNNScoreVariants - HTSJDK Defaults.USE_ASYNC_IO_READ_FOR_SAMTOOLS : false
13:46:12.484 INFO  CNNScoreVariants - HTSJDK Defaults.USE_ASYNC_IO_WRITE_FOR_SAMTOOLS : true
13:46:12.484 INFO  CNNScoreVariants - HTSJDK Defaults.USE_ASYNC_IO_WRITE_FOR_TRIBBLE : false
13:46:12.484 INFO  CNNScoreVariants - Deflater: IntelDeflater
13:46:12.484 INFO  CNNScoreVariants - Inflater: IntelInflater
13:46:12.484 INFO  CNNScoreVariants - GCS max retries/reopens: 20
13:46:12.484 INFO  CNNScoreVariants - Requester pays: disabled
13:46:12.484 INFO  CNNScoreVariants - Initializing engine
13:46:13.364 INFO  FeatureManager - Using codec VCFCodec to read file file:///fs03/pg32/zarul/results/single_calling/genotype_gvcf/JH19022.vcf.gz
13:46:13.716 INFO  CNNScoreVariants - Done initializing engine
13:46:13.717 INFO  NativeLibraryLoader - Loading libgkl_utils.so from jar:file:/gatk/gatk-package-4.1.3.0-local.jar!/com/intel/gkl/native/libgkl_utils.so
13:46:15.953 INFO  CNNScoreVariants - Using key:CNN_2D for CNN architecture:/tmp/small_2d.8828849376933173017.json and weights:/tmp/small_2d.1305831208511052891.hd5
13:46:16.680 INFO  ProgressMeter - Starting traversal
13:46:16.680 INFO  ProgressMeter -        Current Locus  Elapsed Minutes    Variants Processed  Variants/Minute
13:46:16.684 INFO  CNNScoreVariants - Starting pass 0 through the variants
13:46:29.080 INFO  ProgressMeter -       chr1:107436774              0.2                  1000           4839.1
13:47:47.107 INFO  ProgressMeter -       chr1:223394059              1.5                  2000           1327.0
13:49:00.354 INFO  ProgressMeter -       chr2:130140047              2.7                  3000           1099.8
13:50:11.967 INFO  ProgressMeter -        chr3:44243092              3.9                  4000           1020.0
13:51:24.462 INFO  ProgressMeter -         chr4:4248128              5.1                  5000            974.7
13:52:36.316 INFO  ProgressMeter -        chr5:75029077              6.3                  6000            948.3
13:53:45.582 INFO  ProgressMeter -        chr6:38814090              7.5                  7000            935.6
13:54:58.671 INFO  ProgressMeter -        chr7:55181370              8.7                  8000            919.6
13:56:16.735 INFO  ProgressMeter -        chr8:17754377             10.0                  9000            899.9
13:57:29.586 INFO  ProgressMeter -       chr9:112838568             11.2                 10000            891.7
13:58:42.814 INFO  ProgressMeter -       chr10:99330671             12.4                 11000            884.6
13:59:56.262 INFO  ProgressMeter -       chr11:60397879             13.7                 12000            878.5
14:01:09.910 INFO  ProgressMeter -       chr12:31089465             14.9                 13000            873.2
14:02:22.200 INFO  ProgressMeter -       chr13:53034497             16.1                 14000            870.0
14:03:39.621 INFO  ProgressMeter -       chr15:40902951             17.4                 15000            862.9
14:04:52.027 INFO  ProgressMeter -       chr16:28497345             18.6                 16000            860.7
14:06:07.425 INFO  ProgressMeter -       chr17:21703101             19.8                 17000            856.6
14:07:21.548 INFO  ProgressMeter -       chr18:69677798             21.1                 18000            853.8
14:08:36.033 INFO  ProgressMeter -       chr19:38448768             22.3                 19000            851.2
14:09:51.307 INFO  ProgressMeter -       chr20:34749948             23.6                 20000            848.3
14:11:06.332 INFO  ProgressMeter -       chr22:43933050             24.8                 21000            845.8
14:11:45.940 INFO  CNNScoreVariants - Finished pass 0 through the variants
14:12:26.371 INFO  CNNScoreVariants - Starting pass 1 through the variants
14:12:26.473 INFO  ProgressMeter -        chr1:21880156             26.2                 22000            840.9
14:12:27.473 INFO  CNNScoreVariants - Finished pass 1 through the variants
14:12:27.474 INFO  CNNScoreVariants - No variants filtered by: AllowAllVariantsVariantFilter
14:12:27.533 INFO  CNNScoreVariants - No reads filtered by: (WellformedReadFilter AND ReadGroupBlackListReadFilter)
14:12:27.534 INFO  ProgressMeter -       chrX:103309655             26.2                 43188           1649.6
14:12:27.534 INFO  ProgressMeter - Traversal complete. Processed 43188 total variants in 26.2 minutes.
14:12:27.534 INFO  CNNScoreVariants - Done scoring variants with CNN.
14:12:27.699 INFO  CNNScoreVariants - Shutting down engine
[October 9, 2021 2:12:27 PM UTC] org.broadinstitute.hellbender.tools.walkers.vqsr.CNNScoreVariants done. Elapsed time: 26.26 minutes.
Runtime.totalMemory()=2076049408
Using GATK jar /gatk/gatk-package-4.1.3.0-local.jar
Running:
    java -Dsamjdk.use_async_io_read_samtools=false -Dsamjdk.use_async_io_write_samtools=true -Dsamjdk.use_async_io_write_tribble=false -Dsamjdk.compression_level=2 -Xmx50G -jar /gatk/gatk-package-4.1.3.0-local.jar CNNScoreVariants -I /fs03/pg32/zarul/results/preprocessing/gatk_applybqsr/JH19022_recal.bam -V /fs03/pg32/zarul/results/single_calling/genotype_gvcf/JH19022.vcf.gz -R /fs03/pg32/zarul/results/GRCh38_full_analysis_set_plus_decoy_hla.fa -O /fs03/pg32/zarul/results/single_calling/cnnscorevariants/JH19022.vcf.gz -tensor-type read_tensor
INFO:    Cleaning up image...
Touching output file /fs03/pg32/zarul/results/single_calling/cnnscorevariants/.temp_JH19022.
[Sun Oct 10 01:12:31 2021]
Finished job 0.
1 of 1 steps (100%) done
