Building DAG of jobs...
Using shell: /bin/bash
Provided cores: 1 (use --cores to define parallelism)
Rules claiming more threads will be scaled down.
Select jobs to execute...

[Fri Oct  8 23:26:55 2021]
rule cnnscorevariants:
    input: /fs03/pg32/zarul/results/single_calling/genotype_gvcf/NIST7035.vcf.gz, /fs03/pg32/zarul/results/single_calling/genotype_gvcf/NIST7035.vcf.gz.tbi, /fs03/pg32/zarul/results/preprocessing/gatk_recalibrated/NIST7035_recal.bam, /fs03/pg32/zarul/results/preprocessing/gatk_recalibrated/NIST7035_recal.bai, /fs03/pg32/zarul/results/GRCh38_full_analysis_set_plus_decoy_hla.fa
    output: /fs03/pg32/zarul/results/single_calling/cnnscorevariants/NIST7035.vcf.gz, /fs03/pg32/zarul/results/single_calling/cnnscorevariants/NIST7035.vcf.gz.tbi
    log: /fs03/pg32/zarul/results/log/single_calling/cnnscorevariants/NIST7035.log
    jobid: 0
    wildcards: sample=NIST7035
    resources: mem_mb=50000, disk_mb=25302, tmpdir=/tmp

Activating singularity image /projects/pg32/WES_preliminary_analyses/.snakemake/singularity/c25fcccac22093779d3bc7c101442daf.simg
INFO:    Converting SIF file to temporary sandbox...
12:27:21.778 INFO  NativeLibraryLoader - Loading libgkl_compression.so from jar:file:/gatk/gatk-package-4.1.3.0-local.jar!/com/intel/gkl/native/libgkl_compression.so
12:27:22.254 INFO  CNNScoreVariants - ------------------------------------------------------------
12:27:22.254 INFO  CNNScoreVariants - The Genome Analysis Toolkit (GATK) v4.1.3.0
12:27:22.254 INFO  CNNScoreVariants - For support and documentation go to https://software.broadinstitute.org/gatk/
12:27:22.255 INFO  CNNScoreVariants - Executing as mzar0002@m3j009 on Linux v3.10.0-1160.11.1.el7.x86_64 amd64
12:27:22.255 INFO  CNNScoreVariants - Java runtime: OpenJDK 64-Bit Server VM v1.8.0_191-8u191-b12-0ubuntu0.16.04.1-b12
12:27:22.255 INFO  CNNScoreVariants - Start Date/Time: October 8, 2021 12:27:21 PM UTC
12:27:22.255 INFO  CNNScoreVariants - ------------------------------------------------------------
12:27:22.255 INFO  CNNScoreVariants - ------------------------------------------------------------
12:27:22.255 INFO  CNNScoreVariants - HTSJDK Version: 2.20.1
12:27:22.255 INFO  CNNScoreVariants - Picard Version: 2.20.5
12:27:22.256 INFO  CNNScoreVariants - HTSJDK Defaults.COMPRESSION_LEVEL : 2
12:27:22.256 INFO  CNNScoreVariants - HTSJDK Defaults.USE_ASYNC_IO_READ_FOR_SAMTOOLS : false
12:27:22.256 INFO  CNNScoreVariants - HTSJDK Defaults.USE_ASYNC_IO_WRITE_FOR_SAMTOOLS : true
12:27:22.256 INFO  CNNScoreVariants - HTSJDK Defaults.USE_ASYNC_IO_WRITE_FOR_TRIBBLE : false
12:27:22.256 INFO  CNNScoreVariants - Deflater: IntelDeflater
12:27:22.256 INFO  CNNScoreVariants - Inflater: IntelInflater
12:27:22.256 INFO  CNNScoreVariants - GCS max retries/reopens: 20
12:27:22.256 INFO  CNNScoreVariants - Requester pays: disabled
12:27:22.256 INFO  CNNScoreVariants - Initializing engine
12:27:23.154 INFO  FeatureManager - Using codec VCFCodec to read file file:///fs03/pg32/zarul/results/single_calling/genotype_gvcf/NIST7035.vcf.gz
12:27:23.543 INFO  CNNScoreVariants - Done initializing engine
12:27:23.544 INFO  NativeLibraryLoader - Loading libgkl_utils.so from jar:file:/gatk/gatk-package-4.1.3.0-local.jar!/com/intel/gkl/native/libgkl_utils.so
12:27:25.831 INFO  CNNScoreVariants - Using key:CNN_2D for CNN architecture:/tmp/small_2d.5891416168223201908.json and weights:/tmp/small_2d.6699722198775542583.hd5
12:27:26.594 INFO  ProgressMeter - Starting traversal
12:27:26.594 INFO  ProgressMeter -        Current Locus  Elapsed Minutes    Variants Processed  Variants/Minute
12:27:26.598 INFO  CNNScoreVariants - Starting pass 0 through the variants
12:28:41.381 INFO  ProgressMeter -       chr1:229654301              1.2                  2000           1604.6
12:29:44.372 INFO  ProgressMeter -       chr2:169140541              2.3                  3000           1306.4
12:30:44.175 INFO  ProgressMeter -        chr3:75737079              3.3                  4000           1214.7
12:31:43.868 INFO  ProgressMeter -        chr4:71752606              4.3                  5000           1166.1
12:32:42.569 INFO  ProgressMeter -       chr5:141152300              5.3                  6000           1139.3
12:33:41.220 INFO  ProgressMeter -       chr6:152326546              6.2                  7000           1121.1
12:34:49.335 INFO  ProgressMeter -       chr7:132508190              7.4                  8000           1084.2
12:35:46.775 INFO  ProgressMeter -        chr9:34726674              8.3                  9000           1079.6
12:36:47.197 INFO  ProgressMeter -       chr10:49945053              9.3                 10000           1070.3
12:37:48.023 INFO  ProgressMeter -       chr11:36462658             10.4                 11000           1062.1
12:38:48.312 INFO  ProgressMeter -        chr12:8125585             11.4                 12000           1056.2
12:39:48.305 INFO  ProgressMeter -       chr13:38350126             12.4                 13000           1051.6
12:40:49.992 INFO  ProgressMeter -       chr15:41397034             13.4                 14000           1045.6
12:41:49.589 INFO  ProgressMeter -       chr16:53470809             14.4                 15000           1042.9
12:42:50.367 INFO  ProgressMeter -       chr17:43013861             15.4                 16000           1039.2
12:43:52.618 INFO  ProgressMeter -        chr19:2934284             16.4                 17000           1034.5
12:44:53.110 INFO  ProgressMeter -       chr19:44107861             17.4                 18000           1032.0
12:45:53.781 INFO  ProgressMeter -       chr20:63561666             18.5                 19000           1029.6
12:46:55.959 INFO  ProgressMeter -        chrX:67545316             19.5                 20000           1026.2
12:46:59.167 INFO  CNNScoreVariants - Finished pass 0 through the variants
12:47:41.924 INFO  CNNScoreVariants - Starting pass 1 through the variants
12:47:42.098 INFO  ProgressMeter -        chr1:67168129             20.3                 21000           1036.6
12:47:42.890 INFO  CNNScoreVariants - Finished pass 1 through the variants
12:47:42.890 INFO  CNNScoreVariants - No variants filtered by: AllowAllVariantsVariantFilter
12:47:42.960 INFO  CNNScoreVariants - No reads filtered by: (WellformedReadFilter AND ReadGroupBlackListReadFilter)
12:47:42.961 INFO  ProgressMeter -       chr22:50255868             20.3                 40484           1997.0
12:47:42.961 INFO  ProgressMeter - Traversal complete. Processed 40484 total variants in 20.3 minutes.
12:47:42.961 INFO  CNNScoreVariants - Done scoring variants with CNN.
12:47:43.097 INFO  CNNScoreVariants - Shutting down engine
[October 8, 2021 12:47:43 PM UTC] org.broadinstitute.hellbender.tools.walkers.vqsr.CNNScoreVariants done. Elapsed time: 20.36 minutes.
Runtime.totalMemory()=2076049408
Using GATK jar /gatk/gatk-package-4.1.3.0-local.jar
Running:
    java -Dsamjdk.use_async_io_read_samtools=false -Dsamjdk.use_async_io_write_samtools=true -Dsamjdk.use_async_io_write_tribble=false -Dsamjdk.compression_level=2 -Xmx50G -jar /gatk/gatk-package-4.1.3.0-local.jar CNNScoreVariants -I /fs03/pg32/zarul/results/preprocessing/gatk_recalibrated/NIST7035_recal.bam -V /fs03/pg32/zarul/results/single_calling/genotype_gvcf/NIST7035.vcf.gz -R /fs03/pg32/zarul/results/GRCh38_full_analysis_set_plus_decoy_hla.fa -O /fs03/pg32/zarul/results/single_calling/cnnscorevariants/NIST7035.vcf.gz -tensor-type read_tensor
INFO:    Cleaning up image...
[Fri Oct  8 23:47:46 2021]
Finished job 0.
1 of 1 steps (100%) done
