Building DAG of jobs...
Using shell: /bin/bash
Provided cores: 1 (use --cores to define parallelism)
Rules claiming more threads will be scaled down.
Select jobs to execute...

[Sun Oct 10 00:19:53 2021]
rule cnnscorevariants:
    input: /fs03/pg32/zarul/results/single_calling/genotype_gvcf/PRS020.vcf.gz, /fs03/pg32/zarul/results/single_calling/genotype_gvcf/PRS020.vcf.gz.tbi, /fs03/pg32/zarul/results/preprocessing/gatk_applybqsr/PRS020_recal.bam, /fs03/pg32/zarul/results/preprocessing/gatk_applybqsr/PRS020_recal.bai, /fs03/pg32/zarul/results/GRCh38_full_analysis_set_plus_decoy_hla.fa
    output: /fs03/pg32/zarul/results/single_calling/cnnscorevariants/PRS020.vcf.gz, /fs03/pg32/zarul/results/single_calling/cnnscorevariants/PRS020.vcf.gz.tbi, /fs03/pg32/zarul/results/single_calling/cnnscorevariants/.temp_PRS020
    log: /fs03/pg32/zarul/results/log/single_calling/cnnscorevariants/PRS020.log
    jobid: 0
    wildcards: sample=PRS020
    resources: mem_mb=50000, disk_mb=25573, tmpdir=/tmp

Activating singularity image /projects/pg32/WES_preliminary_analyses/.snakemake/singularity/c25fcccac22093779d3bc7c101442daf.simg
INFO:    Converting SIF file to temporary sandbox...
13:20:20.031 INFO  NativeLibraryLoader - Loading libgkl_compression.so from jar:file:/gatk/gatk-package-4.1.3.0-local.jar!/com/intel/gkl/native/libgkl_compression.so
13:20:20.550 INFO  CNNScoreVariants - ------------------------------------------------------------
13:20:20.551 INFO  CNNScoreVariants - The Genome Analysis Toolkit (GATK) v4.1.3.0
13:20:20.551 INFO  CNNScoreVariants - For support and documentation go to https://software.broadinstitute.org/gatk/
13:20:20.551 INFO  CNNScoreVariants - Executing as mzar0002@m3h004 on Linux v3.10.0-1160.11.1.el7.x86_64 amd64
13:20:20.551 INFO  CNNScoreVariants - Java runtime: OpenJDK 64-Bit Server VM v1.8.0_191-8u191-b12-0ubuntu0.16.04.1-b12
13:20:20.551 INFO  CNNScoreVariants - Start Date/Time: October 9, 2021 1:20:19 PM UTC
13:20:20.551 INFO  CNNScoreVariants - ------------------------------------------------------------
13:20:20.551 INFO  CNNScoreVariants - ------------------------------------------------------------
13:20:20.552 INFO  CNNScoreVariants - HTSJDK Version: 2.20.1
13:20:20.552 INFO  CNNScoreVariants - Picard Version: 2.20.5
13:20:20.552 INFO  CNNScoreVariants - HTSJDK Defaults.COMPRESSION_LEVEL : 2
13:20:20.552 INFO  CNNScoreVariants - HTSJDK Defaults.USE_ASYNC_IO_READ_FOR_SAMTOOLS : false
13:20:20.552 INFO  CNNScoreVariants - HTSJDK Defaults.USE_ASYNC_IO_WRITE_FOR_SAMTOOLS : true
13:20:20.552 INFO  CNNScoreVariants - HTSJDK Defaults.USE_ASYNC_IO_WRITE_FOR_TRIBBLE : false
13:20:20.552 INFO  CNNScoreVariants - Deflater: IntelDeflater
13:20:20.552 INFO  CNNScoreVariants - Inflater: IntelInflater
13:20:20.552 INFO  CNNScoreVariants - GCS max retries/reopens: 20
13:20:20.553 INFO  CNNScoreVariants - Requester pays: disabled
13:20:20.553 INFO  CNNScoreVariants - Initializing engine
13:20:21.537 INFO  FeatureManager - Using codec VCFCodec to read file file:///fs03/pg32/zarul/results/single_calling/genotype_gvcf/PRS020.vcf.gz
13:20:21.874 INFO  CNNScoreVariants - Done initializing engine
13:20:21.875 INFO  NativeLibraryLoader - Loading libgkl_utils.so from jar:file:/gatk/gatk-package-4.1.3.0-local.jar!/com/intel/gkl/native/libgkl_utils.so
13:20:24.158 INFO  CNNScoreVariants - Using key:CNN_2D for CNN architecture:/tmp/small_2d.4587918188999746018.json and weights:/tmp/small_2d.8466190860228222163.hd5
13:20:24.919 INFO  ProgressMeter - Starting traversal
13:20:24.920 INFO  ProgressMeter -        Current Locus  Elapsed Minutes    Variants Processed  Variants/Minute
13:20:24.923 INFO  CNNScoreVariants - Starting pass 0 through the variants
13:20:36.782 INFO  ProgressMeter -       chr1:109267922              0.2                  1000           5059.0
13:22:28.885 INFO  ProgressMeter -       chr1:228340862              2.1                  2000            968.0
13:24:16.910 INFO  ProgressMeter -       chr2:140950299              3.9                  3000            775.9
13:26:00.707 INFO  ProgressMeter -        chr3:46459778              5.6                  4000            714.7
13:27:46.774 INFO  ProgressMeter -         chr4:9243953              7.4                  5000            679.0
13:29:30.323 INFO  ProgressMeter -        chr5:79732903              9.1                  6000            660.1
13:31:10.231 INFO  ProgressMeter -        chr6:43284291             10.8                  7000            650.8
13:32:56.060 INFO  ProgressMeter -        chr7:64831598             12.5                  8000            639.0
13:34:49.514 INFO  ProgressMeter -        chr8:13021825             14.4                  9000            624.6
13:36:37.023 INFO  ProgressMeter -       chr9:100292669             16.2                 10000            617.2
13:38:22.745 INFO  ProgressMeter -       chr10:89383772             18.0                 11000            612.3
13:40:10.472 INFO  ProgressMeter -       chr11:56105548             19.8                 12000            607.3
13:41:59.043 INFO  ProgressMeter -       chr12:14840674             21.6                 13000            602.7
13:43:45.042 INFO  ProgressMeter -       chr13:46082534             23.3                 14000            599.9
13:45:31.174 WARN  CNNScoreVariants - No reads at contig:chr14 site:104949045
13:45:31.261 WARN  CNNScoreVariants - No reads at contig:chr14 site:104949049
13:45:31.335 WARN  CNNScoreVariants - No reads at contig:chr14 site:104949052
13:45:34.564 INFO  ProgressMeter -       chr15:23440160             25.2                 15000            596.2
13:47:20.623 INFO  ProgressMeter -       chr16:18850013             26.9                 16000            594.2
13:49:10.558 INFO  ProgressMeter -       chr17:18680829             28.8                 17000            591.1
13:51:01.108 INFO  ProgressMeter -       chr18:26455824             30.6                 18000            588.2
13:52:49.428 INFO  ProgressMeter -       chr19:18146940             32.4                 19000            586.3
13:54:40.749 INFO  ProgressMeter -       chr19:58262705             34.3                 20000            583.7
13:56:30.171 INFO  ProgressMeter -       chr22:24365499             36.1                 21000            581.9
13:57:27.530 INFO  CNNScoreVariants - Finished pass 0 through the variants
13:58:38.594 INFO  CNNScoreVariants - Starting pass 1 through the variants
13:58:38.686 INFO  ProgressMeter -        chr1:16148628             38.2                 22000            575.5
13:58:40.072 INFO  CNNScoreVariants - Finished pass 1 through the variants
13:58:40.072 INFO  CNNScoreVariants - No variants filtered by: AllowAllVariantsVariantFilter
13:58:40.150 INFO  CNNScoreVariants - No reads filtered by: (WellformedReadFilter AND ReadGroupBlackListReadFilter)
13:58:40.150 INFO  ProgressMeter -       chr22:43972324             38.3                 43470           1136.4
13:58:40.150 INFO  ProgressMeter - Traversal complete. Processed 43470 total variants in 38.3 minutes.
13:58:40.150 INFO  CNNScoreVariants - Done scoring variants with CNN.
13:58:40.324 INFO  CNNScoreVariants - Shutting down engine
[October 9, 2021 1:58:40 PM UTC] org.broadinstitute.hellbender.tools.walkers.vqsr.CNNScoreVariants done. Elapsed time: 38.34 minutes.
Runtime.totalMemory()=2076049408
Using GATK jar /gatk/gatk-package-4.1.3.0-local.jar
Running:
    java -Dsamjdk.use_async_io_read_samtools=false -Dsamjdk.use_async_io_write_samtools=true -Dsamjdk.use_async_io_write_tribble=false -Dsamjdk.compression_level=2 -Xmx50G -jar /gatk/gatk-package-4.1.3.0-local.jar CNNScoreVariants -I /fs03/pg32/zarul/results/preprocessing/gatk_applybqsr/PRS020_recal.bam -V /fs03/pg32/zarul/results/single_calling/genotype_gvcf/PRS020.vcf.gz -R /fs03/pg32/zarul/results/GRCh38_full_analysis_set_plus_decoy_hla.fa -O /fs03/pg32/zarul/results/single_calling/cnnscorevariants/PRS020.vcf.gz -tensor-type read_tensor
INFO:    Cleaning up image...
Touching output file /fs03/pg32/zarul/results/single_calling/cnnscorevariants/.temp_PRS020.
[Sun Oct 10 00:58:44 2021]
Finished job 0.
1 of 1 steps (100%) done
