Building DAG of jobs...
Using shell: /bin/bash
Provided cores: 1 (use --cores to define parallelism)
Rules claiming more threads will be scaled down.
Select jobs to execute...

[Sat Oct  9 23:28:30 2021]
rule cnnscorevariants:
    input: /fs03/pg32/zarul/results/single_calling/genotype_gvcf/JH19033.vcf.gz, /fs03/pg32/zarul/results/single_calling/genotype_gvcf/JH19033.vcf.gz.tbi, /fs03/pg32/zarul/results/preprocessing/gatk_applybqsr/JH19033_recal.bam, /fs03/pg32/zarul/results/preprocessing/gatk_applybqsr/JH19033_recal.bai, /fs03/pg32/zarul/results/GRCh38_full_analysis_set_plus_decoy_hla.fa
    output: /fs03/pg32/zarul/results/single_calling/cnnscorevariants/JH19033.vcf.gz, /fs03/pg32/zarul/results/single_calling/cnnscorevariants/JH19033.vcf.gz.tbi, /fs03/pg32/zarul/results/single_calling/cnnscorevariants/.temp_JH19033
    log: /fs03/pg32/zarul/results/log/single_calling/cnnscorevariants/JH19033.log
    jobid: 0
    wildcards: sample=JH19033
    resources: mem_mb=50000, disk_mb=28612, tmpdir=/tmp

Activating singularity image /projects/pg32/WES_preliminary_analyses/.snakemake/singularity/c25fcccac22093779d3bc7c101442daf.simg
INFO:    Converting SIF file to temporary sandbox...
12:28:55.320 INFO  NativeLibraryLoader - Loading libgkl_compression.so from jar:file:/gatk/gatk-package-4.1.3.0-local.jar!/com/intel/gkl/native/libgkl_compression.so
12:28:55.868 INFO  CNNScoreVariants - ------------------------------------------------------------
12:28:55.869 INFO  CNNScoreVariants - The Genome Analysis Toolkit (GATK) v4.1.3.0
12:28:55.869 INFO  CNNScoreVariants - For support and documentation go to https://software.broadinstitute.org/gatk/
12:28:55.869 INFO  CNNScoreVariants - Executing as mzar0002@m3j008 on Linux v3.10.0-1160.11.1.el7.x86_64 amd64
12:28:55.869 INFO  CNNScoreVariants - Java runtime: OpenJDK 64-Bit Server VM v1.8.0_191-8u191-b12-0ubuntu0.16.04.1-b12
12:28:55.869 INFO  CNNScoreVariants - Start Date/Time: October 9, 2021 12:28:55 PM UTC
12:28:55.869 INFO  CNNScoreVariants - ------------------------------------------------------------
12:28:55.869 INFO  CNNScoreVariants - ------------------------------------------------------------
12:28:55.870 INFO  CNNScoreVariants - HTSJDK Version: 2.20.1
12:28:55.870 INFO  CNNScoreVariants - Picard Version: 2.20.5
12:28:55.870 INFO  CNNScoreVariants - HTSJDK Defaults.COMPRESSION_LEVEL : 2
12:28:55.870 INFO  CNNScoreVariants - HTSJDK Defaults.USE_ASYNC_IO_READ_FOR_SAMTOOLS : false
12:28:55.870 INFO  CNNScoreVariants - HTSJDK Defaults.USE_ASYNC_IO_WRITE_FOR_SAMTOOLS : true
12:28:55.870 INFO  CNNScoreVariants - HTSJDK Defaults.USE_ASYNC_IO_WRITE_FOR_TRIBBLE : false
12:28:55.870 INFO  CNNScoreVariants - Deflater: IntelDeflater
12:28:55.870 INFO  CNNScoreVariants - Inflater: IntelInflater
12:28:55.870 INFO  CNNScoreVariants - GCS max retries/reopens: 20
12:28:55.870 INFO  CNNScoreVariants - Requester pays: disabled
12:28:55.870 INFO  CNNScoreVariants - Initializing engine
12:28:56.657 INFO  FeatureManager - Using codec VCFCodec to read file file:///fs03/pg32/zarul/results/single_calling/genotype_gvcf/JH19033.vcf.gz
12:28:56.991 INFO  CNNScoreVariants - Done initializing engine
12:28:56.992 INFO  NativeLibraryLoader - Loading libgkl_utils.so from jar:file:/gatk/gatk-package-4.1.3.0-local.jar!/com/intel/gkl/native/libgkl_utils.so
12:28:59.117 INFO  CNNScoreVariants - Using key:CNN_2D for CNN architecture:/tmp/small_2d.4000605956848798298.json and weights:/tmp/small_2d.780827199546075940.hd5
12:28:59.815 INFO  ProgressMeter - Starting traversal
12:28:59.816 INFO  ProgressMeter -        Current Locus  Elapsed Minutes    Variants Processed  Variants/Minute
12:28:59.819 INFO  CNNScoreVariants - Starting pass 0 through the variants
12:30:26.888 INFO  ProgressMeter -       chr1:207022434              1.5                  2000           1378.2
12:31:03.600 WARN  CNNScoreVariants - No reads at contig:chr2 site:20667362
12:31:39.454 INFO  ProgressMeter -       chr2:113499263              2.7                  3000           1127.6
12:32:49.458 INFO  ProgressMeter -        chr3:27256325              3.8                  4000           1045.1
12:33:59.666 INFO  ProgressMeter -          chr4:989837              5.0                  5000           1000.5
12:35:09.781 INFO  ProgressMeter -        chr5:35010033              6.2                  6000            973.1
12:36:17.023 INFO  ProgressMeter -        chr6:28326773              7.3                  7000            960.6
12:37:27.710 INFO  ProgressMeter -        chr7:23717543              8.5                  8000            945.1
12:38:41.600 INFO  ProgressMeter -          chr8:544658              9.7                  9000            928.2
12:39:52.804 INFO  ProgressMeter -        chr9:87887425             10.9                 10000            918.9
12:41:03.845 INFO  ProgressMeter -       chr10:79513058             12.1                 11000            911.6
12:42:14.312 INFO  ProgressMeter -       chr11:44919277             13.2                 12000            906.2
12:43:26.117 INFO  ProgressMeter -        chr12:8222452             14.4                 13000            900.4
12:44:36.525 INFO  ProgressMeter -       chr13:25096942             15.6                 14000            896.8
12:45:46.958 INFO  ProgressMeter -      chr14:104946805             16.8                 15000            893.6
12:47:01.409 INFO  ProgressMeter -        chr16:8858391             18.0                 16000            887.6
12:48:13.281 INFO  ProgressMeter -       chr17:12958853             19.2                 17000            884.3
12:49:25.603 INFO  ProgressMeter -       chr18:23833905             20.4                 18000            881.1
12:50:36.660 INFO  ProgressMeter -       chr19:18599725             21.6                 19000            879.1
12:51:50.732 INFO  ProgressMeter -        chr20:4248867             22.8                 20000            875.3
12:53:03.496 INFO  ProgressMeter -       chr22:37877742             24.1                 21000            872.8
12:53:07.352 WARN  CNNScoreVariants - No reads at contig:chrX site:57910015
12:53:07.357 WARN  CNNScoreVariants - No reads at contig:chrX site:57910016
12:53:07.362 WARN  CNNScoreVariants - No reads at contig:chrX site:57910019
12:53:40.500 INFO  CNNScoreVariants - Finished pass 0 through the variants
12:54:20.101 INFO  CNNScoreVariants - Starting pass 1 through the variants
12:54:20.208 INFO  ProgressMeter -        chr1:21864961             25.3                 22000            868.2
12:54:21.053 INFO  CNNScoreVariants - Finished pass 1 through the variants
12:54:21.053 INFO  CNNScoreVariants - No variants filtered by: AllowAllVariantsVariantFilter
12:54:21.126 INFO  CNNScoreVariants - No reads filtered by: (WellformedReadFilter AND ReadGroupBlackListReadFilter)
12:54:21.126 INFO  ProgressMeter -       chrX:102937387             25.4                 43176           1702.8
12:54:21.126 INFO  ProgressMeter - Traversal complete. Processed 43176 total variants in 25.4 minutes.
12:54:21.126 INFO  CNNScoreVariants - Done scoring variants with CNN.
12:54:21.273 INFO  CNNScoreVariants - Shutting down engine
[October 9, 2021 12:54:21 PM UTC] org.broadinstitute.hellbender.tools.walkers.vqsr.CNNScoreVariants done. Elapsed time: 25.43 minutes.
Runtime.totalMemory()=2076049408
Using GATK jar /gatk/gatk-package-4.1.3.0-local.jar
Running:
    java -Dsamjdk.use_async_io_read_samtools=false -Dsamjdk.use_async_io_write_samtools=true -Dsamjdk.use_async_io_write_tribble=false -Dsamjdk.compression_level=2 -Xmx50G -jar /gatk/gatk-package-4.1.3.0-local.jar CNNScoreVariants -I /fs03/pg32/zarul/results/preprocessing/gatk_applybqsr/JH19033_recal.bam -V /fs03/pg32/zarul/results/single_calling/genotype_gvcf/JH19033.vcf.gz -R /fs03/pg32/zarul/results/GRCh38_full_analysis_set_plus_decoy_hla.fa -O /fs03/pg32/zarul/results/single_calling/cnnscorevariants/JH19033.vcf.gz -tensor-type read_tensor
INFO:    Cleaning up image...
Touching output file /fs03/pg32/zarul/results/single_calling/cnnscorevariants/.temp_JH19033.
[Sat Oct  9 23:54:24 2021]
Finished job 0.
1 of 1 steps (100%) done
