Building DAG of jobs...
Using shell: /bin/bash
Provided cores: 1 (use --cores to define parallelism)
Rules claiming more threads will be scaled down.
Select jobs to execute...

[Sat Oct  9 22:59:37 2021]
rule cnnscorevariants:
    input: /fs03/pg32/zarul/results/single_calling/genotype_gvcf/NIST7086.vcf.gz, /fs03/pg32/zarul/results/single_calling/genotype_gvcf/NIST7086.vcf.gz.tbi, /fs03/pg32/zarul/results/preprocessing/gatk_applybqsr/NIST7086_recal.bam, /fs03/pg32/zarul/results/preprocessing/gatk_applybqsr/NIST7086_recal.bai, /fs03/pg32/zarul/results/GRCh38_full_analysis_set_plus_decoy_hla.fa
    output: /fs03/pg32/zarul/results/single_calling/cnnscorevariants/NIST7086.vcf.gz, /fs03/pg32/zarul/results/single_calling/cnnscorevariants/NIST7086.vcf.gz.tbi, /fs03/pg32/zarul/results/single_calling/cnnscorevariants/.temp_NIST7086
    log: /fs03/pg32/zarul/results/log/single_calling/cnnscorevariants/NIST7086.log
    jobid: 0
    wildcards: sample=NIST7086
    resources: mem_mb=50000, disk_mb=26240, tmpdir=/tmp

Activating singularity image /projects/pg32/WES_preliminary_analyses/.snakemake/singularity/c25fcccac22093779d3bc7c101442daf.simg
INFO:    Converting SIF file to temporary sandbox...
12:00:02.622 INFO  NativeLibraryLoader - Loading libgkl_compression.so from jar:file:/gatk/gatk-package-4.1.3.0-local.jar!/com/intel/gkl/native/libgkl_compression.so
12:00:03.114 INFO  CNNScoreVariants - ------------------------------------------------------------
12:00:03.114 INFO  CNNScoreVariants - The Genome Analysis Toolkit (GATK) v4.1.3.0
12:00:03.114 INFO  CNNScoreVariants - For support and documentation go to https://software.broadinstitute.org/gatk/
12:00:03.115 INFO  CNNScoreVariants - Executing as mzar0002@m3j008 on Linux v3.10.0-1160.11.1.el7.x86_64 amd64
12:00:03.115 INFO  CNNScoreVariants - Java runtime: OpenJDK 64-Bit Server VM v1.8.0_191-8u191-b12-0ubuntu0.16.04.1-b12
12:00:03.115 INFO  CNNScoreVariants - Start Date/Time: October 9, 2021 12:00:02 PM UTC
12:00:03.115 INFO  CNNScoreVariants - ------------------------------------------------------------
12:00:03.115 INFO  CNNScoreVariants - ------------------------------------------------------------
12:00:03.116 INFO  CNNScoreVariants - HTSJDK Version: 2.20.1
12:00:03.116 INFO  CNNScoreVariants - Picard Version: 2.20.5
12:00:03.116 INFO  CNNScoreVariants - HTSJDK Defaults.COMPRESSION_LEVEL : 2
12:00:03.116 INFO  CNNScoreVariants - HTSJDK Defaults.USE_ASYNC_IO_READ_FOR_SAMTOOLS : false
12:00:03.116 INFO  CNNScoreVariants - HTSJDK Defaults.USE_ASYNC_IO_WRITE_FOR_SAMTOOLS : true
12:00:03.116 INFO  CNNScoreVariants - HTSJDK Defaults.USE_ASYNC_IO_WRITE_FOR_TRIBBLE : false
12:00:03.116 INFO  CNNScoreVariants - Deflater: IntelDeflater
12:00:03.116 INFO  CNNScoreVariants - Inflater: IntelInflater
12:00:03.116 INFO  CNNScoreVariants - GCS max retries/reopens: 20
12:00:03.116 INFO  CNNScoreVariants - Requester pays: disabled
12:00:03.116 INFO  CNNScoreVariants - Initializing engine
12:00:03.958 INFO  FeatureManager - Using codec VCFCodec to read file file:///fs03/pg32/zarul/results/single_calling/genotype_gvcf/NIST7086.vcf.gz
12:00:04.294 INFO  CNNScoreVariants - Done initializing engine
12:00:04.295 INFO  NativeLibraryLoader - Loading libgkl_utils.so from jar:file:/gatk/gatk-package-4.1.3.0-local.jar!/com/intel/gkl/native/libgkl_utils.so
12:00:06.412 INFO  CNNScoreVariants - Using key:CNN_2D for CNN architecture:/tmp/small_2d.4559510975635459616.json and weights:/tmp/small_2d.143793637552601903.hd5
12:00:07.111 INFO  ProgressMeter - Starting traversal
12:00:07.111 INFO  ProgressMeter -        Current Locus  Elapsed Minutes    Variants Processed  Variants/Minute
12:00:07.115 INFO  CNNScoreVariants - Starting pass 0 through the variants
12:01:18.842 INFO  ProgressMeter -       chr1:228340862              1.2                  2000           1673.3
12:02:18.338 INFO  ProgressMeter -       chr2:162033632              2.2                  3000           1371.7
12:03:13.838 INFO  ProgressMeter -        chr3:75665620              3.1                  4000           1285.3
12:04:09.927 INFO  ProgressMeter -        chr4:69098553              4.0                  5000           1235.5
12:05:05.370 WARN  CNNScoreVariants - No reads at contig:chr5 site:140807395
12:05:05.372 WARN  CNNScoreVariants - No reads at contig:chr5 site:140807396
12:05:05.386 WARN  CNNScoreVariants - No reads at contig:chr5 site:140807399
12:05:05.640 INFO  ProgressMeter -       chr5:141096396              5.0                  6000           1205.9
12:06:02.706 INFO  ProgressMeter -       chr6:149890867              5.9                  7000           1181.1
12:07:08.646 INFO  ProgressMeter -       chr7:130346497              7.0                  8000           1138.7
12:08:02.241 INFO  ProgressMeter -        chr9:32500834              7.9                  9000           1136.5
12:08:59.429 INFO  ProgressMeter -       chr10:48174883              8.9                 10000           1127.1
12:09:57.082 INFO  ProgressMeter -       chr11:33031561              9.8                 11000           1118.7
12:10:55.263 INFO  ProgressMeter -        chr12:7741460             10.8                 12000           1110.9
12:11:51.802 INFO  ProgressMeter -       chr13:31778577             11.7                 13000           1106.9
12:12:48.613 INFO  ProgressMeter -       chr15:39588621             12.7                 14000           1103.1
12:13:42.545 INFO  ProgressMeter -       chr16:31528613             13.6                 15000           1103.7
12:14:37.751 INFO  ProgressMeter -       chr17:41586604             14.5                 16000           1102.6
12:15:34.744 INFO  ProgressMeter -        chr19:1535180             15.5                 17000           1099.6
12:16:29.740 INFO  ProgressMeter -       chr19:43361540             16.4                 18000           1099.1
12:17:25.215 INFO  ProgressMeter -       chr20:58989640             17.3                 19000           1098.2
12:18:21.033 INFO  ProgressMeter -        chrX:47585586             18.2                 20000           1097.0
12:18:24.518 INFO  CNNScoreVariants - Finished pass 0 through the variants
12:19:05.732 INFO  CNNScoreVariants - Starting pass 1 through the variants
12:19:05.879 INFO  ProgressMeter -        chr1:56536955             19.0                 21000           1106.5
12:19:06.603 INFO  CNNScoreVariants - Finished pass 1 through the variants
12:19:06.603 INFO  CNNScoreVariants - No variants filtered by: AllowAllVariantsVariantFilter
12:19:06.673 INFO  CNNScoreVariants - No reads filtered by: (WellformedReadFilter AND ReadGroupBlackListReadFilter)
12:19:06.673 INFO  ProgressMeter -       chr22:41507809             19.0                 40596           2137.5
12:19:06.673 INFO  ProgressMeter - Traversal complete. Processed 40596 total variants in 19.0 minutes.
12:19:06.673 INFO  CNNScoreVariants - Done scoring variants with CNN.
12:19:06.818 INFO  CNNScoreVariants - Shutting down engine
[October 9, 2021 12:19:06 PM UTC] org.broadinstitute.hellbender.tools.walkers.vqsr.CNNScoreVariants done. Elapsed time: 19.07 minutes.
Runtime.totalMemory()=2076049408
Using GATK jar /gatk/gatk-package-4.1.3.0-local.jar
Running:
    java -Dsamjdk.use_async_io_read_samtools=false -Dsamjdk.use_async_io_write_samtools=true -Dsamjdk.use_async_io_write_tribble=false -Dsamjdk.compression_level=2 -Xmx50G -jar /gatk/gatk-package-4.1.3.0-local.jar CNNScoreVariants -I /fs03/pg32/zarul/results/preprocessing/gatk_applybqsr/NIST7086_recal.bam -V /fs03/pg32/zarul/results/single_calling/genotype_gvcf/NIST7086.vcf.gz -R /fs03/pg32/zarul/results/GRCh38_full_analysis_set_plus_decoy_hla.fa -O /fs03/pg32/zarul/results/single_calling/cnnscorevariants/NIST7086.vcf.gz -tensor-type read_tensor
INFO:    Cleaning up image...
Touching output file /fs03/pg32/zarul/results/single_calling/cnnscorevariants/.temp_NIST7086.
[Sat Oct  9 23:19:10 2021]
Finished job 0.
1 of 1 steps (100%) done
