Building DAG of jobs...
Using shell: /bin/bash
Provided cores: 1 (use --cores to define parallelism)
Rules claiming more threads will be scaled down.
Select jobs to execute...

[Sat Oct  9 23:28:29 2021]
rule cnnscorevariants:
    input: /fs03/pg32/zarul/results/single_calling/genotype_gvcf/JH19016.vcf.gz, /fs03/pg32/zarul/results/single_calling/genotype_gvcf/JH19016.vcf.gz.tbi, /fs03/pg32/zarul/results/preprocessing/gatk_applybqsr/JH19016_recal.bam, /fs03/pg32/zarul/results/preprocessing/gatk_applybqsr/JH19016_recal.bai, /fs03/pg32/zarul/results/GRCh38_full_analysis_set_plus_decoy_hla.fa
    output: /fs03/pg32/zarul/results/single_calling/cnnscorevariants/JH19016.vcf.gz, /fs03/pg32/zarul/results/single_calling/cnnscorevariants/JH19016.vcf.gz.tbi, /fs03/pg32/zarul/results/single_calling/cnnscorevariants/.temp_JH19016
    log: /fs03/pg32/zarul/results/log/single_calling/cnnscorevariants/JH19016.log
    jobid: 0
    wildcards: sample=JH19016
    resources: mem_mb=50000, disk_mb=29310, tmpdir=/tmp

Activating singularity image /projects/pg32/WES_preliminary_analyses/.snakemake/singularity/c25fcccac22093779d3bc7c101442daf.simg
INFO:    Converting SIF file to temporary sandbox...
12:28:56.897 INFO  NativeLibraryLoader - Loading libgkl_compression.so from jar:file:/gatk/gatk-package-4.1.3.0-local.jar!/com/intel/gkl/native/libgkl_compression.so
12:28:57.388 INFO  CNNScoreVariants - ------------------------------------------------------------
12:28:57.388 INFO  CNNScoreVariants - The Genome Analysis Toolkit (GATK) v4.1.3.0
12:28:57.388 INFO  CNNScoreVariants - For support and documentation go to https://software.broadinstitute.org/gatk/
12:28:57.388 INFO  CNNScoreVariants - Executing as mzar0002@m3h011 on Linux v3.10.0-1160.11.1.el7.x86_64 amd64
12:28:57.388 INFO  CNNScoreVariants - Java runtime: OpenJDK 64-Bit Server VM v1.8.0_191-8u191-b12-0ubuntu0.16.04.1-b12
12:28:57.388 INFO  CNNScoreVariants - Start Date/Time: October 9, 2021 12:28:56 PM UTC
12:28:57.389 INFO  CNNScoreVariants - ------------------------------------------------------------
12:28:57.389 INFO  CNNScoreVariants - ------------------------------------------------------------
12:28:57.389 INFO  CNNScoreVariants - HTSJDK Version: 2.20.1
12:28:57.389 INFO  CNNScoreVariants - Picard Version: 2.20.5
12:28:57.389 INFO  CNNScoreVariants - HTSJDK Defaults.COMPRESSION_LEVEL : 2
12:28:57.389 INFO  CNNScoreVariants - HTSJDK Defaults.USE_ASYNC_IO_READ_FOR_SAMTOOLS : false
12:28:57.389 INFO  CNNScoreVariants - HTSJDK Defaults.USE_ASYNC_IO_WRITE_FOR_SAMTOOLS : true
12:28:57.389 INFO  CNNScoreVariants - HTSJDK Defaults.USE_ASYNC_IO_WRITE_FOR_TRIBBLE : false
12:28:57.390 INFO  CNNScoreVariants - Deflater: IntelDeflater
12:28:57.390 INFO  CNNScoreVariants - Inflater: IntelInflater
12:28:57.390 INFO  CNNScoreVariants - GCS max retries/reopens: 20
12:28:57.390 INFO  CNNScoreVariants - Requester pays: disabled
12:28:57.390 INFO  CNNScoreVariants - Initializing engine
12:28:58.330 INFO  FeatureManager - Using codec VCFCodec to read file file:///fs03/pg32/zarul/results/single_calling/genotype_gvcf/JH19016.vcf.gz
12:28:58.733 INFO  CNNScoreVariants - Done initializing engine
12:28:58.734 INFO  NativeLibraryLoader - Loading libgkl_utils.so from jar:file:/gatk/gatk-package-4.1.3.0-local.jar!/com/intel/gkl/native/libgkl_utils.so
12:29:01.115 INFO  CNNScoreVariants - Using key:CNN_2D for CNN architecture:/tmp/small_2d.84249095477326426.json and weights:/tmp/small_2d.1998502794253802415.hd5
12:29:01.919 INFO  ProgressMeter - Starting traversal
12:29:01.919 INFO  ProgressMeter -        Current Locus  Elapsed Minutes    Variants Processed  Variants/Minute
12:29:01.924 INFO  CNNScoreVariants - Starting pass 0 through the variants
12:29:12.971 INFO  ProgressMeter -        chr1:92513797              0.2                  1000           5429.4
12:31:04.624 INFO  ProgressMeter -       chr1:214652853              2.0                  2000            978.0
12:32:50.929 INFO  ProgressMeter -       chr2:130139661              3.8                  3000            786.0
12:34:34.780 INFO  ProgressMeter -        chr3:46459723              5.5                  4000            721.0
12:36:20.076 INFO  ProgressMeter -        chr4:15703251              7.3                  5000            684.7
12:38:03.214 INFO  ProgressMeter -        chr5:79745234              9.0                  6000            665.1
12:39:46.499 INFO  ProgressMeter -        chr6:44265240             10.7                  7000            651.6
12:41:32.263 INFO  ProgressMeter -        chr7:77736453             12.5                  8000            639.7
12:43:23.753 INFO  ProgressMeter -        chr8:31067041             14.4                  9000            626.6
12:45:10.623 INFO  ProgressMeter -       chr9:122750509             16.1                 10000            619.4
12:46:56.487 INFO  ProgressMeter -      chr10:122085807             17.9                 11000            614.2
12:48:42.376 INFO  ProgressMeter -       chr11:64728885             19.7                 12000            609.9
12:50:28.301 INFO  ProgressMeter -       chr12:52380451             21.4                 13000            606.4
12:52:13.943 INFO  ProgressMeter -      chr13:102733766             23.2                 14000            603.4
12:54:02.511 INFO  ProgressMeter -       chr15:42081612             25.0                 15000            599.8
12:55:47.787 INFO  ProgressMeter -       chr16:31325398             26.8                 16000            597.8
12:57:33.679 INFO  ProgressMeter -       chr17:31181757             28.5                 17000            595.9
12:59:19.253 INFO  ProgressMeter -         chr19:603826             30.3                 18000            594.3
13:01:04.789 INFO  ProgressMeter -       chr19:39298475             32.0                 19000            592.9
13:02:51.037 INFO  ProgressMeter -       chr20:38754997             33.8                 20000            591.4
13:04:36.420 INFO  ProgressMeter -         chrX:1427899             35.6                 21000            590.3
13:04:39.683 INFO  CNNScoreVariants - Finished pass 0 through the variants
13:05:58.588 INFO  CNNScoreVariants - Starting pass 1 through the variants
13:05:58.770 INFO  ProgressMeter -        chr1:46194623             36.9                 22000            595.4
13:06:00.096 INFO  CNNScoreVariants - Finished pass 1 through the variants
13:06:00.097 INFO  CNNScoreVariants - No variants filtered by: AllowAllVariantsVariantFilter
13:06:00.177 INFO  CNNScoreVariants - No reads filtered by: (WellformedReadFilter AND ReadGroupBlackListReadFilter)
13:06:00.177 INFO  ProgressMeter -       chr22:25798078             37.0                 42648           1153.6
13:06:00.177 INFO  ProgressMeter - Traversal complete. Processed 42648 total variants in 37.0 minutes.
13:06:00.177 INFO  CNNScoreVariants - Done scoring variants with CNN.
13:06:00.355 INFO  CNNScoreVariants - Shutting down engine
[October 9, 2021 1:06:00 PM UTC] org.broadinstitute.hellbender.tools.walkers.vqsr.CNNScoreVariants done. Elapsed time: 37.06 minutes.
Runtime.totalMemory()=2076049408
Using GATK jar /gatk/gatk-package-4.1.3.0-local.jar
Running:
    java -Dsamjdk.use_async_io_read_samtools=false -Dsamjdk.use_async_io_write_samtools=true -Dsamjdk.use_async_io_write_tribble=false -Dsamjdk.compression_level=2 -Xmx50G -jar /gatk/gatk-package-4.1.3.0-local.jar CNNScoreVariants -I /fs03/pg32/zarul/results/preprocessing/gatk_applybqsr/JH19016_recal.bam -V /fs03/pg32/zarul/results/single_calling/genotype_gvcf/JH19016.vcf.gz -R /fs03/pg32/zarul/results/GRCh38_full_analysis_set_plus_decoy_hla.fa -O /fs03/pg32/zarul/results/single_calling/cnnscorevariants/JH19016.vcf.gz -tensor-type read_tensor
INFO:    Cleaning up image...
Touching output file /fs03/pg32/zarul/results/single_calling/cnnscorevariants/.temp_JH19016.
[Sun Oct 10 00:06:04 2021]
Finished job 0.
1 of 1 steps (100%) done
