Building DAG of jobs...
Using shell: /bin/bash
Provided cores: 1 (use --cores to define parallelism)
Rules claiming more threads will be scaled down.
Select jobs to execute...

[Sat Oct  9 21:21:02 2021]
rule cnnscorevariants:
    input: /fs03/pg32/zarul/results/single_calling/genotype_gvcf/JH19023.vcf.gz, /fs03/pg32/zarul/results/single_calling/genotype_gvcf/JH19023.vcf.gz.tbi, /fs03/pg32/zarul/results/preprocessing/gatk_applybqsr/JH19023_recal.bam, /fs03/pg32/zarul/results/preprocessing/gatk_applybqsr/JH19023_recal.bai, /fs03/pg32/zarul/results/GRCh38_full_analysis_set_plus_decoy_hla.fa
    output: /fs03/pg32/zarul/results/single_calling/cnnscorevariants/JH19023.vcf.gz, /fs03/pg32/zarul/results/single_calling/cnnscorevariants/JH19023.vcf.gz.tbi, /fs03/pg32/zarul/results/single_calling/cnnscorevariants/.temp_JH19023
    log: /fs03/pg32/zarul/results/log/single_calling/cnnscorevariants/JH19023.log
    jobid: 0
    wildcards: sample=JH19023
    resources: mem_mb=50000, disk_mb=26435, tmpdir=/tmp

Activating singularity image /projects/pg32/WES_preliminary_analyses/.snakemake/singularity/c25fcccac22093779d3bc7c101442daf.simg
INFO:    Converting SIF file to temporary sandbox...
10:21:33.328 INFO  NativeLibraryLoader - Loading libgkl_compression.so from jar:file:/gatk/gatk-package-4.1.3.0-local.jar!/com/intel/gkl/native/libgkl_compression.so
10:21:34.073 INFO  CNNScoreVariants - ------------------------------------------------------------
10:21:34.073 INFO  CNNScoreVariants - The Genome Analysis Toolkit (GATK) v4.1.3.0
10:21:34.073 INFO  CNNScoreVariants - For support and documentation go to https://software.broadinstitute.org/gatk/
10:21:34.074 INFO  CNNScoreVariants - Executing as mzar0002@m3i005 on Linux v3.10.0-1160.11.1.el7.x86_64 amd64
10:21:34.074 INFO  CNNScoreVariants - Java runtime: OpenJDK 64-Bit Server VM v1.8.0_191-8u191-b12-0ubuntu0.16.04.1-b12
10:21:34.074 INFO  CNNScoreVariants - Start Date/Time: October 9, 2021 10:21:33 AM UTC
10:21:34.074 INFO  CNNScoreVariants - ------------------------------------------------------------
10:21:34.074 INFO  CNNScoreVariants - ------------------------------------------------------------
10:21:34.075 INFO  CNNScoreVariants - HTSJDK Version: 2.20.1
10:21:34.075 INFO  CNNScoreVariants - Picard Version: 2.20.5
10:21:34.075 INFO  CNNScoreVariants - HTSJDK Defaults.COMPRESSION_LEVEL : 2
10:21:34.075 INFO  CNNScoreVariants - HTSJDK Defaults.USE_ASYNC_IO_READ_FOR_SAMTOOLS : false
10:21:34.076 INFO  CNNScoreVariants - HTSJDK Defaults.USE_ASYNC_IO_WRITE_FOR_SAMTOOLS : true
10:21:34.076 INFO  CNNScoreVariants - HTSJDK Defaults.USE_ASYNC_IO_WRITE_FOR_TRIBBLE : false
10:21:34.076 INFO  CNNScoreVariants - Deflater: IntelDeflater
10:21:34.076 INFO  CNNScoreVariants - Inflater: IntelInflater
10:21:34.076 INFO  CNNScoreVariants - GCS max retries/reopens: 20
10:21:34.076 INFO  CNNScoreVariants - Requester pays: disabled
10:21:34.076 INFO  CNNScoreVariants - Initializing engine
10:21:35.231 INFO  FeatureManager - Using codec VCFCodec to read file file:///fs03/pg32/zarul/results/single_calling/genotype_gvcf/JH19023.vcf.gz
10:21:35.767 INFO  CNNScoreVariants - Done initializing engine
10:21:35.769 INFO  NativeLibraryLoader - Loading libgkl_utils.so from jar:file:/gatk/gatk-package-4.1.3.0-local.jar!/com/intel/gkl/native/libgkl_utils.so
10:21:38.799 INFO  CNNScoreVariants - Using key:CNN_2D for CNN architecture:/tmp/small_2d.463448527936979827.json and weights:/tmp/small_2d.6245363513320446664.hd5
10:21:39.763 INFO  ProgressMeter - Starting traversal
10:21:39.764 INFO  ProgressMeter -        Current Locus  Elapsed Minutes    Variants Processed  Variants/Minute
10:21:39.770 INFO  CNNScoreVariants - Starting pass 0 through the variants
10:21:53.088 INFO  ProgressMeter -        chr1:92266710              0.2                  1000           4504.2
10:23:25.506 INFO  ProgressMeter -       chr1:226367601              1.8                  2000           1134.8
10:24:51.479 INFO  ProgressMeter -       chr2:130463872              3.2                  3000            938.9
10:26:15.657 INFO  ProgressMeter -        chr3:39186173              4.6                  4000            869.9
10:27:39.076 INFO  ProgressMeter -         chr4:1718502              6.0                  5000            834.9
10:29:03.912 INFO  ProgressMeter -        chr5:44809060              7.4                  6000            810.5
10:30:25.253 INFO  ProgressMeter -        chr6:26637568              8.8                  7000            799.3
10:31:49.123 INFO  ProgressMeter -        chr7:45084866             10.2                  8000            787.7
10:33:16.960 INFO  ProgressMeter -        chr8:12133373             11.6                  9000            774.5
10:34:40.969 INFO  ProgressMeter -        chr9:97325063             13.0                 10000            768.0
10:36:04.005 INFO  ProgressMeter -       chr10:86443311             14.4                 11000            763.7
10:37:29.100 INFO  ProgressMeter -       chr11:34133094             15.8                 12000            758.4
10:38:54.752 INFO  ProgressMeter -        chr12:6063036             17.2                 13000            753.6
10:40:18.626 INFO  ProgressMeter -      chr12:133106434             18.6                 14000            750.8
10:41:41.983 INFO  ProgressMeter -      chr14:104177084             20.0                 15000            748.6
10:43:10.457 INFO  ProgressMeter -        chr16:4575937             21.5                 16000            743.8
10:44:34.509 INFO  ProgressMeter -       chr17:15314120             22.9                 17000            742.0
10:45:59.992 INFO  ProgressMeter -       chr18:14524967             24.3                 18000            739.6
10:47:24.946 INFO  ProgressMeter -       chr19:29213103             25.8                 19000            737.8
10:48:50.603 INFO  ProgressMeter -       chr20:18433712             27.2                 20000            735.8
10:50:15.706 INFO  ProgressMeter -       chr22:50000765             28.6                 21000            734.3
10:50:23.350 INFO  CNNScoreVariants - Finished pass 0 through the variants
10:51:38.516 INFO  CNNScoreVariants - Starting pass 1 through the variants
10:51:38.664 INFO  ProgressMeter -        chr1:26121956             30.0                 22000            733.8
10:51:39.687 INFO  CNNScoreVariants - Finished pass 1 through the variants
10:51:39.687 INFO  CNNScoreVariants - No variants filtered by: AllowAllVariantsVariantFilter
10:51:39.756 INFO  CNNScoreVariants - No reads filtered by: (WellformedReadFilter AND ReadGroupBlackListReadFilter)
10:51:39.757 INFO  ProgressMeter -       chr21:44540035             30.0                 42966           1432.2
10:51:39.757 INFO  ProgressMeter - Traversal complete. Processed 42966 total variants in 30.0 minutes.
10:51:39.757 INFO  CNNScoreVariants - Done scoring variants with CNN.
10:51:39.913 INFO  CNNScoreVariants - Shutting down engine
[October 9, 2021 10:51:39 AM UTC] org.broadinstitute.hellbender.tools.walkers.vqsr.CNNScoreVariants done. Elapsed time: 30.11 minutes.
Runtime.totalMemory()=2076049408
Using GATK jar /gatk/gatk-package-4.1.3.0-local.jar
Running:
    java -Dsamjdk.use_async_io_read_samtools=false -Dsamjdk.use_async_io_write_samtools=true -Dsamjdk.use_async_io_write_tribble=false -Dsamjdk.compression_level=2 -Xmx50G -jar /gatk/gatk-package-4.1.3.0-local.jar CNNScoreVariants -I /fs03/pg32/zarul/results/preprocessing/gatk_applybqsr/JH19023_recal.bam -V /fs03/pg32/zarul/results/single_calling/genotype_gvcf/JH19023.vcf.gz -R /fs03/pg32/zarul/results/GRCh38_full_analysis_set_plus_decoy_hla.fa -O /fs03/pg32/zarul/results/single_calling/cnnscorevariants/JH19023.vcf.gz -tensor-type read_tensor
INFO:    Cleaning up image...
Touching output file /fs03/pg32/zarul/results/single_calling/cnnscorevariants/.temp_JH19023.
[Sat Oct  9 21:51:44 2021]
Finished job 0.
1 of 1 steps (100%) done
