Building DAG of jobs...
Using shell: /bin/bash
Provided cores: 1 (use --cores to define parallelism)
Rules claiming more threads will be scaled down.
Select jobs to execute...

[Sun Oct 10 00:50:36 2021]
rule cnnscorevariants:
    input: /fs03/pg32/zarul/results/single_calling/genotype_gvcf/JH19034.vcf.gz, /fs03/pg32/zarul/results/single_calling/genotype_gvcf/JH19034.vcf.gz.tbi, /fs03/pg32/zarul/results/preprocessing/gatk_applybqsr/JH19034_recal.bam, /fs03/pg32/zarul/results/preprocessing/gatk_applybqsr/JH19034_recal.bai, /fs03/pg32/zarul/results/GRCh38_full_analysis_set_plus_decoy_hla.fa
    output: /fs03/pg32/zarul/results/single_calling/cnnscorevariants/JH19034.vcf.gz, /fs03/pg32/zarul/results/single_calling/cnnscorevariants/JH19034.vcf.gz.tbi, /fs03/pg32/zarul/results/single_calling/cnnscorevariants/.temp_JH19034
    log: /fs03/pg32/zarul/results/log/single_calling/cnnscorevariants/JH19034.log
    jobid: 0
    wildcards: sample=JH19034
    resources: mem_mb=50000, disk_mb=32279, tmpdir=/tmp

Activating singularity image /projects/pg32/WES_preliminary_analyses/.snakemake/singularity/c25fcccac22093779d3bc7c101442daf.simg
INFO:    Converting SIF file to temporary sandbox...
13:51:03.962 INFO  NativeLibraryLoader - Loading libgkl_compression.so from jar:file:/gatk/gatk-package-4.1.3.0-local.jar!/com/intel/gkl/native/libgkl_compression.so
13:51:04.412 INFO  CNNScoreVariants - ------------------------------------------------------------
13:51:04.412 INFO  CNNScoreVariants - The Genome Analysis Toolkit (GATK) v4.1.3.0
13:51:04.412 INFO  CNNScoreVariants - For support and documentation go to https://software.broadinstitute.org/gatk/
13:51:04.413 INFO  CNNScoreVariants - Executing as mzar0002@m3j008 on Linux v3.10.0-1160.11.1.el7.x86_64 amd64
13:51:04.413 INFO  CNNScoreVariants - Java runtime: OpenJDK 64-Bit Server VM v1.8.0_191-8u191-b12-0ubuntu0.16.04.1-b12
13:51:04.413 INFO  CNNScoreVariants - Start Date/Time: October 9, 2021 1:51:03 PM UTC
13:51:04.413 INFO  CNNScoreVariants - ------------------------------------------------------------
13:51:04.413 INFO  CNNScoreVariants - ------------------------------------------------------------
13:51:04.413 INFO  CNNScoreVariants - HTSJDK Version: 2.20.1
13:51:04.414 INFO  CNNScoreVariants - Picard Version: 2.20.5
13:51:04.414 INFO  CNNScoreVariants - HTSJDK Defaults.COMPRESSION_LEVEL : 2
13:51:04.414 INFO  CNNScoreVariants - HTSJDK Defaults.USE_ASYNC_IO_READ_FOR_SAMTOOLS : false
13:51:04.414 INFO  CNNScoreVariants - HTSJDK Defaults.USE_ASYNC_IO_WRITE_FOR_SAMTOOLS : true
13:51:04.414 INFO  CNNScoreVariants - HTSJDK Defaults.USE_ASYNC_IO_WRITE_FOR_TRIBBLE : false
13:51:04.414 INFO  CNNScoreVariants - Deflater: IntelDeflater
13:51:04.414 INFO  CNNScoreVariants - Inflater: IntelInflater
13:51:04.414 INFO  CNNScoreVariants - GCS max retries/reopens: 20
13:51:04.414 INFO  CNNScoreVariants - Requester pays: disabled
13:51:04.414 INFO  CNNScoreVariants - Initializing engine
13:51:05.227 INFO  FeatureManager - Using codec VCFCodec to read file file:///fs03/pg32/zarul/results/single_calling/genotype_gvcf/JH19034.vcf.gz
13:51:05.551 INFO  CNNScoreVariants - Done initializing engine
13:51:05.552 INFO  NativeLibraryLoader - Loading libgkl_utils.so from jar:file:/gatk/gatk-package-4.1.3.0-local.jar!/com/intel/gkl/native/libgkl_utils.so
13:51:07.781 INFO  CNNScoreVariants - Using key:CNN_2D for CNN architecture:/tmp/small_2d.3920101562385391515.json and weights:/tmp/small_2d.4475107921843326687.hd5
13:51:08.571 INFO  ProgressMeter - Starting traversal
13:51:08.571 INFO  ProgressMeter -        Current Locus  Elapsed Minutes    Variants Processed  Variants/Minute
13:51:08.575 INFO  CNNScoreVariants - Starting pass 0 through the variants
13:51:20.242 INFO  ProgressMeter -        chr1:92480922              0.2                  1000           5141.4
13:52:38.022 INFO  ProgressMeter -       chr1:229637185              1.5                  2000           1341.5
13:53:52.218 INFO  ProgressMeter -       chr2:159412492              2.7                  3000           1099.9
13:55:04.603 INFO  ProgressMeter -        chr3:51956299              3.9                  4000           1016.8
13:56:17.944 INFO  ProgressMeter -        chr4:13544168              5.2                  5000            969.7
13:57:30.504 INFO  ProgressMeter -        chr5:90694507              6.4                  6000            942.6
13:58:42.098 INFO  ProgressMeter -        chr6:49964070              7.6                  7000            926.1
13:59:54.647 INFO  ProgressMeter -        chr7:74338920              8.8                  8000            912.4
14:01:12.018 INFO  ProgressMeter -        chr8:33498556             10.1                  9000            894.9
14:02:24.752 INFO  ProgressMeter -       chr9:122615226             11.3                 10000            887.3
14:03:38.071 INFO  ProgressMeter -      chr10:114313937             12.5                 11000            880.6
14:04:50.299 INFO  ProgressMeter -       chr11:63164012             13.7                 12000            876.2
14:06:04.094 INFO  ProgressMeter -       chr12:52380451             14.9                 13000            871.0
14:07:17.227 INFO  ProgressMeter -       chr14:18601835             16.1                 14000            867.2
14:08:29.988 INFO  ProgressMeter -       chr15:68357249             17.4                 15000            864.2
14:09:44.013 INFO  ProgressMeter -       chr16:84195953             18.6                 16000            860.6
14:10:59.105 INFO  ProgressMeter -       chr17:61962968             19.8                 17000            856.8
14:12:12.772 INFO  ProgressMeter -        chr19:7646335             21.1                 18000            854.3
14:13:26.946 INFO  ProgressMeter -       chr19:48756272             22.3                 19000            851.8
14:14:42.214 INFO  ProgressMeter -       chr21:25606638             23.6                 20000            848.9
14:15:55.905 INFO  ProgressMeter -       chrX:101494051             24.8                 21000            847.2
14:15:58.662 INFO  CNNScoreVariants - Finished pass 0 through the variants
14:16:45.730 INFO  CNNScoreVariants - Starting pass 1 through the variants
14:16:45.903 INFO  ProgressMeter -        chr1:54782447             25.6                 22000            858.6
14:16:46.739 INFO  CNNScoreVariants - Finished pass 1 through the variants
14:16:46.740 INFO  CNNScoreVariants - No variants filtered by: AllowAllVariantsVariantFilter
14:16:46.802 INFO  CNNScoreVariants - No reads filtered by: (WellformedReadFilter AND ReadGroupBlackListReadFilter)
14:16:46.802 INFO  ProgressMeter -        chrX:17801257             25.6                 42372           1652.8
14:16:46.802 INFO  ProgressMeter - Traversal complete. Processed 42372 total variants in 25.6 minutes.
14:16:46.802 INFO  CNNScoreVariants - Done scoring variants with CNN.
14:16:46.948 INFO  CNNScoreVariants - Shutting down engine
[October 9, 2021 2:16:46 PM UTC] org.broadinstitute.hellbender.tools.walkers.vqsr.CNNScoreVariants done. Elapsed time: 25.72 minutes.
Runtime.totalMemory()=2076049408
Using GATK jar /gatk/gatk-package-4.1.3.0-local.jar
Running:
    java -Dsamjdk.use_async_io_read_samtools=false -Dsamjdk.use_async_io_write_samtools=true -Dsamjdk.use_async_io_write_tribble=false -Dsamjdk.compression_level=2 -Xmx50G -jar /gatk/gatk-package-4.1.3.0-local.jar CNNScoreVariants -I /fs03/pg32/zarul/results/preprocessing/gatk_applybqsr/JH19034_recal.bam -V /fs03/pg32/zarul/results/single_calling/genotype_gvcf/JH19034.vcf.gz -R /fs03/pg32/zarul/results/GRCh38_full_analysis_set_plus_decoy_hla.fa -O /fs03/pg32/zarul/results/single_calling/cnnscorevariants/JH19034.vcf.gz -tensor-type read_tensor
INFO:    Cleaning up image...
Touching output file /fs03/pg32/zarul/results/single_calling/cnnscorevariants/.temp_JH19034.
[Sun Oct 10 01:16:50 2021]
Finished job 0.
1 of 1 steps (100%) done
