Building DAG of jobs...
Using shell: /bin/bash
Provided cores: 1 (use --cores to define parallelism)
Rules claiming more threads will be scaled down.
Select jobs to execute...

[Sat Oct  9 23:13:34 2021]
rule cnnscorevariants:
    input: /fs03/pg32/zarul/results/single_calling/genotype_gvcf/PRS034.vcf.gz, /fs03/pg32/zarul/results/single_calling/genotype_gvcf/PRS034.vcf.gz.tbi, /fs03/pg32/zarul/results/preprocessing/gatk_applybqsr/PRS034_recal.bam, /fs03/pg32/zarul/results/preprocessing/gatk_applybqsr/PRS034_recal.bai, /fs03/pg32/zarul/results/GRCh38_full_analysis_set_plus_decoy_hla.fa
    output: /fs03/pg32/zarul/results/single_calling/cnnscorevariants/PRS034.vcf.gz, /fs03/pg32/zarul/results/single_calling/cnnscorevariants/PRS034.vcf.gz.tbi, /fs03/pg32/zarul/results/single_calling/cnnscorevariants/.temp_PRS034
    log: /fs03/pg32/zarul/results/log/single_calling/cnnscorevariants/PRS034.log
    jobid: 0
    wildcards: sample=PRS034
    resources: mem_mb=50000, disk_mb=23897, tmpdir=/tmp

Activating singularity image /projects/pg32/WES_preliminary_analyses/.snakemake/singularity/c25fcccac22093779d3bc7c101442daf.simg
INFO:    Converting SIF file to temporary sandbox...
12:14:01.694 INFO  NativeLibraryLoader - Loading libgkl_compression.so from jar:file:/gatk/gatk-package-4.1.3.0-local.jar!/com/intel/gkl/native/libgkl_compression.so
12:14:02.168 INFO  CNNScoreVariants - ------------------------------------------------------------
12:14:02.168 INFO  CNNScoreVariants - The Genome Analysis Toolkit (GATK) v4.1.3.0
12:14:02.168 INFO  CNNScoreVariants - For support and documentation go to https://software.broadinstitute.org/gatk/
12:14:02.168 INFO  CNNScoreVariants - Executing as mzar0002@m3h011 on Linux v3.10.0-1160.11.1.el7.x86_64 amd64
12:14:02.168 INFO  CNNScoreVariants - Java runtime: OpenJDK 64-Bit Server VM v1.8.0_191-8u191-b12-0ubuntu0.16.04.1-b12
12:14:02.169 INFO  CNNScoreVariants - Start Date/Time: October 9, 2021 12:14:01 PM UTC
12:14:02.169 INFO  CNNScoreVariants - ------------------------------------------------------------
12:14:02.169 INFO  CNNScoreVariants - ------------------------------------------------------------
12:14:02.169 INFO  CNNScoreVariants - HTSJDK Version: 2.20.1
12:14:02.169 INFO  CNNScoreVariants - Picard Version: 2.20.5
12:14:02.169 INFO  CNNScoreVariants - HTSJDK Defaults.COMPRESSION_LEVEL : 2
12:14:02.170 INFO  CNNScoreVariants - HTSJDK Defaults.USE_ASYNC_IO_READ_FOR_SAMTOOLS : false
12:14:02.170 INFO  CNNScoreVariants - HTSJDK Defaults.USE_ASYNC_IO_WRITE_FOR_SAMTOOLS : true
12:14:02.170 INFO  CNNScoreVariants - HTSJDK Defaults.USE_ASYNC_IO_WRITE_FOR_TRIBBLE : false
12:14:02.170 INFO  CNNScoreVariants - Deflater: IntelDeflater
12:14:02.170 INFO  CNNScoreVariants - Inflater: IntelInflater
12:14:02.170 INFO  CNNScoreVariants - GCS max retries/reopens: 20
12:14:02.170 INFO  CNNScoreVariants - Requester pays: disabled
12:14:02.170 INFO  CNNScoreVariants - Initializing engine
12:14:03.207 INFO  FeatureManager - Using codec VCFCodec to read file file:///fs03/pg32/zarul/results/single_calling/genotype_gvcf/PRS034.vcf.gz
12:14:03.603 INFO  CNNScoreVariants - Done initializing engine
12:14:03.604 INFO  NativeLibraryLoader - Loading libgkl_utils.so from jar:file:/gatk/gatk-package-4.1.3.0-local.jar!/com/intel/gkl/native/libgkl_utils.so
12:14:05.825 INFO  CNNScoreVariants - Using key:CNN_2D for CNN architecture:/tmp/small_2d.334588645107052711.json and weights:/tmp/small_2d.6002531706747269711.hd5
12:14:06.615 INFO  ProgressMeter - Starting traversal
12:14:06.616 INFO  ProgressMeter -        Current Locus  Elapsed Minutes    Variants Processed  Variants/Minute
12:14:06.620 INFO  CNNScoreVariants - Starting pass 0 through the variants
12:14:17.314 INFO  ProgressMeter -       chr1:111414623              0.2                  1000           5609.6
12:16:06.767 INFO  ProgressMeter -       chr1:236604030              2.0                  2000            998.7
12:17:51.314 INFO  ProgressMeter -       chr2:167251847              3.7                  3000            801.1
12:19:34.385 INFO  ProgressMeter -        chr3:49652766              5.5                  4000            732.2
12:21:18.630 INFO  ProgressMeter -        chr4:15962950              7.2                  5000            694.4
12:23:01.886 INFO  ProgressMeter -        chr5:75147307              8.9                  6000            672.6
12:24:44.579 INFO  ProgressMeter -        chr6:35082729             10.6                  7000            658.3
12:26:28.718 INFO  ProgressMeter -        chr7:37850665             12.4                  8000            646.8
12:28:19.528 INFO  ProgressMeter -       chr7:152238768             14.2                  9000            633.1
12:30:05.210 INFO  ProgressMeter -        chr9:76388600             16.0                 10000            625.9
12:31:48.319 INFO  ProgressMeter -       chr10:69632936             17.7                 11000            621.6
12:33:32.262 INFO  ProgressMeter -       chr11:17611104             19.4                 12000            617.7
12:35:16.993 INFO  ProgressMeter -        chr12:2681964             21.2                 13000            614.0
12:36:59.218 INFO  ProgressMeter -       chr13:21155113             22.9                 14000            612.0
12:38:41.768 INFO  ProgressMeter -      chr14:100529975             24.6                 15000            610.1
12:40:29.401 INFO  ProgressMeter -        chr16:2768160             26.4                 16000            606.5
12:42:13.588 INFO  ProgressMeter -       chr17:15607574             28.1                 17000            604.6
12:43:59.811 INFO  ProgressMeter -       chr18:32208144             29.9                 18000            602.3
12:45:45.195 INFO  ProgressMeter -       chr19:17821381             31.6                 19000            600.4
12:47:32.356 INFO  ProgressMeter -       chr19:56190954             33.4                 20000            598.3
12:49:17.765 INFO  ProgressMeter -       chr22:17743998             35.2                 21000            596.8
12:50:14.640 INFO  CNNScoreVariants - Finished pass 0 through the variants
12:51:30.415 INFO  CNNScoreVariants - Starting pass 1 through the variants
12:51:30.503 INFO  ProgressMeter -        chr1:13175357             37.4                 22000            588.3
12:51:31.876 INFO  CNNScoreVariants - Finished pass 1 through the variants
12:51:31.877 INFO  CNNScoreVariants - No variants filtered by: AllowAllVariantsVariantFilter
12:51:31.951 INFO  CNNScoreVariants - No reads filtered by: (WellformedReadFilter AND ReadGroupBlackListReadFilter)
12:51:31.951 INFO  ProgressMeter -       chr22:32857293             37.4                 43590           1164.8
12:51:31.951 INFO  ProgressMeter - Traversal complete. Processed 43590 total variants in 37.4 minutes.
12:51:31.951 INFO  CNNScoreVariants - Done scoring variants with CNN.
12:51:32.138 INFO  CNNScoreVariants - Shutting down engine
[October 9, 2021 12:51:32 PM UTC] org.broadinstitute.hellbender.tools.walkers.vqsr.CNNScoreVariants done. Elapsed time: 37.51 minutes.
Runtime.totalMemory()=2076049408
Using GATK jar /gatk/gatk-package-4.1.3.0-local.jar
Running:
    java -Dsamjdk.use_async_io_read_samtools=false -Dsamjdk.use_async_io_write_samtools=true -Dsamjdk.use_async_io_write_tribble=false -Dsamjdk.compression_level=2 -Xmx50G -jar /gatk/gatk-package-4.1.3.0-local.jar CNNScoreVariants -I /fs03/pg32/zarul/results/preprocessing/gatk_applybqsr/PRS034_recal.bam -V /fs03/pg32/zarul/results/single_calling/genotype_gvcf/PRS034.vcf.gz -R /fs03/pg32/zarul/results/GRCh38_full_analysis_set_plus_decoy_hla.fa -O /fs03/pg32/zarul/results/single_calling/cnnscorevariants/PRS034.vcf.gz -tensor-type read_tensor
INFO:    Cleaning up image...
Touching output file /fs03/pg32/zarul/results/single_calling/cnnscorevariants/.temp_PRS034.
[Sat Oct  9 23:51:36 2021]
Finished job 0.
1 of 1 steps (100%) done
