Building DAG of jobs...
Using shell: /bin/bash
Provided cores: 1 (use --cores to define parallelism)
Rules claiming more threads will be scaled down.
Select jobs to execute...

[Sun Oct 10 00:50:36 2021]
rule cnnscorevariants:
    input: /fs03/pg32/zarul/results/single_calling/genotype_gvcf/JH19010.vcf.gz, /fs03/pg32/zarul/results/single_calling/genotype_gvcf/JH19010.vcf.gz.tbi, /fs03/pg32/zarul/results/preprocessing/gatk_applybqsr/JH19010_recal.bam, /fs03/pg32/zarul/results/preprocessing/gatk_applybqsr/JH19010_recal.bai, /fs03/pg32/zarul/results/GRCh38_full_analysis_set_plus_decoy_hla.fa
    output: /fs03/pg32/zarul/results/single_calling/cnnscorevariants/JH19010.vcf.gz, /fs03/pg32/zarul/results/single_calling/cnnscorevariants/JH19010.vcf.gz.tbi, /fs03/pg32/zarul/results/single_calling/cnnscorevariants/.temp_JH19010
    log: /fs03/pg32/zarul/results/log/single_calling/cnnscorevariants/JH19010.log
    jobid: 0
    wildcards: sample=JH19010
    resources: mem_mb=50000, disk_mb=31340, tmpdir=/tmp

Activating singularity image /projects/pg32/WES_preliminary_analyses/.snakemake/singularity/c25fcccac22093779d3bc7c101442daf.simg
INFO:    Converting SIF file to temporary sandbox...
13:51:03.524 INFO  NativeLibraryLoader - Loading libgkl_compression.so from jar:file:/gatk/gatk-package-4.1.3.0-local.jar!/com/intel/gkl/native/libgkl_compression.so
13:51:04.025 INFO  CNNScoreVariants - ------------------------------------------------------------
13:51:04.026 INFO  CNNScoreVariants - The Genome Analysis Toolkit (GATK) v4.1.3.0
13:51:04.026 INFO  CNNScoreVariants - For support and documentation go to https://software.broadinstitute.org/gatk/
13:51:04.026 INFO  CNNScoreVariants - Executing as mzar0002@m3j008 on Linux v3.10.0-1160.11.1.el7.x86_64 amd64
13:51:04.026 INFO  CNNScoreVariants - Java runtime: OpenJDK 64-Bit Server VM v1.8.0_191-8u191-b12-0ubuntu0.16.04.1-b12
13:51:04.026 INFO  CNNScoreVariants - Start Date/Time: October 9, 2021 1:51:03 PM UTC
13:51:04.026 INFO  CNNScoreVariants - ------------------------------------------------------------
13:51:04.026 INFO  CNNScoreVariants - ------------------------------------------------------------
13:51:04.027 INFO  CNNScoreVariants - HTSJDK Version: 2.20.1
13:51:04.027 INFO  CNNScoreVariants - Picard Version: 2.20.5
13:51:04.027 INFO  CNNScoreVariants - HTSJDK Defaults.COMPRESSION_LEVEL : 2
13:51:04.027 INFO  CNNScoreVariants - HTSJDK Defaults.USE_ASYNC_IO_READ_FOR_SAMTOOLS : false
13:51:04.027 INFO  CNNScoreVariants - HTSJDK Defaults.USE_ASYNC_IO_WRITE_FOR_SAMTOOLS : true
13:51:04.027 INFO  CNNScoreVariants - HTSJDK Defaults.USE_ASYNC_IO_WRITE_FOR_TRIBBLE : false
13:51:04.027 INFO  CNNScoreVariants - Deflater: IntelDeflater
13:51:04.027 INFO  CNNScoreVariants - Inflater: IntelInflater
13:51:04.027 INFO  CNNScoreVariants - GCS max retries/reopens: 20
13:51:04.027 INFO  CNNScoreVariants - Requester pays: disabled
13:51:04.027 INFO  CNNScoreVariants - Initializing engine
13:51:04.829 INFO  FeatureManager - Using codec VCFCodec to read file file:///fs03/pg32/zarul/results/single_calling/genotype_gvcf/JH19010.vcf.gz
13:51:05.153 INFO  CNNScoreVariants - Done initializing engine
13:51:05.154 INFO  NativeLibraryLoader - Loading libgkl_utils.so from jar:file:/gatk/gatk-package-4.1.3.0-local.jar!/com/intel/gkl/native/libgkl_utils.so
13:51:07.459 INFO  CNNScoreVariants - Using key:CNN_2D for CNN architecture:/tmp/small_2d.1190075182358582621.json and weights:/tmp/small_2d.376784596905261946.hd5
13:51:08.224 INFO  ProgressMeter - Starting traversal
13:51:08.225 INFO  ProgressMeter -        Current Locus  Elapsed Minutes    Variants Processed  Variants/Minute
13:51:08.230 INFO  CNNScoreVariants - Starting pass 0 through the variants
13:51:19.531 INFO  ProgressMeter -       chr1:100484304              0.2                  1000           5307.4
13:52:37.994 INFO  ProgressMeter -       chr1:214657274              1.5                  2000           1336.8
13:53:51.761 INFO  ProgressMeter -       chr2:119681120              2.7                  3000           1100.7
13:55:03.100 INFO  ProgressMeter -        chr3:38756680              3.9                  4000           1021.8
13:56:15.910 INFO  ProgressMeter -         chr4:1336971              5.1                  5000            975.0
13:57:28.379 INFO  ProgressMeter -        chr5:42699942              6.3                  6000            947.0
13:58:38.882 INFO  ProgressMeter -        chr6:26501669              7.5                  7000            932.0
13:59:50.970 INFO  ProgressMeter -        chr7:40274566              8.7                  8000            918.2
14:01:06.892 INFO  ProgressMeter -        chr8:10610079             10.0                  9000            902.0
14:02:19.413 INFO  ProgressMeter -        chr9:94325425             11.2                 10000            893.9
14:03:30.808 INFO  ProgressMeter -       chr10:79710644             12.4                 11000            888.8
14:04:42.899 INFO  ProgressMeter -       chr11:27368542             13.6                 12000            883.8
14:05:56.071 INFO  ProgressMeter -        chr12:6606361             14.8                 13000            878.5
14:07:08.573 INFO  ProgressMeter -      chr12:132632393             16.0                 14000            874.7
14:08:19.666 INFO  ProgressMeter -      chr14:103110078             17.2                 15000            872.6
14:09:37.438 INFO  ProgressMeter -        chr16:1486371             18.5                 16000            865.5
14:10:50.271 INFO  ProgressMeter -        chr17:7415077             19.7                 17000            862.9
14:12:04.139 INFO  ProgressMeter -        chr18:8069870             20.9                 18000            859.9
14:13:16.273 INFO  ProgressMeter -       chr19:16980558             22.1                 19000            858.4
14:14:30.119 INFO  ProgressMeter -        chr20:3167116             23.4                 20000            856.0
14:15:43.441 INFO  ProgressMeter -       chr22:36160775             24.6                 21000            854.1
14:16:22.360 INFO  CNNScoreVariants - Finished pass 0 through the variants
14:17:07.630 INFO  CNNScoreVariants - Starting pass 1 through the variants
14:17:07.711 INFO  ProgressMeter -        chr1:16062151             26.0                 22000            846.4
14:17:08.536 INFO  CNNScoreVariants - Finished pass 1 through the variants
14:17:08.536 INFO  CNNScoreVariants - No variants filtered by: AllowAllVariantsVariantFilter
14:17:08.610 INFO  CNNScoreVariants - No reads filtered by: (WellformedReadFilter AND ReadGroupBlackListReadFilter)
14:17:08.610 INFO  ProgressMeter -         chrX:9891058             26.0                 43368           1667.6
14:17:08.610 INFO  ProgressMeter - Traversal complete. Processed 43368 total variants in 26.0 minutes.
14:17:08.610 INFO  CNNScoreVariants - Done scoring variants with CNN.
14:17:08.753 INFO  CNNScoreVariants - Shutting down engine
[October 9, 2021 2:17:08 PM UTC] org.broadinstitute.hellbender.tools.walkers.vqsr.CNNScoreVariants done. Elapsed time: 26.09 minutes.
Runtime.totalMemory()=2076049408
Using GATK jar /gatk/gatk-package-4.1.3.0-local.jar
Running:
    java -Dsamjdk.use_async_io_read_samtools=false -Dsamjdk.use_async_io_write_samtools=true -Dsamjdk.use_async_io_write_tribble=false -Dsamjdk.compression_level=2 -Xmx50G -jar /gatk/gatk-package-4.1.3.0-local.jar CNNScoreVariants -I /fs03/pg32/zarul/results/preprocessing/gatk_applybqsr/JH19010_recal.bam -V /fs03/pg32/zarul/results/single_calling/genotype_gvcf/JH19010.vcf.gz -R /fs03/pg32/zarul/results/GRCh38_full_analysis_set_plus_decoy_hla.fa -O /fs03/pg32/zarul/results/single_calling/cnnscorevariants/JH19010.vcf.gz -tensor-type read_tensor
INFO:    Cleaning up image...
Touching output file /fs03/pg32/zarul/results/single_calling/cnnscorevariants/.temp_JH19010.
[Sun Oct 10 01:17:12 2021]
Finished job 0.
1 of 1 steps (100%) done
