Building DAG of jobs...
Using shell: /bin/bash
Provided cores: 1 (use --cores to define parallelism)
Rules claiming more threads will be scaled down.
Select jobs to execute...

[Sun Oct 10 00:38:19 2021]
rule cnnscorevariants:
    input: /fs03/pg32/zarul/results/single_calling/genotype_gvcf/JH19005.vcf.gz, /fs03/pg32/zarul/results/single_calling/genotype_gvcf/JH19005.vcf.gz.tbi, /fs03/pg32/zarul/results/preprocessing/gatk_applybqsr/JH19005_recal.bam, /fs03/pg32/zarul/results/preprocessing/gatk_applybqsr/JH19005_recal.bai, /fs03/pg32/zarul/results/GRCh38_full_analysis_set_plus_decoy_hla.fa
    output: /fs03/pg32/zarul/results/single_calling/cnnscorevariants/JH19005.vcf.gz, /fs03/pg32/zarul/results/single_calling/cnnscorevariants/JH19005.vcf.gz.tbi, /fs03/pg32/zarul/results/single_calling/cnnscorevariants/.temp_JH19005
    log: /fs03/pg32/zarul/results/log/single_calling/cnnscorevariants/JH19005.log
    jobid: 0
    wildcards: sample=JH19005
    resources: mem_mb=50000, disk_mb=27724, tmpdir=/tmp

Activating singularity image /projects/pg32/WES_preliminary_analyses/.snakemake/singularity/c25fcccac22093779d3bc7c101442daf.simg
INFO:    Converting SIF file to temporary sandbox...
13:38:46.116 INFO  NativeLibraryLoader - Loading libgkl_compression.so from jar:file:/gatk/gatk-package-4.1.3.0-local.jar!/com/intel/gkl/native/libgkl_compression.so
13:38:46.649 INFO  CNNScoreVariants - ------------------------------------------------------------
13:38:46.649 INFO  CNNScoreVariants - The Genome Analysis Toolkit (GATK) v4.1.3.0
13:38:46.649 INFO  CNNScoreVariants - For support and documentation go to https://software.broadinstitute.org/gatk/
13:38:46.649 INFO  CNNScoreVariants - Executing as mzar0002@m3j008 on Linux v3.10.0-1160.11.1.el7.x86_64 amd64
13:38:46.649 INFO  CNNScoreVariants - Java runtime: OpenJDK 64-Bit Server VM v1.8.0_191-8u191-b12-0ubuntu0.16.04.1-b12
13:38:46.650 INFO  CNNScoreVariants - Start Date/Time: October 9, 2021 1:38:46 PM UTC
13:38:46.650 INFO  CNNScoreVariants - ------------------------------------------------------------
13:38:46.650 INFO  CNNScoreVariants - ------------------------------------------------------------
13:38:46.650 INFO  CNNScoreVariants - HTSJDK Version: 2.20.1
13:38:46.650 INFO  CNNScoreVariants - Picard Version: 2.20.5
13:38:46.650 INFO  CNNScoreVariants - HTSJDK Defaults.COMPRESSION_LEVEL : 2
13:38:46.650 INFO  CNNScoreVariants - HTSJDK Defaults.USE_ASYNC_IO_READ_FOR_SAMTOOLS : false
13:38:46.651 INFO  CNNScoreVariants - HTSJDK Defaults.USE_ASYNC_IO_WRITE_FOR_SAMTOOLS : true
13:38:46.651 INFO  CNNScoreVariants - HTSJDK Defaults.USE_ASYNC_IO_WRITE_FOR_TRIBBLE : false
13:38:46.651 INFO  CNNScoreVariants - Deflater: IntelDeflater
13:38:46.651 INFO  CNNScoreVariants - Inflater: IntelInflater
13:38:46.651 INFO  CNNScoreVariants - GCS max retries/reopens: 20
13:38:46.651 INFO  CNNScoreVariants - Requester pays: disabled
13:38:46.651 INFO  CNNScoreVariants - Initializing engine
13:38:47.536 INFO  FeatureManager - Using codec VCFCodec to read file file:///fs03/pg32/zarul/results/single_calling/genotype_gvcf/JH19005.vcf.gz
13:38:47.851 INFO  CNNScoreVariants - Done initializing engine
13:38:47.852 INFO  NativeLibraryLoader - Loading libgkl_utils.so from jar:file:/gatk/gatk-package-4.1.3.0-local.jar!/com/intel/gkl/native/libgkl_utils.so
13:38:50.130 INFO  CNNScoreVariants - Using key:CNN_2D for CNN architecture:/tmp/small_2d.3809856127576310341.json and weights:/tmp/small_2d.2942830630603660384.hd5
13:38:50.884 INFO  ProgressMeter - Starting traversal
13:38:50.884 INFO  ProgressMeter -        Current Locus  Elapsed Minutes    Variants Processed  Variants/Minute
13:38:50.888 INFO  CNNScoreVariants - Starting pass 0 through the variants
13:39:01.201 INFO  ProgressMeter -        chr1:93877008              0.2                  1000           5828.6
13:40:16.495 INFO  ProgressMeter -       chr1:222629461              1.4                  2000           1401.7
13:41:27.947 INFO  ProgressMeter -       chr2:130193975              2.6                  3000           1146.0
13:42:37.548 INFO  ProgressMeter -        chr3:43561311              3.8                  4000           1058.8
13:43:46.800 INFO  ProgressMeter -         chr4:3160329              4.9                  5000           1013.8
13:44:56.220 INFO  ProgressMeter -        chr5:73923129              6.1                  6000            985.4
13:46:02.089 INFO  ProgressMeter -        chr6:41786835              7.2                  7000            974.0
13:47:12.313 INFO  ProgressMeter -        chr7:93135669              8.4                  8000            957.3
13:48:24.682 INFO  ProgressMeter -        chr8:43199410              9.6                  9000            941.1
13:49:33.737 INFO  ProgressMeter -       chr9:122477738             10.7                 10000            933.3
13:50:43.221 INFO  ProgressMeter -      chr10:110507065             11.9                 11000            926.5
13:51:53.095 INFO  ProgressMeter -       chr11:64315856             13.0                 12000            920.5
13:53:03.948 INFO  ProgressMeter -       chr12:51891302             14.2                 13000            914.4
13:54:13.803 INFO  ProgressMeter -       chr14:20198016             15.4                 14000            910.2
13:55:25.490 INFO  ProgressMeter -       chr15:51491623             16.6                 15000            904.9
13:56:36.076 INFO  ProgressMeter -       chr16:70146185             17.8                 16000            901.2
13:57:47.617 INFO  ProgressMeter -       chr17:50149446             18.9                 17000            897.3
13:58:58.035 INFO  ProgressMeter -        chr19:4493711             20.1                 18000            894.7
14:00:08.800 INFO  ProgressMeter -       chr19:44156814             21.3                 19000            892.1
14:01:20.892 INFO  ProgressMeter -       chr20:63566017             22.5                 20000            888.9
14:02:31.764 INFO  ProgressMeter -       chrX:101140674             23.7                 21000            886.8
14:02:34.154 INFO  CNNScoreVariants - Finished pass 0 through the variants
14:03:19.521 INFO  CNNScoreVariants - Starting pass 1 through the variants
14:03:19.690 INFO  ProgressMeter -        chr1:54854229             24.5                 22000            898.7
14:03:20.604 INFO  CNNScoreVariants - Finished pass 1 through the variants
14:03:20.604 INFO  CNNScoreVariants - No variants filtered by: AllowAllVariantsVariantFilter
14:03:20.670 INFO  CNNScoreVariants - No reads filtered by: (WellformedReadFilter AND ReadGroupBlackListReadFilter)
14:03:20.670 INFO  ProgressMeter -        chrX:12791542             24.5                 42370           1729.6
14:03:20.670 INFO  ProgressMeter - Traversal complete. Processed 42370 total variants in 24.5 minutes.
14:03:20.670 INFO  CNNScoreVariants - Done scoring variants with CNN.
14:03:20.815 INFO  CNNScoreVariants - Shutting down engine
[October 9, 2021 2:03:20 PM UTC] org.broadinstitute.hellbender.tools.walkers.vqsr.CNNScoreVariants done. Elapsed time: 24.58 minutes.
Runtime.totalMemory()=2076049408
Using GATK jar /gatk/gatk-package-4.1.3.0-local.jar
Running:
    java -Dsamjdk.use_async_io_read_samtools=false -Dsamjdk.use_async_io_write_samtools=true -Dsamjdk.use_async_io_write_tribble=false -Dsamjdk.compression_level=2 -Xmx50G -jar /gatk/gatk-package-4.1.3.0-local.jar CNNScoreVariants -I /fs03/pg32/zarul/results/preprocessing/gatk_applybqsr/JH19005_recal.bam -V /fs03/pg32/zarul/results/single_calling/genotype_gvcf/JH19005.vcf.gz -R /fs03/pg32/zarul/results/GRCh38_full_analysis_set_plus_decoy_hla.fa -O /fs03/pg32/zarul/results/single_calling/cnnscorevariants/JH19005.vcf.gz -tensor-type read_tensor
INFO:    Cleaning up image...
Touching output file /fs03/pg32/zarul/results/single_calling/cnnscorevariants/.temp_JH19005.
[Sun Oct 10 01:03:24 2021]
Finished job 0.
1 of 1 steps (100%) done
