Building DAG of jobs...
Using shell: /bin/bash
Provided cores: 1 (use --cores to define parallelism)
Rules claiming more threads will be scaled down.
Select jobs to execute...

[Fri Oct  8 23:34:31 2021]
rule cnnscorevariants:
    input: /fs03/pg32/zarul/results/single_calling/genotype_gvcf/JH19003.vcf.gz, /fs03/pg32/zarul/results/single_calling/genotype_gvcf/JH19003.vcf.gz.tbi, /fs03/pg32/zarul/results/preprocessing/gatk_recalibrated/JH19003_recal.bam, /fs03/pg32/zarul/results/preprocessing/gatk_recalibrated/JH19003_recal.bai, /fs03/pg32/zarul/results/GRCh38_full_analysis_set_plus_decoy_hla.fa
    output: /fs03/pg32/zarul/results/single_calling/cnnscorevariants/JH19003.vcf.gz, /fs03/pg32/zarul/results/single_calling/cnnscorevariants/JH19003.vcf.gz.tbi
    log: /fs03/pg32/zarul/results/log/single_calling/cnnscorevariants/JH19003.log
    jobid: 0
    wildcards: sample=JH19003
    resources: mem_mb=50000, disk_mb=27375, tmpdir=/tmp

Activating singularity image /projects/pg32/WES_preliminary_analyses/.snakemake/singularity/c25fcccac22093779d3bc7c101442daf.simg
INFO:    Converting SIF file to temporary sandbox...
12:35:12.748 INFO  NativeLibraryLoader - Loading libgkl_compression.so from jar:file:/gatk/gatk-package-4.1.3.0-local.jar!/com/intel/gkl/native/libgkl_compression.so
12:35:13.181 INFO  CNNScoreVariants - ------------------------------------------------------------
12:35:13.181 INFO  CNNScoreVariants - The Genome Analysis Toolkit (GATK) v4.1.3.0
12:35:13.181 INFO  CNNScoreVariants - For support and documentation go to https://software.broadinstitute.org/gatk/
12:35:13.182 INFO  CNNScoreVariants - Executing as mzar0002@m3i029 on Linux v3.10.0-1160.11.1.el7.x86_64 amd64
12:35:13.182 INFO  CNNScoreVariants - Java runtime: OpenJDK 64-Bit Server VM v1.8.0_191-8u191-b12-0ubuntu0.16.04.1-b12
12:35:13.182 INFO  CNNScoreVariants - Start Date/Time: October 8, 2021 12:35:12 PM UTC
12:35:13.182 INFO  CNNScoreVariants - ------------------------------------------------------------
12:35:13.182 INFO  CNNScoreVariants - ------------------------------------------------------------
12:35:13.182 INFO  CNNScoreVariants - HTSJDK Version: 2.20.1
12:35:13.182 INFO  CNNScoreVariants - Picard Version: 2.20.5
12:35:13.182 INFO  CNNScoreVariants - HTSJDK Defaults.COMPRESSION_LEVEL : 2
12:35:13.183 INFO  CNNScoreVariants - HTSJDK Defaults.USE_ASYNC_IO_READ_FOR_SAMTOOLS : false
12:35:13.183 INFO  CNNScoreVariants - HTSJDK Defaults.USE_ASYNC_IO_WRITE_FOR_SAMTOOLS : true
12:35:13.183 INFO  CNNScoreVariants - HTSJDK Defaults.USE_ASYNC_IO_WRITE_FOR_TRIBBLE : false
12:35:13.183 INFO  CNNScoreVariants - Deflater: IntelDeflater
12:35:13.183 INFO  CNNScoreVariants - Inflater: IntelInflater
12:35:13.183 INFO  CNNScoreVariants - GCS max retries/reopens: 20
12:35:13.183 INFO  CNNScoreVariants - Requester pays: disabled
12:35:13.183 INFO  CNNScoreVariants - Initializing engine
12:35:14.161 INFO  FeatureManager - Using codec VCFCodec to read file file:///fs03/pg32/zarul/results/single_calling/genotype_gvcf/JH19003.vcf.gz
12:35:14.475 INFO  CNNScoreVariants - Done initializing engine
12:35:14.475 INFO  NativeLibraryLoader - Loading libgkl_utils.so from jar:file:/gatk/gatk-package-4.1.3.0-local.jar!/com/intel/gkl/native/libgkl_utils.so
12:35:16.521 INFO  CNNScoreVariants - Using key:CNN_2D for CNN architecture:/tmp/small_2d.5768837231766780877.json and weights:/tmp/small_2d.6296606637889811543.hd5
12:35:17.197 INFO  ProgressMeter - Starting traversal
12:35:17.198 INFO  ProgressMeter -        Current Locus  Elapsed Minutes    Variants Processed  Variants/Minute
12:35:17.201 INFO  CNNScoreVariants - Starting pass 0 through the variants
12:35:27.616 INFO  ProgressMeter -        chr1:89583481              0.2                  1000           5759.8
12:36:41.327 INFO  ProgressMeter -       chr1:214657274              1.4                  2000           1426.4
12:37:50.257 INFO  ProgressMeter -       chr2:128159662              2.6                  3000           1176.0
12:38:56.925 INFO  ProgressMeter -        chr3:39389590              3.7                  4000           1092.3
12:40:03.181 INFO  ProgressMeter -       chr3:197768463              4.8                  5000           1049.0
12:41:09.001 INFO  ProgressMeter -        chr5:38925355              5.9                  6000           1023.3
12:42:12.982 INFO  ProgressMeter -        chr6:28329536              6.9                  7000           1010.1
12:43:19.528 INFO  ProgressMeter -        chr7:45109068              8.0                  8000            995.2
12:44:29.878 INFO  ProgressMeter -        chr8:17885511              9.2                  9000            977.1
12:45:37.475 INFO  ProgressMeter -       chr9:104617614             10.3                 10000            967.3
12:46:44.685 INFO  ProgressMeter -       chr10:87228798             11.5                 11000            960.0
12:47:51.888 INFO  ProgressMeter -       chr11:46893032             12.6                 12000            954.0
12:48:59.928 INFO  ProgressMeter -        chr12:9999043             13.7                 13000            948.1
12:50:06.554 INFO  ProgressMeter -       chr13:25098020             14.8                 14000            944.5
12:51:14.080 INFO  ProgressMeter -       chr15:23440394             15.9                 15000            940.6
12:52:20.894 INFO  ProgressMeter -       chr16:28342691             17.1                 16000            937.8
12:53:29.948 INFO  ProgressMeter -       chr17:21703571             18.2                 17000            933.4
12:54:34.505 INFO  ProgressMeter -       chr18:65822142             19.3                 18000            933.2
12:55:38.879 INFO  ProgressMeter -       chr19:40394958             20.4                 19000            933.1
12:56:44.545 INFO  ProgressMeter -       chr20:47639650             21.5                 20000            932.1
12:57:49.771 INFO  ProgressMeter -        chrX:37668406             22.5                 21000            931.6
12:57:54.305 INFO  CNNScoreVariants - Finished pass 0 through the variants
12:58:41.976 INFO  CNNScoreVariants - Starting pass 1 through the variants
12:58:42.104 INFO  ProgressMeter -        chr1:43824858             23.4                 22000            939.6
12:58:42.852 INFO  CNNScoreVariants - Finished pass 1 through the variants
12:58:42.852 INFO  CNNScoreVariants - No variants filtered by: AllowAllVariantsVariantFilter
12:58:42.854 INFO  CNNScoreVariants - No reads filtered by: (WellformedReadFilter AND ReadGroupBlackListReadFilter)
12:58:42.854 INFO  ProgressMeter -       chr22:35610998             23.4                 42642           1820.2
12:58:42.854 INFO  ProgressMeter - Traversal complete. Processed 42642 total variants in 23.4 minutes.
12:58:42.854 INFO  CNNScoreVariants - Done scoring variants with CNN.
12:58:42.980 INFO  CNNScoreVariants - Shutting down engine
[October 8, 2021 12:58:42 PM UTC] org.broadinstitute.hellbender.tools.walkers.vqsr.CNNScoreVariants done. Elapsed time: 23.50 minutes.
Runtime.totalMemory()=2076049408
Using GATK jar /gatk/gatk-package-4.1.3.0-local.jar
Running:
    java -Dsamjdk.use_async_io_read_samtools=false -Dsamjdk.use_async_io_write_samtools=true -Dsamjdk.use_async_io_write_tribble=false -Dsamjdk.compression_level=2 -Xmx50G -jar /gatk/gatk-package-4.1.3.0-local.jar CNNScoreVariants -I /fs03/pg32/zarul/results/preprocessing/gatk_recalibrated/JH19003_recal.bam -V /fs03/pg32/zarul/results/single_calling/genotype_gvcf/JH19003.vcf.gz -R /fs03/pg32/zarul/results/GRCh38_full_analysis_set_plus_decoy_hla.fa -O /fs03/pg32/zarul/results/single_calling/cnnscorevariants/JH19003.vcf.gz -tensor-type read_tensor
INFO:    Cleaning up image...
[Fri Oct  8 23:58:45 2021]
Finished job 0.
1 of 1 steps (100%) done
