Building DAG of jobs...
Using shell: /bin/bash
Provided cores: 1 (use --cores to define parallelism)
Rules claiming more threads will be scaled down.
Select jobs to execute...

[Sun Oct 10 00:00:41 2021]
rule cnnscorevariants:
    input: /fs03/pg32/zarul/results/single_calling/genotype_gvcf/JH19038.vcf.gz, /fs03/pg32/zarul/results/single_calling/genotype_gvcf/JH19038.vcf.gz.tbi, /fs03/pg32/zarul/results/preprocessing/gatk_applybqsr/JH19038_recal.bam, /fs03/pg32/zarul/results/preprocessing/gatk_applybqsr/JH19038_recal.bai, /fs03/pg32/zarul/results/GRCh38_full_analysis_set_plus_decoy_hla.fa
    output: /fs03/pg32/zarul/results/single_calling/cnnscorevariants/JH19038.vcf.gz, /fs03/pg32/zarul/results/single_calling/cnnscorevariants/JH19038.vcf.gz.tbi, /fs03/pg32/zarul/results/single_calling/cnnscorevariants/.temp_JH19038
    log: /fs03/pg32/zarul/results/log/single_calling/cnnscorevariants/JH19038.log
    jobid: 0
    wildcards: sample=JH19038
    resources: mem_mb=50000, disk_mb=31458, tmpdir=/tmp

Activating singularity image /projects/pg32/WES_preliminary_analyses/.snakemake/singularity/c25fcccac22093779d3bc7c101442daf.simg
INFO:    Converting SIF file to temporary sandbox...
13:01:09.100 INFO  NativeLibraryLoader - Loading libgkl_compression.so from jar:file:/gatk/gatk-package-4.1.3.0-local.jar!/com/intel/gkl/native/libgkl_compression.so
13:01:09.618 INFO  CNNScoreVariants - ------------------------------------------------------------
13:01:09.618 INFO  CNNScoreVariants - The Genome Analysis Toolkit (GATK) v4.1.3.0
13:01:09.618 INFO  CNNScoreVariants - For support and documentation go to https://software.broadinstitute.org/gatk/
13:01:09.618 INFO  CNNScoreVariants - Executing as mzar0002@m3j000 on Linux v3.10.0-1160.11.1.el7.x86_64 amd64
13:01:09.618 INFO  CNNScoreVariants - Java runtime: OpenJDK 64-Bit Server VM v1.8.0_191-8u191-b12-0ubuntu0.16.04.1-b12
13:01:09.618 INFO  CNNScoreVariants - Start Date/Time: October 9, 2021 1:01:09 PM UTC
13:01:09.618 INFO  CNNScoreVariants - ------------------------------------------------------------
13:01:09.618 INFO  CNNScoreVariants - ------------------------------------------------------------
13:01:09.619 INFO  CNNScoreVariants - HTSJDK Version: 2.20.1
13:01:09.619 INFO  CNNScoreVariants - Picard Version: 2.20.5
13:01:09.619 INFO  CNNScoreVariants - HTSJDK Defaults.COMPRESSION_LEVEL : 2
13:01:09.619 INFO  CNNScoreVariants - HTSJDK Defaults.USE_ASYNC_IO_READ_FOR_SAMTOOLS : false
13:01:09.619 INFO  CNNScoreVariants - HTSJDK Defaults.USE_ASYNC_IO_WRITE_FOR_SAMTOOLS : true
13:01:09.619 INFO  CNNScoreVariants - HTSJDK Defaults.USE_ASYNC_IO_WRITE_FOR_TRIBBLE : false
13:01:09.619 INFO  CNNScoreVariants - Deflater: IntelDeflater
13:01:09.619 INFO  CNNScoreVariants - Inflater: IntelInflater
13:01:09.620 INFO  CNNScoreVariants - GCS max retries/reopens: 20
13:01:09.620 INFO  CNNScoreVariants - Requester pays: disabled
13:01:09.620 INFO  CNNScoreVariants - Initializing engine
13:01:10.527 INFO  FeatureManager - Using codec VCFCodec to read file file:///fs03/pg32/zarul/results/single_calling/genotype_gvcf/JH19038.vcf.gz
13:01:10.968 INFO  CNNScoreVariants - Done initializing engine
13:01:10.969 INFO  NativeLibraryLoader - Loading libgkl_utils.so from jar:file:/gatk/gatk-package-4.1.3.0-local.jar!/com/intel/gkl/native/libgkl_utils.so
13:01:13.330 INFO  CNNScoreVariants - Using key:CNN_2D for CNN architecture:/tmp/small_2d.321731356598663683.json and weights:/tmp/small_2d.6837795121486652330.hd5
13:01:14.102 INFO  ProgressMeter - Starting traversal
13:01:14.102 INFO  ProgressMeter -        Current Locus  Elapsed Minutes    Variants Processed  Variants/Minute
13:01:14.106 INFO  CNNScoreVariants - Starting pass 0 through the variants
13:01:27.074 INFO  ProgressMeter -        chr1:88983751              0.2                  1000           4626.1
13:03:00.153 INFO  ProgressMeter -       chr1:205620446              1.8                  2000           1131.5
13:04:22.866 INFO  ProgressMeter -       chr2:113074735              3.1                  3000            953.6
13:05:43.330 INFO  ProgressMeter -        chr3:27400845              4.5                  4000            891.4
13:07:05.666 INFO  ProgressMeter -       chr3:186791728              5.9                  5000            853.3
13:08:29.107 INFO  ProgressMeter -        chr5:31422900              7.3                  6000            827.6
13:09:49.943 INFO  ProgressMeter -        chr6:38682852              8.6                  7000            814.2
13:11:12.042 INFO  ProgressMeter -        chr7:47815358             10.0                  8000            802.8
13:12:41.284 INFO  ProgressMeter -        chr8:11331807             11.5                  9000            785.8
13:14:04.905 INFO  ProgressMeter -        chr9:97854739             12.8                 10000            778.4
13:15:26.153 INFO  ProgressMeter -       chr10:94171330             14.2                 11000            774.6
13:16:49.318 INFO  ProgressMeter -       chr11:46893047             15.6                 12000            769.9
13:18:12.343 INFO  ProgressMeter -        chr12:9997252             17.0                 13000            766.0
13:19:34.086 INFO  ProgressMeter -       chr13:24804338             18.3                 14000            763.6
13:20:56.755 INFO  ProgressMeter -      chr14:104093582             19.7                 15000            761.0
13:22:26.621 INFO  ProgressMeter -        chr16:1777835             21.2                 16000            754.4
13:23:49.045 INFO  ProgressMeter -        chr17:7857079             22.6                 17000            752.8
13:25:13.832 INFO  ProgressMeter -        chr18:3215158             24.0                 18000            750.1
13:26:37.573 INFO  ProgressMeter -       chr19:17228303             25.4                 19000            748.3
13:28:02.132 INFO  ProgressMeter -       chr19:57492120             26.8                 20000            746.3
13:29:25.448 INFO  ProgressMeter -       chr22:32388064             28.2                 21000            745.0
13:30:09.716 INFO  CNNScoreVariants - Finished pass 0 through the variants
13:31:01.744 INFO  CNNScoreVariants - Starting pass 1 through the variants
13:31:01.847 INFO  ProgressMeter -        chr1:15716271             29.8                 22000            738.4
13:31:02.874 INFO  CNNScoreVariants - Finished pass 1 through the variants
13:31:02.875 INFO  CNNScoreVariants - No variants filtered by: AllowAllVariantsVariantFilter
13:31:02.877 INFO  CNNScoreVariants - No reads filtered by: (WellformedReadFilter AND ReadGroupBlackListReadFilter)
13:31:02.877 INFO  ProgressMeter -        chrX:13663519             29.8                 43348           1454.0
13:31:02.877 INFO  ProgressMeter - Traversal complete. Processed 43348 total variants in 29.8 minutes.
13:31:02.877 INFO  CNNScoreVariants - Done scoring variants with CNN.
13:31:03.020 INFO  CNNScoreVariants - Shutting down engine
[October 9, 2021 1:31:03 PM UTC] org.broadinstitute.hellbender.tools.walkers.vqsr.CNNScoreVariants done. Elapsed time: 29.90 minutes.
Runtime.totalMemory()=2076049408
Using GATK jar /gatk/gatk-package-4.1.3.0-local.jar
Running:
    java -Dsamjdk.use_async_io_read_samtools=false -Dsamjdk.use_async_io_write_samtools=true -Dsamjdk.use_async_io_write_tribble=false -Dsamjdk.compression_level=2 -Xmx50G -jar /gatk/gatk-package-4.1.3.0-local.jar CNNScoreVariants -I /fs03/pg32/zarul/results/preprocessing/gatk_applybqsr/JH19038_recal.bam -V /fs03/pg32/zarul/results/single_calling/genotype_gvcf/JH19038.vcf.gz -R /fs03/pg32/zarul/results/GRCh38_full_analysis_set_plus_decoy_hla.fa -O /fs03/pg32/zarul/results/single_calling/cnnscorevariants/JH19038.vcf.gz -tensor-type read_tensor
INFO:    Cleaning up image...
Touching output file /fs03/pg32/zarul/results/single_calling/cnnscorevariants/.temp_JH19038.
[Sun Oct 10 00:31:05 2021]
Finished job 0.
1 of 1 steps (100%) done
