Building DAG of jobs...
Using shell: /bin/bash
Provided cores: 1 (use --cores to define parallelism)
Rules claiming more threads will be scaled down.
Select jobs to execute...

[Sun Oct 10 00:23:00 2021]
rule cnnscorevariants:
    input: /fs03/pg32/zarul/results/single_calling/genotype_gvcf/JH19035.vcf.gz, /fs03/pg32/zarul/results/single_calling/genotype_gvcf/JH19035.vcf.gz.tbi, /fs03/pg32/zarul/results/preprocessing/gatk_applybqsr/JH19035_recal.bam, /fs03/pg32/zarul/results/preprocessing/gatk_applybqsr/JH19035_recal.bai, /fs03/pg32/zarul/results/GRCh38_full_analysis_set_plus_decoy_hla.fa
    output: /fs03/pg32/zarul/results/single_calling/cnnscorevariants/JH19035.vcf.gz, /fs03/pg32/zarul/results/single_calling/cnnscorevariants/JH19035.vcf.gz.tbi, /fs03/pg32/zarul/results/single_calling/cnnscorevariants/.temp_JH19035
    log: /fs03/pg32/zarul/results/log/single_calling/cnnscorevariants/JH19035.log
    jobid: 0
    wildcards: sample=JH19035
    resources: mem_mb=50000, disk_mb=32826, tmpdir=/tmp

Activating singularity image /projects/pg32/WES_preliminary_analyses/.snakemake/singularity/c25fcccac22093779d3bc7c101442daf.simg
INFO:    Converting SIF file to temporary sandbox...
13:23:25.623 INFO  NativeLibraryLoader - Loading libgkl_compression.so from jar:file:/gatk/gatk-package-4.1.3.0-local.jar!/com/intel/gkl/native/libgkl_compression.so
13:23:26.079 INFO  CNNScoreVariants - ------------------------------------------------------------
13:23:26.079 INFO  CNNScoreVariants - The Genome Analysis Toolkit (GATK) v4.1.3.0
13:23:26.079 INFO  CNNScoreVariants - For support and documentation go to https://software.broadinstitute.org/gatk/
13:23:26.079 INFO  CNNScoreVariants - Executing as mzar0002@m3j008 on Linux v3.10.0-1160.11.1.el7.x86_64 amd64
13:23:26.080 INFO  CNNScoreVariants - Java runtime: OpenJDK 64-Bit Server VM v1.8.0_191-8u191-b12-0ubuntu0.16.04.1-b12
13:23:26.080 INFO  CNNScoreVariants - Start Date/Time: October 9, 2021 1:23:25 PM UTC
13:23:26.080 INFO  CNNScoreVariants - ------------------------------------------------------------
13:23:26.080 INFO  CNNScoreVariants - ------------------------------------------------------------
13:23:26.080 INFO  CNNScoreVariants - HTSJDK Version: 2.20.1
13:23:26.080 INFO  CNNScoreVariants - Picard Version: 2.20.5
13:23:26.080 INFO  CNNScoreVariants - HTSJDK Defaults.COMPRESSION_LEVEL : 2
13:23:26.080 INFO  CNNScoreVariants - HTSJDK Defaults.USE_ASYNC_IO_READ_FOR_SAMTOOLS : false
13:23:26.081 INFO  CNNScoreVariants - HTSJDK Defaults.USE_ASYNC_IO_WRITE_FOR_SAMTOOLS : true
13:23:26.081 INFO  CNNScoreVariants - HTSJDK Defaults.USE_ASYNC_IO_WRITE_FOR_TRIBBLE : false
13:23:26.081 INFO  CNNScoreVariants - Deflater: IntelDeflater
13:23:26.081 INFO  CNNScoreVariants - Inflater: IntelInflater
13:23:26.081 INFO  CNNScoreVariants - GCS max retries/reopens: 20
13:23:26.081 INFO  CNNScoreVariants - Requester pays: disabled
13:23:26.081 INFO  CNNScoreVariants - Initializing engine
13:23:26.901 INFO  FeatureManager - Using codec VCFCodec to read file file:///fs03/pg32/zarul/results/single_calling/genotype_gvcf/JH19035.vcf.gz
13:23:27.222 INFO  CNNScoreVariants - Done initializing engine
13:23:27.223 INFO  NativeLibraryLoader - Loading libgkl_utils.so from jar:file:/gatk/gatk-package-4.1.3.0-local.jar!/com/intel/gkl/native/libgkl_utils.so
13:23:29.446 INFO  CNNScoreVariants - Using key:CNN_2D for CNN architecture:/tmp/small_2d.6279253188531357745.json and weights:/tmp/small_2d.2362396460148469855.hd5
13:23:30.169 INFO  ProgressMeter - Starting traversal
13:23:30.170 INFO  ProgressMeter -        Current Locus  Elapsed Minutes    Variants Processed  Variants/Minute
13:23:30.173 INFO  CNNScoreVariants - Starting pass 0 through the variants
13:23:41.848 INFO  ProgressMeter -        chr1:94864816              0.2                  1000           5138.3
13:25:01.272 INFO  ProgressMeter -       chr1:215620593              1.5                  2000           1317.2
13:26:15.161 INFO  ProgressMeter -       chr2:127986883              2.7                  3000           1091.0
13:27:26.816 INFO  ProgressMeter -        chr3:33153498              3.9                  4000           1014.2
13:28:39.321 INFO  ProgressMeter -         chr4:6300980              5.2                  5000            970.4
13:29:51.854 INFO  ProgressMeter -        chr5:79734389              6.4                  6000            943.2
13:31:02.941 INFO  ProgressMeter -        chr6:44287722              7.5                  7000            927.6
13:32:16.363 INFO  ProgressMeter -        chr7:73340643              8.8                  8000            912.2
13:33:37.132 INFO  ProgressMeter -        chr8:24482166             10.1                  9000            889.7
13:34:50.480 INFO  ProgressMeter -       chr9:114666680             11.3                 10000            882.0
13:36:03.634 INFO  ProgressMeter -      chr10:103458602             12.6                 11000            876.0
13:37:16.746 INFO  ProgressMeter -       chr11:61397808             13.8                 12000            871.1
13:38:32.026 INFO  ProgressMeter -       chr12:48494906             15.0                 13000            864.9
13:39:45.398 INFO  ProgressMeter -       chr13:75310080             16.3                 14000            861.3
13:41:07.122 INFO  ProgressMeter -       chr15:39934294             17.6                 15000            851.5
13:42:19.587 INFO  ProgressMeter -       chr16:54933184             18.8                 16000            850.0
13:43:34.489 INFO  ProgressMeter -       chr17:39657827             20.1                 17000            847.0
13:44:48.538 INFO  ProgressMeter -       chr18:80045856             21.3                 18000            844.8
13:46:03.947 INFO  ProgressMeter -       chr19:39709274             22.6                 19000            842.1
13:47:19.381 INFO  ProgressMeter -       chr20:43460871             23.8                 20000            839.6
13:48:34.685 INFO  ProgressMeter -       chr22:50604850             25.1                 21000            837.5
13:48:41.001 INFO  CNNScoreVariants - Finished pass 0 through the variants
13:49:42.002 INFO  CNNScoreVariants - Starting pass 1 through the variants
13:49:42.118 INFO  ProgressMeter -        chr1:35435014             26.2                 22000            839.7
13:49:42.964 INFO  CNNScoreVariants - Finished pass 1 through the variants
13:49:42.964 INFO  CNNScoreVariants - No variants filtered by: AllowAllVariantsVariantFilter
13:49:43.025 INFO  CNNScoreVariants - No reads filtered by: (WellformedReadFilter AND ReadGroupBlackListReadFilter)
13:49:43.025 INFO  ProgressMeter -       chr22:17119403             26.2                 42848           1634.5
13:49:43.025 INFO  ProgressMeter - Traversal complete. Processed 42848 total variants in 26.2 minutes.
13:49:43.025 INFO  CNNScoreVariants - Done scoring variants with CNN.
13:49:43.163 INFO  CNNScoreVariants - Shutting down engine
[October 9, 2021 1:49:43 PM UTC] org.broadinstitute.hellbender.tools.walkers.vqsr.CNNScoreVariants done. Elapsed time: 26.29 minutes.
Runtime.totalMemory()=2076049408
Using GATK jar /gatk/gatk-package-4.1.3.0-local.jar
Running:
    java -Dsamjdk.use_async_io_read_samtools=false -Dsamjdk.use_async_io_write_samtools=true -Dsamjdk.use_async_io_write_tribble=false -Dsamjdk.compression_level=2 -Xmx50G -jar /gatk/gatk-package-4.1.3.0-local.jar CNNScoreVariants -I /fs03/pg32/zarul/results/preprocessing/gatk_applybqsr/JH19035_recal.bam -V /fs03/pg32/zarul/results/single_calling/genotype_gvcf/JH19035.vcf.gz -R /fs03/pg32/zarul/results/GRCh38_full_analysis_set_plus_decoy_hla.fa -O /fs03/pg32/zarul/results/single_calling/cnnscorevariants/JH19035.vcf.gz -tensor-type read_tensor
INFO:    Cleaning up image...
Touching output file /fs03/pg32/zarul/results/single_calling/cnnscorevariants/.temp_JH19035.
[Sun Oct 10 00:49:46 2021]
Finished job 0.
1 of 1 steps (100%) done
