Building DAG of jobs...
Using shell: /bin/bash
Provided cores: 1 (use --cores to define parallelism)
Rules claiming more threads will be scaled down.
Select jobs to execute...

[Sun Oct 10 00:46:47 2021]
rule cnnscorevariants:
    input: /fs03/pg32/zarul/results/single_calling/genotype_gvcf/PRS015.vcf.gz, /fs03/pg32/zarul/results/single_calling/genotype_gvcf/PRS015.vcf.gz.tbi, /fs03/pg32/zarul/results/preprocessing/gatk_applybqsr/PRS015_recal.bam, /fs03/pg32/zarul/results/preprocessing/gatk_applybqsr/PRS015_recal.bai, /fs03/pg32/zarul/results/GRCh38_full_analysis_set_plus_decoy_hla.fa
    output: /fs03/pg32/zarul/results/single_calling/cnnscorevariants/PRS015.vcf.gz, /fs03/pg32/zarul/results/single_calling/cnnscorevariants/PRS015.vcf.gz.tbi, /fs03/pg32/zarul/results/single_calling/cnnscorevariants/.temp_PRS015
    log: /fs03/pg32/zarul/results/log/single_calling/cnnscorevariants/PRS015.log
    jobid: 0
    wildcards: sample=PRS015
    resources: mem_mb=50000, disk_mb=24432, tmpdir=/tmp

Activating singularity image /projects/pg32/WES_preliminary_analyses/.snakemake/singularity/c25fcccac22093779d3bc7c101442daf.simg
INFO:    Converting SIF file to temporary sandbox...
13:47:13.078 INFO  NativeLibraryLoader - Loading libgkl_compression.so from jar:file:/gatk/gatk-package-4.1.3.0-local.jar!/com/intel/gkl/native/libgkl_compression.so
13:47:13.587 INFO  CNNScoreVariants - ------------------------------------------------------------
13:47:13.587 INFO  CNNScoreVariants - The Genome Analysis Toolkit (GATK) v4.1.3.0
13:47:13.587 INFO  CNNScoreVariants - For support and documentation go to https://software.broadinstitute.org/gatk/
13:47:13.587 INFO  CNNScoreVariants - Executing as mzar0002@m3j009 on Linux v3.10.0-1160.11.1.el7.x86_64 amd64
13:47:13.587 INFO  CNNScoreVariants - Java runtime: OpenJDK 64-Bit Server VM v1.8.0_191-8u191-b12-0ubuntu0.16.04.1-b12
13:47:13.587 INFO  CNNScoreVariants - Start Date/Time: October 9, 2021 1:47:13 PM UTC
13:47:13.587 INFO  CNNScoreVariants - ------------------------------------------------------------
13:47:13.587 INFO  CNNScoreVariants - ------------------------------------------------------------
13:47:13.588 INFO  CNNScoreVariants - HTSJDK Version: 2.20.1
13:47:13.588 INFO  CNNScoreVariants - Picard Version: 2.20.5
13:47:13.588 INFO  CNNScoreVariants - HTSJDK Defaults.COMPRESSION_LEVEL : 2
13:47:13.588 INFO  CNNScoreVariants - HTSJDK Defaults.USE_ASYNC_IO_READ_FOR_SAMTOOLS : false
13:47:13.588 INFO  CNNScoreVariants - HTSJDK Defaults.USE_ASYNC_IO_WRITE_FOR_SAMTOOLS : true
13:47:13.588 INFO  CNNScoreVariants - HTSJDK Defaults.USE_ASYNC_IO_WRITE_FOR_TRIBBLE : false
13:47:13.588 INFO  CNNScoreVariants - Deflater: IntelDeflater
13:47:13.588 INFO  CNNScoreVariants - Inflater: IntelInflater
13:47:13.588 INFO  CNNScoreVariants - GCS max retries/reopens: 20
13:47:13.588 INFO  CNNScoreVariants - Requester pays: disabled
13:47:13.588 INFO  CNNScoreVariants - Initializing engine
13:47:14.453 INFO  FeatureManager - Using codec VCFCodec to read file file:///fs03/pg32/zarul/results/single_calling/genotype_gvcf/PRS015.vcf.gz
13:47:14.796 INFO  CNNScoreVariants - Done initializing engine
13:47:14.797 INFO  NativeLibraryLoader - Loading libgkl_utils.so from jar:file:/gatk/gatk-package-4.1.3.0-local.jar!/com/intel/gkl/native/libgkl_utils.so
13:47:16.995 INFO  CNNScoreVariants - Using key:CNN_2D for CNN architecture:/tmp/small_2d.719744617294297000.json and weights:/tmp/small_2d.4936565196803509310.hd5
13:47:17.732 INFO  ProgressMeter - Starting traversal
13:47:17.733 INFO  ProgressMeter -        Current Locus  Elapsed Minutes    Variants Processed  Variants/Minute
13:47:17.738 INFO  CNNScoreVariants - Starting pass 0 through the variants
13:47:28.065 INFO  ProgressMeter -       chr1:108733446              0.2                  1000           5807.8
13:48:42.622 INFO  ProgressMeter -       chr1:232805407              1.4                  2000           1413.6
13:49:51.264 INFO  ProgressMeter -       chr2:165100317              2.6                  3000           1172.4
13:50:58.022 INFO  ProgressMeter -        chr3:46717520              3.7                  4000           1089.5
13:52:07.710 INFO  ProgressMeter -        chr4:23813899              4.8                  5000           1034.6
13:53:14.122 INFO  ProgressMeter -        chr5:90683701              5.9                  6000           1010.1
13:54:20.426 INFO  ProgressMeter -        chr6:47879665              7.0                  7000            993.6
13:55:28.293 INFO  ProgressMeter -        chr7:87171035              8.2                  8000            978.5
13:56:39.548 INFO  ProgressMeter -        chr8:73069926              9.4                  9000            961.2
13:57:47.389 INFO  ProgressMeter -       chr9:128323094             10.5                 10000            952.9
13:58:55.722 INFO  ProgressMeter -      chr10:113651855             11.6                 11000            945.6
14:00:04.419 INFO  ProgressMeter -       chr11:61397808             12.8                 12000            939.1
14:00:40.860 WARN  CNNScoreVariants - No reads at contig:chr11 site:124250545
14:01:13.744 INFO  ProgressMeter -       chr12:47844974             13.9                 13000            933.0
14:02:21.576 INFO  ProgressMeter -       chr13:46895805             15.1                 14000            929.4
14:03:31.467 INFO  ProgressMeter -      chr14:104950657             16.2                 15000            924.3
14:04:40.509 INFO  ProgressMeter -        chr16:4701044             17.4                 16000            920.6
14:05:48.789 INFO  ProgressMeter -       chr17:14236574             18.5                 17000            918.0
14:06:58.098 INFO  ProgressMeter -       chr18:12094032             19.7                 18000            915.0
14:08:06.852 INFO  ProgressMeter -       chr19:17537541             20.8                 19000            912.6
14:09:15.635 INFO  ProgressMeter -       chr19:56088039             22.0                 20000            910.5
14:10:24.650 INFO  ProgressMeter -       chr22:19971950             23.1                 21000            908.5
14:11:02.384 INFO  CNNScoreVariants - Finished pass 0 through the variants
14:11:47.461 INFO  CNNScoreVariants - Starting pass 1 through the variants
14:11:47.536 INFO  ProgressMeter -        chr1:13583922             24.5                 22000            898.1
14:11:48.430 INFO  CNNScoreVariants - Finished pass 1 through the variants
14:11:48.430 INFO  CNNScoreVariants - No variants filtered by: AllowAllVariantsVariantFilter
14:11:48.432 INFO  CNNScoreVariants - No reads filtered by: (WellformedReadFilter AND ReadGroupBlackListReadFilter)
14:11:48.432 INFO  ProgressMeter -       chr22:37758087             24.5                 43550           1776.7
14:11:48.432 INFO  ProgressMeter - Traversal complete. Processed 43550 total variants in 24.5 minutes.
14:11:48.432 INFO  CNNScoreVariants - Done scoring variants with CNN.
14:11:48.575 INFO  CNNScoreVariants - Shutting down engine
[October 9, 2021 2:11:48 PM UTC] org.broadinstitute.hellbender.tools.walkers.vqsr.CNNScoreVariants done. Elapsed time: 24.59 minutes.
Runtime.totalMemory()=2076049408
Using GATK jar /gatk/gatk-package-4.1.3.0-local.jar
Running:
    java -Dsamjdk.use_async_io_read_samtools=false -Dsamjdk.use_async_io_write_samtools=true -Dsamjdk.use_async_io_write_tribble=false -Dsamjdk.compression_level=2 -Xmx50G -jar /gatk/gatk-package-4.1.3.0-local.jar CNNScoreVariants -I /fs03/pg32/zarul/results/preprocessing/gatk_applybqsr/PRS015_recal.bam -V /fs03/pg32/zarul/results/single_calling/genotype_gvcf/PRS015.vcf.gz -R /fs03/pg32/zarul/results/GRCh38_full_analysis_set_plus_decoy_hla.fa -O /fs03/pg32/zarul/results/single_calling/cnnscorevariants/PRS015.vcf.gz -tensor-type read_tensor
INFO:    Cleaning up image...
Touching output file /fs03/pg32/zarul/results/single_calling/cnnscorevariants/.temp_PRS015.
[Sun Oct 10 01:11:51 2021]
Finished job 0.
1 of 1 steps (100%) done
