Building DAG of jobs...
Using shell: /bin/bash
Provided cores: 1 (use --cores to define parallelism)
Rules claiming more threads will be scaled down.
Select jobs to execute...

[Sat Oct  9 23:20:57 2021]
rule cnnscorevariants:
    input: /fs03/pg32/zarul/results/single_calling/genotype_gvcf/JH19012.vcf.gz, /fs03/pg32/zarul/results/single_calling/genotype_gvcf/JH19012.vcf.gz.tbi, /fs03/pg32/zarul/results/preprocessing/gatk_applybqsr/JH19012_recal.bam, /fs03/pg32/zarul/results/preprocessing/gatk_applybqsr/JH19012_recal.bai, /fs03/pg32/zarul/results/GRCh38_full_analysis_set_plus_decoy_hla.fa
    output: /fs03/pg32/zarul/results/single_calling/cnnscorevariants/JH19012.vcf.gz, /fs03/pg32/zarul/results/single_calling/cnnscorevariants/JH19012.vcf.gz.tbi, /fs03/pg32/zarul/results/single_calling/cnnscorevariants/.temp_JH19012
    log: /fs03/pg32/zarul/results/log/single_calling/cnnscorevariants/JH19012.log
    jobid: 0
    wildcards: sample=JH19012
    resources: mem_mb=50000, disk_mb=31122, tmpdir=/tmp

Activating singularity image /projects/pg32/WES_preliminary_analyses/.snakemake/singularity/c25fcccac22093779d3bc7c101442daf.simg
INFO:    Converting SIF file to temporary sandbox...
12:21:22.116 INFO  NativeLibraryLoader - Loading libgkl_compression.so from jar:file:/gatk/gatk-package-4.1.3.0-local.jar!/com/intel/gkl/native/libgkl_compression.so
12:21:22.549 INFO  CNNScoreVariants - ------------------------------------------------------------
12:21:22.549 INFO  CNNScoreVariants - The Genome Analysis Toolkit (GATK) v4.1.3.0
12:21:22.549 INFO  CNNScoreVariants - For support and documentation go to https://software.broadinstitute.org/gatk/
12:21:22.549 INFO  CNNScoreVariants - Executing as mzar0002@m3j008 on Linux v3.10.0-1160.11.1.el7.x86_64 amd64
12:21:22.549 INFO  CNNScoreVariants - Java runtime: OpenJDK 64-Bit Server VM v1.8.0_191-8u191-b12-0ubuntu0.16.04.1-b12
12:21:22.550 INFO  CNNScoreVariants - Start Date/Time: October 9, 2021 12:21:22 PM UTC
12:21:22.550 INFO  CNNScoreVariants - ------------------------------------------------------------
12:21:22.550 INFO  CNNScoreVariants - ------------------------------------------------------------
12:21:22.550 INFO  CNNScoreVariants - HTSJDK Version: 2.20.1
12:21:22.550 INFO  CNNScoreVariants - Picard Version: 2.20.5
12:21:22.550 INFO  CNNScoreVariants - HTSJDK Defaults.COMPRESSION_LEVEL : 2
12:21:22.550 INFO  CNNScoreVariants - HTSJDK Defaults.USE_ASYNC_IO_READ_FOR_SAMTOOLS : false
12:21:22.550 INFO  CNNScoreVariants - HTSJDK Defaults.USE_ASYNC_IO_WRITE_FOR_SAMTOOLS : true
12:21:22.550 INFO  CNNScoreVariants - HTSJDK Defaults.USE_ASYNC_IO_WRITE_FOR_TRIBBLE : false
12:21:22.551 INFO  CNNScoreVariants - Deflater: IntelDeflater
12:21:22.551 INFO  CNNScoreVariants - Inflater: IntelInflater
12:21:22.551 INFO  CNNScoreVariants - GCS max retries/reopens: 20
12:21:22.551 INFO  CNNScoreVariants - Requester pays: disabled
12:21:22.551 INFO  CNNScoreVariants - Initializing engine
12:21:23.356 INFO  FeatureManager - Using codec VCFCodec to read file file:///fs03/pg32/zarul/results/single_calling/genotype_gvcf/JH19012.vcf.gz
12:21:23.670 INFO  CNNScoreVariants - Done initializing engine
12:21:23.671 INFO  NativeLibraryLoader - Loading libgkl_utils.so from jar:file:/gatk/gatk-package-4.1.3.0-local.jar!/com/intel/gkl/native/libgkl_utils.so
12:21:25.830 INFO  CNNScoreVariants - Using key:CNN_2D for CNN architecture:/tmp/small_2d.6310617120606453825.json and weights:/tmp/small_2d.7423952959230573931.hd5
12:21:26.529 INFO  ProgressMeter - Starting traversal
12:21:26.530 INFO  ProgressMeter -        Current Locus  Elapsed Minutes    Variants Processed  Variants/Minute
12:21:26.535 INFO  CNNScoreVariants - Starting pass 0 through the variants
12:21:37.070 INFO  ProgressMeter -        chr1:93877677              0.2                  1000           5693.1
12:22:56.450 INFO  ProgressMeter -       chr1:210684115              1.5                  2000           1334.5
12:24:11.671 INFO  ProgressMeter -       chr2:120968871              2.8                  3000           1090.0
12:25:24.793 INFO  ProgressMeter -        chr3:45955269              4.0                  4000           1007.3
12:26:38.538 INFO  ProgressMeter -         chr4:7042630              5.2                  5000            961.5
12:27:52.546 INFO  ProgressMeter -        chr5:79738839              6.4                  6000            932.6
12:29:03.572 INFO  ProgressMeter -        chr6:46859107              7.6                  7000            919.0
12:30:17.957 INFO  ProgressMeter -        chr7:93105138              8.9                  8000            903.2
12:31:34.796 INFO  ProgressMeter -        chr8:58416879             10.1                  9000            887.8
12:32:47.752 INFO  ProgressMeter -       chr9:122750509             11.4                 10000            880.8
12:34:01.682 INFO  ProgressMeter -      chr10:104057158             12.6                 11000            874.0
12:35:15.241 INFO  ProgressMeter -       chr11:62613634             13.8                 12000            868.8
12:36:30.425 INFO  ProgressMeter -       chr12:50353134             15.1                 13000            862.9
12:37:43.344 INFO  ProgressMeter -       chr13:77604415             16.3                 14000            859.9
12:39:00.534 INFO  ProgressMeter -       chr15:41995380             17.6                 15000            853.9
12:40:15.029 INFO  ProgressMeter -       chr16:57761482             18.8                 16000            850.7
12:41:30.610 INFO  ProgressMeter -       chr17:41830878             20.1                 17000            847.1
12:42:44.636 INFO  ProgressMeter -        chr19:1068739             21.3                 18000            845.0
12:44:00.074 INFO  ProgressMeter -       chr19:43873517             22.6                 19000            842.2
12:45:14.551 INFO  ProgressMeter -       chr20:62216348             23.8                 20000            840.3
12:46:30.160 INFO  ProgressMeter -        chrX:50193208             25.1                 21000            838.0
12:46:34.419 INFO  CNNScoreVariants - Finished pass 0 through the variants
12:47:25.018 INFO  CNNScoreVariants - Starting pass 1 through the variants
12:47:25.309 INFO  ProgressMeter -        chr1:47994235             26.0                 22000            846.8
12:47:26.063 INFO  CNNScoreVariants - Finished pass 1 through the variants
12:47:26.063 INFO  CNNScoreVariants - No variants filtered by: AllowAllVariantsVariantFilter
12:47:26.137 INFO  CNNScoreVariants - No reads filtered by: (WellformedReadFilter AND ReadGroupBlackListReadFilter)
12:47:26.137 INFO  ProgressMeter -       chr22:42692965             26.0                 42502           1635.1
12:47:26.137 INFO  ProgressMeter - Traversal complete. Processed 42502 total variants in 26.0 minutes.
12:47:26.137 INFO  CNNScoreVariants - Done scoring variants with CNN.
12:47:26.266 INFO  CNNScoreVariants - Shutting down engine
[October 9, 2021 12:47:26 PM UTC] org.broadinstitute.hellbender.tools.walkers.vqsr.CNNScoreVariants done. Elapsed time: 26.07 minutes.
Runtime.totalMemory()=2076049408
Using GATK jar /gatk/gatk-package-4.1.3.0-local.jar
Running:
    java -Dsamjdk.use_async_io_read_samtools=false -Dsamjdk.use_async_io_write_samtools=true -Dsamjdk.use_async_io_write_tribble=false -Dsamjdk.compression_level=2 -Xmx50G -jar /gatk/gatk-package-4.1.3.0-local.jar CNNScoreVariants -I /fs03/pg32/zarul/results/preprocessing/gatk_applybqsr/JH19012_recal.bam -V /fs03/pg32/zarul/results/single_calling/genotype_gvcf/JH19012.vcf.gz -R /fs03/pg32/zarul/results/GRCh38_full_analysis_set_plus_decoy_hla.fa -O /fs03/pg32/zarul/results/single_calling/cnnscorevariants/JH19012.vcf.gz -tensor-type read_tensor
INFO:    Cleaning up image...
Touching output file /fs03/pg32/zarul/results/single_calling/cnnscorevariants/.temp_JH19012.
[Sat Oct  9 23:47:29 2021]
Finished job 0.
1 of 1 steps (100%) done
