Building DAG of jobs...
Using shell: /bin/bash
Provided cores: 1 (use --cores to define parallelism)
Rules claiming more threads will be scaled down.
Select jobs to execute...

[Sun Oct 10 01:06:03 2021]
rule cnnscorevariants:
    input: /fs03/pg32/zarul/results/single_calling/genotype_gvcf/PRS012.vcf.gz, /fs03/pg32/zarul/results/single_calling/genotype_gvcf/PRS012.vcf.gz.tbi, /fs03/pg32/zarul/results/preprocessing/gatk_applybqsr/PRS012_recal.bam, /fs03/pg32/zarul/results/preprocessing/gatk_applybqsr/PRS012_recal.bai, /fs03/pg32/zarul/results/GRCh38_full_analysis_set_plus_decoy_hla.fa
    output: /fs03/pg32/zarul/results/single_calling/cnnscorevariants/PRS012.vcf.gz, /fs03/pg32/zarul/results/single_calling/cnnscorevariants/PRS012.vcf.gz.tbi, /fs03/pg32/zarul/results/single_calling/cnnscorevariants/.temp_PRS012
    log: /fs03/pg32/zarul/results/log/single_calling/cnnscorevariants/PRS012.log
    jobid: 0
    wildcards: sample=PRS012
    resources: mem_mb=50000, disk_mb=38971, tmpdir=/tmp

Activating singularity image /projects/pg32/WES_preliminary_analyses/.snakemake/singularity/c25fcccac22093779d3bc7c101442daf.simg
INFO:    Converting SIF file to temporary sandbox...
14:06:29.828 INFO  NativeLibraryLoader - Loading libgkl_compression.so from jar:file:/gatk/gatk-package-4.1.3.0-local.jar!/com/intel/gkl/native/libgkl_compression.so
14:06:30.349 INFO  CNNScoreVariants - ------------------------------------------------------------
14:06:30.350 INFO  CNNScoreVariants - The Genome Analysis Toolkit (GATK) v4.1.3.0
14:06:30.350 INFO  CNNScoreVariants - For support and documentation go to https://software.broadinstitute.org/gatk/
14:06:30.350 INFO  CNNScoreVariants - Executing as mzar0002@m3j008 on Linux v3.10.0-1160.11.1.el7.x86_64 amd64
14:06:30.350 INFO  CNNScoreVariants - Java runtime: OpenJDK 64-Bit Server VM v1.8.0_191-8u191-b12-0ubuntu0.16.04.1-b12
14:06:30.350 INFO  CNNScoreVariants - Start Date/Time: October 9, 2021 2:06:29 PM UTC
14:06:30.350 INFO  CNNScoreVariants - ------------------------------------------------------------
14:06:30.350 INFO  CNNScoreVariants - ------------------------------------------------------------
14:06:30.351 INFO  CNNScoreVariants - HTSJDK Version: 2.20.1
14:06:30.351 INFO  CNNScoreVariants - Picard Version: 2.20.5
14:06:30.351 INFO  CNNScoreVariants - HTSJDK Defaults.COMPRESSION_LEVEL : 2
14:06:30.351 INFO  CNNScoreVariants - HTSJDK Defaults.USE_ASYNC_IO_READ_FOR_SAMTOOLS : false
14:06:30.351 INFO  CNNScoreVariants - HTSJDK Defaults.USE_ASYNC_IO_WRITE_FOR_SAMTOOLS : true
14:06:30.351 INFO  CNNScoreVariants - HTSJDK Defaults.USE_ASYNC_IO_WRITE_FOR_TRIBBLE : false
14:06:30.351 INFO  CNNScoreVariants - Deflater: IntelDeflater
14:06:30.351 INFO  CNNScoreVariants - Inflater: IntelInflater
14:06:30.351 INFO  CNNScoreVariants - GCS max retries/reopens: 20
14:06:30.351 INFO  CNNScoreVariants - Requester pays: disabled
14:06:30.351 INFO  CNNScoreVariants - Initializing engine
14:06:31.294 INFO  FeatureManager - Using codec VCFCodec to read file file:///fs03/pg32/zarul/results/single_calling/genotype_gvcf/PRS012.vcf.gz
14:06:31.659 INFO  CNNScoreVariants - Done initializing engine
14:06:31.660 INFO  NativeLibraryLoader - Loading libgkl_utils.so from jar:file:/gatk/gatk-package-4.1.3.0-local.jar!/com/intel/gkl/native/libgkl_utils.so
14:06:33.986 INFO  CNNScoreVariants - Using key:CNN_2D for CNN architecture:/tmp/small_2d.6081833666706592770.json and weights:/tmp/small_2d.7304703674987212581.hd5
14:06:34.799 INFO  ProgressMeter - Starting traversal
14:06:34.800 INFO  ProgressMeter -        Current Locus  Elapsed Minutes    Variants Processed  Variants/Minute
14:06:34.803 INFO  CNNScoreVariants - Starting pass 0 through the variants
14:06:49.633 INFO  ProgressMeter -       chr1:111320330              0.2                  1000           4045.3
14:08:12.694 INFO  ProgressMeter -       chr1:228414959              1.6                  2000           1225.8
14:09:28.322 INFO  ProgressMeter -       chr2:159248385              2.9                  3000           1037.3
14:10:43.598 INFO  ProgressMeter -        chr3:52576635              4.1                  4000            964.6
14:11:58.256 INFO  ProgressMeter -        chr4:39465159              5.4                  5000            927.5
14:13:10.773 INFO  ProgressMeter -       chr5:112275379              6.6                  6000            909.2
14:14:24.180 INFO  ProgressMeter -        chr6:61732699              7.8                  7000            894.8
14:15:39.394 INFO  ProgressMeter -        chr7:80745122              9.1                  8000            881.4
14:17:01.901 INFO  ProgressMeter -        chr8:97931218             10.5                  9000            861.1
14:18:16.742 INFO  ProgressMeter -       chr9:131087543             11.7                 10000            854.8
14:19:31.370 INFO  ProgressMeter -      chr10:122570194             12.9                 11000            849.9
14:20:46.859 INFO  ProgressMeter -       chr11:61963081             14.2                 12000            845.0
14:22:01.881 INFO  ProgressMeter -       chr12:45926638             15.5                 13000            841.4
14:23:16.291 INFO  ProgressMeter -      chr13:102744366             16.7                 14000            838.7
14:23:56.777 WARN  CNNScoreVariants - No reads at contig:chr14 site:104949049
14:23:56.909 WARN  CNNScoreVariants - No reads at contig:chr14 site:104949052
14:23:57.046 WARN  CNNScoreVariants - No reads at contig:chr14 site:104949055
14:24:31.669 INFO  ProgressMeter -       chr15:50574885             17.9                 15000            835.8
14:25:48.307 INFO  ProgressMeter -       chr16:67195890             19.2                 16000            832.2
14:27:05.360 INFO  ProgressMeter -       chr17:44934540             20.5                 17000            828.9
14:28:21.816 INFO  ProgressMeter -        chr19:2917188             21.8                 18000            826.3
14:29:38.580 INFO  ProgressMeter -       chr19:44497294             23.1                 19000            823.8
14:30:54.806 INFO  ProgressMeter -       chr20:59193344             24.3                 20000            821.9
14:32:10.684 INFO  ProgressMeter -       chrX:106205978             25.6                 21000            820.4
14:32:12.323 INFO  CNNScoreVariants - Finished pass 0 through the variants
14:32:54.001 INFO  CNNScoreVariants - Starting pass 1 through the variants
14:32:54.181 INFO  ProgressMeter -        chr1:89186405             26.3                 22000            835.8
14:32:54.940 INFO  CNNScoreVariants - Finished pass 1 through the variants
14:32:54.941 INFO  CNNScoreVariants - No variants filtered by: AllowAllVariantsVariantFilter
14:32:55.014 INFO  CNNScoreVariants - No reads filtered by: (WellformedReadFilter AND ReadGroupBlackListReadFilter)
14:32:55.014 INFO  ProgressMeter -        chrX:15314436             26.3                 42250           1604.2
14:32:55.014 INFO  ProgressMeter - Traversal complete. Processed 42250 total variants in 26.3 minutes.
14:32:55.014 INFO  CNNScoreVariants - Done scoring variants with CNN.
14:32:55.153 INFO  CNNScoreVariants - Shutting down engine
[October 9, 2021 2:32:55 PM UTC] org.broadinstitute.hellbender.tools.walkers.vqsr.CNNScoreVariants done. Elapsed time: 26.42 minutes.
Runtime.totalMemory()=2076049408
Using GATK jar /gatk/gatk-package-4.1.3.0-local.jar
Running:
    java -Dsamjdk.use_async_io_read_samtools=false -Dsamjdk.use_async_io_write_samtools=true -Dsamjdk.use_async_io_write_tribble=false -Dsamjdk.compression_level=2 -Xmx50G -jar /gatk/gatk-package-4.1.3.0-local.jar CNNScoreVariants -I /fs03/pg32/zarul/results/preprocessing/gatk_applybqsr/PRS012_recal.bam -V /fs03/pg32/zarul/results/single_calling/genotype_gvcf/PRS012.vcf.gz -R /fs03/pg32/zarul/results/GRCh38_full_analysis_set_plus_decoy_hla.fa -O /fs03/pg32/zarul/results/single_calling/cnnscorevariants/PRS012.vcf.gz -tensor-type read_tensor
INFO:    Cleaning up image...
Touching output file /fs03/pg32/zarul/results/single_calling/cnnscorevariants/.temp_PRS012.
[Sun Oct 10 01:32:58 2021]
Finished job 0.
1 of 1 steps (100%) done
