Building DAG of jobs...
Using shell: /bin/bash
Provided cores: 1 (use --cores to define parallelism)
Rules claiming more threads will be scaled down.
Select jobs to execute...

[Sun Oct 10 01:09:53 2021]
rule cnnscorevariants:
    input: /fs03/pg32/zarul/results/single_calling/genotype_gvcf/PRS090.vcf.gz, /fs03/pg32/zarul/results/single_calling/genotype_gvcf/PRS090.vcf.gz.tbi, /fs03/pg32/zarul/results/preprocessing/gatk_applybqsr/PRS090_recal.bam, /fs03/pg32/zarul/results/preprocessing/gatk_applybqsr/PRS090_recal.bai, /fs03/pg32/zarul/results/GRCh38_full_analysis_set_plus_decoy_hla.fa
    output: /fs03/pg32/zarul/results/single_calling/cnnscorevariants/PRS090.vcf.gz, /fs03/pg32/zarul/results/single_calling/cnnscorevariants/PRS090.vcf.gz.tbi, /fs03/pg32/zarul/results/single_calling/cnnscorevariants/.temp_PRS090
    log: /fs03/pg32/zarul/results/log/single_calling/cnnscorevariants/PRS090.log
    jobid: 0
    wildcards: sample=PRS090
    resources: mem_mb=50000, disk_mb=27399, tmpdir=/tmp

Activating singularity image /projects/pg32/WES_preliminary_analyses/.snakemake/singularity/c25fcccac22093779d3bc7c101442daf.simg
INFO:    Converting SIF file to temporary sandbox...
14:10:20.234 INFO  NativeLibraryLoader - Loading libgkl_compression.so from jar:file:/gatk/gatk-package-4.1.3.0-local.jar!/com/intel/gkl/native/libgkl_compression.so
14:10:20.729 INFO  CNNScoreVariants - ------------------------------------------------------------
14:10:20.729 INFO  CNNScoreVariants - The Genome Analysis Toolkit (GATK) v4.1.3.0
14:10:20.729 INFO  CNNScoreVariants - For support and documentation go to https://software.broadinstitute.org/gatk/
14:10:20.729 INFO  CNNScoreVariants - Executing as mzar0002@m3h005 on Linux v3.10.0-1160.11.1.el7.x86_64 amd64
14:10:20.729 INFO  CNNScoreVariants - Java runtime: OpenJDK 64-Bit Server VM v1.8.0_191-8u191-b12-0ubuntu0.16.04.1-b12
14:10:20.729 INFO  CNNScoreVariants - Start Date/Time: October 9, 2021 2:10:20 PM UTC
14:10:20.729 INFO  CNNScoreVariants - ------------------------------------------------------------
14:10:20.729 INFO  CNNScoreVariants - ------------------------------------------------------------
14:10:20.730 INFO  CNNScoreVariants - HTSJDK Version: 2.20.1
14:10:20.730 INFO  CNNScoreVariants - Picard Version: 2.20.5
14:10:20.730 INFO  CNNScoreVariants - HTSJDK Defaults.COMPRESSION_LEVEL : 2
14:10:20.730 INFO  CNNScoreVariants - HTSJDK Defaults.USE_ASYNC_IO_READ_FOR_SAMTOOLS : false
14:10:20.730 INFO  CNNScoreVariants - HTSJDK Defaults.USE_ASYNC_IO_WRITE_FOR_SAMTOOLS : true
14:10:20.730 INFO  CNNScoreVariants - HTSJDK Defaults.USE_ASYNC_IO_WRITE_FOR_TRIBBLE : false
14:10:20.730 INFO  CNNScoreVariants - Deflater: IntelDeflater
14:10:20.731 INFO  CNNScoreVariants - Inflater: IntelInflater
14:10:20.731 INFO  CNNScoreVariants - GCS max retries/reopens: 20
14:10:20.731 INFO  CNNScoreVariants - Requester pays: disabled
14:10:20.731 INFO  CNNScoreVariants - Initializing engine
14:10:21.704 INFO  FeatureManager - Using codec VCFCodec to read file file:///fs03/pg32/zarul/results/single_calling/genotype_gvcf/PRS090.vcf.gz
14:10:22.060 INFO  CNNScoreVariants - Done initializing engine
14:10:22.061 INFO  NativeLibraryLoader - Loading libgkl_utils.so from jar:file:/gatk/gatk-package-4.1.3.0-local.jar!/com/intel/gkl/native/libgkl_utils.so
14:10:24.282 INFO  CNNScoreVariants - Using key:CNN_2D for CNN architecture:/tmp/small_2d.7753771939911434005.json and weights:/tmp/small_2d.5479240840587637986.hd5
14:10:25.053 INFO  ProgressMeter - Starting traversal
14:10:25.053 INFO  ProgressMeter -        Current Locus  Elapsed Minutes    Variants Processed  Variants/Minute
14:10:25.057 INFO  CNNScoreVariants - Starting pass 0 through the variants
14:10:36.449 INFO  ProgressMeter -       chr1:102914362              0.2                  1000           5271.0
14:12:31.889 INFO  ProgressMeter -       chr1:228165950              2.1                  2000            946.1
14:14:20.516 INFO  ProgressMeter -       chr2:159227962              3.9                  3000            764.5
14:16:03.639 INFO  ProgressMeter -        chr3:46408806              5.6                  4000            708.8
14:17:49.673 INFO  ProgressMeter -         chr4:6617438              7.4                  5000            674.7
14:19:33.682 INFO  ProgressMeter -        chr5:69116417              9.1                  6000            656.2
14:21:15.092 INFO  ProgressMeter -        chr6:24437230             10.8                  7000            646.1
14:23:02.019 INFO  ProgressMeter -        chr7:39570578             12.6                  8000            634.1
14:24:55.103 INFO  ProgressMeter -          chr8:246274             14.5                  9000            620.7
14:26:41.597 INFO  ProgressMeter -        chr9:93645701             16.3                 10000            614.4
14:28:27.720 INFO  ProgressMeter -       chr10:84219235             18.0                 11000            609.6
14:30:13.708 INFO  ProgressMeter -       chr11:48264704             19.8                 12000            605.7
14:32:01.669 INFO  ProgressMeter -       chr12:10419059             21.6                 13000            601.6
14:33:46.891 INFO  ProgressMeter -       chr13:33016713             23.4                 14000            599.2
14:35:34.111 INFO  ProgressMeter -      chr14:104950765             25.2                 15000            596.4
14:37:20.871 INFO  ProgressMeter -       chr16:20341296             26.9                 16000            594.1
14:39:09.125 INFO  ProgressMeter -       chr17:28367840             28.7                 17000            591.6
14:40:57.910 INFO  ProgressMeter -       chr18:57695300             30.5                 18000            589.2
14:42:45.703 INFO  ProgressMeter -       chr19:35250553             32.3                 19000            587.4
14:44:34.984 INFO  ProgressMeter -       chr20:18814070             34.2                 20000            585.4
14:46:24.227 INFO  ProgressMeter -       chr22:41217184             36.0                 21000            583.6
14:47:18.463 INFO  CNNScoreVariants - Finished pass 0 through the variants
14:48:07.677 INFO  CNNScoreVariants - Starting pass 1 through the variants
14:48:07.827 INFO  ProgressMeter -        chr1:26529971             37.7                 22000            583.4
14:48:09.078 INFO  CNNScoreVariants - Finished pass 1 through the variants
14:48:09.079 INFO  CNNScoreVariants - No variants filtered by: AllowAllVariantsVariantFilter
14:48:09.080 INFO  CNNScoreVariants - No reads filtered by: (WellformedReadFilter AND ReadGroupBlackListReadFilter)
14:48:09.080 INFO  ProgressMeter -       chrX:154097642             37.7                 43012           1139.9
14:48:09.080 INFO  ProgressMeter - Traversal complete. Processed 43012 total variants in 37.7 minutes.
14:48:09.080 INFO  CNNScoreVariants - Done scoring variants with CNN.
14:48:09.267 INFO  CNNScoreVariants - Shutting down engine
[October 9, 2021 2:48:09 PM UTC] org.broadinstitute.hellbender.tools.walkers.vqsr.CNNScoreVariants done. Elapsed time: 37.82 minutes.
Runtime.totalMemory()=2076049408
Using GATK jar /gatk/gatk-package-4.1.3.0-local.jar
Running:
    java -Dsamjdk.use_async_io_read_samtools=false -Dsamjdk.use_async_io_write_samtools=true -Dsamjdk.use_async_io_write_tribble=false -Dsamjdk.compression_level=2 -Xmx50G -jar /gatk/gatk-package-4.1.3.0-local.jar CNNScoreVariants -I /fs03/pg32/zarul/results/preprocessing/gatk_applybqsr/PRS090_recal.bam -V /fs03/pg32/zarul/results/single_calling/genotype_gvcf/PRS090.vcf.gz -R /fs03/pg32/zarul/results/GRCh38_full_analysis_set_plus_decoy_hla.fa -O /fs03/pg32/zarul/results/single_calling/cnnscorevariants/PRS090.vcf.gz -tensor-type read_tensor
INFO:    Cleaning up image...
Touching output file /fs03/pg32/zarul/results/single_calling/cnnscorevariants/.temp_PRS090.
[Sun Oct 10 01:48:12 2021]
Finished job 0.
1 of 1 steps (100%) done
