Building DAG of jobs...
Using shell: /bin/bash
Provided cores: 1 (use --cores to define parallelism)
Rules claiming more threads will be scaled down.
Select jobs to execute...

[Sat Oct  9 21:29:13 2021]
rule cnnscorevariants:
    input: /fs03/pg32/zarul/results/single_calling/genotype_gvcf/PRS075.vcf.gz, /fs03/pg32/zarul/results/single_calling/genotype_gvcf/PRS075.vcf.gz.tbi, /fs03/pg32/zarul/results/preprocessing/gatk_applybqsr/PRS075_recal.bam, /fs03/pg32/zarul/results/preprocessing/gatk_applybqsr/PRS075_recal.bai, /fs03/pg32/zarul/results/GRCh38_full_analysis_set_plus_decoy_hla.fa
    output: /fs03/pg32/zarul/results/single_calling/cnnscorevariants/PRS075.vcf.gz, /fs03/pg32/zarul/results/single_calling/cnnscorevariants/PRS075.vcf.gz.tbi, /fs03/pg32/zarul/results/single_calling/cnnscorevariants/.temp_PRS075
    log: /fs03/pg32/zarul/results/log/single_calling/cnnscorevariants/PRS075.log
    jobid: 0
    wildcards: sample=PRS075
    resources: mem_mb=50000, disk_mb=24619, tmpdir=/tmp

Activating singularity image /projects/pg32/WES_preliminary_analyses/.snakemake/singularity/c25fcccac22093779d3bc7c101442daf.simg
INFO:    Converting SIF file to temporary sandbox...
10:29:39.012 INFO  NativeLibraryLoader - Loading libgkl_compression.so from jar:file:/gatk/gatk-package-4.1.3.0-local.jar!/com/intel/gkl/native/libgkl_compression.so
10:29:39.448 INFO  CNNScoreVariants - ------------------------------------------------------------
10:29:39.448 INFO  CNNScoreVariants - The Genome Analysis Toolkit (GATK) v4.1.3.0
10:29:39.448 INFO  CNNScoreVariants - For support and documentation go to https://software.broadinstitute.org/gatk/
10:29:39.448 INFO  CNNScoreVariants - Executing as mzar0002@m3j008 on Linux v3.10.0-1160.11.1.el7.x86_64 amd64
10:29:39.448 INFO  CNNScoreVariants - Java runtime: OpenJDK 64-Bit Server VM v1.8.0_191-8u191-b12-0ubuntu0.16.04.1-b12
10:29:39.449 INFO  CNNScoreVariants - Start Date/Time: October 9, 2021 10:29:38 AM UTC
10:29:39.449 INFO  CNNScoreVariants - ------------------------------------------------------------
10:29:39.449 INFO  CNNScoreVariants - ------------------------------------------------------------
10:29:39.449 INFO  CNNScoreVariants - HTSJDK Version: 2.20.1
10:29:39.449 INFO  CNNScoreVariants - Picard Version: 2.20.5
10:29:39.449 INFO  CNNScoreVariants - HTSJDK Defaults.COMPRESSION_LEVEL : 2
10:29:39.449 INFO  CNNScoreVariants - HTSJDK Defaults.USE_ASYNC_IO_READ_FOR_SAMTOOLS : false
10:29:39.449 INFO  CNNScoreVariants - HTSJDK Defaults.USE_ASYNC_IO_WRITE_FOR_SAMTOOLS : true
10:29:39.449 INFO  CNNScoreVariants - HTSJDK Defaults.USE_ASYNC_IO_WRITE_FOR_TRIBBLE : false
10:29:39.450 INFO  CNNScoreVariants - Deflater: IntelDeflater
10:29:39.450 INFO  CNNScoreVariants - Inflater: IntelInflater
10:29:39.450 INFO  CNNScoreVariants - GCS max retries/reopens: 20
10:29:39.450 INFO  CNNScoreVariants - Requester pays: disabled
10:29:39.450 INFO  CNNScoreVariants - Initializing engine
10:29:40.311 INFO  FeatureManager - Using codec VCFCodec to read file file:///fs03/pg32/zarul/results/single_calling/genotype_gvcf/PRS075.vcf.gz
10:29:40.640 INFO  CNNScoreVariants - Done initializing engine
10:29:40.641 INFO  NativeLibraryLoader - Loading libgkl_utils.so from jar:file:/gatk/gatk-package-4.1.3.0-local.jar!/com/intel/gkl/native/libgkl_utils.so
10:29:42.901 INFO  CNNScoreVariants - Using key:CNN_2D for CNN architecture:/tmp/small_2d.3268435660933698358.json and weights:/tmp/small_2d.7250871256638318535.hd5
10:29:43.619 INFO  ProgressMeter - Starting traversal
10:29:43.620 INFO  ProgressMeter -        Current Locus  Elapsed Minutes    Variants Processed  Variants/Minute
10:29:43.624 INFO  CNNScoreVariants - Starting pass 0 through the variants
10:29:53.805 INFO  ProgressMeter -       chr1:109192676              0.2                  1000           5892.2
10:31:09.012 INFO  ProgressMeter -       chr1:226737174              1.4                  2000           1405.3
10:32:19.970 INFO  ProgressMeter -       chr2:134987559              2.6                  3000           1151.3
10:33:27.061 INFO  ProgressMeter -        chr3:43372826              3.7                  4000           1074.1
10:34:35.678 INFO  ProgressMeter -         chr4:3074876              4.9                  5000           1027.2
10:35:45.118 INFO  ProgressMeter -        chr5:54518222              6.0                  6000            995.9
10:36:49.917 INFO  ProgressMeter -        chr6:33675781              7.1                  7000            985.2
10:37:59.514 INFO  ProgressMeter -        chr7:43624681              8.3                  8000            968.0
10:39:12.661 INFO  ProgressMeter -        chr8:10697679              9.5                  9000            949.0
10:40:23.163 INFO  ProgressMeter -        chr9:92314383             10.7                 10000            938.2
10:41:31.187 INFO  ProgressMeter -       chr10:74525405             11.8                 11000            932.8
10:42:42.133 INFO  ProgressMeter -       chr11:34133098             13.0                 12000            924.8
10:43:52.410 INFO  ProgressMeter -        chr12:6510118             14.1                 13000            919.0
10:45:01.234 INFO  ProgressMeter -      chr12:133106069             15.3                 14000            915.4
10:46:08.409 INFO  ProgressMeter -       chr14:96315575             16.4                 15000            913.9
10:47:21.187 INFO  ProgressMeter -        chr16:1486379             17.6                 16000            907.7
10:48:32.402 INFO  ProgressMeter -        chr17:7575180             18.8                 17000            903.6
10:49:44.502 INFO  ProgressMeter -        chr18:2656249             20.0                 18000            899.3
10:50:54.160 INFO  ProgressMeter -       chr19:15469847             21.2                 19000            897.3
10:52:06.688 INFO  ProgressMeter -       chr19:56183136             22.4                 20000            893.5
10:53:18.595 INFO  ProgressMeter -       chr22:24568160             23.6                 21000            890.5
10:53:57.089 INFO  CNNScoreVariants - Finished pass 0 through the variants
10:54:42.498 INFO  CNNScoreVariants - Starting pass 1 through the variants
10:54:42.578 INFO  ProgressMeter -        chr1:15518120             25.0                 22000            880.6
10:54:43.489 INFO  CNNScoreVariants - Finished pass 1 through the variants
10:54:43.489 INFO  CNNScoreVariants - No variants filtered by: AllowAllVariantsVariantFilter
10:54:43.549 INFO  CNNScoreVariants - No reads filtered by: (WellformedReadFilter AND ReadGroupBlackListReadFilter)
10:54:43.549 INFO  ProgressMeter -       chr22:40861389             25.0                 43512           1740.6
10:54:43.549 INFO  ProgressMeter - Traversal complete. Processed 43512 total variants in 25.0 minutes.
10:54:43.549 INFO  CNNScoreVariants - Done scoring variants with CNN.
10:54:43.709 INFO  CNNScoreVariants - Shutting down engine
[October 9, 2021 10:54:43 AM UTC] org.broadinstitute.hellbender.tools.walkers.vqsr.CNNScoreVariants done. Elapsed time: 25.08 minutes.
Runtime.totalMemory()=2076049408
Using GATK jar /gatk/gatk-package-4.1.3.0-local.jar
Running:
    java -Dsamjdk.use_async_io_read_samtools=false -Dsamjdk.use_async_io_write_samtools=true -Dsamjdk.use_async_io_write_tribble=false -Dsamjdk.compression_level=2 -Xmx50G -jar /gatk/gatk-package-4.1.3.0-local.jar CNNScoreVariants -I /fs03/pg32/zarul/results/preprocessing/gatk_applybqsr/PRS075_recal.bam -V /fs03/pg32/zarul/results/single_calling/genotype_gvcf/PRS075.vcf.gz -R /fs03/pg32/zarul/results/GRCh38_full_analysis_set_plus_decoy_hla.fa -O /fs03/pg32/zarul/results/single_calling/cnnscorevariants/PRS075.vcf.gz -tensor-type read_tensor
INFO:    Cleaning up image...
Touching output file /fs03/pg32/zarul/results/single_calling/cnnscorevariants/.temp_PRS075.
[Sat Oct  9 21:54:46 2021]
Finished job 0.
1 of 1 steps (100%) done
