Building DAG of jobs...
Using shell: /bin/bash
Provided cores: 1 (use --cores to define parallelism)
Rules claiming more threads will be scaled down.
Select jobs to execute...

[Sat Oct  9 23:36:08 2021]
rule cnnscorevariants:
    input: /fs03/pg32/zarul/results/single_calling/genotype_gvcf/PRS063.vcf.gz, /fs03/pg32/zarul/results/single_calling/genotype_gvcf/PRS063.vcf.gz.tbi, /fs03/pg32/zarul/results/preprocessing/gatk_applybqsr/PRS063_recal.bam, /fs03/pg32/zarul/results/preprocessing/gatk_applybqsr/PRS063_recal.bai, /fs03/pg32/zarul/results/GRCh38_full_analysis_set_plus_decoy_hla.fa
    output: /fs03/pg32/zarul/results/single_calling/cnnscorevariants/PRS063.vcf.gz, /fs03/pg32/zarul/results/single_calling/cnnscorevariants/PRS063.vcf.gz.tbi, /fs03/pg32/zarul/results/single_calling/cnnscorevariants/.temp_PRS063
    log: /fs03/pg32/zarul/results/log/single_calling/cnnscorevariants/PRS063.log
    jobid: 0
    wildcards: sample=PRS063
    resources: mem_mb=50000, disk_mb=27716, tmpdir=/tmp

Activating singularity image /projects/pg32/WES_preliminary_analyses/.snakemake/singularity/c25fcccac22093779d3bc7c101442daf.simg
INFO:    Converting SIF file to temporary sandbox...
12:36:35.981 INFO  NativeLibraryLoader - Loading libgkl_compression.so from jar:file:/gatk/gatk-package-4.1.3.0-local.jar!/com/intel/gkl/native/libgkl_compression.so
12:36:36.557 INFO  CNNScoreVariants - ------------------------------------------------------------
12:36:36.557 INFO  CNNScoreVariants - The Genome Analysis Toolkit (GATK) v4.1.3.0
12:36:36.557 INFO  CNNScoreVariants - For support and documentation go to https://software.broadinstitute.org/gatk/
12:36:36.557 INFO  CNNScoreVariants - Executing as mzar0002@m3i016 on Linux v3.10.0-1160.11.1.el7.x86_64 amd64
12:36:36.557 INFO  CNNScoreVariants - Java runtime: OpenJDK 64-Bit Server VM v1.8.0_191-8u191-b12-0ubuntu0.16.04.1-b12
12:36:36.557 INFO  CNNScoreVariants - Start Date/Time: October 9, 2021 12:36:35 PM UTC
12:36:36.557 INFO  CNNScoreVariants - ------------------------------------------------------------
12:36:36.557 INFO  CNNScoreVariants - ------------------------------------------------------------
12:36:36.558 INFO  CNNScoreVariants - HTSJDK Version: 2.20.1
12:36:36.558 INFO  CNNScoreVariants - Picard Version: 2.20.5
12:36:36.558 INFO  CNNScoreVariants - HTSJDK Defaults.COMPRESSION_LEVEL : 2
12:36:36.558 INFO  CNNScoreVariants - HTSJDK Defaults.USE_ASYNC_IO_READ_FOR_SAMTOOLS : false
12:36:36.558 INFO  CNNScoreVariants - HTSJDK Defaults.USE_ASYNC_IO_WRITE_FOR_SAMTOOLS : true
12:36:36.558 INFO  CNNScoreVariants - HTSJDK Defaults.USE_ASYNC_IO_WRITE_FOR_TRIBBLE : false
12:36:36.558 INFO  CNNScoreVariants - Deflater: IntelDeflater
12:36:36.558 INFO  CNNScoreVariants - Inflater: IntelInflater
12:36:36.558 INFO  CNNScoreVariants - GCS max retries/reopens: 20
12:36:36.559 INFO  CNNScoreVariants - Requester pays: disabled
12:36:36.559 INFO  CNNScoreVariants - Initializing engine
12:36:37.511 INFO  FeatureManager - Using codec VCFCodec to read file file:///fs03/pg32/zarul/results/single_calling/genotype_gvcf/PRS063.vcf.gz
12:36:37.871 INFO  CNNScoreVariants - Done initializing engine
12:36:37.872 INFO  NativeLibraryLoader - Loading libgkl_utils.so from jar:file:/gatk/gatk-package-4.1.3.0-local.jar!/com/intel/gkl/native/libgkl_utils.so
12:36:40.243 INFO  CNNScoreVariants - Using key:CNN_2D for CNN architecture:/tmp/small_2d.2155870917510604842.json and weights:/tmp/small_2d.6908236332924181346.hd5
12:36:40.997 INFO  ProgressMeter - Starting traversal
12:36:40.998 INFO  ProgressMeter -        Current Locus  Elapsed Minutes    Variants Processed  Variants/Minute
12:36:41.001 INFO  CNNScoreVariants - Starting pass 0 through the variants
12:36:52.387 INFO  ProgressMeter -       chr1:109252986              0.2                  1000           5268.7
12:37:28.448 WARN  CNNScoreVariants - No reads at contig:chr1 site:152213341
12:37:28.449 WARN  CNNScoreVariants - No reads at contig:chr1 site:152213347
12:38:11.330 INFO  ProgressMeter -       chr1:237651483              1.5                  2000           1328.4
12:39:26.558 INFO  ProgressMeter -       chr2:171473883              2.8                  3000           1087.2
12:40:38.710 INFO  ProgressMeter -        chr3:53235030              4.0                  4000           1009.6
12:41:51.314 INFO  ProgressMeter -        chr4:26672165              5.2                  5000            966.8
12:43:02.993 INFO  ProgressMeter -        chr5:96901622              6.4                  6000            942.4
12:44:12.856 INFO  ProgressMeter -        chr6:54215170              7.5                  7000            929.5
12:45:25.916 INFO  ProgressMeter -        chr7:92398725              8.7                  8000            914.4
12:46:44.457 INFO  ProgressMeter -        chr8:72075403             10.1                  9000            894.8
12:47:56.423 INFO  ProgressMeter -       chr9:130470839             11.3                 10000            888.3
12:49:10.400 INFO  ProgressMeter -      chr10:122086773             12.5                 11000            880.7
12:50:24.556 INFO  ProgressMeter -       chr11:64805085             13.7                 12000            874.3
12:51:38.580 INFO  ProgressMeter -       chr12:51009122             15.0                 13000            869.0
12:52:51.132 INFO  ProgressMeter -      chr13:111328190             16.2                 14000            865.9
12:54:06.712 INFO  ProgressMeter -       chr15:45152320             17.4                 15000            860.7
12:55:20.749 INFO  ProgressMeter -       chr16:58395117             18.7                 16000            857.3
12:56:35.803 INFO  ProgressMeter -       chr17:41725037             19.9                 17000            853.7
12:57:50.758 INFO  ProgressMeter -        chr19:2217024             21.2                 18000            850.6
12:59:05.881 INFO  ProgressMeter -       chr19:43798914             22.4                 19000            847.7
13:00:21.366 INFO  ProgressMeter -       chr20:45967906             23.7                 20000            844.9
13:01:36.567 INFO  ProgressMeter -         chrX:2738220             24.9                 21000            842.5
13:01:39.918 INFO  CNNScoreVariants - Finished pass 0 through the variants
13:02:32.161 INFO  CNNScoreVariants - Starting pass 1 through the variants
13:02:32.330 INFO  ProgressMeter -        chr1:48242556             25.9                 22000            850.9
13:02:33.289 INFO  CNNScoreVariants - Finished pass 1 through the variants
13:02:33.289 INFO  CNNScoreVariants - No variants filtered by: AllowAllVariantsVariantFilter
13:02:33.291 INFO  CNNScoreVariants - No reads filtered by: (WellformedReadFilter AND ReadGroupBlackListReadFilter)
13:02:33.291 INFO  ProgressMeter -       chr22:32360716             25.9                 42606           1646.8
13:02:33.291 INFO  ProgressMeter - Traversal complete. Processed 42606 total variants in 25.9 minutes.
13:02:33.291 INFO  CNNScoreVariants - Done scoring variants with CNN.
13:02:33.434 INFO  CNNScoreVariants - Shutting down engine
[October 9, 2021 1:02:33 PM UTC] org.broadinstitute.hellbender.tools.walkers.vqsr.CNNScoreVariants done. Elapsed time: 25.96 minutes.
Runtime.totalMemory()=2076049408
Using GATK jar /gatk/gatk-package-4.1.3.0-local.jar
Running:
    java -Dsamjdk.use_async_io_read_samtools=false -Dsamjdk.use_async_io_write_samtools=true -Dsamjdk.use_async_io_write_tribble=false -Dsamjdk.compression_level=2 -Xmx50G -jar /gatk/gatk-package-4.1.3.0-local.jar CNNScoreVariants -I /fs03/pg32/zarul/results/preprocessing/gatk_applybqsr/PRS063_recal.bam -V /fs03/pg32/zarul/results/single_calling/genotype_gvcf/PRS063.vcf.gz -R /fs03/pg32/zarul/results/GRCh38_full_analysis_set_plus_decoy_hla.fa -O /fs03/pg32/zarul/results/single_calling/cnnscorevariants/PRS063.vcf.gz -tensor-type read_tensor
INFO:    Cleaning up image...
Touching output file /fs03/pg32/zarul/results/single_calling/cnnscorevariants/.temp_PRS063.
[Sun Oct 10 00:02:35 2021]
Finished job 0.
1 of 1 steps (100%) done
