Building DAG of jobs...
Using shell: /bin/bash
Provided cores: 1 (use --cores to define parallelism)
Rules claiming more threads will be scaled down.
Select jobs to execute...

[Sat Oct  9 22:10:50 2021]
rule cnnscorevariants:
    input: /fs03/pg32/zarul/results/single_calling/genotype_gvcf/PRS071.vcf.gz, /fs03/pg32/zarul/results/single_calling/genotype_gvcf/PRS071.vcf.gz.tbi, /fs03/pg32/zarul/results/preprocessing/gatk_applybqsr/PRS071_recal.bam, /fs03/pg32/zarul/results/preprocessing/gatk_applybqsr/PRS071_recal.bai, /fs03/pg32/zarul/results/GRCh38_full_analysis_set_plus_decoy_hla.fa
    output: /fs03/pg32/zarul/results/single_calling/cnnscorevariants/PRS071.vcf.gz, /fs03/pg32/zarul/results/single_calling/cnnscorevariants/PRS071.vcf.gz.tbi, /fs03/pg32/zarul/results/single_calling/cnnscorevariants/.temp_PRS071
    log: /fs03/pg32/zarul/results/log/single_calling/cnnscorevariants/PRS071.log
    jobid: 0
    wildcards: sample=PRS071
    resources: mem_mb=50000, disk_mb=26064, tmpdir=/tmp

Activating singularity image /projects/pg32/WES_preliminary_analyses/.snakemake/singularity/c25fcccac22093779d3bc7c101442daf.simg
INFO:    Converting SIF file to temporary sandbox...
11:11:15.870 INFO  NativeLibraryLoader - Loading libgkl_compression.so from jar:file:/gatk/gatk-package-4.1.3.0-local.jar!/com/intel/gkl/native/libgkl_compression.so
11:11:16.395 INFO  CNNScoreVariants - ------------------------------------------------------------
11:11:16.396 INFO  CNNScoreVariants - The Genome Analysis Toolkit (GATK) v4.1.3.0
11:11:16.396 INFO  CNNScoreVariants - For support and documentation go to https://software.broadinstitute.org/gatk/
11:11:16.396 INFO  CNNScoreVariants - Executing as mzar0002@m3j000 on Linux v3.10.0-1160.11.1.el7.x86_64 amd64
11:11:16.396 INFO  CNNScoreVariants - Java runtime: OpenJDK 64-Bit Server VM v1.8.0_191-8u191-b12-0ubuntu0.16.04.1-b12
11:11:16.396 INFO  CNNScoreVariants - Start Date/Time: October 9, 2021 11:11:15 AM UTC
11:11:16.396 INFO  CNNScoreVariants - ------------------------------------------------------------
11:11:16.396 INFO  CNNScoreVariants - ------------------------------------------------------------
11:11:16.397 INFO  CNNScoreVariants - HTSJDK Version: 2.20.1
11:11:16.397 INFO  CNNScoreVariants - Picard Version: 2.20.5
11:11:16.397 INFO  CNNScoreVariants - HTSJDK Defaults.COMPRESSION_LEVEL : 2
11:11:16.397 INFO  CNNScoreVariants - HTSJDK Defaults.USE_ASYNC_IO_READ_FOR_SAMTOOLS : false
11:11:16.397 INFO  CNNScoreVariants - HTSJDK Defaults.USE_ASYNC_IO_WRITE_FOR_SAMTOOLS : true
11:11:16.397 INFO  CNNScoreVariants - HTSJDK Defaults.USE_ASYNC_IO_WRITE_FOR_TRIBBLE : false
11:11:16.397 INFO  CNNScoreVariants - Deflater: IntelDeflater
11:11:16.397 INFO  CNNScoreVariants - Inflater: IntelInflater
11:11:16.397 INFO  CNNScoreVariants - GCS max retries/reopens: 20
11:11:16.397 INFO  CNNScoreVariants - Requester pays: disabled
11:11:16.397 INFO  CNNScoreVariants - Initializing engine
11:11:17.331 INFO  FeatureManager - Using codec VCFCodec to read file file:///fs03/pg32/zarul/results/single_calling/genotype_gvcf/PRS071.vcf.gz
11:11:17.709 INFO  CNNScoreVariants - Done initializing engine
11:11:17.710 INFO  NativeLibraryLoader - Loading libgkl_utils.so from jar:file:/gatk/gatk-package-4.1.3.0-local.jar!/com/intel/gkl/native/libgkl_utils.so
11:11:19.817 INFO  CNNScoreVariants - Using key:CNN_2D for CNN architecture:/tmp/small_2d.9022422260493822786.json and weights:/tmp/small_2d.1794332917539630346.hd5
11:11:20.540 INFO  ProgressMeter - Starting traversal
11:11:20.540 INFO  ProgressMeter -        Current Locus  Elapsed Minutes    Variants Processed  Variants/Minute
11:11:20.544 INFO  CNNScoreVariants - Starting pass 0 through the variants
11:11:31.389 INFO  ProgressMeter -       chr1:109202996              0.2                  1000           5532.0
11:12:57.373 INFO  ProgressMeter -       chr1:228337307              1.6                  2000           1239.3
11:14:15.871 INFO  ProgressMeter -       chr2:149576462              2.9                  3000           1026.6
11:15:33.177 INFO  ProgressMeter -        chr3:45737644              4.2                  4000            950.0
11:16:49.638 INFO  ProgressMeter -         chr4:3316686              5.5                  5000            911.6
11:18:05.804 INFO  ProgressMeter -        chr5:65822910              6.8                  6000            888.3
11:19:19.599 INFO  ProgressMeter -        chr6:37381257              8.0                  7000            876.7
11:20:37.346 INFO  ProgressMeter -        chr7:48275201              9.3                  8000            862.1
11:21:59.757 INFO  ProgressMeter -        chr8:12137975             10.7                  9000            844.8
11:23:20.760 INFO  ProgressMeter -       chr9:101670953             12.0                 10000            833.1
11:24:38.851 INFO  ProgressMeter -       chr10:89306192             13.3                 11000            826.7
11:25:59.643 INFO  ProgressMeter -       chr11:46893047             14.7                 12000            819.0
11:27:19.096 INFO  ProgressMeter -        chr12:6913959             16.0                 13000            813.7
11:28:36.932 INFO  ProgressMeter -       chr13:24845038             17.3                 14000            810.5
11:29:55.904 INFO  ProgressMeter -      chr14:104176004             18.6                 15000            806.9
11:31:18.648 INFO  ProgressMeter -        chr16:3484892             20.0                 16000            801.3
11:32:38.269 INFO  ProgressMeter -       chr17:19810427             21.3                 17000            798.3
11:33:59.179 INFO  ProgressMeter -       chr18:56781547             22.6                 18000            794.9
11:35:19.724 INFO  ProgressMeter -       chr19:22665226             24.0                 19000            792.1
11:36:40.781 INFO  ProgressMeter -       chr19:58338975             25.3                 20000            789.3
11:38:01.309 INFO  ProgressMeter -       chr22:30461386             26.7                 21000            787.1
11:38:06.467 WARN  CNNScoreVariants - No reads at contig:chrX site:57910007
11:38:06.470 WARN  CNNScoreVariants - No reads at contig:chrX site:57910008
11:38:06.496 WARN  CNNScoreVariants - No reads at contig:chrX site:57910015
11:38:06.499 WARN  CNNScoreVariants - No reads at contig:chrX site:57910016
11:38:06.502 WARN  CNNScoreVariants - No reads at contig:chrX site:57910019
11:38:44.204 INFO  CNNScoreVariants - Finished pass 0 through the variants
11:39:31.771 INFO  CNNScoreVariants - Starting pass 1 through the variants
11:39:31.865 INFO  ProgressMeter -        chr1:17697195             28.2                 22000            780.5
11:39:33.121 INFO  CNNScoreVariants - Finished pass 1 through the variants
11:39:33.121 INFO  CNNScoreVariants - No variants filtered by: AllowAllVariantsVariantFilter
11:39:33.123 INFO  CNNScoreVariants - No reads filtered by: (WellformedReadFilter AND ReadGroupBlackListReadFilter)
11:39:33.123 INFO  ProgressMeter -       chr22:50626933             28.2                 43386           1538.0
11:39:33.123 INFO  ProgressMeter - Traversal complete. Processed 43386 total variants in 28.2 minutes.
11:39:33.123 INFO  CNNScoreVariants - Done scoring variants with CNN.
11:39:33.270 INFO  CNNScoreVariants - Shutting down engine
[October 9, 2021 11:39:33 AM UTC] org.broadinstitute.hellbender.tools.walkers.vqsr.CNNScoreVariants done. Elapsed time: 28.29 minutes.
Runtime.totalMemory()=2076049408
Using GATK jar /gatk/gatk-package-4.1.3.0-local.jar
Running:
    java -Dsamjdk.use_async_io_read_samtools=false -Dsamjdk.use_async_io_write_samtools=true -Dsamjdk.use_async_io_write_tribble=false -Dsamjdk.compression_level=2 -Xmx50G -jar /gatk/gatk-package-4.1.3.0-local.jar CNNScoreVariants -I /fs03/pg32/zarul/results/preprocessing/gatk_applybqsr/PRS071_recal.bam -V /fs03/pg32/zarul/results/single_calling/genotype_gvcf/PRS071.vcf.gz -R /fs03/pg32/zarul/results/GRCh38_full_analysis_set_plus_decoy_hla.fa -O /fs03/pg32/zarul/results/single_calling/cnnscorevariants/PRS071.vcf.gz -tensor-type read_tensor
INFO:    Cleaning up image...
Touching output file /fs03/pg32/zarul/results/single_calling/cnnscorevariants/.temp_PRS071.
[Sat Oct  9 22:39:36 2021]
Finished job 0.
1 of 1 steps (100%) done
