Building DAG of jobs...
Using shell: /bin/bash
Provided cores: 1 (use --cores to define parallelism)
Rules claiming more threads will be scaled down.
Select jobs to execute...

[Sun Oct 10 00:19:53 2021]
rule cnnscorevariants:
    input: /fs03/pg32/zarul/results/single_calling/genotype_gvcf/PRS024.vcf.gz, /fs03/pg32/zarul/results/single_calling/genotype_gvcf/PRS024.vcf.gz.tbi, /fs03/pg32/zarul/results/preprocessing/gatk_applybqsr/PRS024_recal.bam, /fs03/pg32/zarul/results/preprocessing/gatk_applybqsr/PRS024_recal.bai, /fs03/pg32/zarul/results/GRCh38_full_analysis_set_plus_decoy_hla.fa
    output: /fs03/pg32/zarul/results/single_calling/cnnscorevariants/PRS024.vcf.gz, /fs03/pg32/zarul/results/single_calling/cnnscorevariants/PRS024.vcf.gz.tbi, /fs03/pg32/zarul/results/single_calling/cnnscorevariants/.temp_PRS024
    log: /fs03/pg32/zarul/results/log/single_calling/cnnscorevariants/PRS024.log
    jobid: 0
    wildcards: sample=PRS024
    resources: mem_mb=50000, disk_mb=24696, tmpdir=/tmp

Activating singularity image /projects/pg32/WES_preliminary_analyses/.snakemake/singularity/c25fcccac22093779d3bc7c101442daf.simg
INFO:    Converting SIF file to temporary sandbox...
13:20:18.618 INFO  NativeLibraryLoader - Loading libgkl_compression.so from jar:file:/gatk/gatk-package-4.1.3.0-local.jar!/com/intel/gkl/native/libgkl_compression.so
13:20:19.077 INFO  CNNScoreVariants - ------------------------------------------------------------
13:20:19.078 INFO  CNNScoreVariants - The Genome Analysis Toolkit (GATK) v4.1.3.0
13:20:19.078 INFO  CNNScoreVariants - For support and documentation go to https://software.broadinstitute.org/gatk/
13:20:19.078 INFO  CNNScoreVariants - Executing as mzar0002@m3j008 on Linux v3.10.0-1160.11.1.el7.x86_64 amd64
13:20:19.078 INFO  CNNScoreVariants - Java runtime: OpenJDK 64-Bit Server VM v1.8.0_191-8u191-b12-0ubuntu0.16.04.1-b12
13:20:19.078 INFO  CNNScoreVariants - Start Date/Time: October 9, 2021 1:20:18 PM UTC
13:20:19.078 INFO  CNNScoreVariants - ------------------------------------------------------------
13:20:19.078 INFO  CNNScoreVariants - ------------------------------------------------------------
13:20:19.079 INFO  CNNScoreVariants - HTSJDK Version: 2.20.1
13:20:19.079 INFO  CNNScoreVariants - Picard Version: 2.20.5
13:20:19.079 INFO  CNNScoreVariants - HTSJDK Defaults.COMPRESSION_LEVEL : 2
13:20:19.079 INFO  CNNScoreVariants - HTSJDK Defaults.USE_ASYNC_IO_READ_FOR_SAMTOOLS : false
13:20:19.079 INFO  CNNScoreVariants - HTSJDK Defaults.USE_ASYNC_IO_WRITE_FOR_SAMTOOLS : true
13:20:19.079 INFO  CNNScoreVariants - HTSJDK Defaults.USE_ASYNC_IO_WRITE_FOR_TRIBBLE : false
13:20:19.079 INFO  CNNScoreVariants - Deflater: IntelDeflater
13:20:19.079 INFO  CNNScoreVariants - Inflater: IntelInflater
13:20:19.079 INFO  CNNScoreVariants - GCS max retries/reopens: 20
13:20:19.079 INFO  CNNScoreVariants - Requester pays: disabled
13:20:19.079 INFO  CNNScoreVariants - Initializing engine
13:20:19.907 INFO  FeatureManager - Using codec VCFCodec to read file file:///fs03/pg32/zarul/results/single_calling/genotype_gvcf/PRS024.vcf.gz
13:20:20.222 INFO  CNNScoreVariants - Done initializing engine
13:20:20.223 INFO  NativeLibraryLoader - Loading libgkl_utils.so from jar:file:/gatk/gatk-package-4.1.3.0-local.jar!/com/intel/gkl/native/libgkl_utils.so
13:20:22.335 INFO  CNNScoreVariants - Using key:CNN_2D for CNN architecture:/tmp/small_2d.338855648469852835.json and weights:/tmp/small_2d.8905962031569988884.hd5
13:20:23.044 INFO  ProgressMeter - Starting traversal
13:20:23.044 INFO  ProgressMeter -        Current Locus  Elapsed Minutes    Variants Processed  Variants/Minute
13:20:23.048 INFO  CNNScoreVariants - Starting pass 0 through the variants
13:21:45.480 INFO  ProgressMeter -       chr1:228338964              1.4                  2000           1456.3
13:22:57.596 INFO  ProgressMeter -       chr2:159382601              2.6                  3000           1164.7
13:24:05.862 INFO  ProgressMeter -        chr3:47121171              3.7                  4000           1077.1
13:25:15.579 INFO  ProgressMeter -         chr4:8236424              4.9                  5000           1025.5
13:26:26.090 INFO  ProgressMeter -        chr5:80559007              6.1                  6000            991.6
13:27:33.484 INFO  ProgressMeter -        chr6:65295995              7.2                  7000            975.7
13:28:42.996 INFO  ProgressMeter -        chr7:95316772              8.3                  8000            960.1
13:29:56.896 INFO  ProgressMeter -       chr8:109394468              9.6                  9000            941.0
13:31:02.807 INFO  ProgressMeter -       chr9:136762254             10.7                 10000            937.8
13:32:10.426 INFO  ProgressMeter -         chr11:314207             11.8                 11000            933.0
13:33:20.090 INFO  ProgressMeter -       chr11:89710640             13.0                 12000            926.6
13:34:28.704 INFO  ProgressMeter -       chr12:89350996             14.1                 13000            922.4
13:35:35.767 INFO  ProgressMeter -       chr14:39348941             15.2                 14000            920.3
13:36:44.487 INFO  ProgressMeter -       chr15:83870867             16.4                 15000            917.0
13:37:53.806 INFO  ProgressMeter -        chr17:2299873             17.5                 16000            913.6
13:39:02.748 INFO  ProgressMeter -       chr17:78803816             18.7                 17000            911.0
13:40:10.926 INFO  ProgressMeter -       chr19:12076107             19.8                 18000            909.2
13:41:19.896 INFO  ProgressMeter -       chr19:55482509             20.9                 19000            907.0
13:42:28.659 INFO  ProgressMeter -       chr22:20859128             22.1                 20000            905.2
13:43:05.529 INFO  CNNScoreVariants - Finished pass 0 through the variants
13:43:49.663 INFO  CNNScoreVariants - Starting pass 1 through the variants
13:43:49.762 INFO  ProgressMeter -        chr1:16938425             23.4                 21000            895.7
13:43:50.580 INFO  CNNScoreVariants - Finished pass 1 through the variants
13:43:50.580 INFO  CNNScoreVariants - No variants filtered by: AllowAllVariantsVariantFilter
13:43:50.658 INFO  CNNScoreVariants - No reads filtered by: (WellformedReadFilter AND ReadGroupBlackListReadFilter)
13:43:50.658 INFO  ProgressMeter -       chr22:43210137             23.5                 41438           1766.3
13:43:50.658 INFO  ProgressMeter - Traversal complete. Processed 41438 total variants in 23.5 minutes.
13:43:50.658 INFO  CNNScoreVariants - Done scoring variants with CNN.
13:43:50.795 INFO  CNNScoreVariants - Shutting down engine
[October 9, 2021 1:43:50 PM UTC] org.broadinstitute.hellbender.tools.walkers.vqsr.CNNScoreVariants done. Elapsed time: 23.54 minutes.
Runtime.totalMemory()=2076049408
Using GATK jar /gatk/gatk-package-4.1.3.0-local.jar
Running:
    java -Dsamjdk.use_async_io_read_samtools=false -Dsamjdk.use_async_io_write_samtools=true -Dsamjdk.use_async_io_write_tribble=false -Dsamjdk.compression_level=2 -Xmx50G -jar /gatk/gatk-package-4.1.3.0-local.jar CNNScoreVariants -I /fs03/pg32/zarul/results/preprocessing/gatk_applybqsr/PRS024_recal.bam -V /fs03/pg32/zarul/results/single_calling/genotype_gvcf/PRS024.vcf.gz -R /fs03/pg32/zarul/results/GRCh38_full_analysis_set_plus_decoy_hla.fa -O /fs03/pg32/zarul/results/single_calling/cnnscorevariants/PRS024.vcf.gz -tensor-type read_tensor
INFO:    Cleaning up image...
Touching output file /fs03/pg32/zarul/results/single_calling/cnnscorevariants/.temp_PRS024.
[Sun Oct 10 00:43:54 2021]
Finished job 0.
1 of 1 steps (100%) done
