Building DAG of jobs...
Using shell: /bin/bash
Provided cores: 1 (use --cores to define parallelism)
Rules claiming more threads will be scaled down.
Select jobs to execute...

[Sat Oct  9 23:28:30 2021]
rule cnnscorevariants:
    input: /fs03/pg32/zarul/results/single_calling/genotype_gvcf/JH19007.vcf.gz, /fs03/pg32/zarul/results/single_calling/genotype_gvcf/JH19007.vcf.gz.tbi, /fs03/pg32/zarul/results/preprocessing/gatk_applybqsr/JH19007_recal.bam, /fs03/pg32/zarul/results/preprocessing/gatk_applybqsr/JH19007_recal.bai, /fs03/pg32/zarul/results/GRCh38_full_analysis_set_plus_decoy_hla.fa
    output: /fs03/pg32/zarul/results/single_calling/cnnscorevariants/JH19007.vcf.gz, /fs03/pg32/zarul/results/single_calling/cnnscorevariants/JH19007.vcf.gz.tbi, /fs03/pg32/zarul/results/single_calling/cnnscorevariants/.temp_JH19007
    log: /fs03/pg32/zarul/results/log/single_calling/cnnscorevariants/JH19007.log
    jobid: 0
    wildcards: sample=JH19007
    resources: mem_mb=50000, disk_mb=27249, tmpdir=/tmp

Activating singularity image /projects/pg32/WES_preliminary_analyses/.snakemake/singularity/c25fcccac22093779d3bc7c101442daf.simg
INFO:    Converting SIF file to temporary sandbox...
12:29:00.247 INFO  NativeLibraryLoader - Loading libgkl_compression.so from jar:file:/gatk/gatk-package-4.1.3.0-local.jar!/com/intel/gkl/native/libgkl_compression.so
12:29:01.040 INFO  CNNScoreVariants - ------------------------------------------------------------
12:29:01.040 INFO  CNNScoreVariants - The Genome Analysis Toolkit (GATK) v4.1.3.0
12:29:01.040 INFO  CNNScoreVariants - For support and documentation go to https://software.broadinstitute.org/gatk/
12:29:01.041 INFO  CNNScoreVariants - Executing as mzar0002@m3i005 on Linux v3.10.0-1160.11.1.el7.x86_64 amd64
12:29:01.041 INFO  CNNScoreVariants - Java runtime: OpenJDK 64-Bit Server VM v1.8.0_191-8u191-b12-0ubuntu0.16.04.1-b12
12:29:01.041 INFO  CNNScoreVariants - Start Date/Time: October 9, 2021 12:29:00 PM UTC
12:29:01.041 INFO  CNNScoreVariants - ------------------------------------------------------------
12:29:01.041 INFO  CNNScoreVariants - ------------------------------------------------------------
12:29:01.042 INFO  CNNScoreVariants - HTSJDK Version: 2.20.1
12:29:01.042 INFO  CNNScoreVariants - Picard Version: 2.20.5
12:29:01.042 INFO  CNNScoreVariants - HTSJDK Defaults.COMPRESSION_LEVEL : 2
12:29:01.042 INFO  CNNScoreVariants - HTSJDK Defaults.USE_ASYNC_IO_READ_FOR_SAMTOOLS : false
12:29:01.042 INFO  CNNScoreVariants - HTSJDK Defaults.USE_ASYNC_IO_WRITE_FOR_SAMTOOLS : true
12:29:01.042 INFO  CNNScoreVariants - HTSJDK Defaults.USE_ASYNC_IO_WRITE_FOR_TRIBBLE : false
12:29:01.043 INFO  CNNScoreVariants - Deflater: IntelDeflater
12:29:01.043 INFO  CNNScoreVariants - Inflater: IntelInflater
12:29:01.043 INFO  CNNScoreVariants - GCS max retries/reopens: 20
12:29:01.043 INFO  CNNScoreVariants - Requester pays: disabled
12:29:01.043 INFO  CNNScoreVariants - Initializing engine
12:29:02.047 INFO  FeatureManager - Using codec VCFCodec to read file file:///fs03/pg32/zarul/results/single_calling/genotype_gvcf/JH19007.vcf.gz
12:29:02.543 INFO  CNNScoreVariants - Done initializing engine
12:29:02.545 INFO  NativeLibraryLoader - Loading libgkl_utils.so from jar:file:/gatk/gatk-package-4.1.3.0-local.jar!/com/intel/gkl/native/libgkl_utils.so
12:29:05.366 INFO  CNNScoreVariants - Using key:CNN_2D for CNN architecture:/tmp/small_2d.7990985199996188321.json and weights:/tmp/small_2d.7290891942743901203.hd5
12:29:06.284 INFO  ProgressMeter - Starting traversal
12:29:06.285 INFO  ProgressMeter -        Current Locus  Elapsed Minutes    Variants Processed  Variants/Minute
12:29:06.290 INFO  CNNScoreVariants - Starting pass 0 through the variants
12:29:19.322 INFO  ProgressMeter -       chr1:102940336              0.2                  1000           4603.3
12:30:48.769 INFO  ProgressMeter -       chr1:228425137              1.7                  2000           1170.9
12:32:13.797 INFO  ProgressMeter -       chr2:152549080              3.1                  3000            959.9
12:33:36.321 INFO  ProgressMeter -        chr3:48295179              4.5                  4000            888.8
12:35:01.181 INFO  ProgressMeter -        chr4:37960565              5.9                  5000            845.3
12:36:24.002 INFO  ProgressMeter -       chr5:113043592              7.3                  6000            822.4
12:37:43.658 INFO  ProgressMeter -        chr6:77923113              8.6                  7000            811.8
12:39:06.831 INFO  ProgressMeter -        chr7:99450355             10.0                  8000            799.3
12:40:35.071 INFO  ProgressMeter -        chr8:71299060             11.5                  9000            784.0
12:41:58.430 INFO  ProgressMeter -       chr9:129875433             12.9                 10000            777.1
12:43:22.248 INFO  ProgressMeter -      chr10:122572351             14.3                 11000            771.1
12:44:47.230 INFO  ProgressMeter -       chr11:67066781             15.7                 12000            765.2
12:46:10.575 INFO  ProgressMeter -       chr12:55492510             17.1                 13000            761.5
12:47:29.734 INFO  ProgressMeter -       chr14:20770159             18.4                 14000            761.2
12:48:52.978 INFO  ProgressMeter -       chr15:68307676             19.8                 15000            758.4
12:50:13.591 INFO  ProgressMeter -       chr16:76498686             21.1                 16000            757.5
12:51:34.768 INFO  ProgressMeter -       chr17:50521424             22.5                 17000            756.4
12:52:54.670 INFO  ProgressMeter -        chr19:4493711             23.8                 18000            756.1
12:54:16.494 INFO  ProgressMeter -       chr19:46787917             25.2                 19000            754.9
12:55:38.631 INFO  ProgressMeter -       chr21:30592597             26.5                 20000            753.6
12:56:59.639 INFO  ProgressMeter -       chrX:126165484             27.9                 21000            753.0
12:57:01.210 INFO  CNNScoreVariants - Finished pass 0 through the variants
12:57:48.886 INFO  CNNScoreVariants - Starting pass 1 through the variants
12:57:49.081 INFO  ProgressMeter -        chr1:84401927             28.7                 22000            766.2
12:57:49.926 INFO  CNNScoreVariants - Finished pass 1 through the variants
12:57:49.927 INFO  CNNScoreVariants - No variants filtered by: AllowAllVariantsVariantFilter
12:57:49.929 INFO  CNNScoreVariants - No reads filtered by: (WellformedReadFilter AND ReadGroupBlackListReadFilter)
12:57:49.930 INFO  ProgressMeter -        chrX:64191301             28.7                 42234           1470.2
12:57:49.930 INFO  ProgressMeter - Traversal complete. Processed 42234 total variants in 28.7 minutes.
12:57:49.930 INFO  CNNScoreVariants - Done scoring variants with CNN.
12:57:50.098 INFO  CNNScoreVariants - Shutting down engine
[October 9, 2021 12:57:50 PM UTC] org.broadinstitute.hellbender.tools.walkers.vqsr.CNNScoreVariants done. Elapsed time: 28.83 minutes.
Runtime.totalMemory()=2076049408
Using GATK jar /gatk/gatk-package-4.1.3.0-local.jar
Running:
    java -Dsamjdk.use_async_io_read_samtools=false -Dsamjdk.use_async_io_write_samtools=true -Dsamjdk.use_async_io_write_tribble=false -Dsamjdk.compression_level=2 -Xmx50G -jar /gatk/gatk-package-4.1.3.0-local.jar CNNScoreVariants -I /fs03/pg32/zarul/results/preprocessing/gatk_applybqsr/JH19007_recal.bam -V /fs03/pg32/zarul/results/single_calling/genotype_gvcf/JH19007.vcf.gz -R /fs03/pg32/zarul/results/GRCh38_full_analysis_set_plus_decoy_hla.fa -O /fs03/pg32/zarul/results/single_calling/cnnscorevariants/JH19007.vcf.gz -tensor-type read_tensor
INFO:    Cleaning up image...
Touching output file /fs03/pg32/zarul/results/single_calling/cnnscorevariants/.temp_JH19007.
[Sat Oct  9 23:57:53 2021]
Finished job 0.
1 of 1 steps (100%) done
