Building DAG of jobs...
Using shell: /bin/bash
Provided cores: 1 (use --cores to define parallelism)
Rules claiming more threads will be scaled down.
Select jobs to execute...

[Sun Oct 10 01:13:43 2021]
rule cnnscorevariants:
    input: /fs03/pg32/zarul/results/single_calling/genotype_gvcf/JH19008.vcf.gz, /fs03/pg32/zarul/results/single_calling/genotype_gvcf/JH19008.vcf.gz.tbi, /fs03/pg32/zarul/results/preprocessing/gatk_applybqsr/JH19008_recal.bam, /fs03/pg32/zarul/results/preprocessing/gatk_applybqsr/JH19008_recal.bai, /fs03/pg32/zarul/results/GRCh38_full_analysis_set_plus_decoy_hla.fa
    output: /fs03/pg32/zarul/results/single_calling/cnnscorevariants/JH19008.vcf.gz, /fs03/pg32/zarul/results/single_calling/cnnscorevariants/JH19008.vcf.gz.tbi, /fs03/pg32/zarul/results/single_calling/cnnscorevariants/.temp_JH19008
    log: /fs03/pg32/zarul/results/log/single_calling/cnnscorevariants/JH19008.log
    jobid: 0
    wildcards: sample=JH19008
    resources: mem_mb=50000, disk_mb=33117, tmpdir=/tmp

Activating singularity image /projects/pg32/WES_preliminary_analyses/.snakemake/singularity/c25fcccac22093779d3bc7c101442daf.simg
INFO:    Converting SIF file to temporary sandbox...
14:14:08.732 INFO  NativeLibraryLoader - Loading libgkl_compression.so from jar:file:/gatk/gatk-package-4.1.3.0-local.jar!/com/intel/gkl/native/libgkl_compression.so
14:14:09.226 INFO  CNNScoreVariants - ------------------------------------------------------------
14:14:09.226 INFO  CNNScoreVariants - The Genome Analysis Toolkit (GATK) v4.1.3.0
14:14:09.226 INFO  CNNScoreVariants - For support and documentation go to https://software.broadinstitute.org/gatk/
14:14:09.227 INFO  CNNScoreVariants - Executing as mzar0002@m3j008 on Linux v3.10.0-1160.11.1.el7.x86_64 amd64
14:14:09.227 INFO  CNNScoreVariants - Java runtime: OpenJDK 64-Bit Server VM v1.8.0_191-8u191-b12-0ubuntu0.16.04.1-b12
14:14:09.227 INFO  CNNScoreVariants - Start Date/Time: October 9, 2021 2:14:08 PM UTC
14:14:09.227 INFO  CNNScoreVariants - ------------------------------------------------------------
14:14:09.227 INFO  CNNScoreVariants - ------------------------------------------------------------
14:14:09.227 INFO  CNNScoreVariants - HTSJDK Version: 2.20.1
14:14:09.228 INFO  CNNScoreVariants - Picard Version: 2.20.5
14:14:09.228 INFO  CNNScoreVariants - HTSJDK Defaults.COMPRESSION_LEVEL : 2
14:14:09.228 INFO  CNNScoreVariants - HTSJDK Defaults.USE_ASYNC_IO_READ_FOR_SAMTOOLS : false
14:14:09.228 INFO  CNNScoreVariants - HTSJDK Defaults.USE_ASYNC_IO_WRITE_FOR_SAMTOOLS : true
14:14:09.228 INFO  CNNScoreVariants - HTSJDK Defaults.USE_ASYNC_IO_WRITE_FOR_TRIBBLE : false
14:14:09.228 INFO  CNNScoreVariants - Deflater: IntelDeflater
14:14:09.228 INFO  CNNScoreVariants - Inflater: IntelInflater
14:14:09.228 INFO  CNNScoreVariants - GCS max retries/reopens: 20
14:14:09.228 INFO  CNNScoreVariants - Requester pays: disabled
14:14:09.228 INFO  CNNScoreVariants - Initializing engine
14:14:10.104 INFO  FeatureManager - Using codec VCFCodec to read file file:///fs03/pg32/zarul/results/single_calling/genotype_gvcf/JH19008.vcf.gz
14:14:10.409 INFO  CNNScoreVariants - Done initializing engine
14:14:10.409 INFO  NativeLibraryLoader - Loading libgkl_utils.so from jar:file:/gatk/gatk-package-4.1.3.0-local.jar!/com/intel/gkl/native/libgkl_utils.so
14:14:12.659 INFO  CNNScoreVariants - Using key:CNN_2D for CNN architecture:/tmp/small_2d.2542578633112903792.json and weights:/tmp/small_2d.8383386748930347598.hd5
14:14:13.388 INFO  ProgressMeter - Starting traversal
14:14:13.388 INFO  ProgressMeter -        Current Locus  Elapsed Minutes    Variants Processed  Variants/Minute
14:14:13.393 INFO  CNNScoreVariants - Starting pass 0 through the variants
14:14:24.650 INFO  ProgressMeter -        chr1:86580213              0.2                  1000           5328.1
14:15:43.700 INFO  ProgressMeter -       chr1:207621975              1.5                  2000           1328.7
14:16:59.507 INFO  ProgressMeter -       chr2:111794096              2.8                  3000           1083.6
14:18:11.498 INFO  ProgressMeter -        chr3:20001342              4.0                  4000           1007.9
14:19:23.999 INFO  ProgressMeter -       chr3:193491389              5.2                  5000            965.8
14:20:36.606 INFO  ProgressMeter -        chr5:32087696              6.4                  6000            939.4
14:21:47.165 INFO  ProgressMeter -        chr6:36721253              7.6                  7000            925.6
14:22:59.297 INFO  ProgressMeter -        chr7:51029277              8.8                  8000            912.7
14:24:19.497 INFO  ProgressMeter -        chr8:12185412             10.1                  9000            890.9
14:25:32.228 INFO  ProgressMeter -        chr9:94318545             11.3                 10000            883.9
14:26:44.045 INFO  ProgressMeter -       chr10:84222423             12.5                 11000            879.2
14:27:56.844 INFO  ProgressMeter -       chr11:32435016             13.7                 12000            874.4
14:29:10.321 INFO  ProgressMeter -        chr12:6522003             14.9                 13000            869.6
14:30:22.739 INFO  ProgressMeter -       chr13:21176399             16.2                 14000            866.6
14:31:34.416 INFO  ProgressMeter -      chr14:104157818             17.4                 15000            864.5
14:32:52.542 INFO  ProgressMeter -        chr16:4702133             18.7                 16000            857.8
14:34:06.599 INFO  ProgressMeter -       chr17:15312343             19.9                 17000            854.8
14:35:20.705 INFO  ProgressMeter -       chr18:23784067             21.1                 18000            852.2
14:36:33.984 INFO  ProgressMeter -       chr19:22314423             22.3                 19000            850.4
14:37:49.349 INFO  ProgressMeter -         chr20:259295             23.6                 20000            847.5
14:39:03.297 INFO  ProgressMeter -       chr22:30461386             24.8                 21000            845.7
14:39:43.992 INFO  CNNScoreVariants - Finished pass 0 through the variants
14:40:33.380 INFO  CNNScoreVariants - Starting pass 1 through the variants
14:40:33.463 INFO  ProgressMeter -        chr1:12859768             26.3                 22000            835.4
14:40:34.360 INFO  CNNScoreVariants - Finished pass 1 through the variants
14:40:34.361 INFO  CNNScoreVariants - No variants filtered by: AllowAllVariantsVariantFilter
14:40:34.420 INFO  CNNScoreVariants - No reads filtered by: (WellformedReadFilter AND ReadGroupBlackListReadFilter)
14:40:34.420 INFO  ProgressMeter -       chr22:50064062             26.4                 43496           1650.7
14:40:34.420 INFO  ProgressMeter - Traversal complete. Processed 43496 total variants in 26.4 minutes.
14:40:34.420 INFO  CNNScoreVariants - Done scoring variants with CNN.
14:40:34.568 INFO  CNNScoreVariants - Shutting down engine
[October 9, 2021 2:40:34 PM UTC] org.broadinstitute.hellbender.tools.walkers.vqsr.CNNScoreVariants done. Elapsed time: 26.43 minutes.
Runtime.totalMemory()=2076049408
Using GATK jar /gatk/gatk-package-4.1.3.0-local.jar
Running:
    java -Dsamjdk.use_async_io_read_samtools=false -Dsamjdk.use_async_io_write_samtools=true -Dsamjdk.use_async_io_write_tribble=false -Dsamjdk.compression_level=2 -Xmx50G -jar /gatk/gatk-package-4.1.3.0-local.jar CNNScoreVariants -I /fs03/pg32/zarul/results/preprocessing/gatk_applybqsr/JH19008_recal.bam -V /fs03/pg32/zarul/results/single_calling/genotype_gvcf/JH19008.vcf.gz -R /fs03/pg32/zarul/results/GRCh38_full_analysis_set_plus_decoy_hla.fa -O /fs03/pg32/zarul/results/single_calling/cnnscorevariants/JH19008.vcf.gz -tensor-type read_tensor
INFO:    Cleaning up image...
Touching output file /fs03/pg32/zarul/results/single_calling/cnnscorevariants/.temp_JH19008.
[Sun Oct 10 01:40:37 2021]
Finished job 0.
1 of 1 steps (100%) done
