Building DAG of jobs...
Using shell: /bin/bash
Provided cores: 1 (use --cores to define parallelism)
Rules claiming more threads will be scaled down.
Select jobs to execute...

[Sat Oct  9 21:13:56 2021]
rule cnnscorevariants:
    input: /fs03/pg32/zarul/results/single_calling/genotype_gvcf/JH19017.vcf.gz, /fs03/pg32/zarul/results/single_calling/genotype_gvcf/JH19017.vcf.gz.tbi, /fs03/pg32/zarul/results/preprocessing/gatk_applybqsr/JH19017_recal.bam, /fs03/pg32/zarul/results/preprocessing/gatk_applybqsr/JH19017_recal.bai, /fs03/pg32/zarul/results/GRCh38_full_analysis_set_plus_decoy_hla.fa
    output: /fs03/pg32/zarul/results/single_calling/cnnscorevariants/JH19017.vcf.gz, /fs03/pg32/zarul/results/single_calling/cnnscorevariants/JH19017.vcf.gz.tbi, /fs03/pg32/zarul/results/single_calling/cnnscorevariants/.temp_JH19017
    log: /fs03/pg32/zarul/results/log/single_calling/cnnscorevariants/JH19017.log
    jobid: 0
    wildcards: sample=JH19017
    resources: mem_mb=50000, disk_mb=27029, tmpdir=/tmp

Activating singularity image /projects/pg32/WES_preliminary_analyses/.snakemake/singularity/c25fcccac22093779d3bc7c101442daf.simg
INFO:    Converting SIF file to temporary sandbox...
10:14:24.195 INFO  NativeLibraryLoader - Loading libgkl_compression.so from jar:file:/gatk/gatk-package-4.1.3.0-local.jar!/com/intel/gkl/native/libgkl_compression.so
10:14:24.702 INFO  CNNScoreVariants - ------------------------------------------------------------
10:14:24.703 INFO  CNNScoreVariants - The Genome Analysis Toolkit (GATK) v4.1.3.0
10:14:24.703 INFO  CNNScoreVariants - For support and documentation go to https://software.broadinstitute.org/gatk/
10:14:24.703 INFO  CNNScoreVariants - Executing as mzar0002@m3h011 on Linux v3.10.0-1160.11.1.el7.x86_64 amd64
10:14:24.703 INFO  CNNScoreVariants - Java runtime: OpenJDK 64-Bit Server VM v1.8.0_191-8u191-b12-0ubuntu0.16.04.1-b12
10:14:24.703 INFO  CNNScoreVariants - Start Date/Time: October 9, 2021 10:14:24 AM UTC
10:14:24.703 INFO  CNNScoreVariants - ------------------------------------------------------------
10:14:24.703 INFO  CNNScoreVariants - ------------------------------------------------------------
10:14:24.704 INFO  CNNScoreVariants - HTSJDK Version: 2.20.1
10:14:24.704 INFO  CNNScoreVariants - Picard Version: 2.20.5
10:14:24.704 INFO  CNNScoreVariants - HTSJDK Defaults.COMPRESSION_LEVEL : 2
10:14:24.704 INFO  CNNScoreVariants - HTSJDK Defaults.USE_ASYNC_IO_READ_FOR_SAMTOOLS : false
10:14:24.704 INFO  CNNScoreVariants - HTSJDK Defaults.USE_ASYNC_IO_WRITE_FOR_SAMTOOLS : true
10:14:24.704 INFO  CNNScoreVariants - HTSJDK Defaults.USE_ASYNC_IO_WRITE_FOR_TRIBBLE : false
10:14:24.704 INFO  CNNScoreVariants - Deflater: IntelDeflater
10:14:24.704 INFO  CNNScoreVariants - Inflater: IntelInflater
10:14:24.704 INFO  CNNScoreVariants - GCS max retries/reopens: 20
10:14:24.704 INFO  CNNScoreVariants - Requester pays: disabled
10:14:24.704 INFO  CNNScoreVariants - Initializing engine
10:14:25.684 INFO  FeatureManager - Using codec VCFCodec to read file file:///fs03/pg32/zarul/results/single_calling/genotype_gvcf/JH19017.vcf.gz
10:14:26.013 INFO  CNNScoreVariants - Done initializing engine
10:14:26.039 INFO  NativeLibraryLoader - Loading libgkl_utils.so from jar:file:/gatk/gatk-package-4.1.3.0-local.jar!/com/intel/gkl/native/libgkl_utils.so
10:14:28.248 INFO  CNNScoreVariants - Using key:CNN_2D for CNN architecture:/tmp/small_2d.1161137768253409462.json and weights:/tmp/small_2d.421296389876587420.hd5
10:14:29.040 INFO  ProgressMeter - Starting traversal
10:14:29.040 INFO  ProgressMeter -        Current Locus  Elapsed Minutes    Variants Processed  Variants/Minute
10:14:29.044 INFO  CNNScoreVariants - Starting pass 0 through the variants
10:14:40.104 INFO  ProgressMeter -        chr1:94042876              0.2                  1000           5423.5
10:16:29.032 INFO  ProgressMeter -       chr1:214642881              2.0                  2000           1000.1
10:18:15.234 INFO  ProgressMeter -       chr2:130142231              3.8                  3000            795.8
10:20:00.267 INFO  ProgressMeter -        chr3:40244526              5.5                  4000            724.6
10:21:43.818 INFO  ProgressMeter -         chr4:2824673              7.2                  5000            690.0
10:23:28.600 INFO  ProgressMeter -        chr5:41176518              9.0                  6000            667.2
10:25:09.501 INFO  ProgressMeter -        chr6:26033278             10.7                  7000            655.8
10:26:55.773 INFO  ProgressMeter -        chr7:31642987             12.4                  8000            642.8
10:28:49.237 INFO  ProgressMeter -       chr7:158735563             14.3                  9000            627.8
10:30:37.160 INFO  ProgressMeter -        chr9:65681594             16.1                 10000            619.8
10:32:21.859 INFO  ProgressMeter -       chr10:68189087             17.9                 11000            615.2
10:34:08.856 INFO  ProgressMeter -       chr11:14789216             19.7                 12000            610.3
10:35:57.393 INFO  ProgressMeter -      chr11:124038943             21.5                 13000            605.4
10:37:45.566 INFO  ProgressMeter -      chr12:121004396             23.3                 14000            601.5
10:39:33.814 INFO  ProgressMeter -       chr14:75107384             25.1                 15000            598.1
10:41:26.526 INFO  ProgressMeter -       chr15:99113595             27.0                 16000            593.5
10:43:14.872 INFO  ProgressMeter -        chr17:3449037             28.8                 17000            591.0
10:45:04.389 INFO  ProgressMeter -       chr17:78802466             30.6                 18000            588.4
10:46:50.921 INFO  ProgressMeter -       chr19:14518338             32.4                 19000            587.1
10:48:40.144 INFO  ProgressMeter -       chr19:55773062             34.2                 20000            585.1
10:50:28.464 INFO  ProgressMeter -       chr22:18608162             36.0                 21000            583.5
10:51:25.909 INFO  CNNScoreVariants - Finished pass 0 through the variants
10:52:41.878 INFO  CNNScoreVariants - Starting pass 1 through the variants
10:52:41.963 INFO  ProgressMeter -        chr1:12578936             38.2                 22000            575.7
10:52:43.365 INFO  CNNScoreVariants - Finished pass 1 through the variants
10:52:43.365 INFO  CNNScoreVariants - No variants filtered by: AllowAllVariantsVariantFilter
10:52:43.440 INFO  CNNScoreVariants - No reads filtered by: (WellformedReadFilter AND ReadGroupBlackListReadFilter)
10:52:43.441 INFO  ProgressMeter -       chr22:36202003             38.2                 43584           1139.7
10:52:43.441 INFO  ProgressMeter - Traversal complete. Processed 43584 total variants in 38.2 minutes.
10:52:43.441 INFO  CNNScoreVariants - Done scoring variants with CNN.
10:52:43.609 INFO  CNNScoreVariants - Shutting down engine
[October 9, 2021 10:52:43 AM UTC] org.broadinstitute.hellbender.tools.walkers.vqsr.CNNScoreVariants done. Elapsed time: 38.32 minutes.
Runtime.totalMemory()=2076049408
Using GATK jar /gatk/gatk-package-4.1.3.0-local.jar
Running:
    java -Dsamjdk.use_async_io_read_samtools=false -Dsamjdk.use_async_io_write_samtools=true -Dsamjdk.use_async_io_write_tribble=false -Dsamjdk.compression_level=2 -Xmx50G -jar /gatk/gatk-package-4.1.3.0-local.jar CNNScoreVariants -I /fs03/pg32/zarul/results/preprocessing/gatk_applybqsr/JH19017_recal.bam -V /fs03/pg32/zarul/results/single_calling/genotype_gvcf/JH19017.vcf.gz -R /fs03/pg32/zarul/results/GRCh38_full_analysis_set_plus_decoy_hla.fa -O /fs03/pg32/zarul/results/single_calling/cnnscorevariants/JH19017.vcf.gz -tensor-type read_tensor
INFO:    Cleaning up image...
Touching output file /fs03/pg32/zarul/results/single_calling/cnnscorevariants/.temp_JH19017.
[Sat Oct  9 21:52:47 2021]
Finished job 0.
1 of 1 steps (100%) done
