Building DAG of jobs...
Using shell: /bin/bash
Provided cores: 1 (use --cores to define parallelism)
Rules claiming more threads will be scaled down.
Select jobs to execute...

[Sat Oct  9 22:26:09 2021]
rule cnnscorevariants:
    input: /fs03/pg32/zarul/results/single_calling/genotype_gvcf/JH19013.vcf.gz, /fs03/pg32/zarul/results/single_calling/genotype_gvcf/JH19013.vcf.gz.tbi, /fs03/pg32/zarul/results/preprocessing/gatk_applybqsr/JH19013_recal.bam, /fs03/pg32/zarul/results/preprocessing/gatk_applybqsr/JH19013_recal.bai, /fs03/pg32/zarul/results/GRCh38_full_analysis_set_plus_decoy_hla.fa
    output: /fs03/pg32/zarul/results/single_calling/cnnscorevariants/JH19013.vcf.gz, /fs03/pg32/zarul/results/single_calling/cnnscorevariants/JH19013.vcf.gz.tbi, /fs03/pg32/zarul/results/single_calling/cnnscorevariants/.temp_JH19013
    log: /fs03/pg32/zarul/results/log/single_calling/cnnscorevariants/JH19013.log
    jobid: 0
    wildcards: sample=JH19013
    resources: mem_mb=50000, disk_mb=31690, tmpdir=/tmp

Activating singularity image /projects/pg32/WES_preliminary_analyses/.snakemake/singularity/c25fcccac22093779d3bc7c101442daf.simg
INFO:    Converting SIF file to temporary sandbox...
11:26:34.954 INFO  NativeLibraryLoader - Loading libgkl_compression.so from jar:file:/gatk/gatk-package-4.1.3.0-local.jar!/com/intel/gkl/native/libgkl_compression.so
11:26:35.451 INFO  CNNScoreVariants - ------------------------------------------------------------
11:26:35.452 INFO  CNNScoreVariants - The Genome Analysis Toolkit (GATK) v4.1.3.0
11:26:35.452 INFO  CNNScoreVariants - For support and documentation go to https://software.broadinstitute.org/gatk/
11:26:35.452 INFO  CNNScoreVariants - Executing as mzar0002@m3j008 on Linux v3.10.0-1160.11.1.el7.x86_64 amd64
11:26:35.452 INFO  CNNScoreVariants - Java runtime: OpenJDK 64-Bit Server VM v1.8.0_191-8u191-b12-0ubuntu0.16.04.1-b12
11:26:35.452 INFO  CNNScoreVariants - Start Date/Time: October 9, 2021 11:26:34 AM UTC
11:26:35.452 INFO  CNNScoreVariants - ------------------------------------------------------------
11:26:35.452 INFO  CNNScoreVariants - ------------------------------------------------------------
11:26:35.452 INFO  CNNScoreVariants - HTSJDK Version: 2.20.1
11:26:35.453 INFO  CNNScoreVariants - Picard Version: 2.20.5
11:26:35.453 INFO  CNNScoreVariants - HTSJDK Defaults.COMPRESSION_LEVEL : 2
11:26:35.453 INFO  CNNScoreVariants - HTSJDK Defaults.USE_ASYNC_IO_READ_FOR_SAMTOOLS : false
11:26:35.453 INFO  CNNScoreVariants - HTSJDK Defaults.USE_ASYNC_IO_WRITE_FOR_SAMTOOLS : true
11:26:35.453 INFO  CNNScoreVariants - HTSJDK Defaults.USE_ASYNC_IO_WRITE_FOR_TRIBBLE : false
11:26:35.453 INFO  CNNScoreVariants - Deflater: IntelDeflater
11:26:35.453 INFO  CNNScoreVariants - Inflater: IntelInflater
11:26:35.453 INFO  CNNScoreVariants - GCS max retries/reopens: 20
11:26:35.453 INFO  CNNScoreVariants - Requester pays: disabled
11:26:35.453 INFO  CNNScoreVariants - Initializing engine
11:26:36.290 INFO  FeatureManager - Using codec VCFCodec to read file file:///fs03/pg32/zarul/results/single_calling/genotype_gvcf/JH19013.vcf.gz
11:26:36.621 INFO  CNNScoreVariants - Done initializing engine
11:26:36.622 INFO  NativeLibraryLoader - Loading libgkl_utils.so from jar:file:/gatk/gatk-package-4.1.3.0-local.jar!/com/intel/gkl/native/libgkl_utils.so
11:26:38.700 INFO  CNNScoreVariants - Using key:CNN_2D for CNN architecture:/tmp/small_2d.2940774263479197183.json and weights:/tmp/small_2d.1745576748991584387.hd5
11:26:39.404 INFO  ProgressMeter - Starting traversal
11:26:39.405 INFO  ProgressMeter -        Current Locus  Elapsed Minutes    Variants Processed  Variants/Minute
11:26:39.408 INFO  CNNScoreVariants - Starting pass 0 through the variants
11:26:50.939 INFO  ProgressMeter -        chr1:99738092              0.2                  1000           5202.5
11:28:07.567 INFO  ProgressMeter -       chr1:232008852              1.5                  2000           1361.1
11:29:21.087 INFO  ProgressMeter -       chr2:158338770              2.7                  3000           1113.3
11:30:33.891 INFO  ProgressMeter -        chr3:50159664              3.9                  4000           1023.5
11:31:47.821 INFO  ProgressMeter -        chr4:17658459              5.1                  5000            972.7
11:33:00.325 INFO  ProgressMeter -        chr5:96393194              6.3                  6000            945.1
11:34:11.734 INFO  ProgressMeter -        chr6:77923113              7.5                  7000            928.5
11:35:24.884 INFO  ProgressMeter -       chr7:100955480              8.8                  8000            913.5
11:36:44.688 INFO  ProgressMeter -       chr8:104349126             10.1                  9000            892.1
11:37:56.721 INFO  ProgressMeter -       chr9:129861014             11.3                 10000            885.8
11:39:09.975 INFO  ProgressMeter -      chr10:128103462             12.5                 11000            879.3
11:40:24.175 INFO  ProgressMeter -       chr11:71787545             13.7                 12000            873.0
11:41:36.809 INFO  ProgressMeter -       chr12:55320988             15.0                 13000            869.2
11:42:49.844 INFO  ProgressMeter -       chr14:20404722             16.2                 14000            865.6
11:44:03.767 INFO  ProgressMeter -       chr15:78766049             17.4                 15000            861.8
11:45:17.683 INFO  ProgressMeter -       chr16:87412762             18.6                 16000            858.5
11:46:32.858 INFO  ProgressMeter -       chr17:58559493             19.9                 17000            854.7
11:47:46.469 INFO  ProgressMeter -        chr19:7440096             21.1                 18000            852.4
11:49:02.177 INFO  ProgressMeter -       chr19:49809544             22.4                 19000            849.0
11:50:18.002 INFO  ProgressMeter -       chr21:30718590             23.6                 20000            845.9
11:51:00.936 WARN  CNNScoreVariants - No reads at contig:chrX site:57910015
11:51:00.956 WARN  CNNScoreVariants - No reads at contig:chrX site:57910016
11:51:32.224 INFO  ProgressMeter -       chrX:103309655             24.9                 21000            844.0
11:51:34.835 INFO  CNNScoreVariants - Finished pass 0 through the variants
11:52:20.592 INFO  CNNScoreVariants - Starting pass 1 through the variants
11:52:20.736 INFO  ProgressMeter -        chr1:61914598             25.7                 22000            856.4
11:52:21.545 INFO  CNNScoreVariants - Finished pass 1 through the variants
11:52:21.546 INFO  CNNScoreVariants - No variants filtered by: AllowAllVariantsVariantFilter
11:52:21.619 INFO  CNNScoreVariants - No reads filtered by: (WellformedReadFilter AND ReadGroupBlackListReadFilter)
11:52:21.619 INFO  ProgressMeter -        chrX:20052928             25.7                 42340           1647.2
11:52:21.619 INFO  ProgressMeter - Traversal complete. Processed 42340 total variants in 25.7 minutes.
11:52:21.619 INFO  CNNScoreVariants - Done scoring variants with CNN.
11:52:21.761 INFO  CNNScoreVariants - Shutting down engine
[October 9, 2021 11:52:21 AM UTC] org.broadinstitute.hellbender.tools.walkers.vqsr.CNNScoreVariants done. Elapsed time: 25.78 minutes.
Runtime.totalMemory()=2076049408
Using GATK jar /gatk/gatk-package-4.1.3.0-local.jar
Running:
    java -Dsamjdk.use_async_io_read_samtools=false -Dsamjdk.use_async_io_write_samtools=true -Dsamjdk.use_async_io_write_tribble=false -Dsamjdk.compression_level=2 -Xmx50G -jar /gatk/gatk-package-4.1.3.0-local.jar CNNScoreVariants -I /fs03/pg32/zarul/results/preprocessing/gatk_applybqsr/JH19013_recal.bam -V /fs03/pg32/zarul/results/single_calling/genotype_gvcf/JH19013.vcf.gz -R /fs03/pg32/zarul/results/GRCh38_full_analysis_set_plus_decoy_hla.fa -O /fs03/pg32/zarul/results/single_calling/cnnscorevariants/JH19013.vcf.gz -tensor-type read_tensor
INFO:    Cleaning up image...
Touching output file /fs03/pg32/zarul/results/single_calling/cnnscorevariants/.temp_JH19013.
[Sat Oct  9 22:52:25 2021]
Finished job 0.
1 of 1 steps (100%) done
