Building DAG of jobs...
Using shell: /bin/bash
Provided cores: 1 (use --cores to define parallelism)
Rules claiming more threads will be scaled down.
Select jobs to execute...

[Sat Oct  9 23:57:17 2021]
rule cnnscorevariants:
    input: /fs03/pg32/zarul/results/single_calling/genotype_gvcf/PRS029.vcf.gz, /fs03/pg32/zarul/results/single_calling/genotype_gvcf/PRS029.vcf.gz.tbi, /fs03/pg32/zarul/results/preprocessing/gatk_applybqsr/PRS029_recal.bam, /fs03/pg32/zarul/results/preprocessing/gatk_applybqsr/PRS029_recal.bai, /fs03/pg32/zarul/results/GRCh38_full_analysis_set_plus_decoy_hla.fa
    output: /fs03/pg32/zarul/results/single_calling/cnnscorevariants/PRS029.vcf.gz, /fs03/pg32/zarul/results/single_calling/cnnscorevariants/PRS029.vcf.gz.tbi, /fs03/pg32/zarul/results/single_calling/cnnscorevariants/.temp_PRS029
    log: /fs03/pg32/zarul/results/log/single_calling/cnnscorevariants/PRS029.log
    jobid: 0
    wildcards: sample=PRS029
    resources: mem_mb=50000, disk_mb=24164, tmpdir=/tmp

Activating singularity image /projects/pg32/WES_preliminary_analyses/.snakemake/singularity/c25fcccac22093779d3bc7c101442daf.simg
INFO:    Converting SIF file to temporary sandbox...
12:57:42.970 INFO  NativeLibraryLoader - Loading libgkl_compression.so from jar:file:/gatk/gatk-package-4.1.3.0-local.jar!/com/intel/gkl/native/libgkl_compression.so
12:57:43.411 INFO  CNNScoreVariants - ------------------------------------------------------------
12:57:43.411 INFO  CNNScoreVariants - The Genome Analysis Toolkit (GATK) v4.1.3.0
12:57:43.411 INFO  CNNScoreVariants - For support and documentation go to https://software.broadinstitute.org/gatk/
12:57:43.411 INFO  CNNScoreVariants - Executing as mzar0002@m3j008 on Linux v3.10.0-1160.11.1.el7.x86_64 amd64
12:57:43.412 INFO  CNNScoreVariants - Java runtime: OpenJDK 64-Bit Server VM v1.8.0_191-8u191-b12-0ubuntu0.16.04.1-b12
12:57:43.412 INFO  CNNScoreVariants - Start Date/Time: October 9, 2021 12:57:42 PM UTC
12:57:43.412 INFO  CNNScoreVariants - ------------------------------------------------------------
12:57:43.412 INFO  CNNScoreVariants - ------------------------------------------------------------
12:57:43.412 INFO  CNNScoreVariants - HTSJDK Version: 2.20.1
12:57:43.412 INFO  CNNScoreVariants - Picard Version: 2.20.5
12:57:43.412 INFO  CNNScoreVariants - HTSJDK Defaults.COMPRESSION_LEVEL : 2
12:57:43.412 INFO  CNNScoreVariants - HTSJDK Defaults.USE_ASYNC_IO_READ_FOR_SAMTOOLS : false
12:57:43.412 INFO  CNNScoreVariants - HTSJDK Defaults.USE_ASYNC_IO_WRITE_FOR_SAMTOOLS : true
12:57:43.413 INFO  CNNScoreVariants - HTSJDK Defaults.USE_ASYNC_IO_WRITE_FOR_TRIBBLE : false
12:57:43.413 INFO  CNNScoreVariants - Deflater: IntelDeflater
12:57:43.413 INFO  CNNScoreVariants - Inflater: IntelInflater
12:57:43.413 INFO  CNNScoreVariants - GCS max retries/reopens: 20
12:57:43.413 INFO  CNNScoreVariants - Requester pays: disabled
12:57:43.413 INFO  CNNScoreVariants - Initializing engine
12:57:44.244 INFO  FeatureManager - Using codec VCFCodec to read file file:///fs03/pg32/zarul/results/single_calling/genotype_gvcf/PRS029.vcf.gz
12:57:44.567 INFO  CNNScoreVariants - Done initializing engine
12:57:44.567 INFO  NativeLibraryLoader - Loading libgkl_utils.so from jar:file:/gatk/gatk-package-4.1.3.0-local.jar!/com/intel/gkl/native/libgkl_utils.so
12:57:46.850 INFO  CNNScoreVariants - Using key:CNN_2D for CNN architecture:/tmp/small_2d.8847743259698867756.json and weights:/tmp/small_2d.6473512973563902971.hd5
12:57:47.544 INFO  ProgressMeter - Starting traversal
12:57:47.545 INFO  ProgressMeter -        Current Locus  Elapsed Minutes    Variants Processed  Variants/Minute
12:57:47.548 INFO  CNNScoreVariants - Starting pass 0 through the variants
12:59:09.085 INFO  ProgressMeter -       chr1:228214420              1.4                  2000           1471.7
13:00:17.796 INFO  ProgressMeter -       chr2:169235885              2.5                  3000           1198.0
13:01:22.851 INFO  ProgressMeter -        chr3:53189911              3.6                  4000           1114.7
13:02:29.129 INFO  ProgressMeter -        chr4:56314410              4.7                  5000           1065.4
13:03:31.836 INFO  ProgressMeter -       chr5:132385482              5.7                  6000           1045.6
13:04:35.410 INFO  ProgressMeter -        chr6:89623880              6.8                  7000           1029.8
13:05:41.695 INFO  ProgressMeter -       chr7:100954219              7.9                  8000           1012.3
13:06:51.593 INFO  ProgressMeter -       chr8:119583783              9.1                  9000            992.6
13:07:58.568 INFO  ProgressMeter -       chr9:136806656             10.2                 10000            982.0
13:09:06.224 INFO  ProgressMeter -         chr11:244197             11.3                 11000            972.5
13:10:15.807 INFO  ProgressMeter -       chr11:71796111             12.5                 12000            962.2
13:11:22.822 INFO  ProgressMeter -       chr12:56739356             13.6                 13000            956.7
13:12:27.943 INFO  ProgressMeter -       chr14:22830077             14.7                 14000            954.1
13:13:36.076 INFO  ProgressMeter -       chr15:68357249             15.8                 15000            948.8
13:14:44.721 INFO  ProgressMeter -       chr16:74661181             17.0                 16000            943.8
13:15:55.964 INFO  ProgressMeter -       chr17:55081131             18.1                 17000            937.1
13:17:05.364 INFO  ProgressMeter -        chr19:6222541             19.3                 18000            932.8
13:18:16.206 INFO  ProgressMeter -       chr19:47271515             20.5                 19000            927.8
13:19:27.010 INFO  ProgressMeter -       chr20:62362541             21.7                 20000            923.5
13:20:37.162 INFO  ProgressMeter -        chrX:49224829             22.8                 21000            920.0
13:20:39.069 INFO  CNNScoreVariants - Finished pass 0 through the variants
13:21:22.999 INFO  CNNScoreVariants - Starting pass 1 through the variants
13:21:23.150 INFO  ProgressMeter -        chr1:66801073             23.6                 22000            932.5
13:21:23.863 INFO  CNNScoreVariants - Finished pass 1 through the variants
13:21:23.881 INFO  CNNScoreVariants - No variants filtered by: AllowAllVariantsVariantFilter
13:21:23.953 INFO  CNNScoreVariants - No reads filtered by: (WellformedReadFilter AND ReadGroupBlackListReadFilter)
13:21:23.953 INFO  ProgressMeter -       chr22:49884790             23.6                 42406           1796.3
13:21:23.953 INFO  ProgressMeter - Traversal complete. Processed 42406 total variants in 23.6 minutes.
13:21:23.954 INFO  CNNScoreVariants - Done scoring variants with CNN.
13:21:24.092 INFO  CNNScoreVariants - Shutting down engine
[October 9, 2021 1:21:24 PM UTC] org.broadinstitute.hellbender.tools.walkers.vqsr.CNNScoreVariants done. Elapsed time: 23.69 minutes.
Runtime.totalMemory()=2076049408
Using GATK jar /gatk/gatk-package-4.1.3.0-local.jar
Running:
    java -Dsamjdk.use_async_io_read_samtools=false -Dsamjdk.use_async_io_write_samtools=true -Dsamjdk.use_async_io_write_tribble=false -Dsamjdk.compression_level=2 -Xmx50G -jar /gatk/gatk-package-4.1.3.0-local.jar CNNScoreVariants -I /fs03/pg32/zarul/results/preprocessing/gatk_applybqsr/PRS029_recal.bam -V /fs03/pg32/zarul/results/single_calling/genotype_gvcf/PRS029.vcf.gz -R /fs03/pg32/zarul/results/GRCh38_full_analysis_set_plus_decoy_hla.fa -O /fs03/pg32/zarul/results/single_calling/cnnscorevariants/PRS029.vcf.gz -tensor-type read_tensor
INFO:    Cleaning up image...
Touching output file /fs03/pg32/zarul/results/single_calling/cnnscorevariants/.temp_PRS029.
[Sun Oct 10 00:21:27 2021]
Finished job 0.
1 of 1 steps (100%) done
