Building DAG of jobs...
Using shell: /bin/bash
Provided cores: 1 (use --cores to define parallelism)
Rules claiming more threads will be scaled down.
Select jobs to execute...

[Sat Oct  9 21:10:55 2021]
rule cnnscorevariants:
    input: /fs03/pg32/zarul/results/single_calling/genotype_gvcf/JH19040.vcf.gz, /fs03/pg32/zarul/results/single_calling/genotype_gvcf/JH19040.vcf.gz.tbi, /fs03/pg32/zarul/results/preprocessing/gatk_applybqsr/JH19040_recal.bam, /fs03/pg32/zarul/results/preprocessing/gatk_applybqsr/JH19040_recal.bai, /fs03/pg32/zarul/results/GRCh38_full_analysis_set_plus_decoy_hla.fa
    output: /fs03/pg32/zarul/results/single_calling/cnnscorevariants/JH19040.vcf.gz, /fs03/pg32/zarul/results/single_calling/cnnscorevariants/JH19040.vcf.gz.tbi, /fs03/pg32/zarul/results/single_calling/cnnscorevariants/.temp_JH19040
    log: /fs03/pg32/zarul/results/log/single_calling/cnnscorevariants/JH19040.log
    jobid: 0
    wildcards: sample=JH19040
    resources: mem_mb=50000, disk_mb=27083, tmpdir=/tmp

Activating singularity image /projects/pg32/WES_preliminary_analyses/.snakemake/singularity/c25fcccac22093779d3bc7c101442daf.simg
INFO:    Converting SIF file to temporary sandbox...
10:11:21.171 INFO  NativeLibraryLoader - Loading libgkl_compression.so from jar:file:/gatk/gatk-package-4.1.3.0-local.jar!/com/intel/gkl/native/libgkl_compression.so
10:11:21.697 INFO  CNNScoreVariants - ------------------------------------------------------------
10:11:21.697 INFO  CNNScoreVariants - The Genome Analysis Toolkit (GATK) v4.1.3.0
10:11:21.697 INFO  CNNScoreVariants - For support and documentation go to https://software.broadinstitute.org/gatk/
10:11:21.697 INFO  CNNScoreVariants - Executing as mzar0002@m3j009 on Linux v3.10.0-1160.11.1.el7.x86_64 amd64
10:11:21.698 INFO  CNNScoreVariants - Java runtime: OpenJDK 64-Bit Server VM v1.8.0_191-8u191-b12-0ubuntu0.16.04.1-b12
10:11:21.698 INFO  CNNScoreVariants - Start Date/Time: October 9, 2021 10:11:21 AM UTC
10:11:21.698 INFO  CNNScoreVariants - ------------------------------------------------------------
10:11:21.698 INFO  CNNScoreVariants - ------------------------------------------------------------
10:11:21.698 INFO  CNNScoreVariants - HTSJDK Version: 2.20.1
10:11:21.698 INFO  CNNScoreVariants - Picard Version: 2.20.5
10:11:21.698 INFO  CNNScoreVariants - HTSJDK Defaults.COMPRESSION_LEVEL : 2
10:11:21.698 INFO  CNNScoreVariants - HTSJDK Defaults.USE_ASYNC_IO_READ_FOR_SAMTOOLS : false
10:11:21.698 INFO  CNNScoreVariants - HTSJDK Defaults.USE_ASYNC_IO_WRITE_FOR_SAMTOOLS : true
10:11:21.699 INFO  CNNScoreVariants - HTSJDK Defaults.USE_ASYNC_IO_WRITE_FOR_TRIBBLE : false
10:11:21.699 INFO  CNNScoreVariants - Deflater: IntelDeflater
10:11:21.699 INFO  CNNScoreVariants - Inflater: IntelInflater
10:11:21.699 INFO  CNNScoreVariants - GCS max retries/reopens: 20
10:11:21.699 INFO  CNNScoreVariants - Requester pays: disabled
10:11:21.699 INFO  CNNScoreVariants - Initializing engine
10:11:22.628 INFO  FeatureManager - Using codec VCFCodec to read file file:///fs03/pg32/zarul/results/single_calling/genotype_gvcf/JH19040.vcf.gz
10:11:22.993 INFO  CNNScoreVariants - Done initializing engine
10:11:22.995 INFO  NativeLibraryLoader - Loading libgkl_utils.so from jar:file:/gatk/gatk-package-4.1.3.0-local.jar!/com/intel/gkl/native/libgkl_utils.so
10:11:25.215 INFO  CNNScoreVariants - Using key:CNN_2D for CNN architecture:/tmp/small_2d.4337414357696772173.json and weights:/tmp/small_2d.7284561140821195279.hd5
10:11:25.938 INFO  ProgressMeter - Starting traversal
10:11:25.938 INFO  ProgressMeter -        Current Locus  Elapsed Minutes    Variants Processed  Variants/Minute
10:11:25.942 INFO  CNNScoreVariants - Starting pass 0 through the variants
10:11:37.555 INFO  ProgressMeter -        chr1:88760293              0.2                  1000           5165.7
10:12:54.979 INFO  ProgressMeter -       chr1:205416284              1.5                  2000           1347.7
10:14:07.093 INFO  ProgressMeter -       chr2:111929411              2.7                  3000           1116.9
10:15:16.388 INFO  ProgressMeter -        chr3:30672350              3.8                  4000           1041.4
10:16:27.145 INFO  ProgressMeter -       chr3:190648675              5.0                  5000            996.0
10:17:36.690 INFO  ProgressMeter -        chr5:33998778              6.2                  6000            971.0
10:18:44.815 INFO  ProgressMeter -        chr6:17764299              7.3                  7000            957.0
10:19:54.223 INFO  ProgressMeter -        chr7:17334929              8.5                  8000            944.4
10:21:11.200 INFO  ProgressMeter -       chr7:150397763              9.8                  9000            922.7
10:22:23.472 INFO  ProgressMeter -        chr9:35846472             11.0                 10000            912.5
10:23:33.335 INFO  ProgressMeter -       chr10:46550466             12.1                 11000            907.3
10:24:44.966 INFO  ProgressMeter -        chr11:6509048             13.3                 12000            901.1
10:25:56.661 INFO  ProgressMeter -      chr11:118111780             14.5                 13000            895.8
10:27:07.485 INFO  ProgressMeter -      chr12:109803033             15.7                 14000            892.1
10:28:16.848 INFO  ProgressMeter -       chr14:60124481             16.8                 15000            890.3
10:29:29.917 INFO  ProgressMeter -       chr15:83011535             18.1                 16000            885.6
10:30:42.602 INFO  ProgressMeter -       chr16:89196023             19.3                 17000            881.8
10:31:54.596 INFO  ProgressMeter -       chr17:75283543             20.5                 18000            879.0
10:33:05.852 INFO  ProgressMeter -        chr19:9115009             21.7                 19000            877.0
10:34:18.488 INFO  ProgressMeter -       chr19:51719868             22.9                 20000            874.3
10:35:31.420 INFO  ProgressMeter -       chr21:44330463             24.1                 21000            871.7
10:36:13.771 INFO  CNNScoreVariants - Finished pass 0 through the variants
10:37:17.666 INFO  CNNScoreVariants - Starting pass 1 through the variants
10:37:17.697 INFO  ProgressMeter -          chr1:942451             25.9                 22000            850.6
10:37:18.657 INFO  CNNScoreVariants - Finished pass 1 through the variants
10:37:18.657 INFO  CNNScoreVariants - No variants filtered by: AllowAllVariantsVariantFilter
10:37:18.722 INFO  CNNScoreVariants - No reads filtered by: (WellformedReadFilter AND ReadGroupBlackListReadFilter)
10:37:18.722 INFO  ProgressMeter -       chr21:44539314             25.9                 43992           1699.9
10:37:18.722 INFO  ProgressMeter - Traversal complete. Processed 43992 total variants in 25.9 minutes.
10:37:18.722 INFO  CNNScoreVariants - Done scoring variants with CNN.
10:37:18.875 INFO  CNNScoreVariants - Shutting down engine
[October 9, 2021 10:37:18 AM UTC] org.broadinstitute.hellbender.tools.walkers.vqsr.CNNScoreVariants done. Elapsed time: 25.96 minutes.
Runtime.totalMemory()=2076049408
Using GATK jar /gatk/gatk-package-4.1.3.0-local.jar
Running:
    java -Dsamjdk.use_async_io_read_samtools=false -Dsamjdk.use_async_io_write_samtools=true -Dsamjdk.use_async_io_write_tribble=false -Dsamjdk.compression_level=2 -Xmx50G -jar /gatk/gatk-package-4.1.3.0-local.jar CNNScoreVariants -I /fs03/pg32/zarul/results/preprocessing/gatk_applybqsr/JH19040_recal.bam -V /fs03/pg32/zarul/results/single_calling/genotype_gvcf/JH19040.vcf.gz -R /fs03/pg32/zarul/results/GRCh38_full_analysis_set_plus_decoy_hla.fa -O /fs03/pg32/zarul/results/single_calling/cnnscorevariants/JH19040.vcf.gz -tensor-type read_tensor
INFO:    Cleaning up image...
Touching output file /fs03/pg32/zarul/results/single_calling/cnnscorevariants/.temp_JH19040.
[Sat Oct  9 21:37:22 2021]
Finished job 0.
1 of 1 steps (100%) done
