Building DAG of jobs...
Using shell: /bin/bash
Provided cores: 1 (use --cores to define parallelism)
Rules claiming more threads will be scaled down.
Select jobs to execute...

[Sun Oct 10 00:54:32 2021]
rule cnnscorevariants:
    input: /fs03/pg32/zarul/results/single_calling/genotype_gvcf/JH19004.vcf.gz, /fs03/pg32/zarul/results/single_calling/genotype_gvcf/JH19004.vcf.gz.tbi, /fs03/pg32/zarul/results/preprocessing/gatk_applybqsr/JH19004_recal.bam, /fs03/pg32/zarul/results/preprocessing/gatk_applybqsr/JH19004_recal.bai, /fs03/pg32/zarul/results/GRCh38_full_analysis_set_plus_decoy_hla.fa
    output: /fs03/pg32/zarul/results/single_calling/cnnscorevariants/JH19004.vcf.gz, /fs03/pg32/zarul/results/single_calling/cnnscorevariants/JH19004.vcf.gz.tbi, /fs03/pg32/zarul/results/single_calling/cnnscorevariants/.temp_JH19004
    log: /fs03/pg32/zarul/results/log/single_calling/cnnscorevariants/JH19004.log
    jobid: 0
    wildcards: sample=JH19004
    resources: mem_mb=50000, disk_mb=35407, tmpdir=/tmp

Activating singularity image /projects/pg32/WES_preliminary_analyses/.snakemake/singularity/c25fcccac22093779d3bc7c101442daf.simg
INFO:    Converting SIF file to temporary sandbox...
13:55:04.183 INFO  NativeLibraryLoader - Loading libgkl_compression.so from jar:file:/gatk/gatk-package-4.1.3.0-local.jar!/com/intel/gkl/native/libgkl_compression.so
13:55:04.966 INFO  CNNScoreVariants - ------------------------------------------------------------
13:55:04.967 INFO  CNNScoreVariants - The Genome Analysis Toolkit (GATK) v4.1.3.0
13:55:04.967 INFO  CNNScoreVariants - For support and documentation go to https://software.broadinstitute.org/gatk/
13:55:04.967 INFO  CNNScoreVariants - Executing as mzar0002@m3i005 on Linux v3.10.0-1160.11.1.el7.x86_64 amd64
13:55:04.967 INFO  CNNScoreVariants - Java runtime: OpenJDK 64-Bit Server VM v1.8.0_191-8u191-b12-0ubuntu0.16.04.1-b12
13:55:04.967 INFO  CNNScoreVariants - Start Date/Time: October 9, 2021 1:55:04 PM UTC
13:55:04.967 INFO  CNNScoreVariants - ------------------------------------------------------------
13:55:04.967 INFO  CNNScoreVariants - ------------------------------------------------------------
13:55:04.968 INFO  CNNScoreVariants - HTSJDK Version: 2.20.1
13:55:04.968 INFO  CNNScoreVariants - Picard Version: 2.20.5
13:55:04.968 INFO  CNNScoreVariants - HTSJDK Defaults.COMPRESSION_LEVEL : 2
13:55:04.968 INFO  CNNScoreVariants - HTSJDK Defaults.USE_ASYNC_IO_READ_FOR_SAMTOOLS : false
13:55:04.968 INFO  CNNScoreVariants - HTSJDK Defaults.USE_ASYNC_IO_WRITE_FOR_SAMTOOLS : true
13:55:04.969 INFO  CNNScoreVariants - HTSJDK Defaults.USE_ASYNC_IO_WRITE_FOR_TRIBBLE : false
13:55:04.969 INFO  CNNScoreVariants - Deflater: IntelDeflater
13:55:04.969 INFO  CNNScoreVariants - Inflater: IntelInflater
13:55:04.969 INFO  CNNScoreVariants - GCS max retries/reopens: 20
13:55:04.969 INFO  CNNScoreVariants - Requester pays: disabled
13:55:04.969 INFO  CNNScoreVariants - Initializing engine
13:55:06.136 INFO  FeatureManager - Using codec VCFCodec to read file file:///fs03/pg32/zarul/results/single_calling/genotype_gvcf/JH19004.vcf.gz
13:55:06.658 INFO  CNNScoreVariants - Done initializing engine
13:55:06.660 INFO  NativeLibraryLoader - Loading libgkl_utils.so from jar:file:/gatk/gatk-package-4.1.3.0-local.jar!/com/intel/gkl/native/libgkl_utils.so
13:55:09.770 INFO  CNNScoreVariants - Using key:CNN_2D for CNN architecture:/tmp/small_2d.4188340297635922697.json and weights:/tmp/small_2d.4671636981483656338.hd5
13:55:10.745 INFO  ProgressMeter - Starting traversal
13:55:10.746 INFO  ProgressMeter -        Current Locus  Elapsed Minutes    Variants Processed  Variants/Minute
13:55:10.755 INFO  CNNScoreVariants - Starting pass 0 through the variants
13:55:26.935 INFO  ProgressMeter -       chr1:100738271              0.3                  1000           3706.7
13:57:07.578 INFO  ProgressMeter -       chr1:215675299              1.9                  2000           1027.1
13:58:39.616 INFO  ProgressMeter -       chr2:129980590              3.5                  3000            861.8
14:00:09.029 INFO  ProgressMeter -        chr3:31990470              5.0                  4000            804.6
14:01:39.166 INFO  ProgressMeter -          chr4:654854              6.5                  5000            772.4
14:03:09.183 INFO  ProgressMeter -        chr5:33989413              8.0                  6000            752.5
14:04:37.334 INFO  ProgressMeter -        chr6:25776721              9.4                  7000            741.3
14:06:06.567 INFO  ProgressMeter -        chr7:24702817             10.9                  8000            731.9
14:07:43.154 INFO  ProgressMeter -         chr8:6532368             12.5                  9000            717.7
14:09:13.473 INFO  ProgressMeter -        chr9:87707108             14.0                 10000            712.0
14:10:42.826 INFO  ProgressMeter -       chr10:78054561             15.5                 11000            708.1
14:12:14.108 INFO  ProgressMeter -       chr11:34131392             17.1                 12000            703.6
14:13:45.533 INFO  ProgressMeter -        chr12:6818909             18.6                 13000            699.7
14:15:15.917 INFO  ProgressMeter -       chr13:23660378             20.1                 14000            697.0
14:16:45.127 INFO  ProgressMeter -      chr14:104941845             21.6                 15000            695.3
14:18:21.748 INFO  ProgressMeter -        chr16:4783969             23.2                 16000            690.1
14:19:48.039 INFO  ProgressMeter -       chr17:12958853             24.6                 17000            690.5
14:21:15.276 INFO  ProgressMeter -       chr18:26286107             26.1                 18000            690.3
14:22:42.116 INFO  ProgressMeter -       chr19:18168828             27.5                 19000            690.3
14:24:10.446 INFO  ProgressMeter -       chr19:58547896             29.0                 20000            689.8
14:25:38.056 INFO  ProgressMeter -       chr22:32255275             30.5                 21000            689.5
14:26:24.041 INFO  CNNScoreVariants - Finished pass 0 through the variants
14:27:16.783 INFO  CNNScoreVariants - Starting pass 1 through the variants
14:27:16.911 INFO  ProgressMeter -        chr1:18481403             32.1                 22000            685.3
14:27:17.987 INFO  CNNScoreVariants - Finished pass 1 through the variants
14:27:17.988 INFO  CNNScoreVariants - No variants filtered by: AllowAllVariantsVariantFilter
14:27:17.992 INFO  CNNScoreVariants - No reads filtered by: (WellformedReadFilter AND ReadGroupBlackListReadFilter)
14:27:17.992 INFO  ProgressMeter -        chrX:30218761             32.1                 43336           1349.2
14:27:17.992 INFO  ProgressMeter - Traversal complete. Processed 43336 total variants in 32.1 minutes.
14:27:17.992 INFO  CNNScoreVariants - Done scoring variants with CNN.
14:27:18.134 INFO  CNNScoreVariants - Shutting down engine
[October 9, 2021 2:27:18 PM UTC] org.broadinstitute.hellbender.tools.walkers.vqsr.CNNScoreVariants done. Elapsed time: 32.23 minutes.
Runtime.totalMemory()=2076049408
Using GATK jar /gatk/gatk-package-4.1.3.0-local.jar
Running:
    java -Dsamjdk.use_async_io_read_samtools=false -Dsamjdk.use_async_io_write_samtools=true -Dsamjdk.use_async_io_write_tribble=false -Dsamjdk.compression_level=2 -Xmx50G -jar /gatk/gatk-package-4.1.3.0-local.jar CNNScoreVariants -I /fs03/pg32/zarul/results/preprocessing/gatk_applybqsr/JH19004_recal.bam -V /fs03/pg32/zarul/results/single_calling/genotype_gvcf/JH19004.vcf.gz -R /fs03/pg32/zarul/results/GRCh38_full_analysis_set_plus_decoy_hla.fa -O /fs03/pg32/zarul/results/single_calling/cnnscorevariants/JH19004.vcf.gz -tensor-type read_tensor
INFO:    Cleaning up image...
Touching output file /fs03/pg32/zarul/results/single_calling/cnnscorevariants/.temp_JH19004.
[Sun Oct 10 01:27:21 2021]
Finished job 0.
1 of 1 steps (100%) done
