Building DAG of jobs...
Using shell: /bin/bash
Provided cores: 1 (use --cores to define parallelism)
Rules claiming more threads will be scaled down.
Select jobs to execute...

[Sat Oct  9 23:24:39 2021]
rule cnnscorevariants:
    input: /fs03/pg32/zarul/results/single_calling/genotype_gvcf/JH19011.vcf.gz, /fs03/pg32/zarul/results/single_calling/genotype_gvcf/JH19011.vcf.gz.tbi, /fs03/pg32/zarul/results/preprocessing/gatk_applybqsr/JH19011_recal.bam, /fs03/pg32/zarul/results/preprocessing/gatk_applybqsr/JH19011_recal.bai, /fs03/pg32/zarul/results/GRCh38_full_analysis_set_plus_decoy_hla.fa
    output: /fs03/pg32/zarul/results/single_calling/cnnscorevariants/JH19011.vcf.gz, /fs03/pg32/zarul/results/single_calling/cnnscorevariants/JH19011.vcf.gz.tbi, /fs03/pg32/zarul/results/single_calling/cnnscorevariants/.temp_JH19011
    log: /fs03/pg32/zarul/results/log/single_calling/cnnscorevariants/JH19011.log
    jobid: 0
    wildcards: sample=JH19011
    resources: mem_mb=50000, disk_mb=27387, tmpdir=/tmp

Activating singularity image /projects/pg32/WES_preliminary_analyses/.snakemake/singularity/c25fcccac22093779d3bc7c101442daf.simg
INFO:    Converting SIF file to temporary sandbox...
12:25:06.225 INFO  NativeLibraryLoader - Loading libgkl_compression.so from jar:file:/gatk/gatk-package-4.1.3.0-local.jar!/com/intel/gkl/native/libgkl_compression.so
12:25:06.786 INFO  CNNScoreVariants - ------------------------------------------------------------
12:25:06.786 INFO  CNNScoreVariants - The Genome Analysis Toolkit (GATK) v4.1.3.0
12:25:06.786 INFO  CNNScoreVariants - For support and documentation go to https://software.broadinstitute.org/gatk/
12:25:06.787 INFO  CNNScoreVariants - Executing as mzar0002@m3h011 on Linux v3.10.0-1160.11.1.el7.x86_64 amd64
12:25:06.787 INFO  CNNScoreVariants - Java runtime: OpenJDK 64-Bit Server VM v1.8.0_191-8u191-b12-0ubuntu0.16.04.1-b12
12:25:06.787 INFO  CNNScoreVariants - Start Date/Time: October 9, 2021 12:25:06 PM UTC
12:25:06.787 INFO  CNNScoreVariants - ------------------------------------------------------------
12:25:06.787 INFO  CNNScoreVariants - ------------------------------------------------------------
12:25:06.787 INFO  CNNScoreVariants - HTSJDK Version: 2.20.1
12:25:06.787 INFO  CNNScoreVariants - Picard Version: 2.20.5
12:25:06.788 INFO  CNNScoreVariants - HTSJDK Defaults.COMPRESSION_LEVEL : 2
12:25:06.788 INFO  CNNScoreVariants - HTSJDK Defaults.USE_ASYNC_IO_READ_FOR_SAMTOOLS : false
12:25:06.788 INFO  CNNScoreVariants - HTSJDK Defaults.USE_ASYNC_IO_WRITE_FOR_SAMTOOLS : true
12:25:06.788 INFO  CNNScoreVariants - HTSJDK Defaults.USE_ASYNC_IO_WRITE_FOR_TRIBBLE : false
12:25:06.788 INFO  CNNScoreVariants - Deflater: IntelDeflater
12:25:06.788 INFO  CNNScoreVariants - Inflater: IntelInflater
12:25:06.788 INFO  CNNScoreVariants - GCS max retries/reopens: 20
12:25:06.788 INFO  CNNScoreVariants - Requester pays: disabled
12:25:06.788 INFO  CNNScoreVariants - Initializing engine
12:25:07.742 INFO  FeatureManager - Using codec VCFCodec to read file file:///fs03/pg32/zarul/results/single_calling/genotype_gvcf/JH19011.vcf.gz
12:25:08.157 INFO  CNNScoreVariants - Done initializing engine
12:25:08.157 INFO  NativeLibraryLoader - Loading libgkl_utils.so from jar:file:/gatk/gatk-package-4.1.3.0-local.jar!/com/intel/gkl/native/libgkl_utils.so
12:25:10.520 INFO  CNNScoreVariants - Using key:CNN_2D for CNN architecture:/tmp/small_2d.524555095490149610.json and weights:/tmp/small_2d.4322815193196419605.hd5
12:25:11.301 INFO  ProgressMeter - Starting traversal
12:25:11.302 INFO  ProgressMeter -        Current Locus  Elapsed Minutes    Variants Processed  Variants/Minute
12:25:11.306 INFO  CNNScoreVariants - Starting pass 0 through the variants
12:25:22.758 INFO  ProgressMeter -        chr1:93877677              0.2                  1000           5238.3
12:27:20.492 INFO  ProgressMeter -       chr1:216323605              2.2                  2000            928.9
12:29:15.105 INFO  ProgressMeter -       chr2:119680947              4.1                  3000            738.3
12:31:06.568 INFO  ProgressMeter -        chr3:37997491              5.9                  4000            675.6
12:32:59.472 INFO  ProgressMeter -         chr4:1394795              7.8                  5000            640.8
12:34:53.202 INFO  ProgressMeter -        chr5:54518222              9.7                  6000            618.7
12:36:42.761 INFO  ProgressMeter -        chr6:35835415             11.5                  7000            607.4
12:38:33.937 INFO  ProgressMeter -        chr7:45082865             13.4                  8000            598.0
12:40:31.170 INFO  ProgressMeter -        chr8:17882029             15.3                  9000            587.0
12:42:23.653 INFO  ProgressMeter -       chr9:100302248             17.2                 10000            581.2
12:44:16.901 INFO  ProgressMeter -       chr10:89738497             19.1                 11000            576.1
12:46:09.186 INFO  ProgressMeter -       chr11:55367959             21.0                 12000            572.4
12:48:02.943 INFO  ProgressMeter -       chr12:12477731             22.9                 13000            568.7
12:49:55.651 INFO  ProgressMeter -       chr13:25097291             24.7                 14000            565.9
12:51:53.266 INFO  ProgressMeter -      chr14:104952210             26.7                 15000            561.8
12:53:43.801 INFO  ProgressMeter -        chr16:5082635             28.5                 16000            560.6
12:55:36.854 INFO  ProgressMeter -       chr17:15737492             30.4                 17000            558.7
12:57:30.238 INFO  ProgressMeter -       chr18:33389624             32.3                 18000            557.0
12:59:23.137 INFO  ProgressMeter -       chr19:22758789             34.2                 19000            555.6
13:01:18.215 INFO  ProgressMeter -         chr20:874297             36.1                 20000            553.8
13:03:11.775 INFO  ProgressMeter -       chr22:31602626             38.0                 21000            552.5
13:04:11.104 INFO  CNNScoreVariants - Finished pass 0 through the variants
13:05:27.530 INFO  CNNScoreVariants - Starting pass 1 through the variants
13:05:27.654 INFO  ProgressMeter -        chr1:13176324             40.3                 22000            546.3
13:05:29.043 INFO  CNNScoreVariants - Finished pass 1 through the variants
13:05:29.043 INFO  CNNScoreVariants - No variants filtered by: AllowAllVariantsVariantFilter
13:05:29.122 INFO  CNNScoreVariants - No reads filtered by: (WellformedReadFilter AND ReadGroupBlackListReadFilter)
13:05:29.122 INFO  ProgressMeter -       chr22:50577409             40.3                 43440           1078.0
13:05:29.122 INFO  ProgressMeter - Traversal complete. Processed 43440 total variants in 40.3 minutes.
13:05:29.123 INFO  CNNScoreVariants - Done scoring variants with CNN.
13:05:29.292 INFO  CNNScoreVariants - Shutting down engine
[October 9, 2021 1:05:29 PM UTC] org.broadinstitute.hellbender.tools.walkers.vqsr.CNNScoreVariants done. Elapsed time: 40.39 minutes.
Runtime.totalMemory()=2076049408
Using GATK jar /gatk/gatk-package-4.1.3.0-local.jar
Running:
    java -Dsamjdk.use_async_io_read_samtools=false -Dsamjdk.use_async_io_write_samtools=true -Dsamjdk.use_async_io_write_tribble=false -Dsamjdk.compression_level=2 -Xmx50G -jar /gatk/gatk-package-4.1.3.0-local.jar CNNScoreVariants -I /fs03/pg32/zarul/results/preprocessing/gatk_applybqsr/JH19011_recal.bam -V /fs03/pg32/zarul/results/single_calling/genotype_gvcf/JH19011.vcf.gz -R /fs03/pg32/zarul/results/GRCh38_full_analysis_set_plus_decoy_hla.fa -O /fs03/pg32/zarul/results/single_calling/cnnscorevariants/JH19011.vcf.gz -tensor-type read_tensor
INFO:    Cleaning up image...
Touching output file /fs03/pg32/zarul/results/single_calling/cnnscorevariants/.temp_JH19011.
[Sun Oct 10 00:05:33 2021]
Finished job 0.
1 of 1 steps (100%) done
