Building DAG of jobs...
Using shell: /bin/bash
Provided cores: 1 (use --cores to define parallelism)
Rules claiming more threads will be scaled down.
Select jobs to execute...

[Sun Oct 10 00:30:25 2021]
rule cnnscorevariants:
    input: /fs03/pg32/zarul/results/single_calling/genotype_gvcf/JH19037.vcf.gz, /fs03/pg32/zarul/results/single_calling/genotype_gvcf/JH19037.vcf.gz.tbi, /fs03/pg32/zarul/results/preprocessing/gatk_applybqsr/JH19037_recal.bam, /fs03/pg32/zarul/results/preprocessing/gatk_applybqsr/JH19037_recal.bai, /fs03/pg32/zarul/results/GRCh38_full_analysis_set_plus_decoy_hla.fa
    output: /fs03/pg32/zarul/results/single_calling/cnnscorevariants/JH19037.vcf.gz, /fs03/pg32/zarul/results/single_calling/cnnscorevariants/JH19037.vcf.gz.tbi, /fs03/pg32/zarul/results/single_calling/cnnscorevariants/.temp_JH19037
    log: /fs03/pg32/zarul/results/log/single_calling/cnnscorevariants/JH19037.log
    jobid: 0
    wildcards: sample=JH19037
    resources: mem_mb=50000, disk_mb=33373, tmpdir=/tmp

Activating singularity image /projects/pg32/WES_preliminary_analyses/.snakemake/singularity/c25fcccac22093779d3bc7c101442daf.simg
INFO:    Converting SIF file to temporary sandbox...
13:30:51.998 INFO  NativeLibraryLoader - Loading libgkl_compression.so from jar:file:/gatk/gatk-package-4.1.3.0-local.jar!/com/intel/gkl/native/libgkl_compression.so
13:30:52.433 INFO  CNNScoreVariants - ------------------------------------------------------------
13:30:52.433 INFO  CNNScoreVariants - The Genome Analysis Toolkit (GATK) v4.1.3.0
13:30:52.433 INFO  CNNScoreVariants - For support and documentation go to https://software.broadinstitute.org/gatk/
13:30:52.433 INFO  CNNScoreVariants - Executing as mzar0002@m3h005 on Linux v3.10.0-1160.11.1.el7.x86_64 amd64
13:30:52.433 INFO  CNNScoreVariants - Java runtime: OpenJDK 64-Bit Server VM v1.8.0_191-8u191-b12-0ubuntu0.16.04.1-b12
13:30:52.434 INFO  CNNScoreVariants - Start Date/Time: October 9, 2021 1:30:51 PM UTC
13:30:52.434 INFO  CNNScoreVariants - ------------------------------------------------------------
13:30:52.434 INFO  CNNScoreVariants - ------------------------------------------------------------
13:30:52.434 INFO  CNNScoreVariants - HTSJDK Version: 2.20.1
13:30:52.434 INFO  CNNScoreVariants - Picard Version: 2.20.5
13:30:52.434 INFO  CNNScoreVariants - HTSJDK Defaults.COMPRESSION_LEVEL : 2
13:30:52.434 INFO  CNNScoreVariants - HTSJDK Defaults.USE_ASYNC_IO_READ_FOR_SAMTOOLS : false
13:30:52.434 INFO  CNNScoreVariants - HTSJDK Defaults.USE_ASYNC_IO_WRITE_FOR_SAMTOOLS : true
13:30:52.434 INFO  CNNScoreVariants - HTSJDK Defaults.USE_ASYNC_IO_WRITE_FOR_TRIBBLE : false
13:30:52.435 INFO  CNNScoreVariants - Deflater: IntelDeflater
13:30:52.435 INFO  CNNScoreVariants - Inflater: IntelInflater
13:30:52.435 INFO  CNNScoreVariants - GCS max retries/reopens: 20
13:30:52.435 INFO  CNNScoreVariants - Requester pays: disabled
13:30:52.435 INFO  CNNScoreVariants - Initializing engine
13:30:53.436 INFO  FeatureManager - Using codec VCFCodec to read file file:///fs03/pg32/zarul/results/single_calling/genotype_gvcf/JH19037.vcf.gz
13:30:53.784 INFO  CNNScoreVariants - Done initializing engine
13:30:53.784 INFO  NativeLibraryLoader - Loading libgkl_utils.so from jar:file:/gatk/gatk-package-4.1.3.0-local.jar!/com/intel/gkl/native/libgkl_utils.so
13:30:55.979 INFO  CNNScoreVariants - Using key:CNN_2D for CNN architecture:/tmp/small_2d.216578383680949187.json and weights:/tmp/small_2d.2731775461622790911.hd5
13:30:56.739 INFO  ProgressMeter - Starting traversal
13:30:56.739 INFO  ProgressMeter -        Current Locus  Elapsed Minutes    Variants Processed  Variants/Minute
13:30:56.743 INFO  CNNScoreVariants - Starting pass 0 through the variants
13:31:09.591 INFO  ProgressMeter -        chr1:97883329              0.2                  1000           4668.9
13:33:00.896 INFO  ProgressMeter -       chr1:220797997              2.1                  2000            966.5
13:34:48.513 INFO  ProgressMeter -       chr2:147899548              3.9                  3000            776.6
13:36:32.185 INFO  ProgressMeter -        chr3:44901577              5.6                  4000            715.5
13:38:18.905 INFO  ProgressMeter -         chr4:2915035              7.4                  5000            678.5
13:40:04.611 INFO  ProgressMeter -        chr5:63961168              9.1                  6000            657.1
13:41:48.300 INFO  ProgressMeter -        chr6:44280214             10.9                  7000            644.6
13:43:34.061 INFO  ProgressMeter -        chr7:64077471             12.6                  8000            633.8
13:45:28.626 INFO  ProgressMeter -        chr8:12133940             14.5                  9000            619.3
13:47:14.950 INFO  ProgressMeter -        chr9:97658694             16.3                 10000            613.4
13:48:59.961 INFO  ProgressMeter -       chr10:89743903             18.1                 11000            609.3
13:50:45.959 INFO  ProgressMeter -       chr11:32935074             19.8                 12000            605.4
13:52:32.758 INFO  ProgressMeter -        chr12:8852296             21.6                 13000            601.8
13:54:18.284 INFO  ProgressMeter -       chr13:25096843             23.4                 14000            599.3
13:56:06.461 INFO  ProgressMeter -      chr14:104949750             25.2                 15000            596.1
13:57:54.921 INFO  ProgressMeter -       chr16:10681998             27.0                 16000            593.3
13:59:41.444 INFO  ProgressMeter -       chr17:18490742             28.7                 17000            591.4
14:01:28.324 INFO  ProgressMeter -       chr18:58535536             30.5                 18000            589.7
14:03:15.028 INFO  ProgressMeter -       chr19:35125412             32.3                 19000            588.1
14:05:01.843 INFO  ProgressMeter -       chr20:35704710             34.1                 20000            586.8
14:06:48.483 INFO  ProgressMeter -       chr22:50217247             35.9                 21000            585.6
14:06:56.329 INFO  CNNScoreVariants - Finished pass 0 through the variants
14:08:32.029 INFO  CNNScoreVariants - Starting pass 1 through the variants
14:08:32.172 INFO  ProgressMeter -        chr1:26557020             37.6                 22000            585.3
14:08:33.523 INFO  CNNScoreVariants - Finished pass 1 through the variants
14:08:33.523 INFO  CNNScoreVariants - No variants filtered by: AllowAllVariantsVariantFilter
14:08:33.585 INFO  CNNScoreVariants - No reads filtered by: (WellformedReadFilter AND ReadGroupBlackListReadFilter)
14:08:33.585 INFO  ProgressMeter -       chr21:44637476             37.6                 42980           1142.7
14:08:33.585 INFO  ProgressMeter - Traversal complete. Processed 42980 total variants in 37.6 minutes.
14:08:33.585 INFO  CNNScoreVariants - Done scoring variants with CNN.
14:08:33.769 INFO  CNNScoreVariants - Shutting down engine
[October 9, 2021 2:08:33 PM UTC] org.broadinstitute.hellbender.tools.walkers.vqsr.CNNScoreVariants done. Elapsed time: 37.70 minutes.
Runtime.totalMemory()=2076049408
Using GATK jar /gatk/gatk-package-4.1.3.0-local.jar
Running:
    java -Dsamjdk.use_async_io_read_samtools=false -Dsamjdk.use_async_io_write_samtools=true -Dsamjdk.use_async_io_write_tribble=false -Dsamjdk.compression_level=2 -Xmx50G -jar /gatk/gatk-package-4.1.3.0-local.jar CNNScoreVariants -I /fs03/pg32/zarul/results/preprocessing/gatk_applybqsr/JH19037_recal.bam -V /fs03/pg32/zarul/results/single_calling/genotype_gvcf/JH19037.vcf.gz -R /fs03/pg32/zarul/results/GRCh38_full_analysis_set_plus_decoy_hla.fa -O /fs03/pg32/zarul/results/single_calling/cnnscorevariants/JH19037.vcf.gz -tensor-type read_tensor
INFO:    Cleaning up image...
Touching output file /fs03/pg32/zarul/results/single_calling/cnnscorevariants/.temp_JH19037.
[Sun Oct 10 01:08:37 2021]
Finished job 0.
1 of 1 steps (100%) done
