Building DAG of jobs...
Using shell: /bin/bash
Provided cores: 1 (use --cores to define parallelism)
Rules claiming more threads will be scaled down.
Select jobs to execute...

[Sun Oct 10 00:11:42 2021]
rule cnnscorevariants:
    input: /fs03/pg32/zarul/results/single_calling/genotype_gvcf/JH19001.vcf.gz, /fs03/pg32/zarul/results/single_calling/genotype_gvcf/JH19001.vcf.gz.tbi, /fs03/pg32/zarul/results/preprocessing/gatk_applybqsr/JH19001_recal.bam, /fs03/pg32/zarul/results/preprocessing/gatk_applybqsr/JH19001_recal.bai, /fs03/pg32/zarul/results/GRCh38_full_analysis_set_plus_decoy_hla.fa
    output: /fs03/pg32/zarul/results/single_calling/cnnscorevariants/JH19001.vcf.gz, /fs03/pg32/zarul/results/single_calling/cnnscorevariants/JH19001.vcf.gz.tbi, /fs03/pg32/zarul/results/single_calling/cnnscorevariants/.temp_JH19001
    log: /fs03/pg32/zarul/results/log/single_calling/cnnscorevariants/JH19001.log
    jobid: 0
    wildcards: sample=JH19001
    resources: mem_mb=50000, disk_mb=30792, tmpdir=/tmp

Activating singularity image /projects/pg32/WES_preliminary_analyses/.snakemake/singularity/c25fcccac22093779d3bc7c101442daf.simg
INFO:    Converting SIF file to temporary sandbox...
13:12:07.576 INFO  NativeLibraryLoader - Loading libgkl_compression.so from jar:file:/gatk/gatk-package-4.1.3.0-local.jar!/com/intel/gkl/native/libgkl_compression.so
13:12:08.110 INFO  CNNScoreVariants - ------------------------------------------------------------
13:12:08.110 INFO  CNNScoreVariants - The Genome Analysis Toolkit (GATK) v4.1.3.0
13:12:08.110 INFO  CNNScoreVariants - For support and documentation go to https://software.broadinstitute.org/gatk/
13:12:08.110 INFO  CNNScoreVariants - Executing as mzar0002@m3j008 on Linux v3.10.0-1160.11.1.el7.x86_64 amd64
13:12:08.110 INFO  CNNScoreVariants - Java runtime: OpenJDK 64-Bit Server VM v1.8.0_191-8u191-b12-0ubuntu0.16.04.1-b12
13:12:08.110 INFO  CNNScoreVariants - Start Date/Time: October 9, 2021 1:12:07 PM UTC
13:12:08.110 INFO  CNNScoreVariants - ------------------------------------------------------------
13:12:08.110 INFO  CNNScoreVariants - ------------------------------------------------------------
13:12:08.111 INFO  CNNScoreVariants - HTSJDK Version: 2.20.1
13:12:08.111 INFO  CNNScoreVariants - Picard Version: 2.20.5
13:12:08.111 INFO  CNNScoreVariants - HTSJDK Defaults.COMPRESSION_LEVEL : 2
13:12:08.111 INFO  CNNScoreVariants - HTSJDK Defaults.USE_ASYNC_IO_READ_FOR_SAMTOOLS : false
13:12:08.111 INFO  CNNScoreVariants - HTSJDK Defaults.USE_ASYNC_IO_WRITE_FOR_SAMTOOLS : true
13:12:08.111 INFO  CNNScoreVariants - HTSJDK Defaults.USE_ASYNC_IO_WRITE_FOR_TRIBBLE : false
13:12:08.111 INFO  CNNScoreVariants - Deflater: IntelDeflater
13:12:08.111 INFO  CNNScoreVariants - Inflater: IntelInflater
13:12:08.111 INFO  CNNScoreVariants - GCS max retries/reopens: 20
13:12:08.111 INFO  CNNScoreVariants - Requester pays: disabled
13:12:08.112 INFO  CNNScoreVariants - Initializing engine
13:12:08.946 INFO  FeatureManager - Using codec VCFCodec to read file file:///fs03/pg32/zarul/results/single_calling/genotype_gvcf/JH19001.vcf.gz
13:12:09.255 INFO  CNNScoreVariants - Done initializing engine
13:12:09.256 INFO  NativeLibraryLoader - Loading libgkl_utils.so from jar:file:/gatk/gatk-package-4.1.3.0-local.jar!/com/intel/gkl/native/libgkl_utils.so
13:12:11.513 INFO  CNNScoreVariants - Using key:CNN_2D for CNN architecture:/tmp/small_2d.7346028107715514933.json and weights:/tmp/small_2d.2774644549606792815.hd5
13:12:12.235 INFO  ProgressMeter - Starting traversal
13:12:12.235 INFO  ProgressMeter -        Current Locus  Elapsed Minutes    Variants Processed  Variants/Minute
13:12:12.239 INFO  CNNScoreVariants - Starting pass 0 through the variants
13:12:22.614 INFO  ProgressMeter -        chr1:91720100              0.2                  1000           5781.5
13:13:39.940 INFO  ProgressMeter -       chr1:209628174              1.5                  2000           1368.2
13:14:51.811 INFO  ProgressMeter -       chr2:119157933              2.7                  3000           1128.0
13:16:02.454 INFO  ProgressMeter -        chr3:38365282              3.8                  4000           1042.5
13:17:13.123 INFO  ProgressMeter -         chr4:2904980              5.0                  5000            997.0
13:18:23.812 INFO  ProgressMeter -        chr5:61332584              6.2                  6000            968.8
13:19:30.915 INFO  ProgressMeter -        chr6:43670899              7.3                  7000            957.4
13:20:41.551 INFO  ProgressMeter -        chr7:64219755              8.5                  8000            942.4
13:21:58.006 INFO  ProgressMeter -        chr8:22727205              9.8                  9000            921.9
13:23:09.103 INFO  ProgressMeter -       chr9:113390611             10.9                 10000            913.4
13:24:20.750 INFO  ProgressMeter -      chr10:104060198             12.1                 11000            906.0
13:25:32.605 INFO  ProgressMeter -       chr11:61783884             13.3                 12000            899.6
13:26:45.239 INFO  ProgressMeter -       chr12:31984918             14.6                 13000            893.5
13:27:56.046 INFO  ProgressMeter -       chr13:38689594             15.7                 14000            890.0
13:29:15.622 INFO  ProgressMeter -       chr15:20534506             17.1                 15000            879.4
13:30:23.163 INFO  ProgressMeter -       chr16:21261270             18.2                 16000            880.0
13:31:38.430 INFO  ProgressMeter -       chr17:21415636             19.4                 17000            874.6
13:32:53.807 INFO  ProgressMeter -       chr18:57648500             20.7                 18000            869.9
13:34:07.563 INFO  ProgressMeter -       chr19:38504798             21.9                 19000            866.7
13:35:23.709 INFO  ProgressMeter -       chr20:38360727             23.2                 20000            862.4
13:36:38.764 INFO  ProgressMeter -        chrX:12716232             24.4                 21000            859.2
13:36:42.326 INFO  CNNScoreVariants - Finished pass 0 through the variants
13:37:33.279 INFO  CNNScoreVariants - Starting pass 1 through the variants
13:37:33.431 INFO  ProgressMeter -        chr1:45607817             25.4                 22000            867.7
13:37:34.262 INFO  CNNScoreVariants - Finished pass 1 through the variants
13:37:34.262 INFO  CNNScoreVariants - No variants filtered by: AllowAllVariantsVariantFilter
13:37:34.327 INFO  CNNScoreVariants - No reads filtered by: (WellformedReadFilter AND ReadGroupBlackListReadFilter)
13:37:34.327 INFO  ProgressMeter -       chr22:31277130             25.4                 42586           1678.7
13:37:34.327 INFO  ProgressMeter - Traversal complete. Processed 42586 total variants in 25.4 minutes.
13:37:34.327 INFO  CNNScoreVariants - Done scoring variants with CNN.
13:37:34.478 INFO  CNNScoreVariants - Shutting down engine
[October 9, 2021 1:37:34 PM UTC] org.broadinstitute.hellbender.tools.walkers.vqsr.CNNScoreVariants done. Elapsed time: 25.45 minutes.
Runtime.totalMemory()=2076049408
Using GATK jar /gatk/gatk-package-4.1.3.0-local.jar
Running:
    java -Dsamjdk.use_async_io_read_samtools=false -Dsamjdk.use_async_io_write_samtools=true -Dsamjdk.use_async_io_write_tribble=false -Dsamjdk.compression_level=2 -Xmx50G -jar /gatk/gatk-package-4.1.3.0-local.jar CNNScoreVariants -I /fs03/pg32/zarul/results/preprocessing/gatk_applybqsr/JH19001_recal.bam -V /fs03/pg32/zarul/results/single_calling/genotype_gvcf/JH19001.vcf.gz -R /fs03/pg32/zarul/results/GRCh38_full_analysis_set_plus_decoy_hla.fa -O /fs03/pg32/zarul/results/single_calling/cnnscorevariants/JH19001.vcf.gz -tensor-type read_tensor
INFO:    Cleaning up image...
Touching output file /fs03/pg32/zarul/results/single_calling/cnnscorevariants/.temp_JH19001.
[Sun Oct 10 00:37:37 2021]
Finished job 0.
1 of 1 steps (100%) done
