Building DAG of jobs...
Using shell: /bin/bash
Provided cores: 1 (use --cores to define parallelism)
Rules claiming more threads will be scaled down.
Select jobs to execute...

[Sun Oct 10 01:02:12 2021]
rule cnnscorevariants:
    input: /fs03/pg32/zarul/results/single_calling/genotype_gvcf/JH19006.vcf.gz, /fs03/pg32/zarul/results/single_calling/genotype_gvcf/JH19006.vcf.gz.tbi, /fs03/pg32/zarul/results/preprocessing/gatk_applybqsr/JH19006_recal.bam, /fs03/pg32/zarul/results/preprocessing/gatk_applybqsr/JH19006_recal.bai, /fs03/pg32/zarul/results/GRCh38_full_analysis_set_plus_decoy_hla.fa
    output: /fs03/pg32/zarul/results/single_calling/cnnscorevariants/JH19006.vcf.gz, /fs03/pg32/zarul/results/single_calling/cnnscorevariants/JH19006.vcf.gz.tbi, /fs03/pg32/zarul/results/single_calling/cnnscorevariants/.temp_JH19006
    log: /fs03/pg32/zarul/results/log/single_calling/cnnscorevariants/JH19006.log
    jobid: 0
    wildcards: sample=JH19006
    resources: mem_mb=50000, disk_mb=25070, tmpdir=/tmp

Activating singularity image /projects/pg32/WES_preliminary_analyses/.snakemake/singularity/c25fcccac22093779d3bc7c101442daf.simg
INFO:    Converting SIF file to temporary sandbox...
14:02:40.361 INFO  NativeLibraryLoader - Loading libgkl_compression.so from jar:file:/gatk/gatk-package-4.1.3.0-local.jar!/com/intel/gkl/native/libgkl_compression.so
14:02:40.928 INFO  CNNScoreVariants - ------------------------------------------------------------
14:02:40.929 INFO  CNNScoreVariants - The Genome Analysis Toolkit (GATK) v4.1.3.0
14:02:40.929 INFO  CNNScoreVariants - For support and documentation go to https://software.broadinstitute.org/gatk/
14:02:40.929 INFO  CNNScoreVariants - Executing as mzar0002@m3i016 on Linux v3.10.0-1160.11.1.el7.x86_64 amd64
14:02:40.929 INFO  CNNScoreVariants - Java runtime: OpenJDK 64-Bit Server VM v1.8.0_191-8u191-b12-0ubuntu0.16.04.1-b12
14:02:40.929 INFO  CNNScoreVariants - Start Date/Time: October 9, 2021 2:02:40 PM UTC
14:02:40.929 INFO  CNNScoreVariants - ------------------------------------------------------------
14:02:40.929 INFO  CNNScoreVariants - ------------------------------------------------------------
14:02:40.930 INFO  CNNScoreVariants - HTSJDK Version: 2.20.1
14:02:40.930 INFO  CNNScoreVariants - Picard Version: 2.20.5
14:02:40.930 INFO  CNNScoreVariants - HTSJDK Defaults.COMPRESSION_LEVEL : 2
14:02:40.930 INFO  CNNScoreVariants - HTSJDK Defaults.USE_ASYNC_IO_READ_FOR_SAMTOOLS : false
14:02:40.930 INFO  CNNScoreVariants - HTSJDK Defaults.USE_ASYNC_IO_WRITE_FOR_SAMTOOLS : true
14:02:40.930 INFO  CNNScoreVariants - HTSJDK Defaults.USE_ASYNC_IO_WRITE_FOR_TRIBBLE : false
14:02:40.930 INFO  CNNScoreVariants - Deflater: IntelDeflater
14:02:40.930 INFO  CNNScoreVariants - Inflater: IntelInflater
14:02:40.930 INFO  CNNScoreVariants - GCS max retries/reopens: 20
14:02:40.930 INFO  CNNScoreVariants - Requester pays: disabled
14:02:40.930 INFO  CNNScoreVariants - Initializing engine
14:02:41.887 INFO  FeatureManager - Using codec VCFCodec to read file file:///fs03/pg32/zarul/results/single_calling/genotype_gvcf/JH19006.vcf.gz
14:02:42.284 INFO  CNNScoreVariants - Done initializing engine
14:02:42.285 INFO  NativeLibraryLoader - Loading libgkl_utils.so from jar:file:/gatk/gatk-package-4.1.3.0-local.jar!/com/intel/gkl/native/libgkl_utils.so
14:02:44.597 INFO  CNNScoreVariants - Using key:CNN_2D for CNN architecture:/tmp/small_2d.6769584302638089849.json and weights:/tmp/small_2d.2893483995465645473.hd5
14:02:45.344 INFO  ProgressMeter - Starting traversal
14:02:45.344 INFO  ProgressMeter -        Current Locus  Elapsed Minutes    Variants Processed  Variants/Minute
14:02:45.349 INFO  CNNScoreVariants - Starting pass 0 through the variants
14:02:56.301 INFO  ProgressMeter -       chr1:109267922              0.2                  1000           5476.5
14:04:11.199 INFO  ProgressMeter -       chr1:230683580              1.4                  2000           1397.7
14:05:22.378 INFO  ProgressMeter -       chr2:159881152              2.6                  3000           1146.2
14:06:31.327 INFO  ProgressMeter -        chr3:52476576              3.8                  4000           1062.0
14:07:40.615 INFO  ProgressMeter -        chr4:73585356              4.9                  5000           1016.0
14:08:47.855 INFO  ProgressMeter -       chr5:140631883              6.0                  6000            993.1
14:09:54.597 INFO  ProgressMeter -       chr6:137198101              7.2                  7000            978.4
14:11:04.604 INFO  ProgressMeter -       chr7:100994877              8.3                  8000            961.4
14:12:19.428 INFO  ProgressMeter -       chr8:139988737              9.6                  9000            940.6
14:13:30.094 INFO  ProgressMeter -       chr9:138023718             10.7                 10000            930.6
14:14:39.746 INFO  ProgressMeter -        chr11:1185057             11.9                 11000            923.8
14:15:51.396 INFO  ProgressMeter -       chr11:93784720             13.1                 12000            916.0
14:17:01.624 INFO  ProgressMeter -      chr12:105040689             14.3                 13000            910.9
14:18:09.997 INFO  ProgressMeter -       chr14:64469002             15.4                 14000            908.4
14:19:22.317 INFO  ProgressMeter -       chr15:99974409             16.6                 15000            902.7
14:20:34.601 INFO  ProgressMeter -        chr17:6620978             17.8                 16000            897.8
14:21:47.453 INFO  ProgressMeter -        chr18:9888072             19.0                 17000            893.1
14:22:58.306 INFO  ProgressMeter -       chr19:17219251             20.2                 18000            890.4
14:24:11.537 INFO  ProgressMeter -       chr19:58417769             21.4                 19000            886.3
14:25:23.887 INFO  ProgressMeter -       chr22:42640239             22.6                 20000            883.3
14:25:27.546 WARN  CNNScoreVariants - No reads at contig:chrX site:57910015
14:25:27.556 WARN  CNNScoreVariants - No reads at contig:chrX site:57910016
14:26:01.524 INFO  CNNScoreVariants - Finished pass 0 through the variants
14:26:41.959 INFO  CNNScoreVariants - Starting pass 1 through the variants
14:26:42.070 INFO  ProgressMeter -        chr1:23091660             23.9                 21000            877.0
14:26:42.991 INFO  CNNScoreVariants - Finished pass 1 through the variants
14:26:42.991 INFO  CNNScoreVariants - No variants filtered by: AllowAllVariantsVariantFilter
14:26:42.993 INFO  CNNScoreVariants - No reads filtered by: (WellformedReadFilter AND ReadGroupBlackListReadFilter)
14:26:42.993 INFO  ProgressMeter -       chrX:102937765             24.0                 41180           1718.6
14:26:42.993 INFO  ProgressMeter - Traversal complete. Processed 41180 total variants in 24.0 minutes.
14:26:42.993 INFO  CNNScoreVariants - Done scoring variants with CNN.
14:26:43.136 INFO  CNNScoreVariants - Shutting down engine
[October 9, 2021 2:26:43 PM UTC] org.broadinstitute.hellbender.tools.walkers.vqsr.CNNScoreVariants done. Elapsed time: 24.05 minutes.
Runtime.totalMemory()=2076049408
Using GATK jar /gatk/gatk-package-4.1.3.0-local.jar
Running:
    java -Dsamjdk.use_async_io_read_samtools=false -Dsamjdk.use_async_io_write_samtools=true -Dsamjdk.use_async_io_write_tribble=false -Dsamjdk.compression_level=2 -Xmx50G -jar /gatk/gatk-package-4.1.3.0-local.jar CNNScoreVariants -I /fs03/pg32/zarul/results/preprocessing/gatk_applybqsr/JH19006_recal.bam -V /fs03/pg32/zarul/results/single_calling/genotype_gvcf/JH19006.vcf.gz -R /fs03/pg32/zarul/results/GRCh38_full_analysis_set_plus_decoy_hla.fa -O /fs03/pg32/zarul/results/single_calling/cnnscorevariants/JH19006.vcf.gz -tensor-type read_tensor
INFO:    Cleaning up image...
Touching output file /fs03/pg32/zarul/results/single_calling/cnnscorevariants/.temp_JH19006.
[Sun Oct 10 01:26:45 2021]
Finished job 0.
1 of 1 steps (100%) done
