Building DAG of jobs...
Using shell: /bin/bash
Provided cores: 1 (use --cores to define parallelism)
Rules claiming more threads will be scaled down.
Select jobs to execute...

[Sun Oct 10 00:34:21 2021]
rule cnnscorevariants:
    input: /fs03/pg32/zarul/results/single_calling/genotype_gvcf/JH19026.vcf.gz, /fs03/pg32/zarul/results/single_calling/genotype_gvcf/JH19026.vcf.gz.tbi, /fs03/pg32/zarul/results/preprocessing/gatk_applybqsr/JH19026_recal.bam, /fs03/pg32/zarul/results/preprocessing/gatk_applybqsr/JH19026_recal.bai, /fs03/pg32/zarul/results/GRCh38_full_analysis_set_plus_decoy_hla.fa
    output: /fs03/pg32/zarul/results/single_calling/cnnscorevariants/JH19026.vcf.gz, /fs03/pg32/zarul/results/single_calling/cnnscorevariants/JH19026.vcf.gz.tbi, /fs03/pg32/zarul/results/single_calling/cnnscorevariants/.temp_JH19026
    log: /fs03/pg32/zarul/results/log/single_calling/cnnscorevariants/JH19026.log
    jobid: 0
    wildcards: sample=JH19026
    resources: mem_mb=50000, disk_mb=25703, tmpdir=/tmp

Activating singularity image /projects/pg32/WES_preliminary_analyses/.snakemake/singularity/c25fcccac22093779d3bc7c101442daf.simg
INFO:    Converting SIF file to temporary sandbox...
13:34:48.196 INFO  NativeLibraryLoader - Loading libgkl_compression.so from jar:file:/gatk/gatk-package-4.1.3.0-local.jar!/com/intel/gkl/native/libgkl_compression.so
13:34:48.750 INFO  CNNScoreVariants - ------------------------------------------------------------
13:34:48.750 INFO  CNNScoreVariants - The Genome Analysis Toolkit (GATK) v4.1.3.0
13:34:48.750 INFO  CNNScoreVariants - For support and documentation go to https://software.broadinstitute.org/gatk/
13:34:48.750 INFO  CNNScoreVariants - Executing as mzar0002@m3j000 on Linux v3.10.0-1160.11.1.el7.x86_64 amd64
13:34:48.750 INFO  CNNScoreVariants - Java runtime: OpenJDK 64-Bit Server VM v1.8.0_191-8u191-b12-0ubuntu0.16.04.1-b12
13:34:48.750 INFO  CNNScoreVariants - Start Date/Time: October 9, 2021 1:34:48 PM UTC
13:34:48.750 INFO  CNNScoreVariants - ------------------------------------------------------------
13:34:48.750 INFO  CNNScoreVariants - ------------------------------------------------------------
13:34:48.751 INFO  CNNScoreVariants - HTSJDK Version: 2.20.1
13:34:48.751 INFO  CNNScoreVariants - Picard Version: 2.20.5
13:34:48.751 INFO  CNNScoreVariants - HTSJDK Defaults.COMPRESSION_LEVEL : 2
13:34:48.751 INFO  CNNScoreVariants - HTSJDK Defaults.USE_ASYNC_IO_READ_FOR_SAMTOOLS : false
13:34:48.751 INFO  CNNScoreVariants - HTSJDK Defaults.USE_ASYNC_IO_WRITE_FOR_SAMTOOLS : true
13:34:48.751 INFO  CNNScoreVariants - HTSJDK Defaults.USE_ASYNC_IO_WRITE_FOR_TRIBBLE : false
13:34:48.751 INFO  CNNScoreVariants - Deflater: IntelDeflater
13:34:48.752 INFO  CNNScoreVariants - Inflater: IntelInflater
13:34:48.752 INFO  CNNScoreVariants - GCS max retries/reopens: 20
13:34:48.752 INFO  CNNScoreVariants - Requester pays: disabled
13:34:48.752 INFO  CNNScoreVariants - Initializing engine
13:34:49.698 INFO  FeatureManager - Using codec VCFCodec to read file file:///fs03/pg32/zarul/results/single_calling/genotype_gvcf/JH19026.vcf.gz
13:34:50.098 INFO  CNNScoreVariants - Done initializing engine
13:34:50.099 INFO  NativeLibraryLoader - Loading libgkl_utils.so from jar:file:/gatk/gatk-package-4.1.3.0-local.jar!/com/intel/gkl/native/libgkl_utils.so
13:34:52.421 INFO  CNNScoreVariants - Using key:CNN_2D for CNN architecture:/tmp/small_2d.7101762234454490250.json and weights:/tmp/small_2d.8274914576510970365.hd5
13:34:53.183 INFO  ProgressMeter - Starting traversal
13:34:53.183 INFO  ProgressMeter -        Current Locus  Elapsed Minutes    Variants Processed  Variants/Minute
13:34:53.188 INFO  CNNScoreVariants - Starting pass 0 through the variants
13:35:05.142 INFO  ProgressMeter -        chr1:92607671              0.2                  1000           5017.6
13:36:32.735 INFO  ProgressMeter -       chr1:216519327              1.7                  2000           1205.4
13:37:53.065 INFO  ProgressMeter -       chr2:130763090              3.0                  3000           1000.7
13:39:11.679 INFO  ProgressMeter -        chr3:49687375              4.3                  4000            928.4
13:40:29.468 INFO  ProgressMeter -        chr4:26584259              5.6                  5000            892.1
13:41:46.564 INFO  ProgressMeter -       chr5:113043592              6.9                  6000            870.9
13:43:00.731 INFO  ProgressMeter -        chr6:56639763              8.1                  7000            861.5
13:44:15.671 INFO  ProgressMeter -        chr7:93889174              9.4                  8000            853.4
13:45:34.408 INFO  ProgressMeter -        chr8:73615761             10.7                  9000            842.1
13:46:50.192 INFO  ProgressMeter -       chr9:127944802             12.0                 10000            836.8
13:48:05.973 INFO  ProgressMeter -      chr10:122598904             13.2                 11000            832.5
13:49:21.463 INFO  ProgressMeter -       chr11:74493682             14.5                 12000            829.2
13:50:38.572 INFO  ProgressMeter -       chr12:80506122             15.8                 13000            825.1
13:51:53.980 INFO  ProgressMeter -       chr14:52068930             17.0                 14000            822.9
13:53:13.820 INFO  ProgressMeter -       chr15:89480327             18.3                 15000            817.7
13:54:32.410 INFO  ProgressMeter -        chr17:1280170             19.7                 16000            814.1
13:55:49.679 INFO  ProgressMeter -       chr17:76290001             20.9                 17000            811.8
13:57:07.899 INFO  ProgressMeter -       chr19:10368160             22.2                 18000            809.2
13:58:26.638 INFO  ProgressMeter -       chr19:51994690             23.6                 19000            806.5
13:59:44.551 INFO  ProgressMeter -       chr21:44612177             24.9                 20000            804.6
14:00:26.997 INFO  CNNScoreVariants - Finished pass 0 through the variants
14:01:25.677 INFO  CNNScoreVariants - Starting pass 1 through the variants
14:01:25.740 INFO  ProgressMeter -        chr1:11081130             26.5                 21000            791.2
14:01:26.631 INFO  CNNScoreVariants - Finished pass 1 through the variants
14:01:26.631 INFO  CNNScoreVariants - No variants filtered by: AllowAllVariantsVariantFilter
14:01:26.633 INFO  CNNScoreVariants - No reads filtered by: (WellformedReadFilter AND ReadGroupBlackListReadFilter)
14:01:26.633 INFO  ProgressMeter -       chr22:21469313             26.6                 41670           1569.0
14:01:26.633 INFO  ProgressMeter - Traversal complete. Processed 41670 total variants in 26.6 minutes.
14:01:26.633 INFO  CNNScoreVariants - Done scoring variants with CNN.
14:01:26.760 INFO  CNNScoreVariants - Shutting down engine
[October 9, 2021 2:01:26 PM UTC] org.broadinstitute.hellbender.tools.walkers.vqsr.CNNScoreVariants done. Elapsed time: 26.64 minutes.
Runtime.totalMemory()=2076049408
Using GATK jar /gatk/gatk-package-4.1.3.0-local.jar
Running:
    java -Dsamjdk.use_async_io_read_samtools=false -Dsamjdk.use_async_io_write_samtools=true -Dsamjdk.use_async_io_write_tribble=false -Dsamjdk.compression_level=2 -Xmx50G -jar /gatk/gatk-package-4.1.3.0-local.jar CNNScoreVariants -I /fs03/pg32/zarul/results/preprocessing/gatk_applybqsr/JH19026_recal.bam -V /fs03/pg32/zarul/results/single_calling/genotype_gvcf/JH19026.vcf.gz -R /fs03/pg32/zarul/results/GRCh38_full_analysis_set_plus_decoy_hla.fa -O /fs03/pg32/zarul/results/single_calling/cnnscorevariants/JH19026.vcf.gz -tensor-type read_tensor
INFO:    Cleaning up image...
Touching output file /fs03/pg32/zarul/results/single_calling/cnnscorevariants/.temp_JH19026.
[Sun Oct 10 01:01:29 2021]
Finished job 0.
1 of 1 steps (100%) done
