Building DAG of jobs...
Using shell: /bin/bash
Provided cores: 1 (use --cores to define parallelism)
Rules claiming more threads will be scaled down.
Select jobs to execute...

[Sat Oct  9 23:17:17 2021]
rule cnnscorevariants:
    input: /fs03/pg32/zarul/results/single_calling/genotype_gvcf/JH19039.vcf.gz, /fs03/pg32/zarul/results/single_calling/genotype_gvcf/JH19039.vcf.gz.tbi, /fs03/pg32/zarul/results/preprocessing/gatk_applybqsr/JH19039_recal.bam, /fs03/pg32/zarul/results/preprocessing/gatk_applybqsr/JH19039_recal.bai, /fs03/pg32/zarul/results/GRCh38_full_analysis_set_plus_decoy_hla.fa
    output: /fs03/pg32/zarul/results/single_calling/cnnscorevariants/JH19039.vcf.gz, /fs03/pg32/zarul/results/single_calling/cnnscorevariants/JH19039.vcf.gz.tbi, /fs03/pg32/zarul/results/single_calling/cnnscorevariants/.temp_JH19039
    log: /fs03/pg32/zarul/results/log/single_calling/cnnscorevariants/JH19039.log
    jobid: 0
    wildcards: sample=JH19039
    resources: mem_mb=50000, disk_mb=32426, tmpdir=/tmp

Activating singularity image /projects/pg32/WES_preliminary_analyses/.snakemake/singularity/c25fcccac22093779d3bc7c101442daf.simg
INFO:    Converting SIF file to temporary sandbox...
12:17:42.478 INFO  NativeLibraryLoader - Loading libgkl_compression.so from jar:file:/gatk/gatk-package-4.1.3.0-local.jar!/com/intel/gkl/native/libgkl_compression.so
12:17:42.946 INFO  CNNScoreVariants - ------------------------------------------------------------
12:17:42.947 INFO  CNNScoreVariants - The Genome Analysis Toolkit (GATK) v4.1.3.0
12:17:42.947 INFO  CNNScoreVariants - For support and documentation go to https://software.broadinstitute.org/gatk/
12:17:42.947 INFO  CNNScoreVariants - Executing as mzar0002@m3j008 on Linux v3.10.0-1160.11.1.el7.x86_64 amd64
12:17:42.947 INFO  CNNScoreVariants - Java runtime: OpenJDK 64-Bit Server VM v1.8.0_191-8u191-b12-0ubuntu0.16.04.1-b12
12:17:42.947 INFO  CNNScoreVariants - Start Date/Time: October 9, 2021 12:17:42 PM UTC
12:17:42.947 INFO  CNNScoreVariants - ------------------------------------------------------------
12:17:42.947 INFO  CNNScoreVariants - ------------------------------------------------------------
12:17:42.948 INFO  CNNScoreVariants - HTSJDK Version: 2.20.1
12:17:42.948 INFO  CNNScoreVariants - Picard Version: 2.20.5
12:17:42.948 INFO  CNNScoreVariants - HTSJDK Defaults.COMPRESSION_LEVEL : 2
12:17:42.948 INFO  CNNScoreVariants - HTSJDK Defaults.USE_ASYNC_IO_READ_FOR_SAMTOOLS : false
12:17:42.948 INFO  CNNScoreVariants - HTSJDK Defaults.USE_ASYNC_IO_WRITE_FOR_SAMTOOLS : true
12:17:42.948 INFO  CNNScoreVariants - HTSJDK Defaults.USE_ASYNC_IO_WRITE_FOR_TRIBBLE : false
12:17:42.948 INFO  CNNScoreVariants - Deflater: IntelDeflater
12:17:42.948 INFO  CNNScoreVariants - Inflater: IntelInflater
12:17:42.948 INFO  CNNScoreVariants - GCS max retries/reopens: 20
12:17:42.948 INFO  CNNScoreVariants - Requester pays: disabled
12:17:42.948 INFO  CNNScoreVariants - Initializing engine
12:17:43.805 INFO  FeatureManager - Using codec VCFCodec to read file file:///fs03/pg32/zarul/results/single_calling/genotype_gvcf/JH19039.vcf.gz
12:17:44.186 INFO  CNNScoreVariants - Done initializing engine
12:17:44.187 INFO  NativeLibraryLoader - Loading libgkl_utils.so from jar:file:/gatk/gatk-package-4.1.3.0-local.jar!/com/intel/gkl/native/libgkl_utils.so
12:17:46.383 INFO  CNNScoreVariants - Using key:CNN_2D for CNN architecture:/tmp/small_2d.2067317282076818900.json and weights:/tmp/small_2d.2944898800474868596.hd5
12:17:47.111 INFO  ProgressMeter - Starting traversal
12:17:47.111 INFO  ProgressMeter -        Current Locus  Elapsed Minutes    Variants Processed  Variants/Minute
12:17:47.115 INFO  CNNScoreVariants - Starting pass 0 through the variants
12:17:58.771 INFO  ProgressMeter -       chr1:109508840              0.2                  1000           5146.2
12:19:19.281 INFO  ProgressMeter -       chr1:228316771              1.5                  2000           1302.0
12:20:34.252 INFO  ProgressMeter -       chr2:151565562              2.8                  3000           1076.9
12:21:47.869 INFO  ProgressMeter -        chr3:49722606              4.0                  4000            996.9
12:23:01.435 INFO  ProgressMeter -        chr4:25124081              5.2                  5000            954.4
12:24:13.288 INFO  ProgressMeter -        chr5:83579981              6.4                  6000            932.2
12:25:24.164 INFO  ProgressMeter -        chr6:43025070              7.6                  7000            918.9
12:26:38.016 INFO  ProgressMeter -        chr7:72728899              8.8                  8000            904.1
12:27:58.658 INFO  ProgressMeter -        chr8:24404013             10.2                  9000            883.0
12:29:12.379 INFO  ProgressMeter -       chr9:114671405             11.4                 10000            875.6
12:30:27.018 INFO  ProgressMeter -      chr10:110602112             12.7                 11000            868.5
12:31:41.482 INFO  ProgressMeter -       chr11:64371433             13.9                 12000            862.9
12:32:56.044 INFO  ProgressMeter -       chr12:52383655             15.1                 13000            858.1
12:34:08.748 INFO  ProgressMeter -      chr13:112068121             16.4                 14000            855.7
12:35:22.519 INFO  ProgressMeter -       chr15:69033241             17.6                 15000            852.8
12:36:37.770 INFO  ProgressMeter -       chr16:78432540             18.8                 16000            849.1
12:37:54.400 INFO  ProgressMeter -       chr17:58543998             20.1                 17000            844.9
12:39:09.527 INFO  ProgressMeter -        chr19:5831623             21.4                 18000            842.2
12:40:25.355 INFO  ProgressMeter -       chr19:49908485             22.6                 19000            839.3
12:41:38.358 INFO  ProgressMeter -       chr21:39660877             23.9                 20000            838.4
12:42:49.641 INFO  ProgressMeter -       chrX:136392261             25.0                 21000            838.6
12:42:51.530 INFO  CNNScoreVariants - Finished pass 0 through the variants
12:43:31.650 INFO  CNNScoreVariants - Starting pass 1 through the variants
12:43:31.850 INFO  ProgressMeter -        chr1:88983716             25.7                 22000            854.5
12:43:32.629 INFO  CNNScoreVariants - Finished pass 1 through the variants
12:43:32.629 INFO  CNNScoreVariants - No variants filtered by: AllowAllVariantsVariantFilter
12:43:32.708 INFO  CNNScoreVariants - No reads filtered by: (WellformedReadFilter AND ReadGroupBlackListReadFilter)
12:43:32.708 INFO  ProgressMeter -        chrX:72181757             25.8                 42210           1638.6
12:43:32.708 INFO  ProgressMeter - Traversal complete. Processed 42210 total variants in 25.8 minutes.
12:43:32.708 INFO  CNNScoreVariants - Done scoring variants with CNN.
12:43:32.850 INFO  CNNScoreVariants - Shutting down engine
[October 9, 2021 12:43:32 PM UTC] org.broadinstitute.hellbender.tools.walkers.vqsr.CNNScoreVariants done. Elapsed time: 25.84 minutes.
Runtime.totalMemory()=2076049408
Using GATK jar /gatk/gatk-package-4.1.3.0-local.jar
Running:
    java -Dsamjdk.use_async_io_read_samtools=false -Dsamjdk.use_async_io_write_samtools=true -Dsamjdk.use_async_io_write_tribble=false -Dsamjdk.compression_level=2 -Xmx50G -jar /gatk/gatk-package-4.1.3.0-local.jar CNNScoreVariants -I /fs03/pg32/zarul/results/preprocessing/gatk_applybqsr/JH19039_recal.bam -V /fs03/pg32/zarul/results/single_calling/genotype_gvcf/JH19039.vcf.gz -R /fs03/pg32/zarul/results/GRCh38_full_analysis_set_plus_decoy_hla.fa -O /fs03/pg32/zarul/results/single_calling/cnnscorevariants/JH19039.vcf.gz -tensor-type read_tensor
INFO:    Cleaning up image...
Touching output file /fs03/pg32/zarul/results/single_calling/cnnscorevariants/.temp_JH19039.
[Sat Oct  9 23:43:36 2021]
Finished job 0.
1 of 1 steps (100%) done
