Building DAG of jobs...
Using shell: /bin/bash
Provided cores: 1 (use --cores to define parallelism)
Rules claiming more threads will be scaled down.
Select jobs to execute...

[Sat Oct  9 21:24:18 2021]
rule cnnscorevariants:
    input: /fs03/pg32/zarul/results/single_calling/genotype_gvcf/PRS004.vcf.gz, /fs03/pg32/zarul/results/single_calling/genotype_gvcf/PRS004.vcf.gz.tbi, /fs03/pg32/zarul/results/preprocessing/gatk_applybqsr/PRS004_recal.bam, /fs03/pg32/zarul/results/preprocessing/gatk_applybqsr/PRS004_recal.bai, /fs03/pg32/zarul/results/GRCh38_full_analysis_set_plus_decoy_hla.fa
    output: /fs03/pg32/zarul/results/single_calling/cnnscorevariants/PRS004.vcf.gz, /fs03/pg32/zarul/results/single_calling/cnnscorevariants/PRS004.vcf.gz.tbi, /fs03/pg32/zarul/results/single_calling/cnnscorevariants/.temp_PRS004
    log: /fs03/pg32/zarul/results/log/single_calling/cnnscorevariants/PRS004.log
    jobid: 0
    wildcards: sample=PRS004
    resources: mem_mb=50000, disk_mb=23207, tmpdir=/tmp

Activating singularity image /projects/pg32/WES_preliminary_analyses/.snakemake/singularity/c25fcccac22093779d3bc7c101442daf.simg
INFO:    Converting SIF file to temporary sandbox...
10:24:45.574 INFO  NativeLibraryLoader - Loading libgkl_compression.so from jar:file:/gatk/gatk-package-4.1.3.0-local.jar!/com/intel/gkl/native/libgkl_compression.so
10:24:46.071 INFO  CNNScoreVariants - ------------------------------------------------------------
10:24:46.072 INFO  CNNScoreVariants - The Genome Analysis Toolkit (GATK) v4.1.3.0
10:24:46.072 INFO  CNNScoreVariants - For support and documentation go to https://software.broadinstitute.org/gatk/
10:24:46.072 INFO  CNNScoreVariants - Executing as mzar0002@m3j008 on Linux v3.10.0-1160.11.1.el7.x86_64 amd64
10:24:46.072 INFO  CNNScoreVariants - Java runtime: OpenJDK 64-Bit Server VM v1.8.0_191-8u191-b12-0ubuntu0.16.04.1-b12
10:24:46.072 INFO  CNNScoreVariants - Start Date/Time: October 9, 2021 10:24:45 AM UTC
10:24:46.072 INFO  CNNScoreVariants - ------------------------------------------------------------
10:24:46.072 INFO  CNNScoreVariants - ------------------------------------------------------------
10:24:46.073 INFO  CNNScoreVariants - HTSJDK Version: 2.20.1
10:24:46.073 INFO  CNNScoreVariants - Picard Version: 2.20.5
10:24:46.073 INFO  CNNScoreVariants - HTSJDK Defaults.COMPRESSION_LEVEL : 2
10:24:46.073 INFO  CNNScoreVariants - HTSJDK Defaults.USE_ASYNC_IO_READ_FOR_SAMTOOLS : false
10:24:46.073 INFO  CNNScoreVariants - HTSJDK Defaults.USE_ASYNC_IO_WRITE_FOR_SAMTOOLS : true
10:24:46.073 INFO  CNNScoreVariants - HTSJDK Defaults.USE_ASYNC_IO_WRITE_FOR_TRIBBLE : false
10:24:46.073 INFO  CNNScoreVariants - Deflater: IntelDeflater
10:24:46.073 INFO  CNNScoreVariants - Inflater: IntelInflater
10:24:46.073 INFO  CNNScoreVariants - GCS max retries/reopens: 20
10:24:46.073 INFO  CNNScoreVariants - Requester pays: disabled
10:24:46.073 INFO  CNNScoreVariants - Initializing engine
10:24:46.908 INFO  FeatureManager - Using codec VCFCodec to read file file:///fs03/pg32/zarul/results/single_calling/genotype_gvcf/PRS004.vcf.gz
10:24:47.216 INFO  CNNScoreVariants - Done initializing engine
10:24:47.217 INFO  NativeLibraryLoader - Loading libgkl_utils.so from jar:file:/gatk/gatk-package-4.1.3.0-local.jar!/com/intel/gkl/native/libgkl_utils.so
10:24:49.480 INFO  CNNScoreVariants - Using key:CNN_2D for CNN architecture:/tmp/small_2d.5499529888201641882.json and weights:/tmp/small_2d.1858182270772638575.hd5
10:24:50.198 INFO  ProgressMeter - Starting traversal
10:24:50.199 INFO  ProgressMeter -        Current Locus  Elapsed Minutes    Variants Processed  Variants/Minute
10:24:50.202 INFO  CNNScoreVariants - Starting pass 0 through the variants
10:25:01.003 INFO  ProgressMeter -        chr1:93877677              0.2                  1000           5554.0
10:26:15.482 INFO  ProgressMeter -       chr1:212626528              1.4                  2000           1407.1
10:27:25.890 INFO  ProgressMeter -       chr2:107870874              2.6                  3000           1156.1
10:28:32.629 INFO  ProgressMeter -        chr3:31989643              3.7                  4000           1079.0
10:29:37.154 INFO  ProgressMeter -         chr4:1001517              4.8                  5000           1045.5
10:30:43.137 INFO  ProgressMeter -        chr5:41018350              5.9                  6000           1020.0
10:31:45.090 INFO  ProgressMeter -        chr6:34871910              6.9                  7000           1012.3
10:32:49.852 INFO  ProgressMeter -        chr7:44964464              8.0                  8000           1000.7
10:33:57.607 INFO  ProgressMeter -        chr8:17882029              9.1                  9000            986.5
10:35:03.406 INFO  ProgressMeter -       chr9:104598848             10.2                 10000            978.5
10:36:08.447 INFO  ProgressMeter -       chr10:88778185             11.3                 11000            973.1
10:37:14.930 INFO  ProgressMeter -       chr11:46347717             12.4                 12000            966.8
10:38:21.406 INFO  ProgressMeter -        chr12:6453657             13.5                 13000            961.5
10:39:26.536 INFO  ProgressMeter -       chr13:24426479             14.6                 14000            958.5
10:40:30.820 INFO  ProgressMeter -      chr14:104093582             15.7                 15000            956.8
10:41:41.199 INFO  ProgressMeter -        chr16:3384699             16.9                 16000            949.6
10:42:48.593 INFO  ProgressMeter -       chr17:10711125             18.0                 17000            945.9
10:43:55.842 INFO  ProgressMeter -       chr18:13095592             19.1                 18000            942.7
10:45:02.392 INFO  ProgressMeter -       chr19:32605910             20.2                 19000            940.4
10:46:09.916 INFO  ProgressMeter -        chr20:5952462             21.3                 20000            937.7
10:47:18.390 INFO  ProgressMeter -       chr22:37726115             22.5                 21000            934.6
10:47:52.405 INFO  CNNScoreVariants - Finished pass 0 through the variants
10:48:25.016 INFO  CNNScoreVariants - Starting pass 1 through the variants
10:48:25.099 INFO  ProgressMeter -        chr1:24093006             23.6                 22000            932.9
10:48:26.105 INFO  CNNScoreVariants - Finished pass 1 through the variants
10:48:26.118 INFO  CNNScoreVariants - No variants filtered by: AllowAllVariantsVariantFilter
10:48:26.190 INFO  CNNScoreVariants - No reads filtered by: (WellformedReadFilter AND ReadGroupBlackListReadFilter)
10:48:26.190 INFO  ProgressMeter -       chrX:115192354             23.6                 43112           1826.8
10:48:26.190 INFO  ProgressMeter - Traversal complete. Processed 43112 total variants in 23.6 minutes.
10:48:26.190 INFO  CNNScoreVariants - Done scoring variants with CNN.
10:48:26.349 INFO  CNNScoreVariants - Shutting down engine
[October 9, 2021 10:48:26 AM UTC] org.broadinstitute.hellbender.tools.walkers.vqsr.CNNScoreVariants done. Elapsed time: 23.68 minutes.
Runtime.totalMemory()=2076049408
Using GATK jar /gatk/gatk-package-4.1.3.0-local.jar
Running:
    java -Dsamjdk.use_async_io_read_samtools=false -Dsamjdk.use_async_io_write_samtools=true -Dsamjdk.use_async_io_write_tribble=false -Dsamjdk.compression_level=2 -Xmx50G -jar /gatk/gatk-package-4.1.3.0-local.jar CNNScoreVariants -I /fs03/pg32/zarul/results/preprocessing/gatk_applybqsr/PRS004_recal.bam -V /fs03/pg32/zarul/results/single_calling/genotype_gvcf/PRS004.vcf.gz -R /fs03/pg32/zarul/results/GRCh38_full_analysis_set_plus_decoy_hla.fa -O /fs03/pg32/zarul/results/single_calling/cnnscorevariants/PRS004.vcf.gz -tensor-type read_tensor
INFO:    Cleaning up image...
Touching output file /fs03/pg32/zarul/results/single_calling/cnnscorevariants/.temp_PRS004.
[Sat Oct  9 21:48:29 2021]
Finished job 0.
1 of 1 steps (100%) done
