Building DAG of jobs...
Using shell: /bin/bash
Provided cores: 1 (use --cores to define parallelism)
Rules claiming more threads will be scaled down.
Select jobs to execute...

[Sat Oct  9 21:50:25 2021]
rule cnnscorevariants:
    input: /fs03/pg32/zarul/results/single_calling/genotype_gvcf/PRS068.vcf.gz, /fs03/pg32/zarul/results/single_calling/genotype_gvcf/PRS068.vcf.gz.tbi, /fs03/pg32/zarul/results/preprocessing/gatk_applybqsr/PRS068_recal.bam, /fs03/pg32/zarul/results/preprocessing/gatk_applybqsr/PRS068_recal.bai, /fs03/pg32/zarul/results/GRCh38_full_analysis_set_plus_decoy_hla.fa
    output: /fs03/pg32/zarul/results/single_calling/cnnscorevariants/PRS068.vcf.gz, /fs03/pg32/zarul/results/single_calling/cnnscorevariants/PRS068.vcf.gz.tbi, /fs03/pg32/zarul/results/single_calling/cnnscorevariants/.temp_PRS068
    log: /fs03/pg32/zarul/results/log/single_calling/cnnscorevariants/PRS068.log
    jobid: 0
    wildcards: sample=PRS068
    resources: mem_mb=50000, disk_mb=26540, tmpdir=/tmp

Activating singularity image /projects/pg32/WES_preliminary_analyses/.snakemake/singularity/c25fcccac22093779d3bc7c101442daf.simg
INFO:    Converting SIF file to temporary sandbox...
10:50:50.912 INFO  NativeLibraryLoader - Loading libgkl_compression.so from jar:file:/gatk/gatk-package-4.1.3.0-local.jar!/com/intel/gkl/native/libgkl_compression.so
10:50:51.489 INFO  CNNScoreVariants - ------------------------------------------------------------
10:50:51.489 INFO  CNNScoreVariants - The Genome Analysis Toolkit (GATK) v4.1.3.0
10:50:51.489 INFO  CNNScoreVariants - For support and documentation go to https://software.broadinstitute.org/gatk/
10:50:51.490 INFO  CNNScoreVariants - Executing as mzar0002@m3j008 on Linux v3.10.0-1160.11.1.el7.x86_64 amd64
10:50:51.490 INFO  CNNScoreVariants - Java runtime: OpenJDK 64-Bit Server VM v1.8.0_191-8u191-b12-0ubuntu0.16.04.1-b12
10:50:51.490 INFO  CNNScoreVariants - Start Date/Time: October 9, 2021 10:50:50 AM UTC
10:50:51.490 INFO  CNNScoreVariants - ------------------------------------------------------------
10:50:51.490 INFO  CNNScoreVariants - ------------------------------------------------------------
10:50:51.490 INFO  CNNScoreVariants - HTSJDK Version: 2.20.1
10:50:51.490 INFO  CNNScoreVariants - Picard Version: 2.20.5
10:50:51.490 INFO  CNNScoreVariants - HTSJDK Defaults.COMPRESSION_LEVEL : 2
10:50:51.490 INFO  CNNScoreVariants - HTSJDK Defaults.USE_ASYNC_IO_READ_FOR_SAMTOOLS : false
10:50:51.490 INFO  CNNScoreVariants - HTSJDK Defaults.USE_ASYNC_IO_WRITE_FOR_SAMTOOLS : true
10:50:51.491 INFO  CNNScoreVariants - HTSJDK Defaults.USE_ASYNC_IO_WRITE_FOR_TRIBBLE : false
10:50:51.491 INFO  CNNScoreVariants - Deflater: IntelDeflater
10:50:51.491 INFO  CNNScoreVariants - Inflater: IntelInflater
10:50:51.491 INFO  CNNScoreVariants - GCS max retries/reopens: 20
10:50:51.491 INFO  CNNScoreVariants - Requester pays: disabled
10:50:51.491 INFO  CNNScoreVariants - Initializing engine
10:50:52.396 INFO  FeatureManager - Using codec VCFCodec to read file file:///fs03/pg32/zarul/results/single_calling/genotype_gvcf/PRS068.vcf.gz
10:50:52.740 INFO  CNNScoreVariants - Done initializing engine
10:50:52.741 INFO  NativeLibraryLoader - Loading libgkl_utils.so from jar:file:/gatk/gatk-package-4.1.3.0-local.jar!/com/intel/gkl/native/libgkl_utils.so
10:50:55.526 INFO  CNNScoreVariants - Using key:CNN_2D for CNN architecture:/tmp/small_2d.7722975023041362556.json and weights:/tmp/small_2d.7387678217781218164.hd5
10:50:56.274 INFO  ProgressMeter - Starting traversal
10:50:56.275 INFO  ProgressMeter -        Current Locus  Elapsed Minutes    Variants Processed  Variants/Minute
10:50:56.280 INFO  CNNScoreVariants - Starting pass 0 through the variants
10:51:06.317 INFO  ProgressMeter -        chr1:95244265              0.2                  1000           5985.6
10:52:22.183 INFO  ProgressMeter -       chr1:230678922              1.4                  2000           1396.8
10:53:32.291 INFO  ProgressMeter -       chr2:159747861              2.6                  3000           1153.7
10:54:39.165 INFO  ProgressMeter -        chr3:48587833              3.7                  4000           1076.8
10:55:48.418 INFO  ProgressMeter -        chr4:15962950              4.9                  5000           1026.9
10:56:55.570 INFO  ProgressMeter -        chr5:95658635              6.0                  6000           1002.0
10:58:01.531 INFO  ProgressMeter -        chr6:54215170              7.1                  7000            987.6
10:59:10.249 INFO  ProgressMeter -        chr7:90309366              8.2                  8000            971.7
11:00:20.496 INFO  ProgressMeter -        chr8:74315046              9.4                  9000            957.1
11:01:28.379 INFO  ProgressMeter -       chr9:131470928             10.5                 10000            949.2
11:02:37.614 INFO  ProgressMeter -      chr10:124021131             11.7                 11000            941.1
11:03:47.743 INFO  ProgressMeter -       chr11:65041695             12.9                 12000            933.3
11:04:56.382 INFO  ProgressMeter -       chr12:49599983             14.0                 13000            928.5
11:06:05.216 INFO  ProgressMeter -      chr13:102732474             15.1                 14000            924.2
11:07:15.912 INFO  ProgressMeter -       chr15:41184267             16.3                 15000            918.7
11:08:25.006 INFO  ProgressMeter -       chr16:31759375             17.5                 16000            915.4
11:09:35.251 INFO  ProgressMeter -       chr17:35750213             18.6                 17000            911.5
11:10:45.793 INFO  ProgressMeter -         chr19:603769             19.8                 18000            907.9
11:11:56.350 INFO  ProgressMeter -       chr19:38119864             21.0                 19000            904.7
11:13:07.173 INFO  ProgressMeter -       chr20:34997516             22.2                 20000            901.6
11:14:17.467 INFO  ProgressMeter -       chr22:46535180             23.4                 21000            899.2
11:14:22.049 INFO  CNNScoreVariants - Finished pass 0 through the variants
11:15:18.718 INFO  CNNScoreVariants - Starting pass 1 through the variants
11:15:18.829 INFO  ProgressMeter -        chr1:32964501             24.4                 22000            902.5
11:15:19.616 INFO  CNNScoreVariants - Finished pass 1 through the variants
11:15:19.616 INFO  CNNScoreVariants - No variants filtered by: AllowAllVariantsVariantFilter
11:15:19.671 INFO  CNNScoreVariants - No reads filtered by: (WellformedReadFilter AND ReadGroupBlackListReadFilter)
11:15:19.671 INFO  ProgressMeter -       chr21:45488441             24.4                 42884           1758.3
11:15:19.671 INFO  ProgressMeter - Traversal complete. Processed 42884 total variants in 24.4 minutes.
11:15:19.671 INFO  CNNScoreVariants - Done scoring variants with CNN.
11:15:19.814 INFO  CNNScoreVariants - Shutting down engine
[October 9, 2021 11:15:19 AM UTC] org.broadinstitute.hellbender.tools.walkers.vqsr.CNNScoreVariants done. Elapsed time: 24.48 minutes.
Runtime.totalMemory()=2076049408
Using GATK jar /gatk/gatk-package-4.1.3.0-local.jar
Running:
    java -Dsamjdk.use_async_io_read_samtools=false -Dsamjdk.use_async_io_write_samtools=true -Dsamjdk.use_async_io_write_tribble=false -Dsamjdk.compression_level=2 -Xmx50G -jar /gatk/gatk-package-4.1.3.0-local.jar CNNScoreVariants -I /fs03/pg32/zarul/results/preprocessing/gatk_applybqsr/PRS068_recal.bam -V /fs03/pg32/zarul/results/single_calling/genotype_gvcf/PRS068.vcf.gz -R /fs03/pg32/zarul/results/GRCh38_full_analysis_set_plus_decoy_hla.fa -O /fs03/pg32/zarul/results/single_calling/cnnscorevariants/PRS068.vcf.gz -tensor-type read_tensor
INFO:    Cleaning up image...
Touching output file /fs03/pg32/zarul/results/single_calling/cnnscorevariants/.temp_PRS068.
[Sat Oct  9 22:15:23 2021]
Finished job 0.
1 of 1 steps (100%) done
