Building DAG of jobs...
Using shell: /bin/bash
Provided cores: 1 (use --cores to define parallelism)
Rules claiming more threads will be scaled down.
Select jobs to execute...

[Sat Sep 11 16:08:06 2021]
rule create_picard_index_dictionary:
    input: /fs03/ie79/WES_prelim_swap/results/GRCh38_full_analysis_set_plus_decoy_hla.fa
    output: /fs03/ie79/WES_prelim_swap/results/GRCh38_full_analysis_set_plus_decoy_hla.dict
    log: results/log/create_picard_index_dictionary.log
    jobid: 0
    resources: mem_mb=6225, disk_mb=6225, tmpdir=/tmp

Activating conda environment: /projects/pg32/WES_preliminary_analyses/.snakemake/conda/ff944c3fd317023ffbdbe7a022133507
INFO	2021-09-11 16:08:19	CreateSequenceDictionary	

********** NOTE: Picard's command line syntax is changing.
**********
********** For more information, please see:
********** https://github.com/broadinstitute/picard/wiki/Command-Line-Syntax-Transition-For-Users-(Pre-Transition)
**********
********** The command line looks like this in the new syntax:
**********
**********    CreateSequenceDictionary -R /fs03/ie79/WES_prelim_swap/results/GRCh38_full_analysis_set_plus_decoy_hla.fa -O /fs03/ie79/WES_prelim_swap/results/GRCh38_full_analysis_set_plus_decoy_hla.dict
**********


16:08:20.877 INFO  NativeLibraryLoader - Loading libgkl_compression.so from jar:file:/projects/pg32/WES_preliminary_analyses/.snakemake/conda/ff944c3fd317023ffbdbe7a022133507/share/picard-2.26.1-0/picard.jar!/com/intel/gkl/native/libgkl_compression.so
[Sat Sep 11 16:08:20 AEST 2021] CreateSequenceDictionary OUTPUT=/fs03/ie79/WES_prelim_swap/results/GRCh38_full_analysis_set_plus_decoy_hla.dict REFERENCE=/fs03/ie79/WES_prelim_swap/results/GRCh38_full_analysis_set_plus_decoy_hla.fa    TRUNCATE_NAMES_AT_WHITESPACE=true NUM_SEQUENCES=2147483647 VERBOSITY=INFO QUIET=false VALIDATION_STRINGENCY=STRICT COMPRESSION_LEVEL=5 MAX_RECORDS_IN_RAM=500000 CREATE_INDEX=false CREATE_MD5_FILE=false GA4GH_CLIENT_SECRETS=client_secrets.json USE_JDK_DEFLATER=false USE_JDK_INFLATER=false
[Sat Sep 11 16:08:20 AEST 2021] Executing as mzar0002@m3i010 on Linux 3.10.0-1160.11.1.el7.x86_64 amd64; OpenJDK 64-Bit Server VM 11.0.9.1-internal+0-adhoc..src; Deflater: Intel; Inflater: Intel; Provider GCS is not available; Picard version: 2.26.1
[Sat Sep 11 16:08:44 AEST 2021] picard.sam.CreateSequenceDictionary done. Elapsed time: 0.40 minutes.
Runtime.totalMemory()=908337152
[Sat Sep 11 16:08:44 2021]
Finished job 0.
1 of 1 steps (100%) done
