Building DAG of jobs...
Using shell: /bin/bash
Provided cores: 1 (use --cores to define parallelism)
Rules claiming more threads will be scaled down.
Select jobs to execute...

[Tue Sep 14 19:08:39 2021]
rule gatk_CNNScoreVariants:
    input: /fs03/ie79/WES_prelim_swap/results/gatk_genotype/Jahai.vcf.gz, /fs03/ie79/WES_prelim_swap/results/GRCh38_full_analysis_set_plus_decoy_hla.fa
    output: /fs03/ie79/WES_prelim_swap/results/gatk_cnn_score_variants/Jahai.cnns.vcf
    log: results/log/gatk_cnn_score_variants/Jahai.log
    jobid: 0
    wildcards: group=Jahai
    resources: mem_mb=6260, disk_mb=6260, tmpdir=/tmp

Activating conda environment: /projects/pg32/WES_preliminary_analyses/.snakemake/conda/073bb5cf103217382615e9dd257d2ae4
[Tue Sep 14 19:08:55 2021]
Error in rule gatk_CNNScoreVariants:
    jobid: 0
    output: /fs03/ie79/WES_prelim_swap/results/gatk_cnn_score_variants/Jahai.cnns.vcf
    log: results/log/gatk_cnn_score_variants/Jahai.log (check log file(s) for error message)
    conda-env: /projects/pg32/WES_preliminary_analyses/.snakemake/conda/073bb5cf103217382615e9dd257d2ae4
    shell:
        
		gatk CNNScoreVariants 		        -R /fs03/ie79/WES_prelim_swap/results/GRCh38_full_analysis_set_plus_decoy_hla.fa 			-V /fs03/ie79/WES_prelim_swap/results/gatk_genotype/Jahai.vcf.gz 		        -O /fs03/ie79/WES_prelim_swap/results/gatk_cnn_score_variants/Jahai.cnns.vcf 2> results/log/gatk_cnn_score_variants/Jahai.log
		
        (one of the commands exited with non-zero exit code; note that snakemake uses bash strict mode!)

Shutting down, this might take some time.
Exiting because a job execution failed. Look above for error message
