Building DAG of jobs...
Using shell: /bin/bash
Provided cores: 1 (use --cores to define parallelism)
Rules claiming more threads will be scaled down.
Select jobs to execute...

[Thu Sep 23 13:20:14 2021]
rule gatk_applyVQSR_indel:
    input: /fs03/ie79/WES_prelim_swap/results/gatk_variant_filtration/NA12878.varfilter.vcf.gz, /fs03/ie79/WES_prelim_swap/results/gatk_variant_recalibrator_indel/NA12878.recal, /fs03/ie79/WES_prelim_swap/results/gatk_variant_recalibrator_indel/NA12878.tranches
    output: /fs03/ie79/WES_prelim_swap/results/gatk_VQSR_indel/NA12878.vcf.gz
    log: /fs03/ie79/WES_prelim_swap/results/log/gatk_applyVQSR_indel/NA12878.log
    jobid: 0
    wildcards: group=NA12878
    resources: mem_mb=1000, disk_mb=1000, tmpdir=/tmp

Activating conda environment: /projects/pg32/WES_preliminary_analyses/.snakemake/conda/073bb5cf103217382615e9dd257d2ae4
Using GATK jar /projects/pg32/WES_preliminary_analyses/.snakemake/conda/073bb5cf103217382615e9dd257d2ae4/share/gatk4-4.1.4.1-1/gatk-package-4.1.4.1-local.jar
Running:
    java -Dsamjdk.use_async_io_read_samtools=false -Dsamjdk.use_async_io_write_samtools=true -Dsamjdk.use_async_io_write_tribble=false -Dsamjdk.compression_level=2 -jar /projects/pg32/WES_preliminary_analyses/.snakemake/conda/073bb5cf103217382615e9dd257d2ae4/share/gatk4-4.1.4.1-1/gatk-package-4.1.4.1-local.jar ApplyVQSR -V /fs03/ie79/WES_prelim_swap/results/gatk_variant_filtration/NA12878.varfilter.vcf.gz --recal-file /fs03/ie79/WES_prelim_swap/results/gatk_variant_recalibrator_indel/NA12878.recal --tranches-file /fs03/ie79/WES_prelim_swap/results/gatk_variant_recalibrator_indel/NA12878.tranches --truth-sensitivity-filter-level 99.7 --create-output-variant-index true -mode INDEL
USAGE: ApplyVQSR [arguments]

Apply a score cutoff to filter variants based on a recalibration table
Version:4.1.4.1


Required Arguments:

--output,-O:String            The output filtered and recalibrated VCF file in which each variant is annotated with its
                              VQSLOD value  Required. 

--recal-file:FeatureInput     The input recal file used by ApplyRecalibration  Required. 

--variant,-V:String           One or more VCF files containing variants  This argument must be specified at least once.
                              Required. 


Optional Arguments:

--add-output-sam-program-record,-add-output-sam-program-record:Boolean
                              If true, adds a PG tag to created SAM/BAM/CRAM files.  Default value: true. Possible
                              values: {true, false} 

--add-output-vcf-command-line,-add-output-vcf-command-line:Boolean
                              If true, adds a command line header line to created VCF files.  Default value: true.
                              Possible values: {true, false} 

--arguments_file:File         read one or more arguments files and add them to the command line  This argument may be
                              specified 0 or more times. Default value: null. 

--cloud-index-prefetch-buffer,-CIPB:Integer
                              Size of the cloud-only prefetch buffer (in MB; 0 to disable). Defaults to
                              cloudPrefetchBuffer if unset.  Default value: -1. 

--cloud-prefetch-buffer,-CPB:Integer
                              Size of the cloud-only prefetch buffer (in MB; 0 to disable).  Default value: 40. 

--create-output-bam-index,-OBI:Boolean
                              If true, create a BAM/CRAM index when writing a coordinate-sorted BAM/CRAM file.  Default
                              value: true. Possible values: {true, false} 

--create-output-bam-md5,-OBM:Boolean
                              If true, create a MD5 digest for any BAM/SAM/CRAM file created  Default value: false.
                              Possible values: {true, false} 

--create-output-variant-index,-OVI:Boolean
                              If true, create a VCF index when writing a coordinate-sorted VCF file.  Default value:
                              true. Possible values: {true, false} 

--create-output-variant-md5,-OVM:Boolean
                              If true, create a a MD5 digest any VCF file created.  Default value: false. Possible
                              values: {true, false} 

--disable-bam-index-caching,-DBIC:Boolean
                              If true, don't cache bam indexes, this will reduce memory requirements but may harm
                              performance if many intervals are specified.  Caching is automatically disabled if there
                              are no intervals specified.  Default value: false. Possible values: {true, false} 

--disable-read-filter,-DF:String
                              Read filters to be disabled before analysis  This argument may be specified 0 or more
                              times. Default value: null. Possible Values: {WellformedReadFilter}

--disable-sequence-dictionary-validation,-disable-sequence-dictionary-validation:Boolean
                              If specified, do not check the sequence dictionaries from our inputs for compatibility.
                              Use at your own risk!  Default value: false. Possible values: {true, false} 

--exclude-filtered:Boolean    Don't output filtered loci after applying the recalibration  Default value: false.
                              Possible values: {true, false} 

--exclude-intervals,-XL:StringOne or more genomic intervals to exclude from processing  This argument may be specified 0
                              or more times. Default value: null. 

--gatk-config-file:String     A configuration file to use with the GATK.  Default value: null. 

--gcs-max-retries,-gcs-retries:Integer
                              If the GCS bucket channel errors out, how many times it will attempt to re-initiate the
                              connection  Default value: 20. 

--gcs-project-for-requester-pays:String
                              Project to bill when accessing "requester pays" buckets. If unset, these buckets cannot be
                              accessed.  Default value: . 

--help,-h:Boolean             display the help message  Default value: false. Possible values: {true, false} 

--ignore-all-filters:Boolean  If specified, the variant recalibrator will ignore all input filters. Useful to rerun the
                              VQSR from a filtered output file.  Default value: false. Possible values: {true, false} 

--ignore-filter:String        If specified, the recalibration will be applied to variants marked as filtered by the
                              specified filter name in the input VCF file  This argument may be specified 0 or more
                              times. Default value: null. 

--input,-I:String             BAM/SAM/CRAM file containing reads  This argument may be specified 0 or more times.
                              Default value: null. 

--interval-exclusion-padding,-ixp:Integer
                              Amount of padding (in bp) to add to each interval you are excluding.  Default value: 0. 

--interval-merging-rule,-imr:IntervalMergingRule
                              Interval merging rule for abutting intervals  Default value: ALL. Possible values: {ALL,
                              OVERLAPPING_ONLY} 

--interval-padding,-ip:IntegerAmount of padding (in bp) to add to each interval you are including.  Default value: 0. 

--interval-set-rule,-isr:IntervalSetRule
                              Set merging approach to use for combining interval inputs  Default value: UNION. Possible
                              values: {UNION, INTERSECTION} 

--intervals,-L:String         One or more genomic intervals over which to operate  This argument may be specified 0 or
                              more times. Default value: null. 

--lenient,-LE:Boolean         Lenient processing of VCF files  Default value: false. Possible values: {true, false} 

--mode,-mode:Mode             Recalibration mode to employ: 1.) SNP for recalibrating only SNPs (emitting indels
                              untouched in the output VCF); 2.) INDEL for indels; and 3.) BOTH for recalibrating both
                              SNPs and indels simultaneously.  Default value: SNP. Possible values: {SNP, INDEL, BOTH} 

--QUIET:Boolean               Whether to suppress job-summary info on System.err.  Default value: false. Possible
                              values: {true, false} 

--read-filter,-RF:String      Read filters to be applied before analysis  This argument may be specified 0 or more
                              times. Default value: null. Possible Values: {AlignmentAgreesWithHeaderReadFilter,
                              AllowAllReadsReadFilter, AmbiguousBaseReadFilter, CigarContainsNoNOperator,
                              FirstOfPairReadFilter, FragmentLengthReadFilter, GoodCigarReadFilter,
                              HasReadGroupReadFilter, IntervalOverlapReadFilter, LibraryReadFilter, MappedReadFilter,
                              MappingQualityAvailableReadFilter, MappingQualityNotZeroReadFilter,
                              MappingQualityReadFilter, MatchingBasesAndQualsReadFilter, MateDifferentStrandReadFilter,
                              MateOnSameContigOrNoMappedMateReadFilter, MateUnmappedAndUnmappedReadFilter,
                              MetricsReadFilter, NonChimericOriginalAlignmentReadFilter,
                              NonZeroFragmentLengthReadFilter, NonZeroReferenceLengthAlignmentReadFilter,
                              NotDuplicateReadFilter, NotOpticalDuplicateReadFilter, NotSecondaryAlignmentReadFilter,
                              NotSupplementaryAlignmentReadFilter, OverclippedReadFilter, PairedReadFilter,
                              PassesVendorQualityCheckReadFilter, PlatformReadFilter, PlatformUnitReadFilter,
                              PrimaryLineReadFilter, ProperlyPairedReadFilter, ReadGroupBlackListReadFilter,
                              ReadGroupReadFilter, ReadLengthEqualsCigarLengthReadFilter, ReadLengthReadFilter,
                              ReadNameReadFilter, ReadStrandFilter, SampleReadFilter, SecondOfPairReadFilter,
                              SeqIsStoredReadFilter, SoftClippedReadFilter, ValidAlignmentEndReadFilter,
                              ValidAlignmentStartReadFilter, WellformedReadFilter}

--read-index,-read-index:String
                              Indices to use for the read inputs. If specified, an index must be provided for every read
                              input and in the same order as the read inputs. If this argument is not specified, the
                              path to the index for each input will be inferred automatically.  This argument may be
                              specified 0 or more times. Default value: null. 

--read-validation-stringency,-VS:ValidationStringency
                              Validation stringency for all SAM/BAM/CRAM/SRA files read by this program.  The default
                              stringency value SILENT can improve performance when processing a BAM file in which
                              variable-length data (read, qualities, tags) do not otherwise need to be decoded.  Default
                              value: SILENT. Possible values: {STRICT, LENIENT, SILENT} 

--reference,-R:String         Reference sequence  Default value: null. 

--seconds-between-progress-updates,-seconds-between-progress-updates:Double
                              Output traversal statistics every time this many seconds elapse  Default value: 10.0. 

--sequence-dictionary,-sequence-dictionary:String
                              Use the given sequence dictionary as the master/canonical sequence dictionary.  Must be a
                              .dict file.  Default value: null. 

--sites-only-vcf-output:Boolean
                              If true, don't emit genotype fields when writing vcf file output.  Default value: false.
                              Possible values: {true, false} 

--tmp-dir:GATKPathSpecifier   Temp directory to use.  Default value: null. 

--tranches-file:File          The input tranches file describing where to cut the data  Default value: null. 

--truth-sensitivity-filter-level,-ts-filter-level:Double
                              The truth sensitivity level at which to start filtering  Default value: null. 

--use-allele-specific-annotations,-AS:Boolean
                              If specified, the tool will attempt to apply a filter to each allele based on the input
                              tranches and allele-specific .recal file.  Default value: false. Possible values: {true,
                              false} 

--use-jdk-deflater,-jdk-deflater:Boolean
                              Whether to use the JdkDeflater (as opposed to IntelDeflater)  Default value: false.
                              Possible values: {true, false} 

--use-jdk-inflater,-jdk-inflater:Boolean
                              Whether to use the JdkInflater (as opposed to IntelInflater)  Default value: false.
                              Possible values: {true, false} 

--verbosity,-verbosity:LogLevel
                              Control verbosity of logging.  Default value: INFO. Possible values: {ERROR, WARNING,
                              INFO, DEBUG} 

--version:Boolean             display the version number for this tool  Default value: false. Possible values: {true,
                              false} 


Advanced Arguments:

--disable-tool-default-read-filters,-disable-tool-default-read-filters:Boolean
                              Disable all tool default read filters (WARNING: many tools will not function correctly
                              without their default read filters on)  Default value: false. Possible values: {true,
                              false} 

--lod-score-cutoff:Double     The VQSLOD score below which to start filtering  Default value: null. 

--showHidden,-showHidden:Boolean
                              display hidden arguments  Default value: false. Possible values: {true, false} 


***********************************************************************

A USER ERROR has occurred: Argument output was missing: Argument 'output' is required.

***********************************************************************
Set the system property GATK_STACKTRACE_ON_USER_EXCEPTION (--java-options '-DGATK_STACKTRACE_ON_USER_EXCEPTION=true') to print the stack trace.
[Thu Sep 23 13:20:27 2021]
Error in rule gatk_applyVQSR_indel:
    jobid: 0
    output: /fs03/ie79/WES_prelim_swap/results/gatk_VQSR_indel/NA12878.vcf.gz
    log: /fs03/ie79/WES_prelim_swap/results/log/gatk_applyVQSR_indel/NA12878.log (check log file(s) for error message)
    conda-env: /projects/pg32/WES_preliminary_analyses/.snakemake/conda/073bb5cf103217382615e9dd257d2ae4
    shell:
        
		gatk ApplyVQSR 			-V /fs03/ie79/WES_prelim_swap/results/gatk_variant_filtration/NA12878.varfilter.vcf.gz 			--recal-file /fs03/ie79/WES_prelim_swap/results/gatk_variant_recalibrator_indel/NA12878.recal 			--tranches-file /fs03/ie79/WES_prelim_swap/results/gatk_variant_recalibrator_indel/NA12878.tranches 			--truth-sensitivity-filter-level 99.7 			--create-output-variant-index true 			-mode INDEL
			-O /fs03/ie79/WES_prelim_swap/results/gatk_VQSR_indel/NA12878.vcf.gz
		
        (one of the commands exited with non-zero exit code; note that snakemake uses bash strict mode!)

Shutting down, this might take some time.
Exiting because a job execution failed. Look above for error message
