Building DAG of jobs...
Using shell: /bin/bash
Provided cores: 1 (use --cores to define parallelism)
Rules claiming more threads will be scaled down.
Select jobs to execute...

[Mon Oct  4 10:45:45 2021]
rule gatk_combine_gvcfs:
    input: /fs03/pg32/zarul/results/gatk_haplotypecaller/PRS004_variants.g.vcf.gz, /fs03/pg32/zarul/results/gatk_haplotypecaller/PRS006_variants.g.vcf.gz, /fs03/pg32/zarul/results/gatk_haplotypecaller/PRS012_variants.g.vcf.gz, /fs03/pg32/zarul/results/gatk_haplotypecaller/PRS015_variants.g.vcf.gz, /fs03/pg32/zarul/results/gatk_haplotypecaller/PRS018_variants.g.vcf.gz, /fs03/pg32/zarul/results/gatk_haplotypecaller/PRS020_variants.g.vcf.gz, /fs03/pg32/zarul/results/gatk_haplotypecaller/PRS023_variants.g.vcf.gz, /fs03/pg32/zarul/results/gatk_haplotypecaller/PRS024_variants.g.vcf.gz, /fs03/pg32/zarul/results/gatk_haplotypecaller/PRS026_variants.g.vcf.gz, /fs03/pg32/zarul/results/gatk_haplotypecaller/PRS029_variants.g.vcf.gz, /fs03/pg32/zarul/results/gatk_haplotypecaller/PRS034_variants.g.vcf.gz, /fs03/pg32/zarul/results/gatk_haplotypecaller/PRS044_variants.g.vcf.gz, /fs03/pg32/zarul/results/gatk_haplotypecaller/PRS048_variants.g.vcf.gz, /fs03/pg32/zarul/results/gatk_haplotypecaller/PRS051_variants.g.vcf.gz, /fs03/pg32/zarul/results/gatk_haplotypecaller/PRS063_variants.g.vcf.gz, /fs03/pg32/zarul/results/gatk_haplotypecaller/PRS068_variants.g.vcf.gz, /fs03/pg32/zarul/results/gatk_haplotypecaller/PRS071_variants.g.vcf.gz, /fs03/pg32/zarul/results/gatk_haplotypecaller/PRS075_variants.g.vcf.gz, /fs03/pg32/zarul/results/gatk_haplotypecaller/PRS076_variants.g.vcf.gz, /fs03/pg32/zarul/results/gatk_haplotypecaller/PRS090_variants.g.vcf.gz, /fs03/pg32/zarul/results/GRCh38_full_analysis_set_plus_decoy_hla.fa, input_folder/exome.bed
    output: /fs03/pg32/zarul/results/gatk_combined/Parsi.g.vcf.gz
    log: /fs03/pg32/zarul/results/log/gatk_combine_gvcfs/Parsi.log
    jobid: 0
    wildcards: group=Parsi
    resources: mem_mb=6290, disk_mb=6290, tmpdir=/tmp

Activating conda environment: /projects/pg32/WES_preliminary_analyses/.snakemake/conda/073bb5cf103217382615e9dd257d2ae4
[Mon Oct  4 10:56:57 2021]
Error in rule gatk_combine_gvcfs:
    jobid: 0
    output: /fs03/pg32/zarul/results/gatk_combined/Parsi.g.vcf.gz
    log: /fs03/pg32/zarul/results/log/gatk_combine_gvcfs/Parsi.log (check log file(s) for error message)
    conda-env: /projects/pg32/WES_preliminary_analyses/.snakemake/conda/073bb5cf103217382615e9dd257d2ae4
    shell:
        
		gvcfs=$(for i in /fs03/pg32/zarul/results/gatk_haplotypecaller/PRS004_variants.g.vcf.gz /fs03/pg32/zarul/results/gatk_haplotypecaller/PRS006_variants.g.vcf.gz /fs03/pg32/zarul/results/gatk_haplotypecaller/PRS012_variants.g.vcf.gz /fs03/pg32/zarul/results/gatk_haplotypecaller/PRS015_variants.g.vcf.gz /fs03/pg32/zarul/results/gatk_haplotypecaller/PRS018_variants.g.vcf.gz /fs03/pg32/zarul/results/gatk_haplotypecaller/PRS020_variants.g.vcf.gz /fs03/pg32/zarul/results/gatk_haplotypecaller/PRS023_variants.g.vcf.gz /fs03/pg32/zarul/results/gatk_haplotypecaller/PRS024_variants.g.vcf.gz /fs03/pg32/zarul/results/gatk_haplotypecaller/PRS026_variants.g.vcf.gz /fs03/pg32/zarul/results/gatk_haplotypecaller/PRS029_variants.g.vcf.gz /fs03/pg32/zarul/results/gatk_haplotypecaller/PRS034_variants.g.vcf.gz /fs03/pg32/zarul/results/gatk_haplotypecaller/PRS044_variants.g.vcf.gz /fs03/pg32/zarul/results/gatk_haplotypecaller/PRS048_variants.g.vcf.gz /fs03/pg32/zarul/results/gatk_haplotypecaller/PRS051_variants.g.vcf.gz /fs03/pg32/zarul/results/gatk_haplotypecaller/PRS063_variants.g.vcf.gz /fs03/pg32/zarul/results/gatk_haplotypecaller/PRS068_variants.g.vcf.gz /fs03/pg32/zarul/results/gatk_haplotypecaller/PRS071_variants.g.vcf.gz /fs03/pg32/zarul/results/gatk_haplotypecaller/PRS075_variants.g.vcf.gz /fs03/pg32/zarul/results/gatk_haplotypecaller/PRS076_variants.g.vcf.gz /fs03/pg32/zarul/results/gatk_haplotypecaller/PRS090_variants.g.vcf.gz ; do echo "-V "$i ; done | tr "
" " ")

		gatk CombineGVCFs 		        -R /fs03/pg32/zarul/results/GRCh38_full_analysis_set_plus_decoy_hla.fa 			$gvcfs 		        -L input_folder/exome.bed 		        -O /fs03/pg32/zarul/results/gatk_combined/Parsi.g.vcf.gz 2> /fs03/pg32/zarul/results/log/gatk_combine_gvcfs/Parsi.log
		
        (one of the commands exited with non-zero exit code; note that snakemake uses bash strict mode!)

Removing output files of failed job gatk_combine_gvcfs since they might be corrupted:
/fs03/pg32/zarul/results/gatk_combined/Parsi.g.vcf.gz
Shutting down, this might take some time.
Exiting because a job execution failed. Look above for error message
