Building DAG of jobs...
Using shell: /bin/bash
Provided cores: 1 (use --cores to define parallelism)
Rules claiming more threads will be scaled down.
Select jobs to execute...

[Mon Oct  4 02:19:45 2021]
rule gatk_variant_recalibrator_indel:
    input: /fs03/pg32/zarul/results/gatk_selectvariants_indel/NA12878.vcf.gz, /fs03/ie79/db/gatk_bundle_db/Mills_and_1000G_gold_standard.indels.hg38.vcf.gz, /fs03/ie79/db/gatk_bundle_db/Axiom_Exome_Plus.genotypes.all_populations.poly.hg38.vcf.gz, /fs03/ie79/db/gatk_bundle_db/Homo_sapiens_assembly38.dbsnp.vcf.gz
    output: /fs03/pg32/zarul/results/gatk_variant_recalibrator_indel/NA12878.recal, /fs03/pg32/zarul/results/gatk_variant_recalibrator_indel/NA12878.tranches
    log: /fs03/pg32/zarul/results/log/gatk_variant_recalibrator_indel/NA12878.log
    jobid: 0
    wildcards: group=NA12878
    resources: mem_mb=50000, disk_mb=2046, tmpdir=/tmp

Activating conda environment: /projects/pg32/WES_preliminary_analyses/.snakemake/conda/073bb5cf103217382615e9dd257d2ae4
[Mon Oct  4 02:20:49 2021]
Error in rule gatk_variant_recalibrator_indel:
    jobid: 0
    output: /fs03/pg32/zarul/results/gatk_variant_recalibrator_indel/NA12878.recal, /fs03/pg32/zarul/results/gatk_variant_recalibrator_indel/NA12878.tranches
    log: /fs03/pg32/zarul/results/log/gatk_variant_recalibrator_indel/NA12878.log (check log file(s) for error message)
    conda-env: /projects/pg32/WES_preliminary_analyses/.snakemake/conda/073bb5cf103217382615e9dd257d2ae4
    shell:
        
		tranches=$(echo  100.0 99.95 99.9 99.8 99.6 99.5 99.4 99.3 99.0 98.0 97.0 90.0 | sed "s/ / -tranche /g" | sed "s/^/ -tranche /")
		annots=$(echo  QD MQRankSum ReadPosRankSum FS MQ SOR DP | sed "s/ / -an /g" | sed "s/^/ -an /")

		gatk VariantRecalibrator 			--java-options "-Xmx50G" 			-V /fs03/pg32/zarul/results/gatk_selectvariants_indel/NA12878.vcf.gz 			--trust-all-polymorphic 			$tranches 			$annots 			--mode INDEL 			--max-attempts 5 			--resource:mills,known=false,training=true,truth=true,prior=12 /fs03/ie79/db/gatk_bundle_db/Mills_and_1000G_gold_standard.indels.hg38.vcf.gz 			--resource:axiomPoly,known=false,training=true,truth=false,prior=10 /fs03/ie79/db/gatk_bundle_db/Axiom_Exome_Plus.genotypes.all_populations.poly.hg38.vcf.gz 			--resource:dbsnp,known=true,training=false,truth=false,prior=2 /fs03/ie79/db/gatk_bundle_db/Homo_sapiens_assembly38.dbsnp.vcf.gz 			-O /fs03/pg32/zarul/results/gatk_variant_recalibrator_indel/NA12878.recal 			--tranches-file /fs03/pg32/zarul/results/gatk_variant_recalibrator_indel/NA12878.tranches 2> /fs03/pg32/zarul/results/log/gatk_variant_recalibrator_indel/NA12878.log
		
        (one of the commands exited with non-zero exit code; note that snakemake uses bash strict mode!)

Removing output files of failed job gatk_variant_recalibrator_indel since they might be corrupted:
/fs03/pg32/zarul/results/gatk_variant_recalibrator_indel/NA12878.recal, /fs03/pg32/zarul/results/gatk_variant_recalibrator_indel/NA12878.tranches
Shutting down, this might take some time.
Exiting because a job execution failed. Look above for error message
