Building DAG of jobs...
Using shell: /bin/bash
Provided cores: 1 (use --cores to define parallelism)
Rules claiming more threads will be scaled down.
Select jobs to execute...

[Mon Oct  4 21:06:48 2021]
rule gatk_combine_gvcfs:
    input: /fs03/pg32/zarul/results/gatk_haplotypecaller/JH19001_variants.g.vcf.gz, /fs03/pg32/zarul/results/gatk_haplotypecaller/JH19003_variants.g.vcf.gz, /fs03/pg32/zarul/results/gatk_haplotypecaller/JH19004_variants.g.vcf.gz, /fs03/pg32/zarul/results/gatk_haplotypecaller/JH19005_variants.g.vcf.gz, /fs03/pg32/zarul/results/gatk_haplotypecaller/JH19006_variants.g.vcf.gz, /fs03/pg32/zarul/results/gatk_haplotypecaller/JH19007_variants.g.vcf.gz, /fs03/pg32/zarul/results/gatk_haplotypecaller/JH19008_variants.g.vcf.gz, /fs03/pg32/zarul/results/gatk_haplotypecaller/JH19010_variants.g.vcf.gz, /fs03/pg32/zarul/results/gatk_haplotypecaller/JH19011_variants.g.vcf.gz, /fs03/pg32/zarul/results/gatk_haplotypecaller/JH19012_variants.g.vcf.gz, /fs03/pg32/zarul/results/gatk_haplotypecaller/JH19013_variants.g.vcf.gz, /fs03/pg32/zarul/results/gatk_haplotypecaller/JH19016_variants.g.vcf.gz, /fs03/pg32/zarul/results/gatk_haplotypecaller/JH19017_variants.g.vcf.gz, /fs03/pg32/zarul/results/gatk_haplotypecaller/JH19020_variants.g.vcf.gz, /fs03/pg32/zarul/results/gatk_haplotypecaller/JH19022_variants.g.vcf.gz, /fs03/pg32/zarul/results/gatk_haplotypecaller/JH19023_variants.g.vcf.gz, /fs03/pg32/zarul/results/gatk_haplotypecaller/JH19024_variants.g.vcf.gz, /fs03/pg32/zarul/results/gatk_haplotypecaller/JH19025_variants.g.vcf.gz, /fs03/pg32/zarul/results/gatk_haplotypecaller/JH19026_variants.g.vcf.gz, /fs03/pg32/zarul/results/gatk_haplotypecaller/JH19031_variants.g.vcf.gz, /fs03/pg32/zarul/results/gatk_haplotypecaller/JH19032_variants.g.vcf.gz, /fs03/pg32/zarul/results/gatk_haplotypecaller/JH19033_variants.g.vcf.gz, /fs03/pg32/zarul/results/gatk_haplotypecaller/JH19034_variants.g.vcf.gz, /fs03/pg32/zarul/results/gatk_haplotypecaller/JH19035_variants.g.vcf.gz, /fs03/pg32/zarul/results/gatk_haplotypecaller/JH19036_variants.g.vcf.gz, /fs03/pg32/zarul/results/gatk_haplotypecaller/JH19037_variants.g.vcf.gz, /fs03/pg32/zarul/results/gatk_haplotypecaller/JH19038_variants.g.vcf.gz, /fs03/pg32/zarul/results/gatk_haplotypecaller/JH19039_variants.g.vcf.gz, /fs03/pg32/zarul/results/gatk_haplotypecaller/JH19040_variants.g.vcf.gz, /fs03/pg32/zarul/results/gatk_haplotypecaller/JH19041_variants.g.vcf.gz, /fs03/pg32/zarul/results/GRCh38_full_analysis_set_plus_decoy_hla.fa, input_folder/exome.bed
    output: /fs03/pg32/zarul/results/gatk_combined/Jahai.g.vcf.gz
    log: /fs03/pg32/zarul/results/log/gatk_combine_gvcfs/Jahai.log
    jobid: 0
    wildcards: group=Jahai
    resources: mem_mb=6316, disk_mb=6316, tmpdir=/tmp

Activating conda environment: /projects/pg32/WES_preliminary_analyses/.snakemake/conda/073bb5cf103217382615e9dd257d2ae4
[Mon Oct  4 21:22:38 2021]
Error in rule gatk_combine_gvcfs:
    jobid: 0
    output: /fs03/pg32/zarul/results/gatk_combined/Jahai.g.vcf.gz
    log: /fs03/pg32/zarul/results/log/gatk_combine_gvcfs/Jahai.log (check log file(s) for error message)
    conda-env: /projects/pg32/WES_preliminary_analyses/.snakemake/conda/073bb5cf103217382615e9dd257d2ae4
    shell:
        
		gvcfs=$(for i in /fs03/pg32/zarul/results/gatk_haplotypecaller/JH19001_variants.g.vcf.gz /fs03/pg32/zarul/results/gatk_haplotypecaller/JH19003_variants.g.vcf.gz /fs03/pg32/zarul/results/gatk_haplotypecaller/JH19004_variants.g.vcf.gz /fs03/pg32/zarul/results/gatk_haplotypecaller/JH19005_variants.g.vcf.gz /fs03/pg32/zarul/results/gatk_haplotypecaller/JH19006_variants.g.vcf.gz /fs03/pg32/zarul/results/gatk_haplotypecaller/JH19007_variants.g.vcf.gz /fs03/pg32/zarul/results/gatk_haplotypecaller/JH19008_variants.g.vcf.gz /fs03/pg32/zarul/results/gatk_haplotypecaller/JH19010_variants.g.vcf.gz /fs03/pg32/zarul/results/gatk_haplotypecaller/JH19011_variants.g.vcf.gz /fs03/pg32/zarul/results/gatk_haplotypecaller/JH19012_variants.g.vcf.gz /fs03/pg32/zarul/results/gatk_haplotypecaller/JH19013_variants.g.vcf.gz /fs03/pg32/zarul/results/gatk_haplotypecaller/JH19016_variants.g.vcf.gz /fs03/pg32/zarul/results/gatk_haplotypecaller/JH19017_variants.g.vcf.gz /fs03/pg32/zarul/results/gatk_haplotypecaller/JH19020_variants.g.vcf.gz /fs03/pg32/zarul/results/gatk_haplotypecaller/JH19022_variants.g.vcf.gz /fs03/pg32/zarul/results/gatk_haplotypecaller/JH19023_variants.g.vcf.gz /fs03/pg32/zarul/results/gatk_haplotypecaller/JH19024_variants.g.vcf.gz /fs03/pg32/zarul/results/gatk_haplotypecaller/JH19025_variants.g.vcf.gz /fs03/pg32/zarul/results/gatk_haplotypecaller/JH19026_variants.g.vcf.gz /fs03/pg32/zarul/results/gatk_haplotypecaller/JH19031_variants.g.vcf.gz /fs03/pg32/zarul/results/gatk_haplotypecaller/JH19032_variants.g.vcf.gz /fs03/pg32/zarul/results/gatk_haplotypecaller/JH19033_variants.g.vcf.gz /fs03/pg32/zarul/results/gatk_haplotypecaller/JH19034_variants.g.vcf.gz /fs03/pg32/zarul/results/gatk_haplotypecaller/JH19035_variants.g.vcf.gz /fs03/pg32/zarul/results/gatk_haplotypecaller/JH19036_variants.g.vcf.gz /fs03/pg32/zarul/results/gatk_haplotypecaller/JH19037_variants.g.vcf.gz /fs03/pg32/zarul/results/gatk_haplotypecaller/JH19038_variants.g.vcf.gz /fs03/pg32/zarul/results/gatk_haplotypecaller/JH19039_variants.g.vcf.gz /fs03/pg32/zarul/results/gatk_haplotypecaller/JH19040_variants.g.vcf.gz /fs03/pg32/zarul/results/gatk_haplotypecaller/JH19041_variants.g.vcf.gz ; do echo "-V "$i ; done | tr "
" " ")

		gatk CombineGVCFs 		        -R /fs03/pg32/zarul/results/GRCh38_full_analysis_set_plus_decoy_hla.fa 			$gvcfs 		        -L input_folder/exome.bed 		        -O /fs03/pg32/zarul/results/gatk_combined/Jahai.g.vcf.gz 2> /fs03/pg32/zarul/results/log/gatk_combine_gvcfs/Jahai.log
		
        (one of the commands exited with non-zero exit code; note that snakemake uses bash strict mode!)

Removing output files of failed job gatk_combine_gvcfs since they might be corrupted:
/fs03/pg32/zarul/results/gatk_combined/Jahai.g.vcf.gz
Shutting down, this might take some time.
Exiting because a job execution failed. Look above for error message
