Building DAG of jobs...
Using shell: /bin/bash
Provided cores: 1 (use --cores to define parallelism)
Rules claiming more threads will be scaled down.
Select jobs to execute...

[Mon Oct  4 05:08:00 2021]
rule gatk_variantannotator:
    input: /fs03/pg32/zarul/results/GRCh38_full_analysis_set_plus_decoy_hla.fa, /fs03/pg32/zarul/results/gatk_genotype/Parsi.vcf.gz, /fs03/pg32/zarul/results/marked_dup/PRS004.sorted.bam, /fs03/pg32/zarul/results/marked_dup/PRS006.sorted.bam, /fs03/pg32/zarul/results/marked_dup/PRS012.sorted.bam, /fs03/pg32/zarul/results/marked_dup/PRS015.sorted.bam, /fs03/pg32/zarul/results/marked_dup/PRS018.sorted.bam, /fs03/pg32/zarul/results/marked_dup/PRS020.sorted.bam, /fs03/pg32/zarul/results/marked_dup/PRS023.sorted.bam, /fs03/pg32/zarul/results/marked_dup/PRS024.sorted.bam, /fs03/pg32/zarul/results/marked_dup/PRS026.sorted.bam, /fs03/pg32/zarul/results/marked_dup/PRS029.sorted.bam, /fs03/pg32/zarul/results/marked_dup/PRS034.sorted.bam, /fs03/pg32/zarul/results/marked_dup/PRS044.sorted.bam, /fs03/pg32/zarul/results/marked_dup/PRS048.sorted.bam, /fs03/pg32/zarul/results/marked_dup/PRS051.sorted.bam, /fs03/pg32/zarul/results/marked_dup/PRS063.sorted.bam, /fs03/pg32/zarul/results/marked_dup/PRS068.sorted.bam, /fs03/pg32/zarul/results/marked_dup/PRS071.sorted.bam, /fs03/pg32/zarul/results/marked_dup/PRS075.sorted.bam, /fs03/pg32/zarul/results/marked_dup/PRS076.sorted.bam, /fs03/pg32/zarul/results/marked_dup/PRS090.sorted.bam, /fs03/ie79/db/gatk_bundle_db/Homo_sapiens_assembly38.dbsnp.vcf.gz
    output: /fs03/pg32/zarul/results/gatk_variantannotator/Parsi.vcf.gz
    log: /fs03/pg32/zarul/results/log/gatk_variantannotator/Parsi.log
    jobid: 0
    wildcards: group=Parsi
    resources: mem_mb=254439, disk_mb=254439, tmpdir=/tmp

Activating conda environment: /projects/pg32/WES_preliminary_analyses/.snakemake/conda/073bb5cf103217382615e9dd257d2ae4
[Mon Oct  4 08:12:24 2021]
Error in rule gatk_variantannotator:
    jobid: 0
    output: /fs03/pg32/zarul/results/gatk_variantannotator/Parsi.vcf.gz
    log: /fs03/pg32/zarul/results/log/gatk_variantannotator/Parsi.log (check log file(s) for error message)
    conda-env: /projects/pg32/WES_preliminary_analyses/.snakemake/conda/073bb5cf103217382615e9dd257d2ae4
    shell:
        
		bams=$(for i in /fs03/pg32/zarul/results/marked_dup/PRS004.sorted.bam /fs03/pg32/zarul/results/marked_dup/PRS006.sorted.bam /fs03/pg32/zarul/results/marked_dup/PRS012.sorted.bam /fs03/pg32/zarul/results/marked_dup/PRS015.sorted.bam /fs03/pg32/zarul/results/marked_dup/PRS018.sorted.bam /fs03/pg32/zarul/results/marked_dup/PRS020.sorted.bam /fs03/pg32/zarul/results/marked_dup/PRS023.sorted.bam /fs03/pg32/zarul/results/marked_dup/PRS024.sorted.bam /fs03/pg32/zarul/results/marked_dup/PRS026.sorted.bam /fs03/pg32/zarul/results/marked_dup/PRS029.sorted.bam /fs03/pg32/zarul/results/marked_dup/PRS034.sorted.bam /fs03/pg32/zarul/results/marked_dup/PRS044.sorted.bam /fs03/pg32/zarul/results/marked_dup/PRS048.sorted.bam /fs03/pg32/zarul/results/marked_dup/PRS051.sorted.bam /fs03/pg32/zarul/results/marked_dup/PRS063.sorted.bam /fs03/pg32/zarul/results/marked_dup/PRS068.sorted.bam /fs03/pg32/zarul/results/marked_dup/PRS071.sorted.bam /fs03/pg32/zarul/results/marked_dup/PRS075.sorted.bam /fs03/pg32/zarul/results/marked_dup/PRS076.sorted.bam /fs03/pg32/zarul/results/marked_dup/PRS090.sorted.bam ; do echo "-I "$i ; done | tr "
" " ")
		annotations=$(for i in QualByDepth ; do echo "-A "$i ; done | tr "
" " ")

		gatk VariantAnnotator 			-R /fs03/pg32/zarul/results/GRCh38_full_analysis_set_plus_decoy_hla.fa 			$bams 			-V /fs03/pg32/zarul/results/gatk_genotype/Parsi.vcf.gz 			-O /fs03/pg32/zarul/results/gatk_variantannotator/Parsi.vcf.gz 			$annotations 			--dbsnp /fs03/ie79/db/gatk_bundle_db/Homo_sapiens_assembly38.dbsnp.vcf.gz 2> /fs03/pg32/zarul/results/log/gatk_variantannotator/Parsi.log
		
        (one of the commands exited with non-zero exit code; note that snakemake uses bash strict mode!)

Shutting down, this might take some time.
Exiting because a job execution failed. Look above for error message
touch: cannot touch ‘/projects/pg32/WES_preliminary_analyses/.snakemake/tmp.3c1yuufd/365.jobfailed’: No such file or directory
