Building DAG of jobs...
Using shell: /bin/bash
Provided cores: 1 (use --cores to define parallelism)
Rules claiming more threads will be scaled down.
Select jobs to execute...

[Sat Oct  9 19:37:35 2021]
rule sort_mark_duplicates:
    input: /fs03/pg32/zarul/results/marked_dup/PRS068.bam
    output: /fs03/pg32/zarul/results/marked_dup/PRS068.sorted.bam, /fs03/pg32/zarul/results/marked_dup/PRS068.sorted.bai
    jobid: 0
    wildcards: sample=PRS068
    resources: mem_mb=8604, disk_mb=8604, tmpdir=/tmp

Activating conda environment: /projects/pg32/WES_preliminary_analyses/.snakemake/conda/ff944c3fd317023ffbdbe7a022133507
INFO	2021-10-09 19:37:41	SortSam	

********** NOTE: Picard's command line syntax is changing.
**********
********** For more information, please see:
********** https://github.com/broadinstitute/picard/wiki/Command-Line-Syntax-Transition-For-Users-(Pre-Transition)
**********
********** The command line looks like this in the new syntax:
**********
**********    SortSam -I /fs03/pg32/zarul/results/marked_dup/PRS068.bam -O /fs03/pg32/zarul/results/marked_dup/PRS068.sorted.bam -SORT_ORDER coordinate -CREATE_INDEX true
**********


19:37:42.273 INFO  NativeLibraryLoader - Loading libgkl_compression.so from jar:file:/projects/pg32/WES_preliminary_analyses/.snakemake/conda/ff944c3fd317023ffbdbe7a022133507/share/picard-2.26.1-0/picard.jar!/com/intel/gkl/native/libgkl_compression.so
[Sat Oct 09 19:37:42 AEDT 2021] SortSam INPUT=/fs03/pg32/zarul/results/marked_dup/PRS068.bam OUTPUT=/fs03/pg32/zarul/results/marked_dup/PRS068.sorted.bam SORT_ORDER=coordinate CREATE_INDEX=true    VERBOSITY=INFO QUIET=false VALIDATION_STRINGENCY=STRICT COMPRESSION_LEVEL=5 MAX_RECORDS_IN_RAM=500000 CREATE_MD5_FILE=false GA4GH_CLIENT_SECRETS=client_secrets.json USE_JDK_DEFLATER=false USE_JDK_INFLATER=false
[Sat Oct 09 19:37:42 AEDT 2021] Executing as mzar0002@m3i008 on Linux 3.10.0-1160.11.1.el7.x86_64 amd64; OpenJDK 64-Bit Server VM 11.0.9.1-internal+0-adhoc..src; Deflater: Intel; Inflater: Intel; Provider GCS is not available; Picard version: 2.26.1
WARNING: BAM index file /fs03/pg32/zarul/results/marked_dup/PRS068.bai is older than BAM /fs03/pg32/zarul/results/marked_dup/PRS068.bam
INFO	2021-10-09 19:38:38	SortSam	Read    10,000,000 records.  Elapsed time: 00:00:55s.  Time for last 10,000,000:   55s.  Last read position: chr2:69,171,082
INFO	2021-10-09 19:39:27	SortSam	Read    20,000,000 records.  Elapsed time: 00:01:44s.  Time for last 10,000,000:   49s.  Last read position: chr4:48,986,360
INFO	2021-10-09 19:40:18	SortSam	Read    30,000,000 records.  Elapsed time: 00:02:36s.  Time for last 10,000,000:   51s.  Last read position: chr7:50,134,060
INFO	2021-10-09 19:41:09	SortSam	Read    40,000,000 records.  Elapsed time: 00:03:27s.  Time for last 10,000,000:   50s.  Last read position: chr10:26,704,837
INFO	2021-10-09 19:42:00	SortSam	Read    50,000,000 records.  Elapsed time: 00:04:18s.  Time for last 10,000,000:   50s.  Last read position: chr12:64,526,747
INFO	2021-10-09 19:42:50	SortSam	Read    60,000,000 records.  Elapsed time: 00:05:07s.  Time for last 10,000,000:   49s.  Last read position: chr16:18,364,369
INFO	2021-10-09 19:43:52	SortSam	Read    70,000,000 records.  Elapsed time: 00:06:09s.  Time for last 10,000,000:   62s.  Last read position: chr19:6,743,113
INFO	2021-10-09 19:44:42	SortSam	Read    80,000,000 records.  Elapsed time: 00:06:59s.  Time for last 10,000,000:   50s.  Last read position: chr22:41,889,724
INFO	2021-10-09 19:45:12	SortSam	Finished reading inputs, merging and writing to output now.
INFO	2021-10-09 19:46:22	SortSam	Wrote    10,000,000 records from a sorting collection.  Elapsed time: 00:08:40s.  Time for last 10,000,000:   68s.  Last read position: chr2:69,171,082
INFO	2021-10-09 19:47:30	SortSam	Wrote    20,000,000 records from a sorting collection.  Elapsed time: 00:09:48s.  Time for last 10,000,000:   67s.  Last read position: chr4:48,986,360
INFO	2021-10-09 19:48:39	SortSam	Wrote    30,000,000 records from a sorting collection.  Elapsed time: 00:10:57s.  Time for last 10,000,000:   69s.  Last read position: chr7:50,134,060
INFO	2021-10-09 19:49:48	SortSam	Wrote    40,000,000 records from a sorting collection.  Elapsed time: 00:12:06s.  Time for last 10,000,000:   69s.  Last read position: chr10:26,704,837
INFO	2021-10-09 19:50:55	SortSam	Wrote    50,000,000 records from a sorting collection.  Elapsed time: 00:13:13s.  Time for last 10,000,000:   67s.  Last read position: chr12:64,526,747
INFO	2021-10-09 19:52:04	SortSam	Wrote    60,000,000 records from a sorting collection.  Elapsed time: 00:14:21s.  Time for last 10,000,000:   68s.  Last read position: chr16:18,364,369
INFO	2021-10-09 19:53:11	SortSam	Wrote    70,000,000 records from a sorting collection.  Elapsed time: 00:15:29s.  Time for last 10,000,000:   67s.  Last read position: chr19:6,743,113
INFO	2021-10-09 19:54:18	SortSam	Wrote    80,000,000 records from a sorting collection.  Elapsed time: 00:16:36s.  Time for last 10,000,000:   67s.  Last read position: chr22:41,889,724
[Sat Oct 09 19:54:59 AEDT 2021] picard.sam.SortSam done. Elapsed time: 17.30 minutes.
Runtime.totalMemory()=1610264576
[Sat Oct  9 19:55:00 2021]
Finished job 0.
1 of 1 steps (100%) done
