Building DAG of jobs...
Using shell: /bin/bash
Provided cores: 1 (use --cores to define parallelism)
Rules claiming more threads will be scaled down.
Select jobs to execute...

[Sat Oct  9 20:37:43 2021]
rule sort_mark_duplicates:
    input: /fs03/pg32/zarul/results/marked_dup/JH19007.bam
    output: /fs03/pg32/zarul/results/marked_dup/JH19007.sorted.bam, /fs03/pg32/zarul/results/marked_dup/JH19007.sorted.bai
    jobid: 0
    wildcards: sample=JH19007
    resources: mem_mb=8229, disk_mb=8229, tmpdir=/tmp

Activating conda environment: /projects/pg32/WES_preliminary_analyses/.snakemake/conda/ff944c3fd317023ffbdbe7a022133507
INFO	2021-10-09 20:37:49	SortSam	

********** NOTE: Picard's command line syntax is changing.
**********
********** For more information, please see:
********** https://github.com/broadinstitute/picard/wiki/Command-Line-Syntax-Transition-For-Users-(Pre-Transition)
**********
********** The command line looks like this in the new syntax:
**********
**********    SortSam -I /fs03/pg32/zarul/results/marked_dup/JH19007.bam -O /fs03/pg32/zarul/results/marked_dup/JH19007.sorted.bam -SORT_ORDER coordinate -CREATE_INDEX true
**********


20:37:50.472 INFO  NativeLibraryLoader - Loading libgkl_compression.so from jar:file:/projects/pg32/WES_preliminary_analyses/.snakemake/conda/ff944c3fd317023ffbdbe7a022133507/share/picard-2.26.1-0/picard.jar!/com/intel/gkl/native/libgkl_compression.so
[Sat Oct 09 20:37:50 AEDT 2021] SortSam INPUT=/fs03/pg32/zarul/results/marked_dup/JH19007.bam OUTPUT=/fs03/pg32/zarul/results/marked_dup/JH19007.sorted.bam SORT_ORDER=coordinate CREATE_INDEX=true    VERBOSITY=INFO QUIET=false VALIDATION_STRINGENCY=STRICT COMPRESSION_LEVEL=5 MAX_RECORDS_IN_RAM=500000 CREATE_MD5_FILE=false GA4GH_CLIENT_SECRETS=client_secrets.json USE_JDK_DEFLATER=false USE_JDK_INFLATER=false
[Sat Oct 09 20:37:50 AEDT 2021] Executing as mzar0002@m3i022 on Linux 3.10.0-1160.11.1.el7.x86_64 amd64; OpenJDK 64-Bit Server VM 11.0.9.1-internal+0-adhoc..src; Deflater: Intel; Inflater: Intel; Provider GCS is not available; Picard version: 2.26.1
WARNING: BAM index file /fs03/pg32/zarul/results/marked_dup/JH19007.bai is older than BAM /fs03/pg32/zarul/results/marked_dup/JH19007.bam
INFO	2021-10-09 20:38:47	SortSam	Read    10,000,000 records.  Elapsed time: 00:00:56s.  Time for last 10,000,000:   56s.  Last read position: chr2:89,319,441
INFO	2021-10-09 20:39:37	SortSam	Read    20,000,000 records.  Elapsed time: 00:01:47s.  Time for last 10,000,000:   50s.  Last read position: chr4:122,912,895
INFO	2021-10-09 20:40:29	SortSam	Read    30,000,000 records.  Elapsed time: 00:02:39s.  Time for last 10,000,000:   51s.  Last read position: chr7:101,699,550
INFO	2021-10-09 20:41:20	SortSam	Read    40,000,000 records.  Elapsed time: 00:03:30s.  Time for last 10,000,000:   51s.  Last read position: chr10:110,568,732
INFO	2021-10-09 20:42:12	SortSam	Read    50,000,000 records.  Elapsed time: 00:04:21s.  Time for last 10,000,000:   51s.  Last read position: chr13:68,147,029
INFO	2021-10-09 20:43:09	SortSam	Read    60,000,000 records.  Elapsed time: 00:05:18s.  Time for last 10,000,000:   57s.  Last read position: chr17:4,117,029
INFO	2021-10-09 20:44:00	SortSam	Read    70,000,000 records.  Elapsed time: 00:06:09s.  Time for last 10,000,000:   51s.  Last read position: chr19:49,061,514
INFO	2021-10-09 20:44:53	SortSam	Read    80,000,000 records.  Elapsed time: 00:07:02s.  Time for last 10,000,000:   52s.  Last read position: chr6_GL000250v2_alt:3,148,383
INFO	2021-10-09 20:45:06	SortSam	Finished reading inputs, merging and writing to output now.
INFO	2021-10-09 20:46:16	SortSam	Wrote    10,000,000 records from a sorting collection.  Elapsed time: 00:08:25s.  Time for last 10,000,000:   69s.  Last read position: chr2:89,319,441
INFO	2021-10-09 20:47:24	SortSam	Wrote    20,000,000 records from a sorting collection.  Elapsed time: 00:09:33s.  Time for last 10,000,000:   68s.  Last read position: chr4:122,912,895
INFO	2021-10-09 20:48:33	SortSam	Wrote    30,000,000 records from a sorting collection.  Elapsed time: 00:10:42s.  Time for last 10,000,000:   68s.  Last read position: chr7:101,699,550
INFO	2021-10-09 20:49:41	SortSam	Wrote    40,000,000 records from a sorting collection.  Elapsed time: 00:11:50s.  Time for last 10,000,000:   68s.  Last read position: chr10:110,568,732
INFO	2021-10-09 20:50:48	SortSam	Wrote    50,000,000 records from a sorting collection.  Elapsed time: 00:12:57s.  Time for last 10,000,000:   67s.  Last read position: chr13:68,147,029
INFO	2021-10-09 20:51:57	SortSam	Wrote    60,000,000 records from a sorting collection.  Elapsed time: 00:14:06s.  Time for last 10,000,000:   68s.  Last read position: chr17:4,117,029
INFO	2021-10-09 20:53:04	SortSam	Wrote    70,000,000 records from a sorting collection.  Elapsed time: 00:15:13s.  Time for last 10,000,000:   66s.  Last read position: chr19:49,061,514
INFO	2021-10-09 20:54:12	SortSam	Wrote    80,000,000 records from a sorting collection.  Elapsed time: 00:16:21s.  Time for last 10,000,000:   68s.  Last read position: chr6_GL000250v2_alt:3,148,383
[Sat Oct 09 20:54:28 AEDT 2021] picard.sam.SortSam done. Elapsed time: 16.64 minutes.
Runtime.totalMemory()=1675657216
[Sat Oct  9 20:54:28 2021]
Finished job 0.
1 of 1 steps (100%) done
