Building DAG of jobs...
Using shell: /bin/bash
Provided cores: 1 (use --cores to define parallelism)
Rules claiming more threads will be scaled down.
Select jobs to execute...

[Sat Oct  9 20:44:06 2021]
rule sort_mark_duplicates:
    input: /fs03/pg32/zarul/results/marked_dup/JH19032.bam
    output: /fs03/pg32/zarul/results/marked_dup/JH19032.sorted.bam, /fs03/pg32/zarul/results/marked_dup/JH19032.sorted.bai
    jobid: 0
    wildcards: sample=JH19032
    resources: mem_mb=8810, disk_mb=8810, tmpdir=/tmp

Activating conda environment: /projects/pg32/WES_preliminary_analyses/.snakemake/conda/ff944c3fd317023ffbdbe7a022133507
INFO	2021-10-09 20:44:11	SortSam	

********** NOTE: Picard's command line syntax is changing.
**********
********** For more information, please see:
********** https://github.com/broadinstitute/picard/wiki/Command-Line-Syntax-Transition-For-Users-(Pre-Transition)
**********
********** The command line looks like this in the new syntax:
**********
**********    SortSam -I /fs03/pg32/zarul/results/marked_dup/JH19032.bam -O /fs03/pg32/zarul/results/marked_dup/JH19032.sorted.bam -SORT_ORDER coordinate -CREATE_INDEX true
**********


20:44:11.726 INFO  NativeLibraryLoader - Loading libgkl_compression.so from jar:file:/projects/pg32/WES_preliminary_analyses/.snakemake/conda/ff944c3fd317023ffbdbe7a022133507/share/picard-2.26.1-0/picard.jar!/com/intel/gkl/native/libgkl_compression.so
[Sat Oct 09 20:44:11 AEDT 2021] SortSam INPUT=/fs03/pg32/zarul/results/marked_dup/JH19032.bam OUTPUT=/fs03/pg32/zarul/results/marked_dup/JH19032.sorted.bam SORT_ORDER=coordinate CREATE_INDEX=true    VERBOSITY=INFO QUIET=false VALIDATION_STRINGENCY=STRICT COMPRESSION_LEVEL=5 MAX_RECORDS_IN_RAM=500000 CREATE_MD5_FILE=false GA4GH_CLIENT_SECRETS=client_secrets.json USE_JDK_DEFLATER=false USE_JDK_INFLATER=false
[Sat Oct 09 20:44:11 AEDT 2021] Executing as mzar0002@m3i045 on Linux 3.10.0-1160.11.1.el7.x86_64 amd64; OpenJDK 64-Bit Server VM 11.0.9.1-internal+0-adhoc..src; Deflater: Intel; Inflater: Intel; Provider GCS is not available; Picard version: 2.26.1
WARNING: BAM index file /fs03/pg32/zarul/results/marked_dup/JH19032.bai is older than BAM /fs03/pg32/zarul/results/marked_dup/JH19032.bam
INFO	2021-10-09 20:45:08	SortSam	Read    10,000,000 records.  Elapsed time: 00:00:56s.  Time for last 10,000,000:   56s.  Last read position: chr2:90,210,247
INFO	2021-10-09 20:45:59	SortSam	Read    20,000,000 records.  Elapsed time: 00:01:47s.  Time for last 10,000,000:   50s.  Last read position: chr4:138,329,199
INFO	2021-10-09 20:46:50	SortSam	Read    30,000,000 records.  Elapsed time: 00:02:38s.  Time for last 10,000,000:   51s.  Last read position: chr7:107,904,713
INFO	2021-10-09 20:47:39	SortSam	Read    40,000,000 records.  Elapsed time: 00:03:27s.  Time for last 10,000,000:   48s.  Last read position: chr10:122,914,198
INFO	2021-10-09 20:48:27	SortSam	Read    50,000,000 records.  Elapsed time: 00:04:15s.  Time for last 10,000,000:   48s.  Last read position: chr13:102,734,358
INFO	2021-10-09 20:49:20	SortSam	Read    60,000,000 records.  Elapsed time: 00:05:08s.  Time for last 10,000,000:   52s.  Last read position: chr17:7,258,991
INFO	2021-10-09 20:50:09	SortSam	Read    70,000,000 records.  Elapsed time: 00:05:57s.  Time for last 10,000,000:   49s.  Last read position: chr19:49,801,634
INFO	2021-10-09 20:51:00	SortSam	Read    80,000,000 records.  Elapsed time: 00:06:48s.  Time for last 10,000,000:   50s.  Last read position: chr8_KI270813v1_alt:26,187
INFO	2021-10-09 20:51:11	SortSam	Finished reading inputs, merging and writing to output now.
INFO	2021-10-09 20:52:27	SortSam	Wrote    10,000,000 records from a sorting collection.  Elapsed time: 00:08:15s.  Time for last 10,000,000:   75s.  Last read position: chr2:90,210,247
INFO	2021-10-09 20:53:42	SortSam	Wrote    20,000,000 records from a sorting collection.  Elapsed time: 00:09:30s.  Time for last 10,000,000:   74s.  Last read position: chr4:138,329,199
INFO	2021-10-09 20:54:57	SortSam	Wrote    30,000,000 records from a sorting collection.  Elapsed time: 00:10:45s.  Time for last 10,000,000:   75s.  Last read position: chr7:107,904,713
INFO	2021-10-09 20:56:12	SortSam	Wrote    40,000,000 records from a sorting collection.  Elapsed time: 00:12:00s.  Time for last 10,000,000:   74s.  Last read position: chr10:122,914,198
INFO	2021-10-09 20:57:26	SortSam	Wrote    50,000,000 records from a sorting collection.  Elapsed time: 00:13:14s.  Time for last 10,000,000:   73s.  Last read position: chr13:102,734,358
INFO	2021-10-09 20:58:40	SortSam	Wrote    60,000,000 records from a sorting collection.  Elapsed time: 00:14:28s.  Time for last 10,000,000:   73s.  Last read position: chr17:7,258,991
INFO	2021-10-09 20:59:52	SortSam	Wrote    70,000,000 records from a sorting collection.  Elapsed time: 00:15:40s.  Time for last 10,000,000:   72s.  Last read position: chr19:49,801,634
INFO	2021-10-09 21:01:07	SortSam	Wrote    80,000,000 records from a sorting collection.  Elapsed time: 00:16:55s.  Time for last 10,000,000:   74s.  Last read position: chr8_KI270813v1_alt:26,187
[Sat Oct 09 21:01:24 AEDT 2021] picard.sam.SortSam done. Elapsed time: 17.21 minutes.
Runtime.totalMemory()=1184296960
[Sat Oct  9 21:01:24 2021]
Finished job 0.
1 of 1 steps (100%) done
