Building DAG of jobs...
Using shell: /bin/bash
Provided cores: 1 (use --cores to define parallelism)
Rules claiming more threads will be scaled down.
Select jobs to execute...

[Sat Oct  9 19:37:36 2021]
rule sort_mark_duplicates:
    input: /fs03/pg32/zarul/results/marked_dup/JH19040.bam
    output: /fs03/pg32/zarul/results/marked_dup/JH19040.sorted.bam, /fs03/pg32/zarul/results/marked_dup/JH19040.sorted.bai
    jobid: 0
    wildcards: sample=JH19040
    resources: mem_mb=8208, disk_mb=8208, tmpdir=/tmp

Activating conda environment: /projects/pg32/WES_preliminary_analyses/.snakemake/conda/ff944c3fd317023ffbdbe7a022133507
INFO	2021-10-09 19:37:41	SortSam	

********** NOTE: Picard's command line syntax is changing.
**********
********** For more information, please see:
********** https://github.com/broadinstitute/picard/wiki/Command-Line-Syntax-Transition-For-Users-(Pre-Transition)
**********
********** The command line looks like this in the new syntax:
**********
**********    SortSam -I /fs03/pg32/zarul/results/marked_dup/JH19040.bam -O /fs03/pg32/zarul/results/marked_dup/JH19040.sorted.bam -SORT_ORDER coordinate -CREATE_INDEX true
**********


19:37:42.276 INFO  NativeLibraryLoader - Loading libgkl_compression.so from jar:file:/projects/pg32/WES_preliminary_analyses/.snakemake/conda/ff944c3fd317023ffbdbe7a022133507/share/picard-2.26.1-0/picard.jar!/com/intel/gkl/native/libgkl_compression.so
[Sat Oct 09 19:37:42 AEDT 2021] SortSam INPUT=/fs03/pg32/zarul/results/marked_dup/JH19040.bam OUTPUT=/fs03/pg32/zarul/results/marked_dup/JH19040.sorted.bam SORT_ORDER=coordinate CREATE_INDEX=true    VERBOSITY=INFO QUIET=false VALIDATION_STRINGENCY=STRICT COMPRESSION_LEVEL=5 MAX_RECORDS_IN_RAM=500000 CREATE_MD5_FILE=false GA4GH_CLIENT_SECRETS=client_secrets.json USE_JDK_DEFLATER=false USE_JDK_INFLATER=false
[Sat Oct 09 19:37:42 AEDT 2021] Executing as mzar0002@m3j003 on Linux 3.10.0-1160.11.1.el7.x86_64 amd64; OpenJDK 64-Bit Server VM 11.0.9.1-internal+0-adhoc..src; Deflater: Intel; Inflater: Intel; Provider GCS is not available; Picard version: 2.26.1
WARNING: BAM index file /fs03/pg32/zarul/results/marked_dup/JH19040.bai is older than BAM /fs03/pg32/zarul/results/marked_dup/JH19040.bam
INFO	2021-10-09 19:38:42	SortSam	Read    10,000,000 records.  Elapsed time: 00:00:59s.  Time for last 10,000,000:   59s.  Last read position: chr2:90,210,366
INFO	2021-10-09 19:39:33	SortSam	Read    20,000,000 records.  Elapsed time: 00:01:50s.  Time for last 10,000,000:   51s.  Last read position: chr4:122,257,434
INFO	2021-10-09 19:40:24	SortSam	Read    30,000,000 records.  Elapsed time: 00:02:41s.  Time for last 10,000,000:   50s.  Last read position: chr7:101,038,981
INFO	2021-10-09 19:41:13	SortSam	Read    40,000,000 records.  Elapsed time: 00:03:31s.  Time for last 10,000,000:   49s.  Last read position: chr10:104,478,997
INFO	2021-10-09 19:42:03	SortSam	Read    50,000,000 records.  Elapsed time: 00:04:21s.  Time for last 10,000,000:   49s.  Last read position: chr13:60,493,382
INFO	2021-10-09 19:42:59	SortSam	Read    60,000,000 records.  Elapsed time: 00:05:16s.  Time for last 10,000,000:   55s.  Last read position: chr17:4,789,817
INFO	2021-10-09 19:43:49	SortSam	Read    70,000,000 records.  Elapsed time: 00:06:06s.  Time for last 10,000,000:   49s.  Last read position: chr19:50,687,408
INFO	2021-10-09 19:44:46	SortSam	Read    80,000,000 records.  Elapsed time: 00:07:04s.  Time for last 10,000,000:   57s.  Last read position: chr14_KI270846v1_alt:92,718
INFO	2021-10-09 19:44:58	SortSam	Finished reading inputs, merging and writing to output now.
INFO	2021-10-09 19:46:08	SortSam	Wrote    10,000,000 records from a sorting collection.  Elapsed time: 00:08:26s.  Time for last 10,000,000:   69s.  Last read position: chr2:90,210,366
INFO	2021-10-09 19:47:17	SortSam	Wrote    20,000,000 records from a sorting collection.  Elapsed time: 00:09:34s.  Time for last 10,000,000:   68s.  Last read position: chr4:122,257,434
INFO	2021-10-09 19:48:27	SortSam	Wrote    30,000,000 records from a sorting collection.  Elapsed time: 00:10:44s.  Time for last 10,000,000:   69s.  Last read position: chr7:101,038,981
INFO	2021-10-09 19:49:36	SortSam	Wrote    40,000,000 records from a sorting collection.  Elapsed time: 00:11:53s.  Time for last 10,000,000:   69s.  Last read position: chr10:104,478,997
INFO	2021-10-09 19:50:44	SortSam	Wrote    50,000,000 records from a sorting collection.  Elapsed time: 00:13:01s.  Time for last 10,000,000:   68s.  Last read position: chr13:60,493,382
INFO	2021-10-09 19:51:53	SortSam	Wrote    60,000,000 records from a sorting collection.  Elapsed time: 00:14:10s.  Time for last 10,000,000:   69s.  Last read position: chr17:4,789,817
INFO	2021-10-09 19:53:01	SortSam	Wrote    70,000,000 records from a sorting collection.  Elapsed time: 00:15:18s.  Time for last 10,000,000:   67s.  Last read position: chr19:50,687,408
INFO	2021-10-09 19:54:10	SortSam	Wrote    80,000,000 records from a sorting collection.  Elapsed time: 00:16:28s.  Time for last 10,000,000:   69s.  Last read position: chr14_KI270846v1_alt:92,718
[Sat Oct 09 19:54:25 AEDT 2021] picard.sam.SortSam done. Elapsed time: 16.71 minutes.
Runtime.totalMemory()=1667866624
[Sat Oct  9 19:54:25 2021]
Finished job 0.
1 of 1 steps (100%) done
