Building DAG of jobs...
Using shell: /bin/bash
Provided cores: 1 (use --cores to define parallelism)
Rules claiming more threads will be scaled down.
Select jobs to execute...

[Sat Oct  9 21:17:26 2021]
rule sort_mark_duplicates:
    input: /fs03/pg32/zarul/results/marked_dup/PRS051.bam
    output: /fs03/pg32/zarul/results/marked_dup/PRS051.sorted.bam, /fs03/pg32/zarul/results/marked_dup/PRS051.sorted.bai
    jobid: 0
    wildcards: sample=PRS051
    resources: mem_mb=19286, disk_mb=19286, tmpdir=/tmp

Activating conda environment: /projects/pg32/WES_preliminary_analyses/.snakemake/conda/ff944c3fd317023ffbdbe7a022133507
INFO	2021-10-09 21:17:38	SortSam	

********** NOTE: Picard's command line syntax is changing.
**********
********** For more information, please see:
********** https://github.com/broadinstitute/picard/wiki/Command-Line-Syntax-Transition-For-Users-(Pre-Transition)
**********
********** The command line looks like this in the new syntax:
**********
**********    SortSam -I /fs03/pg32/zarul/results/marked_dup/PRS051.bam -O /fs03/pg32/zarul/results/marked_dup/PRS051.sorted.bam -SORT_ORDER coordinate -CREATE_INDEX true
**********


21:17:40.659 INFO  NativeLibraryLoader - Loading libgkl_compression.so from jar:file:/projects/pg32/WES_preliminary_analyses/.snakemake/conda/ff944c3fd317023ffbdbe7a022133507/share/picard-2.26.1-0/picard.jar!/com/intel/gkl/native/libgkl_compression.so
[Sat Oct 09 21:17:40 AEDT 2021] SortSam INPUT=/fs03/pg32/zarul/results/marked_dup/PRS051.bam OUTPUT=/fs03/pg32/zarul/results/marked_dup/PRS051.sorted.bam SORT_ORDER=coordinate CREATE_INDEX=true    VERBOSITY=INFO QUIET=false VALIDATION_STRINGENCY=STRICT COMPRESSION_LEVEL=5 MAX_RECORDS_IN_RAM=500000 CREATE_MD5_FILE=false GA4GH_CLIENT_SECRETS=client_secrets.json USE_JDK_DEFLATER=false USE_JDK_INFLATER=false
[Sat Oct 09 21:17:40 AEDT 2021] Executing as mzar0002@m3i026 on Linux 3.10.0-1160.11.1.el7.x86_64 amd64; OpenJDK 64-Bit Server VM 11.0.9.1-internal+0-adhoc..src; Deflater: Intel; Inflater: Intel; Provider GCS is not available; Picard version: 2.26.1
WARNING: BAM index file /fs03/pg32/zarul/results/marked_dup/PRS051.bai is older than BAM /fs03/pg32/zarul/results/marked_dup/PRS051.bam
INFO	2021-10-09 21:20:25	SortSam	Read    10,000,000 records.  Elapsed time: 00:02:44s.  Time for last 10,000,000:  164s.  Last read position: chr1:110,166,862
INFO	2021-10-09 21:22:38	SortSam	Read    20,000,000 records.  Elapsed time: 00:04:56s.  Time for last 10,000,000:  132s.  Last read position: chr2:25,741,867
INFO	2021-10-09 21:24:57	SortSam	Read    30,000,000 records.  Elapsed time: 00:07:16s.  Time for last 10,000,000:  139s.  Last read position: chr2:240,869,130
INFO	2021-10-09 21:27:16	SortSam	Read    40,000,000 records.  Elapsed time: 00:09:35s.  Time for last 10,000,000:  138s.  Last read position: chr4:1,213,556
INFO	2021-10-09 21:29:35	SortSam	Read    50,000,000 records.  Elapsed time: 00:11:54s.  Time for last 10,000,000:  139s.  Last read position: chr5:150,298,287
INFO	2021-10-09 21:31:52	SortSam	Read    60,000,000 records.  Elapsed time: 00:14:10s.  Time for last 10,000,000:  136s.  Last read position: chr7:16,526,787
INFO	2021-10-09 21:34:10	SortSam	Read    70,000,000 records.  Elapsed time: 00:16:29s.  Time for last 10,000,000:  138s.  Last read position: chr8:23,571,554
INFO	2021-10-09 21:36:23	SortSam	Read    80,000,000 records.  Elapsed time: 00:18:41s.  Time for last 10,000,000:  132s.  Last read position: chr9:128,226,106
INFO	2021-10-09 21:38:41	SortSam	Read    90,000,000 records.  Elapsed time: 00:21:00s.  Time for last 10,000,000:  138s.  Last read position: chr11:213,298
INFO	2021-10-09 21:41:08	SortSam	Read   100,000,000 records.  Elapsed time: 00:23:27s.  Time for last 10,000,000:  147s.  Last read position: chr11:114,698,119
INFO	2021-10-09 21:43:27	SortSam	Read   110,000,000 records.  Elapsed time: 00:25:45s.  Time for last 10,000,000:  138s.  Last read position: chr12:122,850,042
INFO	2021-10-09 21:45:46	SortSam	Read   120,000,000 records.  Elapsed time: 00:28:05s.  Time for last 10,000,000:  139s.  Last read position: chr15:30,925,832
INFO	2021-10-09 21:48:03	SortSam	Read   130,000,000 records.  Elapsed time: 00:30:21s.  Time for last 10,000,000:  136s.  Last read position: chr16:21,404,942
INFO	2021-10-09 21:50:17	SortSam	Read   140,000,000 records.  Elapsed time: 00:32:36s.  Time for last 10,000,000:  134s.  Last read position: chr17:8,186,962
INFO	2021-10-09 21:52:42	SortSam	Read   150,000,000 records.  Elapsed time: 00:35:01s.  Time for last 10,000,000:  145s.  Last read position: chr17:81,203,589
INFO	2021-10-09 21:54:56	SortSam	Read   160,000,000 records.  Elapsed time: 00:37:14s.  Time for last 10,000,000:  133s.  Last read position: chr19:17,210,745
INFO	2021-10-09 21:57:10	SortSam	Read   170,000,000 records.  Elapsed time: 00:39:28s.  Time for last 10,000,000:  134s.  Last read position: chr19:56,088,042
INFO	2021-10-09 21:59:28	SortSam	Read   180,000,000 records.  Elapsed time: 00:41:46s.  Time for last 10,000,000:  137s.  Last read position: chr22:23,315,336
INFO	2021-10-09 22:01:47	SortSam	Read   190,000,000 records.  Elapsed time: 00:44:05s.  Time for last 10,000,000:  138s.  Last read position: chr3_KI270779v1_alt:169,057
INFO	2021-10-09 22:03:36	SortSam	Finished reading inputs, merging and writing to output now.
INFO	2021-10-09 22:06:54	SortSam	Wrote    10,000,000 records from a sorting collection.  Elapsed time: 00:49:12s.  Time for last 10,000,000:  193s.  Last read position: chr1:110,166,862
INFO	2021-10-09 22:10:07	SortSam	Wrote    20,000,000 records from a sorting collection.  Elapsed time: 00:52:25s.  Time for last 10,000,000:  193s.  Last read position: chr2:25,741,867
INFO	2021-10-09 22:13:26	SortSam	Wrote    30,000,000 records from a sorting collection.  Elapsed time: 00:55:45s.  Time for last 10,000,000:  199s.  Last read position: chr2:240,869,130
INFO	2021-10-09 22:16:38	SortSam	Wrote    40,000,000 records from a sorting collection.  Elapsed time: 00:58:57s.  Time for last 10,000,000:  191s.  Last read position: chr4:1,213,556
INFO	2021-10-09 22:19:56	SortSam	Wrote    50,000,000 records from a sorting collection.  Elapsed time: 01:02:14s.  Time for last 10,000,000:  197s.  Last read position: chr5:150,298,287
INFO	2021-10-09 22:23:13	SortSam	Wrote    60,000,000 records from a sorting collection.  Elapsed time: 01:05:31s.  Time for last 10,000,000:  196s.  Last read position: chr7:16,526,787
INFO	2021-10-09 22:26:31	SortSam	Wrote    70,000,000 records from a sorting collection.  Elapsed time: 01:08:49s.  Time for last 10,000,000:  198s.  Last read position: chr8:23,571,554
INFO	2021-10-09 22:29:46	SortSam	Wrote    80,000,000 records from a sorting collection.  Elapsed time: 01:12:05s.  Time for last 10,000,000:  195s.  Last read position: chr9:128,226,106
INFO	2021-10-09 22:33:01	SortSam	Wrote    90,000,000 records from a sorting collection.  Elapsed time: 01:15:20s.  Time for last 10,000,000:  194s.  Last read position: chr11:213,298
INFO	2021-10-09 22:36:15	SortSam	Wrote   100,000,000 records from a sorting collection.  Elapsed time: 01:18:33s.  Time for last 10,000,000:  193s.  Last read position: chr11:114,698,119
INFO	2021-10-09 22:39:28	SortSam	Wrote   110,000,000 records from a sorting collection.  Elapsed time: 01:21:46s.  Time for last 10,000,000:  193s.  Last read position: chr12:122,850,042
INFO	2021-10-09 22:42:45	SortSam	Wrote   120,000,000 records from a sorting collection.  Elapsed time: 01:25:03s.  Time for last 10,000,000:  197s.  Last read position: chr15:30,925,832
INFO	2021-10-09 22:45:59	SortSam	Wrote   130,000,000 records from a sorting collection.  Elapsed time: 01:28:18s.  Time for last 10,000,000:  194s.  Last read position: chr16:21,404,942
INFO	2021-10-09 22:49:14	SortSam	Wrote   140,000,000 records from a sorting collection.  Elapsed time: 01:31:33s.  Time for last 10,000,000:  195s.  Last read position: chr17:8,186,962
INFO	2021-10-09 22:52:26	SortSam	Wrote   150,000,000 records from a sorting collection.  Elapsed time: 01:34:44s.  Time for last 10,000,000:  191s.  Last read position: chr17:81,203,589
INFO	2021-10-09 22:55:38	SortSam	Wrote   160,000,000 records from a sorting collection.  Elapsed time: 01:37:56s.  Time for last 10,000,000:  192s.  Last read position: chr19:17,210,745
INFO	2021-10-09 22:58:49	SortSam	Wrote   170,000,000 records from a sorting collection.  Elapsed time: 01:41:08s.  Time for last 10,000,000:  191s.  Last read position: chr19:56,088,042
INFO	2021-10-09 23:02:04	SortSam	Wrote   180,000,000 records from a sorting collection.  Elapsed time: 01:44:23s.  Time for last 10,000,000:  195s.  Last read position: chr22:23,315,336
INFO	2021-10-09 23:05:25	SortSam	Wrote   190,000,000 records from a sorting collection.  Elapsed time: 01:47:43s.  Time for last 10,000,000:  200s.  Last read position: chr3_KI270779v1_alt:169,057
[Sat Oct 09 23:07:57 AEDT 2021] picard.sam.SortSam done. Elapsed time: 110.29 minutes.
Runtime.totalMemory()=1705259008
[Sat Oct  9 23:07:58 2021]
Finished job 0.
1 of 1 steps (100%) done
