Building DAG of jobs...
Using shell: /bin/bash
Provided cores: 1 (use --cores to define parallelism)
Rules claiming more threads will be scaled down.
Select jobs to execute...

[Sat Oct  9 19:37:35 2021]
rule sort_mark_duplicates:
    input: /fs03/pg32/zarul/results/marked_dup/PRS071.bam
    output: /fs03/pg32/zarul/results/marked_dup/PRS071.sorted.bam, /fs03/pg32/zarul/results/marked_dup/PRS071.sorted.bai
    jobid: 0
    wildcards: sample=PRS071
    resources: mem_mb=9249, disk_mb=9249, tmpdir=/tmp

Activating conda environment: /projects/pg32/WES_preliminary_analyses/.snakemake/conda/ff944c3fd317023ffbdbe7a022133507
INFO	2021-10-09 19:37:41	SortSam	

********** NOTE: Picard's command line syntax is changing.
**********
********** For more information, please see:
********** https://github.com/broadinstitute/picard/wiki/Command-Line-Syntax-Transition-For-Users-(Pre-Transition)
**********
********** The command line looks like this in the new syntax:
**********
**********    SortSam -I /fs03/pg32/zarul/results/marked_dup/PRS071.bam -O /fs03/pg32/zarul/results/marked_dup/PRS071.sorted.bam -SORT_ORDER coordinate -CREATE_INDEX true
**********


19:37:42.275 INFO  NativeLibraryLoader - Loading libgkl_compression.so from jar:file:/projects/pg32/WES_preliminary_analyses/.snakemake/conda/ff944c3fd317023ffbdbe7a022133507/share/picard-2.26.1-0/picard.jar!/com/intel/gkl/native/libgkl_compression.so
[Sat Oct 09 19:37:42 AEDT 2021] SortSam INPUT=/fs03/pg32/zarul/results/marked_dup/PRS071.bam OUTPUT=/fs03/pg32/zarul/results/marked_dup/PRS071.sorted.bam SORT_ORDER=coordinate CREATE_INDEX=true    VERBOSITY=INFO QUIET=false VALIDATION_STRINGENCY=STRICT COMPRESSION_LEVEL=5 MAX_RECORDS_IN_RAM=500000 CREATE_MD5_FILE=false GA4GH_CLIENT_SECRETS=client_secrets.json USE_JDK_DEFLATER=false USE_JDK_INFLATER=false
[Sat Oct 09 19:37:42 AEDT 2021] Executing as mzar0002@m3i015 on Linux 3.10.0-1160.11.1.el7.x86_64 amd64; OpenJDK 64-Bit Server VM 11.0.9.1-internal+0-adhoc..src; Deflater: Intel; Inflater: Intel; Provider GCS is not available; Picard version: 2.26.1
WARNING: BAM index file /fs03/pg32/zarul/results/marked_dup/PRS071.bai is older than BAM /fs03/pg32/zarul/results/marked_dup/PRS071.bam
INFO	2021-10-09 19:38:42	SortSam	Read    10,000,000 records.  Elapsed time: 00:00:59s.  Time for last 10,000,000:   59s.  Last read position: chr2:42,763,263
INFO	2021-10-09 19:39:35	SortSam	Read    20,000,000 records.  Elapsed time: 00:01:53s.  Time for last 10,000,000:   53s.  Last read position: chr4:1,394,711
INFO	2021-10-09 19:40:30	SortSam	Read    30,000,000 records.  Elapsed time: 00:02:48s.  Time for last 10,000,000:   54s.  Last read position: chr6:152,381,106
INFO	2021-10-09 19:41:24	SortSam	Read    40,000,000 records.  Elapsed time: 00:03:41s.  Time for last 10,000,000:   53s.  Last read position: chr9:110,138,126
INFO	2021-10-09 19:42:19	SortSam	Read    50,000,000 records.  Elapsed time: 00:04:36s.  Time for last 10,000,000:   54s.  Last read position: chr11:123,884,259
INFO	2021-10-09 19:43:14	SortSam	Read    60,000,000 records.  Elapsed time: 00:05:31s.  Time for last 10,000,000:   54s.  Last read position: chr15:42,260,897
INFO	2021-10-09 19:44:07	SortSam	Read    70,000,000 records.  Elapsed time: 00:06:24s.  Time for last 10,000,000:   53s.  Last read position: chr17:49,526,211
INFO	2021-10-09 19:44:59	SortSam	Read    80,000,000 records.  Elapsed time: 00:07:16s.  Time for last 10,000,000:   52s.  Last read position: chr20:10,413,398
INFO	2021-10-09 19:45:54	SortSam	Read    90,000,000 records.  Elapsed time: 00:08:11s.  Time for last 10,000,000:   54s.  Last read position: chr6_GL000256v2_alt:1,971,092
INFO	2021-10-09 19:45:57	SortSam	Finished reading inputs, merging and writing to output now.
INFO	2021-10-09 19:47:11	SortSam	Wrote    10,000,000 records from a sorting collection.  Elapsed time: 00:09:29s.  Time for last 10,000,000:   73s.  Last read position: chr2:42,763,263
INFO	2021-10-09 19:48:23	SortSam	Wrote    20,000,000 records from a sorting collection.  Elapsed time: 00:10:41s.  Time for last 10,000,000:   72s.  Last read position: chr4:1,394,711
INFO	2021-10-09 19:49:37	SortSam	Wrote    30,000,000 records from a sorting collection.  Elapsed time: 00:11:54s.  Time for last 10,000,000:   73s.  Last read position: chr6:152,381,106
INFO	2021-10-09 19:50:51	SortSam	Wrote    40,000,000 records from a sorting collection.  Elapsed time: 00:13:08s.  Time for last 10,000,000:   74s.  Last read position: chr9:110,138,126
INFO	2021-10-09 19:52:03	SortSam	Wrote    50,000,000 records from a sorting collection.  Elapsed time: 00:14:20s.  Time for last 10,000,000:   71s.  Last read position: chr11:123,884,259
INFO	2021-10-09 19:53:15	SortSam	Wrote    60,000,000 records from a sorting collection.  Elapsed time: 00:15:32s.  Time for last 10,000,000:   72s.  Last read position: chr15:42,260,897
INFO	2021-10-09 19:54:27	SortSam	Wrote    70,000,000 records from a sorting collection.  Elapsed time: 00:16:44s.  Time for last 10,000,000:   71s.  Last read position: chr17:49,526,211
INFO	2021-10-09 19:55:38	SortSam	Wrote    80,000,000 records from a sorting collection.  Elapsed time: 00:17:55s.  Time for last 10,000,000:   70s.  Last read position: chr20:10,413,398
INFO	2021-10-09 19:56:52	SortSam	Wrote    90,000,000 records from a sorting collection.  Elapsed time: 00:19:09s.  Time for last 10,000,000:   73s.  Last read position: chr6_GL000256v2_alt:1,971,092
[Sat Oct 09 19:56:56 AEDT 2021] picard.sam.SortSam done. Elapsed time: 19.23 minutes.
Runtime.totalMemory()=1702985728
[Sat Oct  9 19:56:56 2021]
Finished job 0.
1 of 1 steps (100%) done
