Building DAG of jobs...
Using shell: /bin/bash
Provided cores: 1 (use --cores to define parallelism)
Rules claiming more threads will be scaled down.
Select jobs to execute...

[Sat Oct  9 19:40:57 2021]
rule sort_mark_duplicates:
    input: /fs03/pg32/zarul/results/marked_dup/JH19016.bam
    output: /fs03/pg32/zarul/results/marked_dup/JH19016.sorted.bam, /fs03/pg32/zarul/results/marked_dup/JH19016.sorted.bai
    jobid: 0
    wildcards: sample=JH19016
    resources: mem_mb=9744, disk_mb=9744, tmpdir=/tmp

Activating conda environment: /projects/pg32/WES_preliminary_analyses/.snakemake/conda/ff944c3fd317023ffbdbe7a022133507
INFO	2021-10-09 19:41:03	SortSam	

********** NOTE: Picard's command line syntax is changing.
**********
********** For more information, please see:
********** https://github.com/broadinstitute/picard/wiki/Command-Line-Syntax-Transition-For-Users-(Pre-Transition)
**********
********** The command line looks like this in the new syntax:
**********
**********    SortSam -I /fs03/pg32/zarul/results/marked_dup/JH19016.bam -O /fs03/pg32/zarul/results/marked_dup/JH19016.sorted.bam -SORT_ORDER coordinate -CREATE_INDEX true
**********


19:41:04.394 INFO  NativeLibraryLoader - Loading libgkl_compression.so from jar:file:/projects/pg32/WES_preliminary_analyses/.snakemake/conda/ff944c3fd317023ffbdbe7a022133507/share/picard-2.26.1-0/picard.jar!/com/intel/gkl/native/libgkl_compression.so
[Sat Oct 09 19:41:04 AEDT 2021] SortSam INPUT=/fs03/pg32/zarul/results/marked_dup/JH19016.bam OUTPUT=/fs03/pg32/zarul/results/marked_dup/JH19016.sorted.bam SORT_ORDER=coordinate CREATE_INDEX=true    VERBOSITY=INFO QUIET=false VALIDATION_STRINGENCY=STRICT COMPRESSION_LEVEL=5 MAX_RECORDS_IN_RAM=500000 CREATE_MD5_FILE=false GA4GH_CLIENT_SECRETS=client_secrets.json USE_JDK_DEFLATER=false USE_JDK_INFLATER=false
[Sat Oct 09 19:41:04 AEDT 2021] Executing as mzar0002@m3i022 on Linux 3.10.0-1160.11.1.el7.x86_64 amd64; OpenJDK 64-Bit Server VM 11.0.9.1-internal+0-adhoc..src; Deflater: Intel; Inflater: Intel; Provider GCS is not available; Picard version: 2.26.1
WARNING: BAM index file /fs03/pg32/zarul/results/marked_dup/JH19016.bai is older than BAM /fs03/pg32/zarul/results/marked_dup/JH19016.bam
INFO	2021-10-09 19:42:00	SortSam	Read    10,000,000 records.  Elapsed time: 00:00:55s.  Time for last 10,000,000:   55s.  Last read position: chr2:25,837,811
INFO	2021-10-09 19:42:55	SortSam	Read    20,000,000 records.  Elapsed time: 00:01:50s.  Time for last 10,000,000:   54s.  Last read position: chr3:138,949,617
INFO	2021-10-09 19:43:45	SortSam	Read    30,000,000 records.  Elapsed time: 00:02:41s.  Time for last 10,000,000:   50s.  Last read position: chr6:39,875,346
INFO	2021-10-09 19:44:35	SortSam	Read    40,000,000 records.  Elapsed time: 00:03:30s.  Time for last 10,000,000:   49s.  Last read position: chr8:116,855,142
INFO	2021-10-09 19:45:27	SortSam	Read    50,000,000 records.  Elapsed time: 00:04:22s.  Time for last 10,000,000:   51s.  Last read position: chr11:44,077,278
INFO	2021-10-09 19:46:15	SortSam	Read    60,000,000 records.  Elapsed time: 00:05:10s.  Time for last 10,000,000:   48s.  Last read position: chr13:100,797,424
INFO	2021-10-09 19:47:07	SortSam	Read    70,000,000 records.  Elapsed time: 00:06:02s.  Time for last 10,000,000:   51s.  Last read position: chr16:67,196,048
INFO	2021-10-09 19:47:57	SortSam	Read    80,000,000 records.  Elapsed time: 00:06:53s.  Time for last 10,000,000:   50s.  Last read position: chr19:14,090,164
INFO	2021-10-09 19:48:47	SortSam	Read    90,000,000 records.  Elapsed time: 00:07:42s.  Time for last 10,000,000:   49s.  Last read position: chr22:42,857,176
INFO	2021-10-09 19:49:19	SortSam	Finished reading inputs, merging and writing to output now.
INFO	2021-10-09 19:50:32	SortSam	Wrote    10,000,000 records from a sorting collection.  Elapsed time: 00:09:27s.  Time for last 10,000,000:   71s.  Last read position: chr2:25,837,811
INFO	2021-10-09 19:51:43	SortSam	Wrote    20,000,000 records from a sorting collection.  Elapsed time: 00:10:38s.  Time for last 10,000,000:   71s.  Last read position: chr3:138,949,617
INFO	2021-10-09 19:52:54	SortSam	Wrote    30,000,000 records from a sorting collection.  Elapsed time: 00:11:49s.  Time for last 10,000,000:   71s.  Last read position: chr6:39,875,346
INFO	2021-10-09 19:54:06	SortSam	Wrote    40,000,000 records from a sorting collection.  Elapsed time: 00:13:01s.  Time for last 10,000,000:   72s.  Last read position: chr8:116,855,142
INFO	2021-10-09 19:55:17	SortSam	Wrote    50,000,000 records from a sorting collection.  Elapsed time: 00:14:13s.  Time for last 10,000,000:   71s.  Last read position: chr11:44,077,278
INFO	2021-10-09 19:56:28	SortSam	Wrote    60,000,000 records from a sorting collection.  Elapsed time: 00:15:23s.  Time for last 10,000,000:   70s.  Last read position: chr13:100,797,424
INFO	2021-10-09 19:57:39	SortSam	Wrote    70,000,000 records from a sorting collection.  Elapsed time: 00:16:34s.  Time for last 10,000,000:   71s.  Last read position: chr16:67,196,048
INFO	2021-10-09 19:58:49	SortSam	Wrote    80,000,000 records from a sorting collection.  Elapsed time: 00:17:45s.  Time for last 10,000,000:   70s.  Last read position: chr19:14,090,164
INFO	2021-10-09 19:59:59	SortSam	Wrote    90,000,000 records from a sorting collection.  Elapsed time: 00:18:55s.  Time for last 10,000,000:   70s.  Last read position: chr22:42,857,176
[Sat Oct 09 20:00:46 AEDT 2021] picard.sam.SortSam done. Elapsed time: 19.70 minutes.
Runtime.totalMemory()=1239904256
[Sat Oct  9 20:00:46 2021]
Finished job 0.
1 of 1 steps (100%) done
