Building DAG of jobs...
Using shell: /bin/bash
Provided cores: 1 (use --cores to define parallelism)
Rules claiming more threads will be scaled down.
Select jobs to execute...

[Sat Oct  9 20:52:25 2021]
rule sort_mark_duplicates:
    input: /fs03/pg32/zarul/results/marked_dup/PRS020.bam
    output: /fs03/pg32/zarul/results/marked_dup/PRS020.sorted.bam, /fs03/pg32/zarul/results/marked_dup/PRS020.sorted.bai
    jobid: 0
    wildcards: sample=PRS020
    resources: mem_mb=8962, disk_mb=8962, tmpdir=/tmp

Activating conda environment: /projects/pg32/WES_preliminary_analyses/.snakemake/conda/ff944c3fd317023ffbdbe7a022133507
INFO	2021-10-09 20:52:31	SortSam	

********** NOTE: Picard's command line syntax is changing.
**********
********** For more information, please see:
********** https://github.com/broadinstitute/picard/wiki/Command-Line-Syntax-Transition-For-Users-(Pre-Transition)
**********
********** The command line looks like this in the new syntax:
**********
**********    SortSam -I /fs03/pg32/zarul/results/marked_dup/PRS020.bam -O /fs03/pg32/zarul/results/marked_dup/PRS020.sorted.bam -SORT_ORDER coordinate -CREATE_INDEX true
**********


20:52:32.588 INFO  NativeLibraryLoader - Loading libgkl_compression.so from jar:file:/projects/pg32/WES_preliminary_analyses/.snakemake/conda/ff944c3fd317023ffbdbe7a022133507/share/picard-2.26.1-0/picard.jar!/com/intel/gkl/native/libgkl_compression.so
[Sat Oct 09 20:52:32 AEDT 2021] SortSam INPUT=/fs03/pg32/zarul/results/marked_dup/PRS020.bam OUTPUT=/fs03/pg32/zarul/results/marked_dup/PRS020.sorted.bam SORT_ORDER=coordinate CREATE_INDEX=true    VERBOSITY=INFO QUIET=false VALIDATION_STRINGENCY=STRICT COMPRESSION_LEVEL=5 MAX_RECORDS_IN_RAM=500000 CREATE_MD5_FILE=false GA4GH_CLIENT_SECRETS=client_secrets.json USE_JDK_DEFLATER=false USE_JDK_INFLATER=false
[Sat Oct 09 20:52:32 AEDT 2021] Executing as mzar0002@m3i018 on Linux 3.10.0-1160.11.1.el7.x86_64 amd64; OpenJDK 64-Bit Server VM 11.0.9.1-internal+0-adhoc..src; Deflater: Intel; Inflater: Intel; Provider GCS is not available; Picard version: 2.26.1
WARNING: BAM index file /fs03/pg32/zarul/results/marked_dup/PRS020.bai is older than BAM /fs03/pg32/zarul/results/marked_dup/PRS020.bam
INFO	2021-10-09 20:53:33	SortSam	Read    10,000,000 records.  Elapsed time: 00:01:01s.  Time for last 10,000,000:   61s.  Last read position: chr2:32,948,845
INFO	2021-10-09 20:54:27	SortSam	Read    20,000,000 records.  Elapsed time: 00:01:54s.  Time for last 10,000,000:   53s.  Last read position: chr4:3,947,998
INFO	2021-10-09 20:55:16	SortSam	Read    30,000,000 records.  Elapsed time: 00:02:43s.  Time for last 10,000,000:   49s.  Last read position: chr7:5,357,145
INFO	2021-10-09 20:56:10	SortSam	Read    40,000,000 records.  Elapsed time: 00:03:37s.  Time for last 10,000,000:   53s.  Last read position: chr9:130,054,076
INFO	2021-10-09 20:57:03	SortSam	Read    50,000,000 records.  Elapsed time: 00:04:30s.  Time for last 10,000,000:   52s.  Last read position: chr12:6,843,209
INFO	2021-10-09 20:58:00	SortSam	Read    60,000,000 records.  Elapsed time: 00:05:27s.  Time for last 10,000,000:   57s.  Last read position: chr15:66,548,553
INFO	2021-10-09 20:58:51	SortSam	Read    70,000,000 records.  Elapsed time: 00:06:18s.  Time for last 10,000,000:   50s.  Last read position: chr17:50,353,723
INFO	2021-10-09 20:59:44	SortSam	Read    80,000,000 records.  Elapsed time: 00:07:12s.  Time for last 10,000,000:   53s.  Last read position: chr19:55,201,868
INFO	2021-10-09 21:00:37	SortSam	Read    90,000,000 records.  Elapsed time: 00:08:04s.  Time for last 10,000,000:   52s.  Last read position: chr16_GL383556v1_alt:103,518
INFO	2021-10-09 21:00:49	SortSam	Finished reading inputs, merging and writing to output now.
INFO	2021-10-09 21:02:00	SortSam	Wrote    10,000,000 records from a sorting collection.  Elapsed time: 00:09:27s.  Time for last 10,000,000:   69s.  Last read position: chr2:32,948,845
INFO	2021-10-09 21:03:09	SortSam	Wrote    20,000,000 records from a sorting collection.  Elapsed time: 00:10:36s.  Time for last 10,000,000:   68s.  Last read position: chr4:3,947,998
INFO	2021-10-09 21:04:19	SortSam	Wrote    30,000,000 records from a sorting collection.  Elapsed time: 00:11:46s.  Time for last 10,000,000:   70s.  Last read position: chr7:5,357,145
INFO	2021-10-09 21:05:29	SortSam	Wrote    40,000,000 records from a sorting collection.  Elapsed time: 00:12:56s.  Time for last 10,000,000:   69s.  Last read position: chr9:130,054,076
INFO	2021-10-09 21:06:37	SortSam	Wrote    50,000,000 records from a sorting collection.  Elapsed time: 00:14:04s.  Time for last 10,000,000:   68s.  Last read position: chr12:6,843,209
INFO	2021-10-09 21:07:46	SortSam	Wrote    60,000,000 records from a sorting collection.  Elapsed time: 00:15:13s.  Time for last 10,000,000:   69s.  Last read position: chr15:66,548,553
INFO	2021-10-09 21:08:56	SortSam	Wrote    70,000,000 records from a sorting collection.  Elapsed time: 00:16:23s.  Time for last 10,000,000:   69s.  Last read position: chr17:50,353,723
INFO	2021-10-09 21:10:03	SortSam	Wrote    80,000,000 records from a sorting collection.  Elapsed time: 00:17:30s.  Time for last 10,000,000:   67s.  Last read position: chr19:55,201,868
INFO	2021-10-09 21:11:13	SortSam	Wrote    90,000,000 records from a sorting collection.  Elapsed time: 00:18:40s.  Time for last 10,000,000:   69s.  Last read position: chr16_GL383556v1_alt:103,518
[Sat Oct 09 21:11:30 AEDT 2021] picard.sam.SortSam done. Elapsed time: 18.96 minutes.
Runtime.totalMemory()=1756262400
[Sat Oct  9 21:11:30 2021]
Finished job 0.
1 of 1 steps (100%) done
