Building DAG of jobs...
Using shell: /bin/bash
Provided cores: 1 (use --cores to define parallelism)
Rules claiming more threads will be scaled down.
Select jobs to execute...

[Sat Oct  9 20:30:10 2021]
rule sort_mark_duplicates:
    input: /fs03/pg32/zarul/results/marked_dup/PRS029.bam
    output: /fs03/pg32/zarul/results/marked_dup/PRS029.sorted.bam, /fs03/pg32/zarul/results/marked_dup/PRS029.sorted.bai
    jobid: 0
    wildcards: sample=PRS029
    resources: mem_mb=8552, disk_mb=8552, tmpdir=/tmp

Activating conda environment: /projects/pg32/WES_preliminary_analyses/.snakemake/conda/ff944c3fd317023ffbdbe7a022133507
INFO	2021-10-09 20:30:16	SortSam	

********** NOTE: Picard's command line syntax is changing.
**********
********** For more information, please see:
********** https://github.com/broadinstitute/picard/wiki/Command-Line-Syntax-Transition-For-Users-(Pre-Transition)
**********
********** The command line looks like this in the new syntax:
**********
**********    SortSam -I /fs03/pg32/zarul/results/marked_dup/PRS029.bam -O /fs03/pg32/zarul/results/marked_dup/PRS029.sorted.bam -SORT_ORDER coordinate -CREATE_INDEX true
**********


20:30:17.564 INFO  NativeLibraryLoader - Loading libgkl_compression.so from jar:file:/projects/pg32/WES_preliminary_analyses/.snakemake/conda/ff944c3fd317023ffbdbe7a022133507/share/picard-2.26.1-0/picard.jar!/com/intel/gkl/native/libgkl_compression.so
[Sat Oct 09 20:30:17 AEDT 2021] SortSam INPUT=/fs03/pg32/zarul/results/marked_dup/PRS029.bam OUTPUT=/fs03/pg32/zarul/results/marked_dup/PRS029.sorted.bam SORT_ORDER=coordinate CREATE_INDEX=true    VERBOSITY=INFO QUIET=false VALIDATION_STRINGENCY=STRICT COMPRESSION_LEVEL=5 MAX_RECORDS_IN_RAM=500000 CREATE_MD5_FILE=false GA4GH_CLIENT_SECRETS=client_secrets.json USE_JDK_DEFLATER=false USE_JDK_INFLATER=false
[Sat Oct 09 20:30:17 AEDT 2021] Executing as mzar0002@m3i006 on Linux 3.10.0-1160.11.1.el7.x86_64 amd64; OpenJDK 64-Bit Server VM 11.0.9.1-internal+0-adhoc..src; Deflater: Intel; Inflater: Intel; Provider GCS is not available; Picard version: 2.26.1
WARNING: BAM index file /fs03/pg32/zarul/results/marked_dup/PRS029.bai is older than BAM /fs03/pg32/zarul/results/marked_dup/PRS029.bam
INFO	2021-10-09 20:31:21	SortSam	Read    10,000,000 records.  Elapsed time: 00:01:03s.  Time for last 10,000,000:   63s.  Last read position: chr2:74,480,181
INFO	2021-10-09 20:32:18	SortSam	Read    20,000,000 records.  Elapsed time: 00:02:00s.  Time for last 10,000,000:   57s.  Last read position: chr4:125,450,965
INFO	2021-10-09 20:33:15	SortSam	Read    30,000,000 records.  Elapsed time: 00:02:57s.  Time for last 10,000,000:   56s.  Last read position: chr7:103,362,136
INFO	2021-10-09 20:34:10	SortSam	Read    40,000,000 records.  Elapsed time: 00:03:52s.  Time for last 10,000,000:   54s.  Last read position: chr10:103,855,209
INFO	2021-10-09 20:35:03	SortSam	Read    50,000,000 records.  Elapsed time: 00:04:45s.  Time for last 10,000,000:   53s.  Last read position: chr13:31,836,308
INFO	2021-10-09 20:35:58	SortSam	Read    60,000,000 records.  Elapsed time: 00:05:40s.  Time for last 10,000,000:   55s.  Last read position: chr16:71,152,496
INFO	2021-10-09 20:36:56	SortSam	Read    70,000,000 records.  Elapsed time: 00:06:38s.  Time for last 10,000,000:   57s.  Last read position: chr19:20,187,701
INFO	2021-10-09 20:38:00	SortSam	Read    80,000,000 records.  Elapsed time: 00:07:42s.  Time for last 10,000,000:   63s.  Last read position: chrX:71,122,772
INFO	2021-10-09 20:38:27	SortSam	Finished reading inputs, merging and writing to output now.
INFO	2021-10-09 20:39:38	SortSam	Wrote    10,000,000 records from a sorting collection.  Elapsed time: 00:09:20s.  Time for last 10,000,000:   70s.  Last read position: chr2:74,480,181
INFO	2021-10-09 20:40:48	SortSam	Wrote    20,000,000 records from a sorting collection.  Elapsed time: 00:10:30s.  Time for last 10,000,000:   69s.  Last read position: chr4:125,450,965
INFO	2021-10-09 20:41:59	SortSam	Wrote    30,000,000 records from a sorting collection.  Elapsed time: 00:11:41s.  Time for last 10,000,000:   70s.  Last read position: chr7:103,362,136
INFO	2021-10-09 20:43:09	SortSam	Wrote    40,000,000 records from a sorting collection.  Elapsed time: 00:12:51s.  Time for last 10,000,000:   70s.  Last read position: chr10:103,855,209
INFO	2021-10-09 20:44:18	SortSam	Wrote    50,000,000 records from a sorting collection.  Elapsed time: 00:14:00s.  Time for last 10,000,000:   68s.  Last read position: chr13:31,836,308
INFO	2021-10-09 20:45:28	SortSam	Wrote    60,000,000 records from a sorting collection.  Elapsed time: 00:15:10s.  Time for last 10,000,000:   70s.  Last read position: chr16:71,152,496
INFO	2021-10-09 20:46:36	SortSam	Wrote    70,000,000 records from a sorting collection.  Elapsed time: 00:16:18s.  Time for last 10,000,000:   68s.  Last read position: chr19:20,187,701
INFO	2021-10-09 20:47:45	SortSam	Wrote    80,000,000 records from a sorting collection.  Elapsed time: 00:17:27s.  Time for last 10,000,000:   69s.  Last read position: chrX:71,122,772
[Sat Oct 09 20:48:18 AEDT 2021] picard.sam.SortSam done. Elapsed time: 18.02 minutes.
Runtime.totalMemory()=1472307200
[Sat Oct  9 20:48:18 2021]
Finished job 0.
1 of 1 steps (100%) done
