Building DAG of jobs...
Using shell: /bin/bash
Provided cores: 1 (use --cores to define parallelism)
Rules claiming more threads will be scaled down.
Select jobs to execute...

[Sat Oct  9 21:17:25 2021]
rule sort_mark_duplicates:
    input: /fs03/pg32/zarul/results/marked_dup/JH19006.bam
    output: /fs03/pg32/zarul/results/marked_dup/JH19006.sorted.bam, /fs03/pg32/zarul/results/marked_dup/JH19006.sorted.bai
    jobid: 0
    wildcards: sample=JH19006
    resources: mem_mb=8391, disk_mb=8391, tmpdir=/tmp

Activating conda environment: /projects/pg32/WES_preliminary_analyses/.snakemake/conda/ff944c3fd317023ffbdbe7a022133507
INFO	2021-10-09 21:17:34	SortSam	

********** NOTE: Picard's command line syntax is changing.
**********
********** For more information, please see:
********** https://github.com/broadinstitute/picard/wiki/Command-Line-Syntax-Transition-For-Users-(Pre-Transition)
**********
********** The command line looks like this in the new syntax:
**********
**********    SortSam -I /fs03/pg32/zarul/results/marked_dup/JH19006.bam -O /fs03/pg32/zarul/results/marked_dup/JH19006.sorted.bam -SORT_ORDER coordinate -CREATE_INDEX true
**********


21:17:35.439 INFO  NativeLibraryLoader - Loading libgkl_compression.so from jar:file:/projects/pg32/WES_preliminary_analyses/.snakemake/conda/ff944c3fd317023ffbdbe7a022133507/share/picard-2.26.1-0/picard.jar!/com/intel/gkl/native/libgkl_compression.so
[Sat Oct 09 21:17:35 AEDT 2021] SortSam INPUT=/fs03/pg32/zarul/results/marked_dup/JH19006.bam OUTPUT=/fs03/pg32/zarul/results/marked_dup/JH19006.sorted.bam SORT_ORDER=coordinate CREATE_INDEX=true    VERBOSITY=INFO QUIET=false VALIDATION_STRINGENCY=STRICT COMPRESSION_LEVEL=5 MAX_RECORDS_IN_RAM=500000 CREATE_MD5_FILE=false GA4GH_CLIENT_SECRETS=client_secrets.json USE_JDK_DEFLATER=false USE_JDK_INFLATER=false
[Sat Oct 09 21:17:35 AEDT 2021] Executing as mzar0002@m3i006 on Linux 3.10.0-1160.11.1.el7.x86_64 amd64; OpenJDK 64-Bit Server VM 11.0.9.1-internal+0-adhoc..src; Deflater: Intel; Inflater: Intel; Provider GCS is not available; Picard version: 2.26.1
WARNING: BAM index file /fs03/pg32/zarul/results/marked_dup/JH19006.bai is older than BAM /fs03/pg32/zarul/results/marked_dup/JH19006.bam
INFO	2021-10-09 21:18:37	SortSam	Read    10,000,000 records.  Elapsed time: 00:01:02s.  Time for last 10,000,000:   62s.  Last read position: chr2:95,897,221
INFO	2021-10-09 21:19:31	SortSam	Read    20,000,000 records.  Elapsed time: 00:01:56s.  Time for last 10,000,000:   54s.  Last read position: chr4:150,840,968
INFO	2021-10-09 21:20:27	SortSam	Read    30,000,000 records.  Elapsed time: 00:02:52s.  Time for last 10,000,000:   56s.  Last read position: chr7:118,227,957
INFO	2021-10-09 21:21:35	SortSam	Read    40,000,000 records.  Elapsed time: 00:03:59s.  Time for last 10,000,000:   67s.  Last read position: chr10:122,615,177
INFO	2021-10-09 21:22:42	SortSam	Read    50,000,000 records.  Elapsed time: 00:05:06s.  Time for last 10,000,000:   66s.  Last read position: chr13:109,140,186
INFO	2021-10-09 21:23:41	SortSam	Read    60,000,000 records.  Elapsed time: 00:06:06s.  Time for last 10,000,000:   59s.  Last read position: chr17:7,010,084
INFO	2021-10-09 21:24:36	SortSam	Read    70,000,000 records.  Elapsed time: 00:07:00s.  Time for last 10,000,000:   54s.  Last read position: chr19:49,597,601
INFO	2021-10-09 21:25:34	SortSam	Read    80,000,000 records.  Elapsed time: 00:07:58s.  Time for last 10,000,000:   57s.  Last read position: chr3_JH636055v2_alt:78,222
INFO	2021-10-09 21:25:49	SortSam	Finished reading inputs, merging and writing to output now.
INFO	2021-10-09 21:27:02	SortSam	Wrote    10,000,000 records from a sorting collection.  Elapsed time: 00:09:26s.  Time for last 10,000,000:   71s.  Last read position: chr2:95,897,221
INFO	2021-10-09 21:28:13	SortSam	Wrote    20,000,000 records from a sorting collection.  Elapsed time: 00:10:37s.  Time for last 10,000,000:   71s.  Last read position: chr4:150,840,968
INFO	2021-10-09 21:29:25	SortSam	Wrote    30,000,000 records from a sorting collection.  Elapsed time: 00:11:50s.  Time for last 10,000,000:   72s.  Last read position: chr7:118,227,957
INFO	2021-10-09 21:30:36	SortSam	Wrote    40,000,000 records from a sorting collection.  Elapsed time: 00:13:01s.  Time for last 10,000,000:   71s.  Last read position: chr10:122,615,177
INFO	2021-10-09 21:31:47	SortSam	Wrote    50,000,000 records from a sorting collection.  Elapsed time: 00:14:11s.  Time for last 10,000,000:   70s.  Last read position: chr13:109,140,186
INFO	2021-10-09 21:32:57	SortSam	Wrote    60,000,000 records from a sorting collection.  Elapsed time: 00:15:22s.  Time for last 10,000,000:   70s.  Last read position: chr17:7,010,084
INFO	2021-10-09 21:34:06	SortSam	Wrote    70,000,000 records from a sorting collection.  Elapsed time: 00:16:31s.  Time for last 10,000,000:   69s.  Last read position: chr19:49,597,601
INFO	2021-10-09 21:35:17	SortSam	Wrote    80,000,000 records from a sorting collection.  Elapsed time: 00:17:42s.  Time for last 10,000,000:   70s.  Last read position: chr3_JH636055v2_alt:78,222
[Sat Oct 09 21:35:36 AEDT 2021] picard.sam.SortSam done. Elapsed time: 18.02 minutes.
Runtime.totalMemory()=1715433472
[Sat Oct  9 21:35:36 2021]
Finished job 0.
1 of 1 steps (100%) done
