Building DAG of jobs...
Using shell: /bin/bash
Provided cores: 1 (use --cores to define parallelism)
Rules claiming more threads will be scaled down.
Select jobs to execute...

[Sat Oct  9 20:44:08 2021]
rule sort_mark_duplicates:
    input: /fs03/pg32/zarul/results/marked_dup/JH19004.bam
    output: /fs03/pg32/zarul/results/marked_dup/JH19004.sorted.bam, /fs03/pg32/zarul/results/marked_dup/JH19004.sorted.bai
    jobid: 0
    wildcards: sample=JH19004
    resources: mem_mb=12337, disk_mb=12337, tmpdir=/tmp

Activating conda environment: /projects/pg32/WES_preliminary_analyses/.snakemake/conda/ff944c3fd317023ffbdbe7a022133507
INFO	2021-10-09 20:44:15	SortSam	

********** NOTE: Picard's command line syntax is changing.
**********
********** For more information, please see:
********** https://github.com/broadinstitute/picard/wiki/Command-Line-Syntax-Transition-For-Users-(Pre-Transition)
**********
********** The command line looks like this in the new syntax:
**********
**********    SortSam -I /fs03/pg32/zarul/results/marked_dup/JH19004.bam -O /fs03/pg32/zarul/results/marked_dup/JH19004.sorted.bam -SORT_ORDER coordinate -CREATE_INDEX true
**********


20:44:16.002 INFO  NativeLibraryLoader - Loading libgkl_compression.so from jar:file:/projects/pg32/WES_preliminary_analyses/.snakemake/conda/ff944c3fd317023ffbdbe7a022133507/share/picard-2.26.1-0/picard.jar!/com/intel/gkl/native/libgkl_compression.so
[Sat Oct 09 20:44:16 AEDT 2021] SortSam INPUT=/fs03/pg32/zarul/results/marked_dup/JH19004.bam OUTPUT=/fs03/pg32/zarul/results/marked_dup/JH19004.sorted.bam SORT_ORDER=coordinate CREATE_INDEX=true    VERBOSITY=INFO QUIET=false VALIDATION_STRINGENCY=STRICT COMPRESSION_LEVEL=5 MAX_RECORDS_IN_RAM=500000 CREATE_MD5_FILE=false GA4GH_CLIENT_SECRETS=client_secrets.json USE_JDK_DEFLATER=false USE_JDK_INFLATER=false
[Sat Oct 09 20:44:16 AEDT 2021] Executing as mzar0002@m3i005 on Linux 3.10.0-1160.11.1.el7.x86_64 amd64; OpenJDK 64-Bit Server VM 11.0.9.1-internal+0-adhoc..src; Deflater: Intel; Inflater: Intel; Provider GCS is not available; Picard version: 2.26.1
WARNING: BAM index file /fs03/pg32/zarul/results/marked_dup/JH19004.bai is older than BAM /fs03/pg32/zarul/results/marked_dup/JH19004.bam
INFO	2021-10-09 20:45:21	SortSam	Read    10,000,000 records.  Elapsed time: 00:01:04s.  Time for last 10,000,000:   64s.  Last read position: chr1:207,063,365
INFO	2021-10-09 20:46:17	SortSam	Read    20,000,000 records.  Elapsed time: 00:02:00s.  Time for last 10,000,000:   55s.  Last read position: chr3:19,879,519
INFO	2021-10-09 20:47:11	SortSam	Read    30,000,000 records.  Elapsed time: 00:02:55s.  Time for last 10,000,000:   54s.  Last read position: chr5:10,664,377
INFO	2021-10-09 20:48:06	SortSam	Read    40,000,000 records.  Elapsed time: 00:03:50s.  Time for last 10,000,000:   54s.  Last read position: chr7:27,130,764
INFO	2021-10-09 20:49:05	SortSam	Read    50,000,000 records.  Elapsed time: 00:04:49s.  Time for last 10,000,000:   58s.  Last read position: chr9:42,013,220
INFO	2021-10-09 20:49:59	SortSam	Read    60,000,000 records.  Elapsed time: 00:05:42s.  Time for last 10,000,000:   53s.  Last read position: chr11:46,668,506
INFO	2021-10-09 20:50:52	SortSam	Read    70,000,000 records.  Elapsed time: 00:06:36s.  Time for last 10,000,000:   53s.  Last read position: chr12:124,863,581
INFO	2021-10-09 20:51:46	SortSam	Read    80,000,000 records.  Elapsed time: 00:07:30s.  Time for last 10,000,000:   54s.  Last read position: chr16:260,670
INFO	2021-10-09 20:52:45	SortSam	Read    90,000,000 records.  Elapsed time: 00:08:29s.  Time for last 10,000,000:   59s.  Last read position: chr17:58,170,258
INFO	2021-10-09 20:53:38	SortSam	Read   100,000,000 records.  Elapsed time: 00:09:22s.  Time for last 10,000,000:   52s.  Last read position: chr19:46,778,846
INFO	2021-10-09 20:54:34	SortSam	Read   110,000,000 records.  Elapsed time: 00:10:17s.  Time for last 10,000,000:   55s.  Last read position: chrX:37,541,209
INFO	2021-10-09 20:55:18	SortSam	Finished reading inputs, merging and writing to output now.
INFO	2021-10-09 20:56:35	SortSam	Wrote    10,000,000 records from a sorting collection.  Elapsed time: 00:12:18s.  Time for last 10,000,000:   75s.  Last read position: chr1:207,063,365
INFO	2021-10-09 20:57:51	SortSam	Wrote    20,000,000 records from a sorting collection.  Elapsed time: 00:13:34s.  Time for last 10,000,000:   76s.  Last read position: chr3:19,879,519
INFO	2021-10-09 20:59:06	SortSam	Wrote    30,000,000 records from a sorting collection.  Elapsed time: 00:14:49s.  Time for last 10,000,000:   74s.  Last read position: chr5:10,664,377
INFO	2021-10-09 21:00:20	SortSam	Wrote    40,000,000 records from a sorting collection.  Elapsed time: 00:16:03s.  Time for last 10,000,000:   74s.  Last read position: chr7:27,130,764
INFO	2021-10-09 21:01:34	SortSam	Wrote    50,000,000 records from a sorting collection.  Elapsed time: 00:17:17s.  Time for last 10,000,000:   73s.  Last read position: chr9:42,013,220
INFO	2021-10-09 21:02:47	SortSam	Wrote    60,000,000 records from a sorting collection.  Elapsed time: 00:18:30s.  Time for last 10,000,000:   73s.  Last read position: chr11:46,668,506
INFO	2021-10-09 21:03:59	SortSam	Wrote    70,000,000 records from a sorting collection.  Elapsed time: 00:19:43s.  Time for last 10,000,000:   72s.  Last read position: chr12:124,863,581
INFO	2021-10-09 21:05:13	SortSam	Wrote    80,000,000 records from a sorting collection.  Elapsed time: 00:20:57s.  Time for last 10,000,000:   73s.  Last read position: chr16:260,670
INFO	2021-10-09 21:06:25	SortSam	Wrote    90,000,000 records from a sorting collection.  Elapsed time: 00:22:08s.  Time for last 10,000,000:   71s.  Last read position: chr17:58,170,258
INFO	2021-10-09 21:07:36	SortSam	Wrote   100,000,000 records from a sorting collection.  Elapsed time: 00:23:20s.  Time for last 10,000,000:   71s.  Last read position: chr19:46,778,846
INFO	2021-10-09 21:08:48	SortSam	Wrote   110,000,000 records from a sorting collection.  Elapsed time: 00:24:32s.  Time for last 10,000,000:   71s.  Last read position: chrX:37,541,209
[Sat Oct 09 21:09:48 AEDT 2021] picard.sam.SortSam done. Elapsed time: 25.55 minutes.
Runtime.totalMemory()=1842769920
[Sat Oct  9 21:09:48 2021]
Finished job 0.
1 of 1 steps (100%) done
