Building DAG of jobs...
Using shell: /bin/bash
Provided cores: 1 (use --cores to define parallelism)
Rules claiming more threads will be scaled down.
Select jobs to execute...

[Sat Oct  9 20:44:07 2021]
rule sort_mark_duplicates:
    input: /fs03/pg32/zarul/results/marked_dup/JH19035.bam
    output: /fs03/pg32/zarul/results/marked_dup/JH19035.sorted.bam, /fs03/pg32/zarul/results/marked_dup/JH19035.sorted.bai
    jobid: 0
    wildcards: sample=JH19035
    resources: mem_mb=11174, disk_mb=11174, tmpdir=/tmp

Activating conda environment: /projects/pg32/WES_preliminary_analyses/.snakemake/conda/ff944c3fd317023ffbdbe7a022133507
INFO	2021-10-09 20:44:11	SortSam	

********** NOTE: Picard's command line syntax is changing.
**********
********** For more information, please see:
********** https://github.com/broadinstitute/picard/wiki/Command-Line-Syntax-Transition-For-Users-(Pre-Transition)
**********
********** The command line looks like this in the new syntax:
**********
**********    SortSam -I /fs03/pg32/zarul/results/marked_dup/JH19035.bam -O /fs03/pg32/zarul/results/marked_dup/JH19035.sorted.bam -SORT_ORDER coordinate -CREATE_INDEX true
**********


20:44:12.791 INFO  NativeLibraryLoader - Loading libgkl_compression.so from jar:file:/projects/pg32/WES_preliminary_analyses/.snakemake/conda/ff944c3fd317023ffbdbe7a022133507/share/picard-2.26.1-0/picard.jar!/com/intel/gkl/native/libgkl_compression.so
[Sat Oct 09 20:44:12 AEDT 2021] SortSam INPUT=/fs03/pg32/zarul/results/marked_dup/JH19035.bam OUTPUT=/fs03/pg32/zarul/results/marked_dup/JH19035.sorted.bam SORT_ORDER=coordinate CREATE_INDEX=true    VERBOSITY=INFO QUIET=false VALIDATION_STRINGENCY=STRICT COMPRESSION_LEVEL=5 MAX_RECORDS_IN_RAM=500000 CREATE_MD5_FILE=false GA4GH_CLIENT_SECRETS=client_secrets.json USE_JDK_DEFLATER=false USE_JDK_INFLATER=false
[Sat Oct 09 20:44:12 AEDT 2021] Executing as mzar0002@m3j000 on Linux 3.10.0-1160.11.1.el7.x86_64 amd64; OpenJDK 64-Bit Server VM 11.0.9.1-internal+0-adhoc..src; Deflater: Intel; Inflater: Intel; Provider GCS is not available; Picard version: 2.26.1
WARNING: BAM index file /fs03/pg32/zarul/results/marked_dup/JH19035.bai is older than BAM /fs03/pg32/zarul/results/marked_dup/JH19035.bam
INFO	2021-10-09 20:45:17	SortSam	Read    10,000,000 records.  Elapsed time: 00:01:04s.  Time for last 10,000,000:   64s.  Last read position: chr2:45,788
INFO	2021-10-09 20:46:13	SortSam	Read    20,000,000 records.  Elapsed time: 00:02:00s.  Time for last 10,000,000:   56s.  Last read position: chr3:112,217,452
INFO	2021-10-09 20:47:05	SortSam	Read    30,000,000 records.  Elapsed time: 00:02:52s.  Time for last 10,000,000:   52s.  Last read position: chr5:179,799,578
INFO	2021-10-09 20:48:01	SortSam	Read    40,000,000 records.  Elapsed time: 00:03:48s.  Time for last 10,000,000:   56s.  Last read position: chr8:25,382,567
INFO	2021-10-09 20:48:57	SortSam	Read    50,000,000 records.  Elapsed time: 00:04:44s.  Time for last 10,000,000:   55s.  Last read position: chr10:112,156,148
INFO	2021-10-09 20:49:56	SortSam	Read    60,000,000 records.  Elapsed time: 00:05:43s.  Time for last 10,000,000:   59s.  Last read position: chr12:102,196,127
INFO	2021-10-09 20:50:53	SortSam	Read    70,000,000 records.  Elapsed time: 00:06:40s.  Time for last 10,000,000:   56s.  Last read position: chr16:780,537
INFO	2021-10-09 20:51:48	SortSam	Read    80,000,000 records.  Elapsed time: 00:07:35s.  Time for last 10,000,000:   54s.  Last read position: chr17:82,083,402
INFO	2021-10-09 20:52:42	SortSam	Read    90,000,000 records.  Elapsed time: 00:08:29s.  Time for last 10,000,000:   54s.  Last read position: chr20:42,771,495
INFO	2021-10-09 20:53:41	SortSam	Read   100,000,000 records.  Elapsed time: 00:09:28s.  Time for last 10,000,000:   58s.  Last read position: chr15_KI270852v1_alt:379,965
INFO	2021-10-09 20:53:56	SortSam	Finished reading inputs, merging and writing to output now.
INFO	2021-10-09 20:55:17	SortSam	Wrote    10,000,000 records from a sorting collection.  Elapsed time: 00:11:04s.  Time for last 10,000,000:   79s.  Last read position: chr2:45,788
INFO	2021-10-09 20:56:36	SortSam	Wrote    20,000,000 records from a sorting collection.  Elapsed time: 00:12:23s.  Time for last 10,000,000:   79s.  Last read position: chr3:112,217,452
INFO	2021-10-09 20:57:56	SortSam	Wrote    30,000,000 records from a sorting collection.  Elapsed time: 00:13:43s.  Time for last 10,000,000:   79s.  Last read position: chr5:179,799,578
INFO	2021-10-09 20:59:15	SortSam	Wrote    40,000,000 records from a sorting collection.  Elapsed time: 00:15:02s.  Time for last 10,000,000:   78s.  Last read position: chr8:25,382,567
INFO	2021-10-09 21:00:36	SortSam	Wrote    50,000,000 records from a sorting collection.  Elapsed time: 00:16:23s.  Time for last 10,000,000:   80s.  Last read position: chr10:112,156,148
INFO	2021-10-09 21:01:53	SortSam	Wrote    60,000,000 records from a sorting collection.  Elapsed time: 00:17:40s.  Time for last 10,000,000:   76s.  Last read position: chr12:102,196,127
INFO	2021-10-09 21:03:12	SortSam	Wrote    70,000,000 records from a sorting collection.  Elapsed time: 00:18:59s.  Time for last 10,000,000:   79s.  Last read position: chr16:780,537
INFO	2021-10-09 21:04:29	SortSam	Wrote    80,000,000 records from a sorting collection.  Elapsed time: 00:20:16s.  Time for last 10,000,000:   76s.  Last read position: chr17:82,083,402
INFO	2021-10-09 21:05:45	SortSam	Wrote    90,000,000 records from a sorting collection.  Elapsed time: 00:21:32s.  Time for last 10,000,000:   76s.  Last read position: chr20:42,771,495
INFO	2021-10-09 21:07:04	SortSam	Wrote   100,000,000 records from a sorting collection.  Elapsed time: 00:22:51s.  Time for last 10,000,000:   78s.  Last read position: chr15_KI270852v1_alt:379,965
[Sat Oct 09 21:07:23 AEDT 2021] picard.sam.SortSam done. Elapsed time: 23.18 minutes.
Runtime.totalMemory()=1630633984
[Sat Oct  9 21:07:23 2021]
Finished job 0.
1 of 1 steps (100%) done
