Building DAG of jobs...
Using shell: /bin/bash
Provided cores: 1 (use --cores to define parallelism)
Rules claiming more threads will be scaled down.
Select jobs to execute...

[Sat Oct  9 20:30:09 2021]
rule sort_mark_duplicates:
    input: /fs03/pg32/zarul/results/marked_dup/JH19011.bam
    output: /fs03/pg32/zarul/results/marked_dup/JH19011.sorted.bam, /fs03/pg32/zarul/results/marked_dup/JH19011.sorted.bai
    jobid: 0
    wildcards: sample=JH19011
    resources: mem_mb=9020, disk_mb=9020, tmpdir=/tmp

Activating conda environment: /projects/pg32/WES_preliminary_analyses/.snakemake/conda/ff944c3fd317023ffbdbe7a022133507
INFO	2021-10-09 20:30:15	SortSam	

********** NOTE: Picard's command line syntax is changing.
**********
********** For more information, please see:
********** https://github.com/broadinstitute/picard/wiki/Command-Line-Syntax-Transition-For-Users-(Pre-Transition)
**********
********** The command line looks like this in the new syntax:
**********
**********    SortSam -I /fs03/pg32/zarul/results/marked_dup/JH19011.bam -O /fs03/pg32/zarul/results/marked_dup/JH19011.sorted.bam -SORT_ORDER coordinate -CREATE_INDEX true
**********


20:30:16.000 INFO  NativeLibraryLoader - Loading libgkl_compression.so from jar:file:/projects/pg32/WES_preliminary_analyses/.snakemake/conda/ff944c3fd317023ffbdbe7a022133507/share/picard-2.26.1-0/picard.jar!/com/intel/gkl/native/libgkl_compression.so
[Sat Oct 09 20:30:16 AEDT 2021] SortSam INPUT=/fs03/pg32/zarul/results/marked_dup/JH19011.bam OUTPUT=/fs03/pg32/zarul/results/marked_dup/JH19011.sorted.bam SORT_ORDER=coordinate CREATE_INDEX=true    VERBOSITY=INFO QUIET=false VALIDATION_STRINGENCY=STRICT COMPRESSION_LEVEL=5 MAX_RECORDS_IN_RAM=500000 CREATE_MD5_FILE=false GA4GH_CLIENT_SECRETS=client_secrets.json USE_JDK_DEFLATER=false USE_JDK_INFLATER=false
[Sat Oct 09 20:30:16 AEDT 2021] Executing as mzar0002@m3j003 on Linux 3.10.0-1160.11.1.el7.x86_64 amd64; OpenJDK 64-Bit Server VM 11.0.9.1-internal+0-adhoc..src; Deflater: Intel; Inflater: Intel; Provider GCS is not available; Picard version: 2.26.1
WARNING: BAM index file /fs03/pg32/zarul/results/marked_dup/JH19011.bai is older than BAM /fs03/pg32/zarul/results/marked_dup/JH19011.bam
INFO	2021-10-09 20:31:11	SortSam	Read    10,000,000 records.  Elapsed time: 00:00:55s.  Time for last 10,000,000:   55s.  Last read position: chr2:48,581,131
INFO	2021-10-09 20:32:02	SortSam	Read    20,000,000 records.  Elapsed time: 00:01:46s.  Time for last 10,000,000:   50s.  Last read position: chr4:5,821,743
INFO	2021-10-09 20:32:51	SortSam	Read    30,000,000 records.  Elapsed time: 00:02:35s.  Time for last 10,000,000:   49s.  Last read position: chr6:159,803,461
INFO	2021-10-09 20:33:43	SortSam	Read    40,000,000 records.  Elapsed time: 00:03:27s.  Time for last 10,000,000:   51s.  Last read position: chr9:114,219,942
INFO	2021-10-09 20:34:34	SortSam	Read    50,000,000 records.  Elapsed time: 00:04:18s.  Time for last 10,000,000:   51s.  Last read position: chr12:4,444,407
INFO	2021-10-09 20:35:22	SortSam	Read    60,000,000 records.  Elapsed time: 00:05:05s.  Time for last 10,000,000:   47s.  Last read position: chr15:58,894,424
INFO	2021-10-09 20:36:11	SortSam	Read    70,000,000 records.  Elapsed time: 00:05:55s.  Time for last 10,000,000:   49s.  Last read position: chr17:75,490,743
INFO	2021-10-09 20:37:00	SortSam	Read    80,000,000 records.  Elapsed time: 00:06:43s.  Time for last 10,000,000:   48s.  Last read position: chr20:57,545,920
INFO	2021-10-09 20:37:52	SortSam	Read    90,000,000 records.  Elapsed time: 00:07:36s.  Time for last 10,000,000:   52s.  Last read position: chrUn_JTFH01001961v1_decoy:1,117
INFO	2021-10-09 20:37:53	SortSam	Finished reading inputs, merging and writing to output now.
INFO	2021-10-09 20:39:04	SortSam	Wrote    10,000,000 records from a sorting collection.  Elapsed time: 00:08:47s.  Time for last 10,000,000:   70s.  Last read position: chr2:48,581,131
INFO	2021-10-09 20:40:13	SortSam	Wrote    20,000,000 records from a sorting collection.  Elapsed time: 00:09:56s.  Time for last 10,000,000:   68s.  Last read position: chr4:5,821,743
INFO	2021-10-09 20:41:23	SortSam	Wrote    30,000,000 records from a sorting collection.  Elapsed time: 00:11:06s.  Time for last 10,000,000:   69s.  Last read position: chr6:159,803,461
INFO	2021-10-09 20:42:33	SortSam	Wrote    40,000,000 records from a sorting collection.  Elapsed time: 00:12:16s.  Time for last 10,000,000:   70s.  Last read position: chr9:114,219,942
INFO	2021-10-09 20:43:41	SortSam	Wrote    50,000,000 records from a sorting collection.  Elapsed time: 00:13:24s.  Time for last 10,000,000:   68s.  Last read position: chr12:4,444,407
INFO	2021-10-09 20:44:49	SortSam	Wrote    60,000,000 records from a sorting collection.  Elapsed time: 00:14:33s.  Time for last 10,000,000:   68s.  Last read position: chr15:58,894,424
INFO	2021-10-09 20:45:58	SortSam	Wrote    70,000,000 records from a sorting collection.  Elapsed time: 00:15:41s.  Time for last 10,000,000:   68s.  Last read position: chr17:75,490,743
INFO	2021-10-09 20:47:05	SortSam	Wrote    80,000,000 records from a sorting collection.  Elapsed time: 00:16:49s.  Time for last 10,000,000:   67s.  Last read position: chr20:57,545,920
INFO	2021-10-09 20:48:17	SortSam	Wrote    90,000,000 records from a sorting collection.  Elapsed time: 00:18:00s.  Time for last 10,000,000:   71s.  Last read position: chrUn_JTFH01001961v1_decoy:1,117
[Sat Oct 09 20:48:17 AEDT 2021] picard.sam.SortSam done. Elapsed time: 18.03 minutes.
Runtime.totalMemory()=1629290496
[Sat Oct  9 20:48:18 2021]
Finished job 0.
1 of 1 steps (100%) done
