Building DAG of jobs...
Using shell: /bin/bash
Provided cores: 1 (use --cores to define parallelism)
Rules claiming more threads will be scaled down.
Select jobs to execute...

[Sat Oct  9 20:30:10 2021]
rule sort_mark_duplicates:
    input: /fs03/pg32/zarul/results/marked_dup/PRS063.bam
    output: /fs03/pg32/zarul/results/marked_dup/PRS063.sorted.bam, /fs03/pg32/zarul/results/marked_dup/PRS063.sorted.bai
    jobid: 0
    wildcards: sample=PRS063
    resources: mem_mb=9346, disk_mb=9346, tmpdir=/tmp

Activating conda environment: /projects/pg32/WES_preliminary_analyses/.snakemake/conda/ff944c3fd317023ffbdbe7a022133507
INFO	2021-10-09 20:30:16	SortSam	

********** NOTE: Picard's command line syntax is changing.
**********
********** For more information, please see:
********** https://github.com/broadinstitute/picard/wiki/Command-Line-Syntax-Transition-For-Users-(Pre-Transition)
**********
********** The command line looks like this in the new syntax:
**********
**********    SortSam -I /fs03/pg32/zarul/results/marked_dup/PRS063.bam -O /fs03/pg32/zarul/results/marked_dup/PRS063.sorted.bam -SORT_ORDER coordinate -CREATE_INDEX true
**********


20:30:17.561 INFO  NativeLibraryLoader - Loading libgkl_compression.so from jar:file:/projects/pg32/WES_preliminary_analyses/.snakemake/conda/ff944c3fd317023ffbdbe7a022133507/share/picard-2.26.1-0/picard.jar!/com/intel/gkl/native/libgkl_compression.so
[Sat Oct 09 20:30:17 AEDT 2021] SortSam INPUT=/fs03/pg32/zarul/results/marked_dup/PRS063.bam OUTPUT=/fs03/pg32/zarul/results/marked_dup/PRS063.sorted.bam SORT_ORDER=coordinate CREATE_INDEX=true    VERBOSITY=INFO QUIET=false VALIDATION_STRINGENCY=STRICT COMPRESSION_LEVEL=5 MAX_RECORDS_IN_RAM=500000 CREATE_MD5_FILE=false GA4GH_CLIENT_SECRETS=client_secrets.json USE_JDK_DEFLATER=false USE_JDK_INFLATER=false
[Sat Oct 09 20:30:17 AEDT 2021] Executing as mzar0002@m3i006 on Linux 3.10.0-1160.11.1.el7.x86_64 amd64; OpenJDK 64-Bit Server VM 11.0.9.1-internal+0-adhoc..src; Deflater: Intel; Inflater: Intel; Provider GCS is not available; Picard version: 2.26.1
WARNING: BAM index file /fs03/pg32/zarul/results/marked_dup/PRS063.bai is older than BAM /fs03/pg32/zarul/results/marked_dup/PRS063.bam
INFO	2021-10-09 20:31:23	SortSam	Read    10,000,000 records.  Elapsed time: 00:01:05s.  Time for last 10,000,000:   65s.  Last read position: chr2:69,961,516
INFO	2021-10-09 20:32:20	SortSam	Read    20,000,000 records.  Elapsed time: 00:02:03s.  Time for last 10,000,000:   57s.  Last read position: chr4:55,370,514
INFO	2021-10-09 20:33:24	SortSam	Read    30,000,000 records.  Elapsed time: 00:03:06s.  Time for last 10,000,000:   63s.  Last read position: chr7:51,085,206
INFO	2021-10-09 20:34:23	SortSam	Read    40,000,000 records.  Elapsed time: 00:04:05s.  Time for last 10,000,000:   59s.  Last read position: chr10:22,389,057
INFO	2021-10-09 20:35:34	SortSam	Read    50,000,000 records.  Elapsed time: 00:05:16s.  Time for last 10,000,000:   71s.  Last read position: chr12:57,764,748
INFO	2021-10-09 20:36:29	SortSam	Read    60,000,000 records.  Elapsed time: 00:06:12s.  Time for last 10,000,000:   55s.  Last read position: chr16:10,425,274
INFO	2021-10-09 20:37:28	SortSam	Read    70,000,000 records.  Elapsed time: 00:07:10s.  Time for last 10,000,000:   58s.  Last read position: chr19:3,573,468
INFO	2021-10-09 20:38:25	SortSam	Read    80,000,000 records.  Elapsed time: 00:08:07s.  Time for last 10,000,000:   57s.  Last read position: chr22:32,043,299
INFO	2021-10-09 20:39:04	SortSam	Finished reading inputs, merging and writing to output now.
INFO	2021-10-09 20:40:18	SortSam	Wrote    10,000,000 records from a sorting collection.  Elapsed time: 00:10:01s.  Time for last 10,000,000:   73s.  Last read position: chr2:69,961,516
INFO	2021-10-09 20:41:31	SortSam	Wrote    20,000,000 records from a sorting collection.  Elapsed time: 00:11:13s.  Time for last 10,000,000:   72s.  Last read position: chr4:55,370,514
INFO	2021-10-09 20:42:45	SortSam	Wrote    30,000,000 records from a sorting collection.  Elapsed time: 00:12:27s.  Time for last 10,000,000:   74s.  Last read position: chr7:51,085,206
INFO	2021-10-09 20:43:59	SortSam	Wrote    40,000,000 records from a sorting collection.  Elapsed time: 00:13:41s.  Time for last 10,000,000:   73s.  Last read position: chr10:22,389,057
INFO	2021-10-09 20:45:11	SortSam	Wrote    50,000,000 records from a sorting collection.  Elapsed time: 00:14:53s.  Time for last 10,000,000:   72s.  Last read position: chr12:57,764,748
INFO	2021-10-09 20:46:25	SortSam	Wrote    60,000,000 records from a sorting collection.  Elapsed time: 00:16:07s.  Time for last 10,000,000:   73s.  Last read position: chr16:10,425,274
INFO	2021-10-09 20:47:37	SortSam	Wrote    70,000,000 records from a sorting collection.  Elapsed time: 00:17:19s.  Time for last 10,000,000:   72s.  Last read position: chr19:3,573,468
INFO	2021-10-09 20:48:49	SortSam	Wrote    80,000,000 records from a sorting collection.  Elapsed time: 00:18:31s.  Time for last 10,000,000:   71s.  Last read position: chr22:32,043,299
[Sat Oct 09 20:49:38 AEDT 2021] picard.sam.SortSam done. Elapsed time: 19.35 minutes.
Runtime.totalMemory()=1140641792
[Sat Oct  9 20:49:38 2021]
Finished job 0.
1 of 1 steps (100%) done
