Building DAG of jobs...
Using shell: /bin/bash
Provided cores: 1 (use --cores to define parallelism)
Rules claiming more threads will be scaled down.
Select jobs to execute...

[Sat Oct  9 21:03:42 2021]
rule sort_mark_duplicates:
    input: /fs03/pg32/zarul/results/marked_dup/PRS015.bam
    output: /fs03/pg32/zarul/results/marked_dup/PRS015.sorted.bam, /fs03/pg32/zarul/results/marked_dup/PRS015.sorted.bai
    jobid: 0
    wildcards: sample=PRS015
    resources: mem_mb=8355, disk_mb=8355, tmpdir=/tmp

Activating conda environment: /projects/pg32/WES_preliminary_analyses/.snakemake/conda/ff944c3fd317023ffbdbe7a022133507
INFO	2021-10-09 21:03:48	SortSam	

********** NOTE: Picard's command line syntax is changing.
**********
********** For more information, please see:
********** https://github.com/broadinstitute/picard/wiki/Command-Line-Syntax-Transition-For-Users-(Pre-Transition)
**********
********** The command line looks like this in the new syntax:
**********
**********    SortSam -I /fs03/pg32/zarul/results/marked_dup/PRS015.bam -O /fs03/pg32/zarul/results/marked_dup/PRS015.sorted.bam -SORT_ORDER coordinate -CREATE_INDEX true
**********


21:03:48.924 INFO  NativeLibraryLoader - Loading libgkl_compression.so from jar:file:/projects/pg32/WES_preliminary_analyses/.snakemake/conda/ff944c3fd317023ffbdbe7a022133507/share/picard-2.26.1-0/picard.jar!/com/intel/gkl/native/libgkl_compression.so
[Sat Oct 09 21:03:48 AEDT 2021] SortSam INPUT=/fs03/pg32/zarul/results/marked_dup/PRS015.bam OUTPUT=/fs03/pg32/zarul/results/marked_dup/PRS015.sorted.bam SORT_ORDER=coordinate CREATE_INDEX=true    VERBOSITY=INFO QUIET=false VALIDATION_STRINGENCY=STRICT COMPRESSION_LEVEL=5 MAX_RECORDS_IN_RAM=500000 CREATE_MD5_FILE=false GA4GH_CLIENT_SECRETS=client_secrets.json USE_JDK_DEFLATER=false USE_JDK_INFLATER=false
[Sat Oct 09 21:03:48 AEDT 2021] Executing as mzar0002@m3i045 on Linux 3.10.0-1160.11.1.el7.x86_64 amd64; OpenJDK 64-Bit Server VM 11.0.9.1-internal+0-adhoc..src; Deflater: Intel; Inflater: Intel; Provider GCS is not available; Picard version: 2.26.1
WARNING: BAM index file /fs03/pg32/zarul/results/marked_dup/PRS015.bai is older than BAM /fs03/pg32/zarul/results/marked_dup/PRS015.bam
INFO	2021-10-09 21:04:44	SortSam	Read    10,000,000 records.  Elapsed time: 00:00:55s.  Time for last 10,000,000:   55s.  Last read position: chr2:94,993,494
INFO	2021-10-09 21:05:34	SortSam	Read    20,000,000 records.  Elapsed time: 00:01:44s.  Time for last 10,000,000:   49s.  Last read position: chr4:113,341,715
INFO	2021-10-09 21:06:24	SortSam	Read    30,000,000 records.  Elapsed time: 00:02:35s.  Time for last 10,000,000:   50s.  Last read position: chr7:100,953,984
INFO	2021-10-09 21:07:16	SortSam	Read    40,000,000 records.  Elapsed time: 00:03:27s.  Time for last 10,000,000:   52s.  Last read position: chr10:102,159,942
INFO	2021-10-09 21:08:05	SortSam	Read    50,000,000 records.  Elapsed time: 00:04:15s.  Time for last 10,000,000:   48s.  Last read position: chr13:44,160,676
INFO	2021-10-09 21:08:53	SortSam	Read    60,000,000 records.  Elapsed time: 00:05:04s.  Time for last 10,000,000:   48s.  Last read position: chr17:4,672,815
INFO	2021-10-09 21:09:46	SortSam	Read    70,000,000 records.  Elapsed time: 00:05:57s.  Time for last 10,000,000:   52s.  Last read position: chr19:56,246,625
INFO	2021-10-09 21:10:42	SortSam	Read    80,000,000 records.  Elapsed time: 00:06:53s.  Time for last 10,000,000:   56s.  Last read position: */*
INFO	2021-10-09 21:10:43	SortSam	Finished reading inputs, merging and writing to output now.
INFO	2021-10-09 21:11:54	SortSam	Wrote    10,000,000 records from a sorting collection.  Elapsed time: 00:08:05s.  Time for last 10,000,000:   70s.  Last read position: chr2:94,993,494
INFO	2021-10-09 21:13:04	SortSam	Wrote    20,000,000 records from a sorting collection.  Elapsed time: 00:09:15s.  Time for last 10,000,000:   69s.  Last read position: chr4:113,341,715
INFO	2021-10-09 21:14:15	SortSam	Wrote    30,000,000 records from a sorting collection.  Elapsed time: 00:10:26s.  Time for last 10,000,000:   70s.  Last read position: chr7:100,953,984
INFO	2021-10-09 21:15:26	SortSam	Wrote    40,000,000 records from a sorting collection.  Elapsed time: 00:11:37s.  Time for last 10,000,000:   70s.  Last read position: chr10:102,159,942
INFO	2021-10-09 21:16:35	SortSam	Wrote    50,000,000 records from a sorting collection.  Elapsed time: 00:12:46s.  Time for last 10,000,000:   69s.  Last read position: chr13:44,160,676
INFO	2021-10-09 21:17:45	SortSam	Wrote    60,000,000 records from a sorting collection.  Elapsed time: 00:13:56s.  Time for last 10,000,000:   70s.  Last read position: chr17:4,672,815
INFO	2021-10-09 21:18:54	SortSam	Wrote    70,000,000 records from a sorting collection.  Elapsed time: 00:15:05s.  Time for last 10,000,000:   68s.  Last read position: chr19:56,246,625
INFO	2021-10-09 21:20:07	SortSam	Wrote    80,000,000 records from a sorting collection.  Elapsed time: 00:16:18s.  Time for last 10,000,000:   73s.  Last read position: */*
[Sat Oct 09 21:20:09 AEDT 2021] picard.sam.SortSam done. Elapsed time: 16.34 minutes.
Runtime.totalMemory()=1539428352
[Sat Oct  9 21:20:09 2021]
Finished job 0.
1 of 1 steps (100%) done
