Building DAG of jobs...
Using shell: /bin/bash
Provided cores: 1 (use --cores to define parallelism)
Rules claiming more threads will be scaled down.
Select jobs to execute...

[Sat Oct  9 20:30:08 2021]
rule sort_mark_duplicates:
    input: /fs03/pg32/zarul/results/marked_dup/JH19037.bam
    output: /fs03/pg32/zarul/results/marked_dup/JH19037.sorted.bam, /fs03/pg32/zarul/results/marked_dup/JH19037.sorted.bai
    jobid: 0
    wildcards: sample=JH19037
    resources: mem_mb=10820, disk_mb=10820, tmpdir=/tmp

Activating conda environment: /projects/pg32/WES_preliminary_analyses/.snakemake/conda/ff944c3fd317023ffbdbe7a022133507
INFO	2021-10-09 20:30:15	SortSam	

********** NOTE: Picard's command line syntax is changing.
**********
********** For more information, please see:
********** https://github.com/broadinstitute/picard/wiki/Command-Line-Syntax-Transition-For-Users-(Pre-Transition)
**********
********** The command line looks like this in the new syntax:
**********
**********    SortSam -I /fs03/pg32/zarul/results/marked_dup/JH19037.bam -O /fs03/pg32/zarul/results/marked_dup/JH19037.sorted.bam -SORT_ORDER coordinate -CREATE_INDEX true
**********


20:30:16.043 INFO  NativeLibraryLoader - Loading libgkl_compression.so from jar:file:/projects/pg32/WES_preliminary_analyses/.snakemake/conda/ff944c3fd317023ffbdbe7a022133507/share/picard-2.26.1-0/picard.jar!/com/intel/gkl/native/libgkl_compression.so
[Sat Oct 09 20:30:16 AEDT 2021] SortSam INPUT=/fs03/pg32/zarul/results/marked_dup/JH19037.bam OUTPUT=/fs03/pg32/zarul/results/marked_dup/JH19037.sorted.bam SORT_ORDER=coordinate CREATE_INDEX=true    VERBOSITY=INFO QUIET=false VALIDATION_STRINGENCY=STRICT COMPRESSION_LEVEL=5 MAX_RECORDS_IN_RAM=500000 CREATE_MD5_FILE=false GA4GH_CLIENT_SECRETS=client_secrets.json USE_JDK_DEFLATER=false USE_JDK_INFLATER=false
[Sat Oct 09 20:30:16 AEDT 2021] Executing as mzar0002@m3i022 on Linux 3.10.0-1160.11.1.el7.x86_64 amd64; OpenJDK 64-Bit Server VM 11.0.9.1-internal+0-adhoc..src; Deflater: Intel; Inflater: Intel; Provider GCS is not available; Picard version: 2.26.1
WARNING: BAM index file /fs03/pg32/zarul/results/marked_dup/JH19037.bai is older than BAM /fs03/pg32/zarul/results/marked_dup/JH19037.bam
INFO	2021-10-09 20:31:14	SortSam	Read    10,000,000 records.  Elapsed time: 00:00:58s.  Time for last 10,000,000:   58s.  Last read position: chr1:230,774,500
INFO	2021-10-09 20:32:05	SortSam	Read    20,000,000 records.  Elapsed time: 00:01:48s.  Time for last 10,000,000:   50s.  Last read position: chr3:50,276,719
INFO	2021-10-09 20:32:55	SortSam	Read    30,000,000 records.  Elapsed time: 00:02:38s.  Time for last 10,000,000:   50s.  Last read position: chr5:129,105,030
INFO	2021-10-09 20:33:45	SortSam	Read    40,000,000 records.  Elapsed time: 00:03:29s.  Time for last 10,000,000:   50s.  Last read position: chr7:101,039,013
INFO	2021-10-09 20:34:36	SortSam	Read    50,000,000 records.  Elapsed time: 00:04:20s.  Time for last 10,000,000:   50s.  Last read position: chr10:1,394,464
INFO	2021-10-09 20:35:28	SortSam	Read    60,000,000 records.  Elapsed time: 00:05:11s.  Time for last 10,000,000:   51s.  Last read position: chr12:766,936
INFO	2021-10-09 20:36:23	SortSam	Read    70,000,000 records.  Elapsed time: 00:06:06s.  Time for last 10,000,000:   55s.  Last read position: chr14:101,560,154
INFO	2021-10-09 20:37:13	SortSam	Read    80,000,000 records.  Elapsed time: 00:06:57s.  Time for last 10,000,000:   50s.  Last read position: chr17:7,848,125
INFO	2021-10-09 20:38:02	SortSam	Read    90,000,000 records.  Elapsed time: 00:07:46s.  Time for last 10,000,000:   48s.  Last read position: chr19:23,359,082
INFO	2021-10-09 20:38:50	SortSam	Read   100,000,000 records.  Elapsed time: 00:08:33s.  Time for last 10,000,000:   47s.  Last read position: chr22:46,323,384
INFO	2021-10-09 20:39:34	SortSam	Finished reading inputs, merging and writing to output now.
INFO	2021-10-09 20:40:44	SortSam	Wrote    10,000,000 records from a sorting collection.  Elapsed time: 00:10:28s.  Time for last 10,000,000:   69s.  Last read position: chr1:230,774,500
INFO	2021-10-09 20:41:53	SortSam	Wrote    20,000,000 records from a sorting collection.  Elapsed time: 00:11:37s.  Time for last 10,000,000:   69s.  Last read position: chr3:50,276,719
INFO	2021-10-09 20:43:03	SortSam	Wrote    30,000,000 records from a sorting collection.  Elapsed time: 00:12:47s.  Time for last 10,000,000:   69s.  Last read position: chr5:129,105,030
INFO	2021-10-09 20:44:13	SortSam	Wrote    40,000,000 records from a sorting collection.  Elapsed time: 00:13:57s.  Time for last 10,000,000:   69s.  Last read position: chr7:101,039,013
INFO	2021-10-09 20:45:23	SortSam	Wrote    50,000,000 records from a sorting collection.  Elapsed time: 00:15:06s.  Time for last 10,000,000:   69s.  Last read position: chr10:1,394,464
INFO	2021-10-09 20:46:31	SortSam	Wrote    60,000,000 records from a sorting collection.  Elapsed time: 00:16:15s.  Time for last 10,000,000:   68s.  Last read position: chr12:766,936
INFO	2021-10-09 20:47:40	SortSam	Wrote    70,000,000 records from a sorting collection.  Elapsed time: 00:17:24s.  Time for last 10,000,000:   69s.  Last read position: chr14:101,560,154
INFO	2021-10-09 20:48:49	SortSam	Wrote    80,000,000 records from a sorting collection.  Elapsed time: 00:18:33s.  Time for last 10,000,000:   68s.  Last read position: chr17:7,848,125
INFO	2021-10-09 20:49:57	SortSam	Wrote    90,000,000 records from a sorting collection.  Elapsed time: 00:19:41s.  Time for last 10,000,000:   68s.  Last read position: chr19:23,359,082
INFO	2021-10-09 20:51:05	SortSam	Wrote   100,000,000 records from a sorting collection.  Elapsed time: 00:20:49s.  Time for last 10,000,000:   68s.  Last read position: chr22:46,323,384
[Sat Oct 09 20:52:06 AEDT 2021] picard.sam.SortSam done. Elapsed time: 21.84 minutes.
Runtime.totalMemory()=1908527104
[Sat Oct  9 20:52:06 2021]
Finished job 0.
1 of 1 steps (100%) done
