Building DAG of jobs...
Using shell: /bin/bash
Provided cores: 1 (use --cores to define parallelism)
Rules claiming more threads will be scaled down.
Select jobs to execute...

[Sat Oct  9 19:37:35 2021]
rule sort_mark_duplicates:
    input: /fs03/pg32/zarul/results/marked_dup/PRS075.bam
    output: /fs03/pg32/zarul/results/marked_dup/PRS075.sorted.bam, /fs03/pg32/zarul/results/marked_dup/PRS075.sorted.bai
    jobid: 0
    wildcards: sample=PRS075
    resources: mem_mb=8394, disk_mb=8394, tmpdir=/tmp

Activating conda environment: /projects/pg32/WES_preliminary_analyses/.snakemake/conda/ff944c3fd317023ffbdbe7a022133507
INFO	2021-10-09 19:37:45	SortSam	

********** NOTE: Picard's command line syntax is changing.
**********
********** For more information, please see:
********** https://github.com/broadinstitute/picard/wiki/Command-Line-Syntax-Transition-For-Users-(Pre-Transition)
**********
********** The command line looks like this in the new syntax:
**********
**********    SortSam -I /fs03/pg32/zarul/results/marked_dup/PRS075.bam -O /fs03/pg32/zarul/results/marked_dup/PRS075.sorted.bam -SORT_ORDER coordinate -CREATE_INDEX true
**********


19:37:46.677 INFO  NativeLibraryLoader - Loading libgkl_compression.so from jar:file:/projects/pg32/WES_preliminary_analyses/.snakemake/conda/ff944c3fd317023ffbdbe7a022133507/share/picard-2.26.1-0/picard.jar!/com/intel/gkl/native/libgkl_compression.so
[Sat Oct 09 19:37:46 AEDT 2021] SortSam INPUT=/fs03/pg32/zarul/results/marked_dup/PRS075.bam OUTPUT=/fs03/pg32/zarul/results/marked_dup/PRS075.sorted.bam SORT_ORDER=coordinate CREATE_INDEX=true    VERBOSITY=INFO QUIET=false VALIDATION_STRINGENCY=STRICT COMPRESSION_LEVEL=5 MAX_RECORDS_IN_RAM=500000 CREATE_MD5_FILE=false GA4GH_CLIENT_SECRETS=client_secrets.json USE_JDK_DEFLATER=false USE_JDK_INFLATER=false
[Sat Oct 09 19:37:46 AEDT 2021] Executing as mzar0002@m3i017 on Linux 3.10.0-1160.11.1.el7.x86_64 amd64; OpenJDK 64-Bit Server VM 11.0.9.1-internal+0-adhoc..src; Deflater: Intel; Inflater: Intel; Provider GCS is not available; Picard version: 2.26.1
WARNING: BAM index file /fs03/pg32/zarul/results/marked_dup/PRS075.bai is older than BAM /fs03/pg32/zarul/results/marked_dup/PRS075.bam
INFO	2021-10-09 19:38:45	SortSam	Read    10,000,000 records.  Elapsed time: 00:00:58s.  Time for last 10,000,000:   58s.  Last read position: chr2:85,327,103
INFO	2021-10-09 19:39:40	SortSam	Read    20,000,000 records.  Elapsed time: 00:01:53s.  Time for last 10,000,000:   54s.  Last read position: chr4:127,668,960
INFO	2021-10-09 19:40:35	SortSam	Read    30,000,000 records.  Elapsed time: 00:02:48s.  Time for last 10,000,000:   54s.  Last read position: chr7:102,638,955
INFO	2021-10-09 19:41:28	SortSam	Read    40,000,000 records.  Elapsed time: 00:03:41s.  Time for last 10,000,000:   53s.  Last read position: chr10:113,651,742
INFO	2021-10-09 19:42:25	SortSam	Read    50,000,000 records.  Elapsed time: 00:04:38s.  Time for last 10,000,000:   57s.  Last read position: chr13:48,512,845
INFO	2021-10-09 19:43:22	SortSam	Read    60,000,000 records.  Elapsed time: 00:05:35s.  Time for last 10,000,000:   57s.  Last read position: chr16:85,670,953
INFO	2021-10-09 19:44:18	SortSam	Read    70,000,000 records.  Elapsed time: 00:06:31s.  Time for last 10,000,000:   56s.  Last read position: chr19:37,469,292
INFO	2021-10-09 19:45:10	SortSam	Read    80,000,000 records.  Elapsed time: 00:07:23s.  Time for last 10,000,000:   51s.  Last read position: chr1_KI270709v1_random:7,467
INFO	2021-10-09 19:45:27	SortSam	Finished reading inputs, merging and writing to output now.
INFO	2021-10-09 19:46:41	SortSam	Wrote    10,000,000 records from a sorting collection.  Elapsed time: 00:08:54s.  Time for last 10,000,000:   72s.  Last read position: chr2:85,327,103
INFO	2021-10-09 19:47:51	SortSam	Wrote    20,000,000 records from a sorting collection.  Elapsed time: 00:10:04s.  Time for last 10,000,000:   70s.  Last read position: chr4:127,668,960
INFO	2021-10-09 19:49:03	SortSam	Wrote    30,000,000 records from a sorting collection.  Elapsed time: 00:11:16s.  Time for last 10,000,000:   72s.  Last read position: chr7:102,638,955
INFO	2021-10-09 19:50:15	SortSam	Wrote    40,000,000 records from a sorting collection.  Elapsed time: 00:12:28s.  Time for last 10,000,000:   71s.  Last read position: chr10:113,651,742
INFO	2021-10-09 19:51:25	SortSam	Wrote    50,000,000 records from a sorting collection.  Elapsed time: 00:13:38s.  Time for last 10,000,000:   69s.  Last read position: chr13:48,512,845
INFO	2021-10-09 19:52:36	SortSam	Wrote    60,000,000 records from a sorting collection.  Elapsed time: 00:14:49s.  Time for last 10,000,000:   71s.  Last read position: chr16:85,670,953
INFO	2021-10-09 19:53:45	SortSam	Wrote    70,000,000 records from a sorting collection.  Elapsed time: 00:15:58s.  Time for last 10,000,000:   69s.  Last read position: chr19:37,469,292
INFO	2021-10-09 19:54:56	SortSam	Wrote    80,000,000 records from a sorting collection.  Elapsed time: 00:17:09s.  Time for last 10,000,000:   70s.  Last read position: chr1_KI270709v1_random:7,467
[Sat Oct 09 19:55:20 AEDT 2021] picard.sam.SortSam done. Elapsed time: 17.56 minutes.
Runtime.totalMemory()=1735454720
[Sat Oct  9 19:55:20 2021]
Finished job 0.
1 of 1 steps (100%) done
