Building DAG of jobs...
Using shell: /bin/bash
Provided cores: 1 (use --cores to define parallelism)
Rules claiming more threads will be scaled down.
Select jobs to execute...

[Sat Oct  9 20:33:57 2021]
rule sort_mark_duplicates:
    input: /fs03/pg32/zarul/results/marked_dup/NIST7086.bam
    output: /fs03/pg32/zarul/results/marked_dup/NIST7086.sorted.bam, /fs03/pg32/zarul/results/marked_dup/NIST7086.sorted.bai
    jobid: 0
    wildcards: sample=NIST7086
    resources: mem_mb=12978, disk_mb=12978, tmpdir=/tmp

Activating conda environment: /projects/pg32/WES_preliminary_analyses/.snakemake/conda/ff944c3fd317023ffbdbe7a022133507
INFO	2021-10-09 20:34:01	SortSam	

********** NOTE: Picard's command line syntax is changing.
**********
********** For more information, please see:
********** https://github.com/broadinstitute/picard/wiki/Command-Line-Syntax-Transition-For-Users-(Pre-Transition)
**********
********** The command line looks like this in the new syntax:
**********
**********    SortSam -I /fs03/pg32/zarul/results/marked_dup/NIST7086.bam -O /fs03/pg32/zarul/results/marked_dup/NIST7086.sorted.bam -SORT_ORDER coordinate -CREATE_INDEX true
**********


20:34:02.343 INFO  NativeLibraryLoader - Loading libgkl_compression.so from jar:file:/projects/pg32/WES_preliminary_analyses/.snakemake/conda/ff944c3fd317023ffbdbe7a022133507/share/picard-2.26.1-0/picard.jar!/com/intel/gkl/native/libgkl_compression.so
[Sat Oct 09 20:34:02 AEDT 2021] SortSam INPUT=/fs03/pg32/zarul/results/marked_dup/NIST7086.bam OUTPUT=/fs03/pg32/zarul/results/marked_dup/NIST7086.sorted.bam SORT_ORDER=coordinate CREATE_INDEX=true    VERBOSITY=INFO QUIET=false VALIDATION_STRINGENCY=STRICT COMPRESSION_LEVEL=5 MAX_RECORDS_IN_RAM=500000 CREATE_MD5_FILE=false GA4GH_CLIENT_SECRETS=client_secrets.json USE_JDK_DEFLATER=false USE_JDK_INFLATER=false
[Sat Oct 09 20:34:02 AEDT 2021] Executing as mzar0002@m3j003 on Linux 3.10.0-1160.11.1.el7.x86_64 amd64; OpenJDK 64-Bit Server VM 11.0.9.1-internal+0-adhoc..src; Deflater: Intel; Inflater: Intel; Provider GCS is not available; Picard version: 2.26.1
WARNING: BAM index file /fs03/pg32/zarul/results/marked_dup/NIST7086.bai is older than BAM /fs03/pg32/zarul/results/marked_dup/NIST7086.bam
INFO	2021-10-09 20:35:02	SortSam	Read    10,000,000 records.  Elapsed time: 00:01:00s.  Time for last 10,000,000:   60s.  Last read position: chr2:71,130,090
INFO	2021-10-09 20:35:59	SortSam	Read    20,000,000 records.  Elapsed time: 00:01:56s.  Time for last 10,000,000:   56s.  Last read position: chr4:55,082,547
INFO	2021-10-09 20:36:53	SortSam	Read    30,000,000 records.  Elapsed time: 00:02:50s.  Time for last 10,000,000:   54s.  Last read position: chr7:24,620,055
INFO	2021-10-09 20:37:47	SortSam	Read    40,000,000 records.  Elapsed time: 00:03:45s.  Time for last 10,000,000:   54s.  Last read position: chr9:40,883,855
INFO	2021-10-09 20:38:41	SortSam	Read    50,000,000 records.  Elapsed time: 00:04:39s.  Time for last 10,000,000:   54s.  Last read position: chr11:117,205,646
INFO	2021-10-09 20:39:36	SortSam	Read    60,000,000 records.  Elapsed time: 00:05:33s.  Time for last 10,000,000:   54s.  Last read position: chr15:65,054,413
INFO	2021-10-09 20:40:30	SortSam	Read    70,000,000 records.  Elapsed time: 00:06:28s.  Time for last 10,000,000:   54s.  Last read position: chr18:14,226,086
INFO	2021-10-09 20:41:25	SortSam	Read    80,000,000 records.  Elapsed time: 00:07:23s.  Time for last 10,000,000:   55s.  Last read position: chr22:45,341,218
INFO	2021-10-09 20:42:08	SortSam	Finished reading inputs, merging and writing to output now.
INFO	2021-10-09 20:43:37	SortSam	Wrote    10,000,000 records from a sorting collection.  Elapsed time: 00:09:34s.  Time for last 10,000,000:   88s.  Last read position: chr2:71,130,090
INFO	2021-10-09 20:45:04	SortSam	Wrote    20,000,000 records from a sorting collection.  Elapsed time: 00:11:02s.  Time for last 10,000,000:   87s.  Last read position: chr4:55,082,547
INFO	2021-10-09 20:46:33	SortSam	Wrote    30,000,000 records from a sorting collection.  Elapsed time: 00:12:30s.  Time for last 10,000,000:   88s.  Last read position: chr7:24,620,055
INFO	2021-10-09 20:47:58	SortSam	Wrote    40,000,000 records from a sorting collection.  Elapsed time: 00:13:56s.  Time for last 10,000,000:   85s.  Last read position: chr9:40,883,855
INFO	2021-10-09 20:49:26	SortSam	Wrote    50,000,000 records from a sorting collection.  Elapsed time: 00:15:23s.  Time for last 10,000,000:   87s.  Last read position: chr11:117,205,646
INFO	2021-10-09 20:50:54	SortSam	Wrote    60,000,000 records from a sorting collection.  Elapsed time: 00:16:51s.  Time for last 10,000,000:   87s.  Last read position: chr15:65,054,413
INFO	2021-10-09 20:52:20	SortSam	Wrote    70,000,000 records from a sorting collection.  Elapsed time: 00:18:17s.  Time for last 10,000,000:   86s.  Last read position: chr18:14,226,086
INFO	2021-10-09 20:53:46	SortSam	Wrote    80,000,000 records from a sorting collection.  Elapsed time: 00:19:44s.  Time for last 10,000,000:   86s.  Last read position: chr22:45,341,218
[Sat Oct 09 20:54:49 AEDT 2021] picard.sam.SortSam done. Elapsed time: 20.78 minutes.
Runtime.totalMemory()=1589501952
[Sat Oct  9 20:54:49 2021]
Finished job 0.
1 of 1 steps (100%) done
