Building DAG of jobs...
Using shell: /bin/bash
Provided cores: 1 (use --cores to define parallelism)
Rules claiming more threads will be scaled down.
Select jobs to execute...

[Sat Oct  9 19:43:48 2021]
rule sort_mark_duplicates:
    input: /fs03/pg32/zarul/results/marked_dup/JH19013.bam
    output: /fs03/pg32/zarul/results/marked_dup/JH19013.sorted.bam, /fs03/pg32/zarul/results/marked_dup/JH19013.sorted.bai
    jobid: 0
    wildcards: sample=JH19013
    resources: mem_mb=10416, disk_mb=10416, tmpdir=/tmp

Activating conda environment: /projects/pg32/WES_preliminary_analyses/.snakemake/conda/ff944c3fd317023ffbdbe7a022133507
INFO	2021-10-09 19:43:53	SortSam	

********** NOTE: Picard's command line syntax is changing.
**********
********** For more information, please see:
********** https://github.com/broadinstitute/picard/wiki/Command-Line-Syntax-Transition-For-Users-(Pre-Transition)
**********
********** The command line looks like this in the new syntax:
**********
**********    SortSam -I /fs03/pg32/zarul/results/marked_dup/JH19013.bam -O /fs03/pg32/zarul/results/marked_dup/JH19013.sorted.bam -SORT_ORDER coordinate -CREATE_INDEX true
**********


19:43:54.677 INFO  NativeLibraryLoader - Loading libgkl_compression.so from jar:file:/projects/pg32/WES_preliminary_analyses/.snakemake/conda/ff944c3fd317023ffbdbe7a022133507/share/picard-2.26.1-0/picard.jar!/com/intel/gkl/native/libgkl_compression.so
[Sat Oct 09 19:43:54 AEDT 2021] SortSam INPUT=/fs03/pg32/zarul/results/marked_dup/JH19013.bam OUTPUT=/fs03/pg32/zarul/results/marked_dup/JH19013.sorted.bam SORT_ORDER=coordinate CREATE_INDEX=true    VERBOSITY=INFO QUIET=false VALIDATION_STRINGENCY=STRICT COMPRESSION_LEVEL=5 MAX_RECORDS_IN_RAM=500000 CREATE_MD5_FILE=false GA4GH_CLIENT_SECRETS=client_secrets.json USE_JDK_DEFLATER=false USE_JDK_INFLATER=false
[Sat Oct 09 19:43:54 AEDT 2021] Executing as mzar0002@m3i018 on Linux 3.10.0-1160.11.1.el7.x86_64 amd64; OpenJDK 64-Bit Server VM 11.0.9.1-internal+0-adhoc..src; Deflater: Intel; Inflater: Intel; Provider GCS is not available; Picard version: 2.26.1
WARNING: BAM index file /fs03/pg32/zarul/results/marked_dup/JH19013.bai is older than BAM /fs03/pg32/zarul/results/marked_dup/JH19013.bam
INFO	2021-10-09 19:44:53	SortSam	Read    10,000,000 records.  Elapsed time: 00:00:58s.  Time for last 10,000,000:   58s.  Last read position: chr2:29,181,868
INFO	2021-10-09 19:45:51	SortSam	Read    20,000,000 records.  Elapsed time: 00:01:56s.  Time for last 10,000,000:   57s.  Last read position: chr3:179,378,250
INFO	2021-10-09 19:46:45	SortSam	Read    30,000,000 records.  Elapsed time: 00:02:50s.  Time for last 10,000,000:   54s.  Last read position: chr6:79,870,355
INFO	2021-10-09 19:47:40	SortSam	Read    40,000,000 records.  Elapsed time: 00:03:45s.  Time for last 10,000,000:   54s.  Last read position: chr9:15,745,478
INFO	2021-10-09 19:48:38	SortSam	Read    50,000,000 records.  Elapsed time: 00:04:43s.  Time for last 10,000,000:   57s.  Last read position: chr11:65,883,085
INFO	2021-10-09 19:49:34	SortSam	Read    60,000,000 records.  Elapsed time: 00:05:39s.  Time for last 10,000,000:   56s.  Last read position: chr14:64,225,375
INFO	2021-10-09 19:50:30	SortSam	Read    70,000,000 records.  Elapsed time: 00:06:35s.  Time for last 10,000,000:   55s.  Last read position: chr17:7,849,367
INFO	2021-10-09 19:51:30	SortSam	Read    80,000,000 records.  Elapsed time: 00:07:35s.  Time for last 10,000,000:   59s.  Last read position: chr19:41,424,461
INFO	2021-10-09 19:52:24	SortSam	Read    90,000,000 records.  Elapsed time: 00:08:29s.  Time for last 10,000,000:   54s.  Last read position: chrX:78,039,828
INFO	2021-10-09 19:52:55	SortSam	Finished reading inputs, merging and writing to output now.
INFO	2021-10-09 19:54:15	SortSam	Wrote    10,000,000 records from a sorting collection.  Elapsed time: 00:10:20s.  Time for last 10,000,000:   79s.  Last read position: chr2:29,181,868
INFO	2021-10-09 19:55:35	SortSam	Wrote    20,000,000 records from a sorting collection.  Elapsed time: 00:11:40s.  Time for last 10,000,000:   79s.  Last read position: chr3:179,378,250
INFO	2021-10-09 19:56:56	SortSam	Wrote    30,000,000 records from a sorting collection.  Elapsed time: 00:13:01s.  Time for last 10,000,000:   80s.  Last read position: chr6:79,870,355
INFO	2021-10-09 19:58:16	SortSam	Wrote    40,000,000 records from a sorting collection.  Elapsed time: 00:14:21s.  Time for last 10,000,000:   80s.  Last read position: chr9:15,745,478
INFO	2021-10-09 19:59:36	SortSam	Wrote    50,000,000 records from a sorting collection.  Elapsed time: 00:15:41s.  Time for last 10,000,000:   79s.  Last read position: chr11:65,883,085
INFO	2021-10-09 20:00:56	SortSam	Wrote    60,000,000 records from a sorting collection.  Elapsed time: 00:17:01s.  Time for last 10,000,000:   79s.  Last read position: chr14:64,225,375
INFO	2021-10-09 20:02:14	SortSam	Wrote    70,000,000 records from a sorting collection.  Elapsed time: 00:18:19s.  Time for last 10,000,000:   78s.  Last read position: chr17:7,849,367
INFO	2021-10-09 20:03:31	SortSam	Wrote    80,000,000 records from a sorting collection.  Elapsed time: 00:19:36s.  Time for last 10,000,000:   77s.  Last read position: chr19:41,424,461
INFO	2021-10-09 20:04:49	SortSam	Wrote    90,000,000 records from a sorting collection.  Elapsed time: 00:20:54s.  Time for last 10,000,000:   78s.  Last read position: chrX:78,039,828
[Sat Oct 09 20:05:30 AEDT 2021] picard.sam.SortSam done. Elapsed time: 21.60 minutes.
Runtime.totalMemory()=1829838848
[Sat Oct  9 20:05:30 2021]
Finished job 0.
1 of 1 steps (100%) done
