Building DAG of jobs...
Using shell: /bin/bash
Provided cores: 1 (use --cores to define parallelism)
Rules claiming more threads will be scaled down.
Select jobs to execute...

[Sat Oct  9 21:32:10 2021]
rule sort_mark_duplicates:
    input: /fs03/pg32/zarul/results/marked_dup/PRS026.bam
    output: /fs03/pg32/zarul/results/marked_dup/PRS026.sorted.bam, /fs03/pg32/zarul/results/marked_dup/PRS026.sorted.bai
    jobid: 0
    wildcards: sample=PRS026
    resources: mem_mb=21473, disk_mb=21473, tmpdir=/tmp

Activating conda environment: /projects/pg32/WES_preliminary_analyses/.snakemake/conda/ff944c3fd317023ffbdbe7a022133507
INFO	2021-10-09 21:32:21	SortSam	

********** NOTE: Picard's command line syntax is changing.
**********
********** For more information, please see:
********** https://github.com/broadinstitute/picard/wiki/Command-Line-Syntax-Transition-For-Users-(Pre-Transition)
**********
********** The command line looks like this in the new syntax:
**********
**********    SortSam -I /fs03/pg32/zarul/results/marked_dup/PRS026.bam -O /fs03/pg32/zarul/results/marked_dup/PRS026.sorted.bam -SORT_ORDER coordinate -CREATE_INDEX true
**********


21:32:22.213 INFO  NativeLibraryLoader - Loading libgkl_compression.so from jar:file:/projects/pg32/WES_preliminary_analyses/.snakemake/conda/ff944c3fd317023ffbdbe7a022133507/share/picard-2.26.1-0/picard.jar!/com/intel/gkl/native/libgkl_compression.so
[Sat Oct 09 21:32:22 AEDT 2021] SortSam INPUT=/fs03/pg32/zarul/results/marked_dup/PRS026.bam OUTPUT=/fs03/pg32/zarul/results/marked_dup/PRS026.sorted.bam SORT_ORDER=coordinate CREATE_INDEX=true    VERBOSITY=INFO QUIET=false VALIDATION_STRINGENCY=STRICT COMPRESSION_LEVEL=5 MAX_RECORDS_IN_RAM=500000 CREATE_MD5_FILE=false GA4GH_CLIENT_SECRETS=client_secrets.json USE_JDK_DEFLATER=false USE_JDK_INFLATER=false
[Sat Oct 09 21:32:22 AEDT 2021] Executing as mzar0002@m3j007 on Linux 3.10.0-1160.11.1.el7.x86_64 amd64; OpenJDK 64-Bit Server VM 11.0.9.1-internal+0-adhoc..src; Deflater: Intel; Inflater: Intel; Provider GCS is not available; Picard version: 2.26.1
WARNING: BAM index file /fs03/pg32/zarul/results/marked_dup/PRS026.bai is older than BAM /fs03/pg32/zarul/results/marked_dup/PRS026.bam
INFO	2021-10-09 21:33:26	SortSam	Read    10,000,000 records.  Elapsed time: 00:01:04s.  Time for last 10,000,000:   64s.  Last read position: chr1:96,195,743
INFO	2021-10-09 21:34:17	SortSam	Read    20,000,000 records.  Elapsed time: 00:01:55s.  Time for last 10,000,000:   51s.  Last read position: chr1:228,148,451
INFO	2021-10-09 21:35:10	SortSam	Read    30,000,000 records.  Elapsed time: 00:02:48s.  Time for last 10,000,000:   52s.  Last read position: chr2:160,284,908
INFO	2021-10-09 21:35:58	SortSam	Read    40,000,000 records.  Elapsed time: 00:03:36s.  Time for last 10,000,000:   47s.  Last read position: chr3:52,829,179
INFO	2021-10-09 21:36:47	SortSam	Read    50,000,000 records.  Elapsed time: 00:04:24s.  Time for last 10,000,000:   48s.  Last read position: chr4:83,455,531
INFO	2021-10-09 21:37:38	SortSam	Read    60,000,000 records.  Elapsed time: 00:05:16s.  Time for last 10,000,000:   51s.  Last read position: chr5:170,378,757
INFO	2021-10-09 21:38:29	SortSam	Read    70,000,000 records.  Elapsed time: 00:06:06s.  Time for last 10,000,000:   50s.  Last read position: chr7:2,538,669
INFO	2021-10-09 21:39:21	SortSam	Read    80,000,000 records.  Elapsed time: 00:06:59s.  Time for last 10,000,000:   52s.  Last read position: chr7:151,013,868
INFO	2021-10-09 21:40:12	SortSam	Read    90,000,000 records.  Elapsed time: 00:07:49s.  Time for last 10,000,000:   50s.  Last read position: chr9:65,132,754
INFO	2021-10-09 21:41:02	SortSam	Read   100,000,000 records.  Elapsed time: 00:08:39s.  Time for last 10,000,000:   50s.  Last read position: chr10:70,323,810
INFO	2021-10-09 21:41:53	SortSam	Read   110,000,000 records.  Elapsed time: 00:09:30s.  Time for last 10,000,000:   51s.  Last read position: chr11:62,169,230
INFO	2021-10-09 21:42:48	SortSam	Read   120,000,000 records.  Elapsed time: 00:10:26s.  Time for last 10,000,000:   55s.  Last read position: chr12:41,069,940
INFO	2021-10-09 21:43:38	SortSam	Read   130,000,000 records.  Elapsed time: 00:11:15s.  Time for last 10,000,000:   49s.  Last read position: chr13:83,880,243
INFO	2021-10-09 21:44:29	SortSam	Read   140,000,000 records.  Elapsed time: 00:12:07s.  Time for last 10,000,000:   51s.  Last read position: chr15:43,710,331
INFO	2021-10-09 21:45:19	SortSam	Read   150,000,000 records.  Elapsed time: 00:12:56s.  Time for last 10,000,000:   49s.  Last read position: chr16:28,984,757
INFO	2021-10-09 21:46:19	SortSam	Read   160,000,000 records.  Elapsed time: 00:13:56s.  Time for last 10,000,000:   59s.  Last read position: chr17:18,256,606
INFO	2021-10-09 21:47:09	SortSam	Read   170,000,000 records.  Elapsed time: 00:14:47s.  Time for last 10,000,000:   50s.  Last read position: chr18:8,783,840
INFO	2021-10-09 21:47:59	SortSam	Read   180,000,000 records.  Elapsed time: 00:15:36s.  Time for last 10,000,000:   49s.  Last read position: chr19:19,649,634
INFO	2021-10-09 21:48:51	SortSam	Read   190,000,000 records.  Elapsed time: 00:16:29s.  Time for last 10,000,000:   52s.  Last read position: chr20:3,221,866
INFO	2021-10-09 21:49:43	SortSam	Read   200,000,000 records.  Elapsed time: 00:17:20s.  Time for last 10,000,000:   51s.  Last read position: chr22:29,330,868
INFO	2021-10-09 21:50:32	SortSam	Read   210,000,000 records.  Elapsed time: 00:18:09s.  Time for last 10,000,000:   48s.  Last read position: chr4_GL383527v1_alt:106,902
INFO	2021-10-09 21:51:13	SortSam	Finished reading inputs, merging and writing to output now.
INFO	2021-10-09 21:52:21	SortSam	Wrote    10,000,000 records from a sorting collection.  Elapsed time: 00:19:59s.  Time for last 10,000,000:   67s.  Last read position: chr1:96,195,743
INFO	2021-10-09 21:53:28	SortSam	Wrote    20,000,000 records from a sorting collection.  Elapsed time: 00:21:05s.  Time for last 10,000,000:   66s.  Last read position: chr1:228,148,451
INFO	2021-10-09 21:54:37	SortSam	Wrote    30,000,000 records from a sorting collection.  Elapsed time: 00:22:15s.  Time for last 10,000,000:   69s.  Last read position: chr2:160,284,908
INFO	2021-10-09 21:55:44	SortSam	Wrote    40,000,000 records from a sorting collection.  Elapsed time: 00:23:21s.  Time for last 10,000,000:   66s.  Last read position: chr3:52,829,179
INFO	2021-10-09 21:56:52	SortSam	Wrote    50,000,000 records from a sorting collection.  Elapsed time: 00:24:30s.  Time for last 10,000,000:   68s.  Last read position: chr4:83,455,531
INFO	2021-10-09 21:58:01	SortSam	Wrote    60,000,000 records from a sorting collection.  Elapsed time: 00:25:39s.  Time for last 10,000,000:   68s.  Last read position: chr5:170,378,757
INFO	2021-10-09 21:59:09	SortSam	Wrote    70,000,000 records from a sorting collection.  Elapsed time: 00:26:47s.  Time for last 10,000,000:   68s.  Last read position: chr7:2,538,669
INFO	2021-10-09 22:00:18	SortSam	Wrote    80,000,000 records from a sorting collection.  Elapsed time: 00:27:55s.  Time for last 10,000,000:   68s.  Last read position: chr7:151,013,868
INFO	2021-10-09 22:01:26	SortSam	Wrote    90,000,000 records from a sorting collection.  Elapsed time: 00:29:04s.  Time for last 10,000,000:   68s.  Last read position: chr9:65,132,754
INFO	2021-10-09 22:02:34	SortSam	Wrote   100,000,000 records from a sorting collection.  Elapsed time: 00:30:12s.  Time for last 10,000,000:   68s.  Last read position: chr10:70,323,810
INFO	2021-10-09 22:03:42	SortSam	Wrote   110,000,000 records from a sorting collection.  Elapsed time: 00:31:19s.  Time for last 10,000,000:   67s.  Last read position: chr11:62,169,230
INFO	2021-10-09 22:04:48	SortSam	Wrote   120,000,000 records from a sorting collection.  Elapsed time: 00:32:26s.  Time for last 10,000,000:   66s.  Last read position: chr12:41,069,940
INFO	2021-10-09 22:05:56	SortSam	Wrote   130,000,000 records from a sorting collection.  Elapsed time: 00:33:33s.  Time for last 10,000,000:   67s.  Last read position: chr13:83,880,243
INFO	2021-10-09 22:07:04	SortSam	Wrote   140,000,000 records from a sorting collection.  Elapsed time: 00:34:41s.  Time for last 10,000,000:   67s.  Last read position: chr15:43,710,331
INFO	2021-10-09 22:08:12	SortSam	Wrote   150,000,000 records from a sorting collection.  Elapsed time: 00:35:49s.  Time for last 10,000,000:   68s.  Last read position: chr16:28,984,757
INFO	2021-10-09 22:09:18	SortSam	Wrote   160,000,000 records from a sorting collection.  Elapsed time: 00:36:56s.  Time for last 10,000,000:   66s.  Last read position: chr17:18,256,606
INFO	2021-10-09 22:10:25	SortSam	Wrote   170,000,000 records from a sorting collection.  Elapsed time: 00:38:02s.  Time for last 10,000,000:   66s.  Last read position: chr18:8,783,840
INFO	2021-10-09 22:11:31	SortSam	Wrote   180,000,000 records from a sorting collection.  Elapsed time: 00:39:09s.  Time for last 10,000,000:   66s.  Last read position: chr19:19,649,634
INFO	2021-10-09 22:12:37	SortSam	Wrote   190,000,000 records from a sorting collection.  Elapsed time: 00:40:15s.  Time for last 10,000,000:   66s.  Last read position: chr20:3,221,866
INFO	2021-10-09 22:13:45	SortSam	Wrote   200,000,000 records from a sorting collection.  Elapsed time: 00:41:23s.  Time for last 10,000,000:   67s.  Last read position: chr22:29,330,868
INFO	2021-10-09 22:14:55	SortSam	Wrote   210,000,000 records from a sorting collection.  Elapsed time: 00:42:32s.  Time for last 10,000,000:   69s.  Last read position: chr4_GL383527v1_alt:106,902
[Sat Oct 09 22:15:46 AEDT 2021] picard.sam.SortSam done. Elapsed time: 43.41 minutes.
Runtime.totalMemory()=1824796672
[Sat Oct  9 22:15:46 2021]
Finished job 0.
1 of 1 steps (100%) done
