Building DAG of jobs...
Using shell: /bin/bash
Provided cores: 1 (use --cores to define parallelism)
Rules claiming more threads will be scaled down.
Select jobs to execute...

[Sat Oct  9 20:44:05 2021]
rule sort_mark_duplicates:
    input: /fs03/pg32/zarul/results/marked_dup/JH19031.bam
    output: /fs03/pg32/zarul/results/marked_dup/JH19031.sorted.bam, /fs03/pg32/zarul/results/marked_dup/JH19031.sorted.bai
    jobid: 0
    wildcards: sample=JH19031
    resources: mem_mb=8605, disk_mb=8605, tmpdir=/tmp

Activating conda environment: /projects/pg32/WES_preliminary_analyses/.snakemake/conda/ff944c3fd317023ffbdbe7a022133507
INFO	2021-10-09 20:44:11	SortSam	

********** NOTE: Picard's command line syntax is changing.
**********
********** For more information, please see:
********** https://github.com/broadinstitute/picard/wiki/Command-Line-Syntax-Transition-For-Users-(Pre-Transition)
**********
********** The command line looks like this in the new syntax:
**********
**********    SortSam -I /fs03/pg32/zarul/results/marked_dup/JH19031.bam -O /fs03/pg32/zarul/results/marked_dup/JH19031.sorted.bam -SORT_ORDER coordinate -CREATE_INDEX true
**********


20:44:12.190 INFO  NativeLibraryLoader - Loading libgkl_compression.so from jar:file:/projects/pg32/WES_preliminary_analyses/.snakemake/conda/ff944c3fd317023ffbdbe7a022133507/share/picard-2.26.1-0/picard.jar!/com/intel/gkl/native/libgkl_compression.so
[Sat Oct 09 20:44:12 AEDT 2021] SortSam INPUT=/fs03/pg32/zarul/results/marked_dup/JH19031.bam OUTPUT=/fs03/pg32/zarul/results/marked_dup/JH19031.sorted.bam SORT_ORDER=coordinate CREATE_INDEX=true    VERBOSITY=INFO QUIET=false VALIDATION_STRINGENCY=STRICT COMPRESSION_LEVEL=5 MAX_RECORDS_IN_RAM=500000 CREATE_MD5_FILE=false GA4GH_CLIENT_SECRETS=client_secrets.json USE_JDK_DEFLATER=false USE_JDK_INFLATER=false
[Sat Oct 09 20:44:12 AEDT 2021] Executing as mzar0002@m3i017 on Linux 3.10.0-1160.11.1.el7.x86_64 amd64; OpenJDK 64-Bit Server VM 11.0.9.1-internal+0-adhoc..src; Deflater: Intel; Inflater: Intel; Provider GCS is not available; Picard version: 2.26.1
WARNING: BAM index file /fs03/pg32/zarul/results/marked_dup/JH19031.bai is older than BAM /fs03/pg32/zarul/results/marked_dup/JH19031.bam
INFO	2021-10-09 20:45:13	SortSam	Read    10,000,000 records.  Elapsed time: 00:01:00s.  Time for last 10,000,000:   60s.  Last read position: chr2:74,426,202
INFO	2021-10-09 20:46:06	SortSam	Read    20,000,000 records.  Elapsed time: 00:01:53s.  Time for last 10,000,000:   53s.  Last read position: chr4:76,214,375
INFO	2021-10-09 20:47:00	SortSam	Read    30,000,000 records.  Elapsed time: 00:02:47s.  Time for last 10,000,000:   54s.  Last read position: chr7:70,790,688
INFO	2021-10-09 20:47:55	SortSam	Read    40,000,000 records.  Elapsed time: 00:03:42s.  Time for last 10,000,000:   54s.  Last read position: chr10:46,130,567
INFO	2021-10-09 20:48:52	SortSam	Read    50,000,000 records.  Elapsed time: 00:04:40s.  Time for last 10,000,000:   57s.  Last read position: chr12:102,118,400
INFO	2021-10-09 20:49:47	SortSam	Read    60,000,000 records.  Elapsed time: 00:05:35s.  Time for last 10,000,000:   55s.  Last read position: chr16:29,799,202
INFO	2021-10-09 20:50:40	SortSam	Read    70,000,000 records.  Elapsed time: 00:06:28s.  Time for last 10,000,000:   53s.  Last read position: chr19:14,161,419
INFO	2021-10-09 20:51:38	SortSam	Read    80,000,000 records.  Elapsed time: 00:07:25s.  Time for last 10,000,000:   57s.  Last read position: chrX:54,810,067
INFO	2021-10-09 20:52:04	SortSam	Finished reading inputs, merging and writing to output now.
INFO	2021-10-09 20:53:17	SortSam	Wrote    10,000,000 records from a sorting collection.  Elapsed time: 00:09:05s.  Time for last 10,000,000:   71s.  Last read position: chr2:74,426,202
INFO	2021-10-09 20:54:29	SortSam	Wrote    20,000,000 records from a sorting collection.  Elapsed time: 00:10:16s.  Time for last 10,000,000:   71s.  Last read position: chr4:76,214,375
INFO	2021-10-09 20:55:42	SortSam	Wrote    30,000,000 records from a sorting collection.  Elapsed time: 00:11:29s.  Time for last 10,000,000:   72s.  Last read position: chr7:70,790,688
INFO	2021-10-09 20:56:54	SortSam	Wrote    40,000,000 records from a sorting collection.  Elapsed time: 00:12:42s.  Time for last 10,000,000:   72s.  Last read position: chr10:46,130,567
INFO	2021-10-09 20:58:05	SortSam	Wrote    50,000,000 records from a sorting collection.  Elapsed time: 00:13:52s.  Time for last 10,000,000:   70s.  Last read position: chr12:102,118,400
INFO	2021-10-09 20:59:17	SortSam	Wrote    60,000,000 records from a sorting collection.  Elapsed time: 00:15:04s.  Time for last 10,000,000:   72s.  Last read position: chr16:29,799,202
INFO	2021-10-09 21:00:27	SortSam	Wrote    70,000,000 records from a sorting collection.  Elapsed time: 00:16:15s.  Time for last 10,000,000:   70s.  Last read position: chr19:14,161,419
INFO	2021-10-09 21:01:38	SortSam	Wrote    80,000,000 records from a sorting collection.  Elapsed time: 00:17:25s.  Time for last 10,000,000:   70s.  Last read position: chrX:54,810,067
[Sat Oct 09 21:02:11 AEDT 2021] picard.sam.SortSam done. Elapsed time: 17.99 minutes.
Runtime.totalMemory()=1509388288
[Sat Oct  9 21:02:11 2021]
Finished job 0.
1 of 1 steps (100%) done
