Building DAG of jobs...
Using shell: /bin/bash
Provided cores: 1 (use --cores to define parallelism)
Rules claiming more threads will be scaled down.
Select jobs to execute...

[Mon Oct  4 16:35:40 2021]
rule sort_mark_duplicates:
    input: /fs03/pg32/zarul/results/marked_dup/JH19003.bam
    output: /fs03/pg32/zarul/results/marked_dup/JH19003.sorted.bam
    jobid: 0
    wildcards: sample=JH19003
    resources: mem_mb=8798, disk_mb=8798, tmpdir=/tmp

Activating conda environment: /projects/pg32/WES_preliminary_analyses/.snakemake/conda/ff944c3fd317023ffbdbe7a022133507
INFO	2021-10-04 16:35:46	SortSam	

********** NOTE: Picard's command line syntax is changing.
**********
********** For more information, please see:
********** https://github.com/broadinstitute/picard/wiki/Command-Line-Syntax-Transition-For-Users-(Pre-Transition)
**********
********** The command line looks like this in the new syntax:
**********
**********    SortSam -I /fs03/pg32/zarul/results/marked_dup/JH19003.bam -O /fs03/pg32/zarul/results/marked_dup/JH19003.sorted.bam -SORT_ORDER coordinate -CREATE_INDEX true
**********


16:35:47.244 INFO  NativeLibraryLoader - Loading libgkl_compression.so from jar:file:/projects/pg32/WES_preliminary_analyses/.snakemake/conda/ff944c3fd317023ffbdbe7a022133507/share/picard-2.26.1-0/picard.jar!/com/intel/gkl/native/libgkl_compression.so
[Mon Oct 04 16:35:47 AEDT 2021] SortSam INPUT=/fs03/pg32/zarul/results/marked_dup/JH19003.bam OUTPUT=/fs03/pg32/zarul/results/marked_dup/JH19003.sorted.bam SORT_ORDER=coordinate CREATE_INDEX=true    VERBOSITY=INFO QUIET=false VALIDATION_STRINGENCY=STRICT COMPRESSION_LEVEL=5 MAX_RECORDS_IN_RAM=500000 CREATE_MD5_FILE=false GA4GH_CLIENT_SECRETS=client_secrets.json USE_JDK_DEFLATER=false USE_JDK_INFLATER=false
[Mon Oct 04 16:35:47 AEDT 2021] Executing as mzar0002@m3i025 on Linux 3.10.0-1160.11.1.el7.x86_64 amd64; OpenJDK 64-Bit Server VM 11.0.9.1-internal+0-adhoc..src; Deflater: Intel; Inflater: Intel; Provider GCS is not available; Picard version: 2.26.1
WARNING: BAM index file /fs03/pg32/zarul/results/marked_dup/JH19003.bai is older than BAM /fs03/pg32/zarul/results/marked_dup/JH19003.bam
INFO	2021-10-04 16:36:43	SortSam	Read    10,000,000 records.  Elapsed time: 00:00:55s.  Time for last 10,000,000:   55s.  Last read position: chr2:96,025,958
INFO	2021-10-04 16:37:33	SortSam	Read    20,000,000 records.  Elapsed time: 00:01:45s.  Time for last 10,000,000:   49s.  Last read position: chr4:153,295,402
INFO	2021-10-04 16:38:25	SortSam	Read    30,000,000 records.  Elapsed time: 00:02:37s.  Time for last 10,000,000:   52s.  Last read position: chr7:128,841,543
INFO	2021-10-04 16:39:18	SortSam	Read    40,000,000 records.  Elapsed time: 00:03:31s.  Time for last 10,000,000:   53s.  Last read position: chr11:433,802
INFO	2021-10-04 16:40:12	SortSam	Read    50,000,000 records.  Elapsed time: 00:04:24s.  Time for last 10,000,000:   53s.  Last read position: chr14:22,052,383
INFO	2021-10-04 16:41:04	SortSam	Read    60,000,000 records.  Elapsed time: 00:05:17s.  Time for last 10,000,000:   52s.  Last read position: chr17:17,267,881
INFO	2021-10-04 16:41:58	SortSam	Read    70,000,000 records.  Elapsed time: 00:06:11s.  Time for last 10,000,000:   54s.  Last read position: chr19:56,441,657
INFO	2021-10-04 16:42:51	SortSam	Read    80,000,000 records.  Elapsed time: 00:07:03s.  Time for last 10,000,000:   52s.  Last read position: chr19_KI270882v1_alt:49,138
INFO	2021-10-04 16:42:59	SortSam	Finished reading inputs, merging and writing to output now.
INFO	2021-10-04 16:44:17	SortSam	Wrote    10,000,000 records from a sorting collection.  Elapsed time: 00:08:29s.  Time for last 10,000,000:   77s.  Last read position: chr2:96,025,958
INFO	2021-10-04 16:45:33	SortSam	Wrote    20,000,000 records from a sorting collection.  Elapsed time: 00:09:46s.  Time for last 10,000,000:   76s.  Last read position: chr4:153,295,402
INFO	2021-10-04 16:46:51	SortSam	Wrote    30,000,000 records from a sorting collection.  Elapsed time: 00:11:03s.  Time for last 10,000,000:   77s.  Last read position: chr7:128,841,543
INFO	2021-10-04 16:48:07	SortSam	Wrote    40,000,000 records from a sorting collection.  Elapsed time: 00:12:20s.  Time for last 10,000,000:   76s.  Last read position: chr11:433,802
INFO	2021-10-04 16:49:22	SortSam	Wrote    50,000,000 records from a sorting collection.  Elapsed time: 00:13:35s.  Time for last 10,000,000:   75s.  Last read position: chr14:22,052,383
INFO	2021-10-04 16:50:38	SortSam	Wrote    60,000,000 records from a sorting collection.  Elapsed time: 00:14:50s.  Time for last 10,000,000:   75s.  Last read position: chr17:17,267,881
INFO	2021-10-04 16:51:52	SortSam	Wrote    70,000,000 records from a sorting collection.  Elapsed time: 00:16:04s.  Time for last 10,000,000:   74s.  Last read position: chr19:56,441,657
INFO	2021-10-04 16:53:08	SortSam	Wrote    80,000,000 records from a sorting collection.  Elapsed time: 00:17:21s.  Time for last 10,000,000:   76s.  Last read position: chr19_KI270882v1_alt:49,138
[Mon Oct 04 16:53:19 AEDT 2021] picard.sam.SortSam done. Elapsed time: 17.54 minutes.
Runtime.totalMemory()=1539215360
[Mon Oct  4 16:53:19 2021]
Finished job 0.
1 of 1 steps (100%) done
