Building DAG of jobs...
Using shell: /bin/bash
Provided cores: 1 (use --cores to define parallelism)
Rules claiming more threads will be scaled down.
Select jobs to execute...

[Sat Oct  9 20:13:43 2021]
rule sort_mark_duplicates:
    input: /fs03/pg32/zarul/results/marked_dup/JH19012.bam
    output: /fs03/pg32/zarul/results/marked_dup/JH19012.sorted.bam, /fs03/pg32/zarul/results/marked_dup/JH19012.sorted.bai
    jobid: 0
    wildcards: sample=JH19012
    resources: mem_mb=10489, disk_mb=10489, tmpdir=/tmp

Activating conda environment: /projects/pg32/WES_preliminary_analyses/.snakemake/conda/ff944c3fd317023ffbdbe7a022133507
INFO	2021-10-09 20:13:48	SortSam	

********** NOTE: Picard's command line syntax is changing.
**********
********** For more information, please see:
********** https://github.com/broadinstitute/picard/wiki/Command-Line-Syntax-Transition-For-Users-(Pre-Transition)
**********
********** The command line looks like this in the new syntax:
**********
**********    SortSam -I /fs03/pg32/zarul/results/marked_dup/JH19012.bam -O /fs03/pg32/zarul/results/marked_dup/JH19012.sorted.bam -SORT_ORDER coordinate -CREATE_INDEX true
**********


20:13:48.871 INFO  NativeLibraryLoader - Loading libgkl_compression.so from jar:file:/projects/pg32/WES_preliminary_analyses/.snakemake/conda/ff944c3fd317023ffbdbe7a022133507/share/picard-2.26.1-0/picard.jar!/com/intel/gkl/native/libgkl_compression.so
[Sat Oct 09 20:13:48 AEDT 2021] SortSam INPUT=/fs03/pg32/zarul/results/marked_dup/JH19012.bam OUTPUT=/fs03/pg32/zarul/results/marked_dup/JH19012.sorted.bam SORT_ORDER=coordinate CREATE_INDEX=true    VERBOSITY=INFO QUIET=false VALIDATION_STRINGENCY=STRICT COMPRESSION_LEVEL=5 MAX_RECORDS_IN_RAM=500000 CREATE_MD5_FILE=false GA4GH_CLIENT_SECRETS=client_secrets.json USE_JDK_DEFLATER=false USE_JDK_INFLATER=false
[Sat Oct 09 20:13:48 AEDT 2021] Executing as mzar0002@m3i022 on Linux 3.10.0-1160.11.1.el7.x86_64 amd64; OpenJDK 64-Bit Server VM 11.0.9.1-internal+0-adhoc..src; Deflater: Intel; Inflater: Intel; Provider GCS is not available; Picard version: 2.26.1
WARNING: BAM index file /fs03/pg32/zarul/results/marked_dup/JH19012.bai is older than BAM /fs03/pg32/zarul/results/marked_dup/JH19012.bam
INFO	2021-10-09 20:14:49	SortSam	Read    10,000,000 records.  Elapsed time: 00:00:59s.  Time for last 10,000,000:   59s.  Last read position: chr2:17,781,004
INFO	2021-10-09 20:15:43	SortSam	Read    20,000,000 records.  Elapsed time: 00:01:54s.  Time for last 10,000,000:   54s.  Last read position: chr3:129,488,200
INFO	2021-10-09 20:16:36	SortSam	Read    30,000,000 records.  Elapsed time: 00:02:46s.  Time for last 10,000,000:   52s.  Last read position: chr6:32,976,382
INFO	2021-10-09 20:17:33	SortSam	Read    40,000,000 records.  Elapsed time: 00:03:43s.  Time for last 10,000,000:   57s.  Last read position: chr8:85,776,000
INFO	2021-10-09 20:18:25	SortSam	Read    50,000,000 records.  Elapsed time: 00:04:36s.  Time for last 10,000,000:   52s.  Last read position: chr11:9,139,638
INFO	2021-10-09 20:19:18	SortSam	Read    60,000,000 records.  Elapsed time: 00:05:28s.  Time for last 10,000,000:   52s.  Last read position: chr13:33,350,333
INFO	2021-10-09 20:20:11	SortSam	Read    70,000,000 records.  Elapsed time: 00:06:22s.  Time for last 10,000,000:   53s.  Last read position: chr16:31,034,512
INFO	2021-10-09 20:21:03	SortSam	Read    80,000,000 records.  Elapsed time: 00:07:13s.  Time for last 10,000,000:   51s.  Last read position: chr19:7,375,897
INFO	2021-10-09 20:21:58	SortSam	Read    90,000,000 records.  Elapsed time: 00:08:09s.  Time for last 10,000,000:   55s.  Last read position: chr22:23,538,853
INFO	2021-10-09 20:22:53	SortSam	Finished reading inputs, merging and writing to output now.
INFO	2021-10-09 20:24:09	SortSam	Wrote    10,000,000 records from a sorting collection.  Elapsed time: 00:10:19s.  Time for last 10,000,000:   75s.  Last read position: chr2:17,781,004
INFO	2021-10-09 20:25:24	SortSam	Wrote    20,000,000 records from a sorting collection.  Elapsed time: 00:11:35s.  Time for last 10,000,000:   75s.  Last read position: chr3:129,488,200
INFO	2021-10-09 20:26:41	SortSam	Wrote    30,000,000 records from a sorting collection.  Elapsed time: 00:12:51s.  Time for last 10,000,000:   76s.  Last read position: chr6:32,976,382
INFO	2021-10-09 20:27:57	SortSam	Wrote    40,000,000 records from a sorting collection.  Elapsed time: 00:14:08s.  Time for last 10,000,000:   76s.  Last read position: chr8:85,776,000
INFO	2021-10-09 20:29:12	SortSam	Wrote    50,000,000 records from a sorting collection.  Elapsed time: 00:15:23s.  Time for last 10,000,000:   75s.  Last read position: chr11:9,139,638
INFO	2021-10-09 20:30:27	SortSam	Wrote    60,000,000 records from a sorting collection.  Elapsed time: 00:16:38s.  Time for last 10,000,000:   74s.  Last read position: chr13:33,350,333
INFO	2021-10-09 20:31:42	SortSam	Wrote    70,000,000 records from a sorting collection.  Elapsed time: 00:17:53s.  Time for last 10,000,000:   75s.  Last read position: chr16:31,034,512
INFO	2021-10-09 20:32:56	SortSam	Wrote    80,000,000 records from a sorting collection.  Elapsed time: 00:19:07s.  Time for last 10,000,000:   74s.  Last read position: chr19:7,375,897
INFO	2021-10-09 20:34:10	SortSam	Wrote    90,000,000 records from a sorting collection.  Elapsed time: 00:20:21s.  Time for last 10,000,000:   73s.  Last read position: chr22:23,538,853
[Sat Oct 09 20:35:21 AEDT 2021] picard.sam.SortSam done. Elapsed time: 21.54 minutes.
Runtime.totalMemory()=1820614656
[Sat Oct  9 20:35:21 2021]
Finished job 0.
1 of 1 steps (100%) done
