Building DAG of jobs...
Using shell: /bin/bash
Provided cores: 1 (use --cores to define parallelism)
Rules claiming more threads will be scaled down.
Select jobs to execute...

[Sat Oct  9 21:42:47 2021]
rule sort_mark_duplicates:
    input: /fs03/pg32/zarul/results/marked_dup/PRS048.bam
    output: /fs03/pg32/zarul/results/marked_dup/PRS048.sorted.bam, /fs03/pg32/zarul/results/marked_dup/PRS048.sorted.bai
    jobid: 0
    wildcards: sample=PRS048
    resources: mem_mb=26841, disk_mb=26841, tmpdir=/tmp

Activating conda environment: /projects/pg32/WES_preliminary_analyses/.snakemake/conda/ff944c3fd317023ffbdbe7a022133507
INFO	2021-10-09 21:42:54	SortSam	

********** NOTE: Picard's command line syntax is changing.
**********
********** For more information, please see:
********** https://github.com/broadinstitute/picard/wiki/Command-Line-Syntax-Transition-For-Users-(Pre-Transition)
**********
********** The command line looks like this in the new syntax:
**********
**********    SortSam -I /fs03/pg32/zarul/results/marked_dup/PRS048.bam -O /fs03/pg32/zarul/results/marked_dup/PRS048.sorted.bam -SORT_ORDER coordinate -CREATE_INDEX true
**********


21:42:55.481 INFO  NativeLibraryLoader - Loading libgkl_compression.so from jar:file:/projects/pg32/WES_preliminary_analyses/.snakemake/conda/ff944c3fd317023ffbdbe7a022133507/share/picard-2.26.1-0/picard.jar!/com/intel/gkl/native/libgkl_compression.so
[Sat Oct 09 21:42:55 AEDT 2021] SortSam INPUT=/fs03/pg32/zarul/results/marked_dup/PRS048.bam OUTPUT=/fs03/pg32/zarul/results/marked_dup/PRS048.sorted.bam SORT_ORDER=coordinate CREATE_INDEX=true    VERBOSITY=INFO QUIET=false VALIDATION_STRINGENCY=STRICT COMPRESSION_LEVEL=5 MAX_RECORDS_IN_RAM=500000 CREATE_MD5_FILE=false GA4GH_CLIENT_SECRETS=client_secrets.json USE_JDK_DEFLATER=false USE_JDK_INFLATER=false
[Sat Oct 09 21:42:55 AEDT 2021] Executing as mzar0002@m3i025 on Linux 3.10.0-1160.11.1.el7.x86_64 amd64; OpenJDK 64-Bit Server VM 11.0.9.1-internal+0-adhoc..src; Deflater: Intel; Inflater: Intel; Provider GCS is not available; Picard version: 2.26.1
WARNING: BAM index file /fs03/pg32/zarul/results/marked_dup/PRS048.bai is older than BAM /fs03/pg32/zarul/results/marked_dup/PRS048.bam
INFO	2021-10-09 21:43:54	SortSam	Read    10,000,000 records.  Elapsed time: 00:00:58s.  Time for last 10,000,000:   58s.  Last read position: chr1:43,305,307
INFO	2021-10-09 21:44:45	SortSam	Read    20,000,000 records.  Elapsed time: 00:01:50s.  Time for last 10,000,000:   51s.  Last read position: chr1:156,595,428
INFO	2021-10-09 21:45:37	SortSam	Read    30,000,000 records.  Elapsed time: 00:02:42s.  Time for last 10,000,000:   51s.  Last read position: chr2:27,378,838
INFO	2021-10-09 21:46:29	SortSam	Read    40,000,000 records.  Elapsed time: 00:03:33s.  Time for last 10,000,000:   51s.  Last read position: chr2:194,338,123
INFO	2021-10-09 21:47:24	SortSam	Read    50,000,000 records.  Elapsed time: 00:04:28s.  Time for last 10,000,000:   54s.  Last read position: chr3:49,665,644
INFO	2021-10-09 21:48:13	SortSam	Read    60,000,000 records.  Elapsed time: 00:05:17s.  Time for last 10,000,000:   49s.  Last read position: chr4:3,439,499
INFO	2021-10-09 21:49:05	SortSam	Read    70,000,000 records.  Elapsed time: 00:06:09s.  Time for last 10,000,000:   51s.  Last read position: chr5:73,852,798
INFO	2021-10-09 21:49:59	SortSam	Read    80,000,000 records.  Elapsed time: 00:07:03s.  Time for last 10,000,000:   54s.  Last read position: chr6:32,167,490
INFO	2021-10-09 21:50:50	SortSam	Read    90,000,000 records.  Elapsed time: 00:07:54s.  Time for last 10,000,000:   51s.  Last read position: chr7:29,884,543
INFO	2021-10-09 21:51:42	SortSam	Read   100,000,000 records.  Elapsed time: 00:08:46s.  Time for last 10,000,000:   51s.  Last read position: chr7:149,288,714
INFO	2021-10-09 21:52:33	SortSam	Read   110,000,000 records.  Elapsed time: 00:09:37s.  Time for last 10,000,000:   51s.  Last read position: chr8:144,512,674
INFO	2021-10-09 21:53:22	SortSam	Read   120,000,000 records.  Elapsed time: 00:10:27s.  Time for last 10,000,000:   49s.  Last read position: chr9:134,452,159
INFO	2021-10-09 21:54:15	SortSam	Read   130,000,000 records.  Elapsed time: 00:11:19s.  Time for last 10,000,000:   52s.  Last read position: chr10:104,040,365
INFO	2021-10-09 21:55:06	SortSam	Read   140,000,000 records.  Elapsed time: 00:12:10s.  Time for last 10,000,000:   50s.  Last read position: chr11:63,766,000
INFO	2021-10-09 21:55:56	SortSam	Read   150,000,000 records.  Elapsed time: 00:13:00s.  Time for last 10,000,000:   50s.  Last read position: chr12:3,576,826
INFO	2021-10-09 21:56:48	SortSam	Read   160,000,000 records.  Elapsed time: 00:13:52s.  Time for last 10,000,000:   51s.  Last read position: chr12:111,482,169
INFO	2021-10-09 21:57:40	SortSam	Read   170,000,000 records.  Elapsed time: 00:14:44s.  Time for last 10,000,000:   52s.  Last read position: chr14:53,152,203
INFO	2021-10-09 21:58:31	SortSam	Read   180,000,000 records.  Elapsed time: 00:15:35s.  Time for last 10,000,000:   50s.  Last read position: chr15:65,094,236
INFO	2021-10-09 21:59:27	SortSam	Read   190,000,000 records.  Elapsed time: 00:16:31s.  Time for last 10,000,000:   56s.  Last read position: chr16:16,374,394
INFO	2021-10-09 22:00:18	SortSam	Read   200,000,000 records.  Elapsed time: 00:17:22s.  Time for last 10,000,000:   51s.  Last read position: chr16:88,375,027
INFO	2021-10-09 22:01:08	SortSam	Read   210,000,000 records.  Elapsed time: 00:18:13s.  Time for last 10,000,000:   50s.  Last read position: chr17:40,089,307
INFO	2021-10-09 22:01:58	SortSam	Read   220,000,000 records.  Elapsed time: 00:19:02s.  Time for last 10,000,000:   49s.  Last read position: chr17:82,079,205
INFO	2021-10-09 22:02:51	SortSam	Read   230,000,000 records.  Elapsed time: 00:19:55s.  Time for last 10,000,000:   53s.  Last read position: chr19:10,811,795
INFO	2021-10-09 22:03:42	SortSam	Read   240,000,000 records.  Elapsed time: 00:20:46s.  Time for last 10,000,000:   50s.  Last read position: chr19:41,903,570
INFO	2021-10-09 22:04:33	SortSam	Read   250,000,000 records.  Elapsed time: 00:21:37s.  Time for last 10,000,000:   51s.  Last read position: chr20:19,721,181
INFO	2021-10-09 22:05:28	SortSam	Read   260,000,000 records.  Elapsed time: 00:22:32s.  Time for last 10,000,000:   54s.  Last read position: chr22:19,964,169
INFO	2021-10-09 22:06:22	SortSam	Read   270,000,000 records.  Elapsed time: 00:23:26s.  Time for last 10,000,000:   54s.  Last read position: chrX:55,146,169
INFO	2021-10-09 22:07:21	SortSam	Read   280,000,000 records.  Elapsed time: 00:24:25s.  Time for last 10,000,000:   58s.  Last read position: chr15_KI270905v1_alt:2,424,285
INFO	2021-10-09 22:07:48	SortSam	Finished reading inputs, merging and writing to output now.
INFO	2021-10-09 22:08:55	SortSam	Wrote    10,000,000 records from a sorting collection.  Elapsed time: 00:25:59s.  Time for last 10,000,000:   65s.  Last read position: chr1:43,305,307
INFO	2021-10-09 22:10:00	SortSam	Wrote    20,000,000 records from a sorting collection.  Elapsed time: 00:27:04s.  Time for last 10,000,000:   65s.  Last read position: chr1:156,595,428
INFO	2021-10-09 22:11:05	SortSam	Wrote    30,000,000 records from a sorting collection.  Elapsed time: 00:28:10s.  Time for last 10,000,000:   65s.  Last read position: chr2:27,378,838
INFO	2021-10-09 22:12:14	SortSam	Wrote    40,000,000 records from a sorting collection.  Elapsed time: 00:29:18s.  Time for last 10,000,000:   68s.  Last read position: chr2:194,338,123
INFO	2021-10-09 22:13:18	SortSam	Wrote    50,000,000 records from a sorting collection.  Elapsed time: 00:30:22s.  Time for last 10,000,000:   64s.  Last read position: chr3:49,665,644
INFO	2021-10-09 22:14:24	SortSam	Wrote    60,000,000 records from a sorting collection.  Elapsed time: 00:31:28s.  Time for last 10,000,000:   65s.  Last read position: chr4:3,439,499
INFO	2021-10-09 22:15:31	SortSam	Wrote    70,000,000 records from a sorting collection.  Elapsed time: 00:32:35s.  Time for last 10,000,000:   67s.  Last read position: chr5:73,852,798
INFO	2021-10-09 22:16:37	SortSam	Wrote    80,000,000 records from a sorting collection.  Elapsed time: 00:33:41s.  Time for last 10,000,000:   65s.  Last read position: chr6:32,167,490
INFO	2021-10-09 22:17:44	SortSam	Wrote    90,000,000 records from a sorting collection.  Elapsed time: 00:34:48s.  Time for last 10,000,000:   66s.  Last read position: chr7:29,884,543
INFO	2021-10-09 22:18:51	SortSam	Wrote   100,000,000 records from a sorting collection.  Elapsed time: 00:35:55s.  Time for last 10,000,000:   67s.  Last read position: chr7:149,288,714
INFO	2021-10-09 22:19:57	SortSam	Wrote   110,000,000 records from a sorting collection.  Elapsed time: 00:37:01s.  Time for last 10,000,000:   65s.  Last read position: chr8:144,512,674
INFO	2021-10-09 22:21:02	SortSam	Wrote   120,000,000 records from a sorting collection.  Elapsed time: 00:38:07s.  Time for last 10,000,000:   65s.  Last read position: chr9:134,452,159
INFO	2021-10-09 22:22:08	SortSam	Wrote   130,000,000 records from a sorting collection.  Elapsed time: 00:39:13s.  Time for last 10,000,000:   66s.  Last read position: chr10:104,040,365
INFO	2021-10-09 22:23:14	SortSam	Wrote   140,000,000 records from a sorting collection.  Elapsed time: 00:40:18s.  Time for last 10,000,000:   65s.  Last read position: chr11:63,766,000
INFO	2021-10-09 22:24:17	SortSam	Wrote   150,000,000 records from a sorting collection.  Elapsed time: 00:41:22s.  Time for last 10,000,000:   63s.  Last read position: chr12:3,576,826
INFO	2021-10-09 22:25:23	SortSam	Wrote   160,000,000 records from a sorting collection.  Elapsed time: 00:42:27s.  Time for last 10,000,000:   65s.  Last read position: chr12:111,482,169
INFO	2021-10-09 22:26:29	SortSam	Wrote   170,000,000 records from a sorting collection.  Elapsed time: 00:43:33s.  Time for last 10,000,000:   66s.  Last read position: chr14:53,152,203
INFO	2021-10-09 22:27:34	SortSam	Wrote   180,000,000 records from a sorting collection.  Elapsed time: 00:44:39s.  Time for last 10,000,000:   65s.  Last read position: chr15:65,094,236
INFO	2021-10-09 22:28:40	SortSam	Wrote   190,000,000 records from a sorting collection.  Elapsed time: 00:45:44s.  Time for last 10,000,000:   65s.  Last read position: chr16:16,374,394
INFO	2021-10-09 22:29:46	SortSam	Wrote   200,000,000 records from a sorting collection.  Elapsed time: 00:46:50s.  Time for last 10,000,000:   66s.  Last read position: chr16:88,375,027
INFO	2021-10-09 22:30:50	SortSam	Wrote   210,000,000 records from a sorting collection.  Elapsed time: 00:47:54s.  Time for last 10,000,000:   64s.  Last read position: chr17:40,089,307
INFO	2021-10-09 22:31:54	SortSam	Wrote   220,000,000 records from a sorting collection.  Elapsed time: 00:48:58s.  Time for last 10,000,000:   63s.  Last read position: chr17:82,079,205
INFO	2021-10-09 22:32:59	SortSam	Wrote   230,000,000 records from a sorting collection.  Elapsed time: 00:50:03s.  Time for last 10,000,000:   65s.  Last read position: chr19:10,811,795
INFO	2021-10-09 22:34:03	SortSam	Wrote   240,000,000 records from a sorting collection.  Elapsed time: 00:51:07s.  Time for last 10,000,000:   63s.  Last read position: chr19:41,903,570
INFO	2021-10-09 22:35:07	SortSam	Wrote   250,000,000 records from a sorting collection.  Elapsed time: 00:52:11s.  Time for last 10,000,000:   64s.  Last read position: chr20:19,721,181
INFO	2021-10-09 22:36:13	SortSam	Wrote   260,000,000 records from a sorting collection.  Elapsed time: 00:53:17s.  Time for last 10,000,000:   65s.  Last read position: chr22:19,964,169
INFO	2021-10-09 22:37:18	SortSam	Wrote   270,000,000 records from a sorting collection.  Elapsed time: 00:54:22s.  Time for last 10,000,000:   65s.  Last read position: chrX:55,146,169
INFO	2021-10-09 22:38:28	SortSam	Wrote   280,000,000 records from a sorting collection.  Elapsed time: 00:55:33s.  Time for last 10,000,000:   70s.  Last read position: chr15_KI270905v1_alt:2,424,285
[Sat Oct 09 22:39:08 AEDT 2021] picard.sam.SortSam done. Elapsed time: 56.22 minutes.
Runtime.totalMemory()=1865945088
[Sat Oct  9 22:39:09 2021]
Finished job 0.
1 of 1 steps (100%) done
