Building DAG of jobs...
Using shell: /bin/bash
Provided cores: 1 (use --cores to define parallelism)
Rules claiming more threads will be scaled down.
Select jobs to execute...

[Sat Oct  9 19:37:35 2021]
rule sort_mark_duplicates:
    input: /fs03/pg32/zarul/results/marked_dup/JH19023.bam
    output: /fs03/pg32/zarul/results/marked_dup/JH19023.sorted.bam, /fs03/pg32/zarul/results/marked_dup/JH19023.sorted.bai
    jobid: 0
    wildcards: sample=JH19023
    resources: mem_mb=8759, disk_mb=8759, tmpdir=/tmp

Activating conda environment: /projects/pg32/WES_preliminary_analyses/.snakemake/conda/ff944c3fd317023ffbdbe7a022133507
INFO	2021-10-09 19:37:41	SortSam	

********** NOTE: Picard's command line syntax is changing.
**********
********** For more information, please see:
********** https://github.com/broadinstitute/picard/wiki/Command-Line-Syntax-Transition-For-Users-(Pre-Transition)
**********
********** The command line looks like this in the new syntax:
**********
**********    SortSam -I /fs03/pg32/zarul/results/marked_dup/JH19023.bam -O /fs03/pg32/zarul/results/marked_dup/JH19023.sorted.bam -SORT_ORDER coordinate -CREATE_INDEX true
**********


19:37:42.294 INFO  NativeLibraryLoader - Loading libgkl_compression.so from jar:file:/projects/pg32/WES_preliminary_analyses/.snakemake/conda/ff944c3fd317023ffbdbe7a022133507/share/picard-2.26.1-0/picard.jar!/com/intel/gkl/native/libgkl_compression.so
[Sat Oct 09 19:37:42 AEDT 2021] SortSam INPUT=/fs03/pg32/zarul/results/marked_dup/JH19023.bam OUTPUT=/fs03/pg32/zarul/results/marked_dup/JH19023.sorted.bam SORT_ORDER=coordinate CREATE_INDEX=true    VERBOSITY=INFO QUIET=false VALIDATION_STRINGENCY=STRICT COMPRESSION_LEVEL=5 MAX_RECORDS_IN_RAM=500000 CREATE_MD5_FILE=false GA4GH_CLIENT_SECRETS=client_secrets.json USE_JDK_DEFLATER=false USE_JDK_INFLATER=false
[Sat Oct 09 19:37:42 AEDT 2021] Executing as mzar0002@m3i008 on Linux 3.10.0-1160.11.1.el7.x86_64 amd64; OpenJDK 64-Bit Server VM 11.0.9.1-internal+0-adhoc..src; Deflater: Intel; Inflater: Intel; Provider GCS is not available; Picard version: 2.26.1
WARNING: BAM index file /fs03/pg32/zarul/results/marked_dup/JH19023.bai is older than BAM /fs03/pg32/zarul/results/marked_dup/JH19023.bam
INFO	2021-10-09 19:38:36	SortSam	Read    10,000,000 records.  Elapsed time: 00:00:53s.  Time for last 10,000,000:   53s.  Last read position: chr2:69,396,348
INFO	2021-10-09 19:39:29	SortSam	Read    20,000,000 records.  Elapsed time: 00:01:46s.  Time for last 10,000,000:   52s.  Last read position: chr4:39,454,515
INFO	2021-10-09 19:40:19	SortSam	Read    30,000,000 records.  Elapsed time: 00:02:37s.  Time for last 10,000,000:   50s.  Last read position: chr7:38,219,497
INFO	2021-10-09 19:41:07	SortSam	Read    40,000,000 records.  Elapsed time: 00:03:24s.  Time for last 10,000,000:   47s.  Last read position: chr10:5,212,550
INFO	2021-10-09 19:41:57	SortSam	Read    50,000,000 records.  Elapsed time: 00:04:14s.  Time for last 10,000,000:   50s.  Last read position: chr12:55,400,947
INFO	2021-10-09 19:42:45	SortSam	Read    60,000,000 records.  Elapsed time: 00:05:03s.  Time for last 10,000,000:   48s.  Last read position: chr16:2,237,107
INFO	2021-10-09 19:43:38	SortSam	Read    70,000,000 records.  Elapsed time: 00:05:56s.  Time for last 10,000,000:   52s.  Last read position: chr19:1,990,050
INFO	2021-10-09 19:44:25	SortSam	Read    80,000,000 records.  Elapsed time: 00:06:42s.  Time for last 10,000,000:   46s.  Last read position: chr22:32,193,068
INFO	2021-10-09 19:45:02	SortSam	Finished reading inputs, merging and writing to output now.
INFO	2021-10-09 19:46:13	SortSam	Wrote    10,000,000 records from a sorting collection.  Elapsed time: 00:08:30s.  Time for last 10,000,000:   69s.  Last read position: chr2:69,396,348
INFO	2021-10-09 19:47:21	SortSam	Wrote    20,000,000 records from a sorting collection.  Elapsed time: 00:09:39s.  Time for last 10,000,000:   68s.  Last read position: chr4:39,454,515
INFO	2021-10-09 19:48:31	SortSam	Wrote    30,000,000 records from a sorting collection.  Elapsed time: 00:10:48s.  Time for last 10,000,000:   69s.  Last read position: chr7:38,219,497
INFO	2021-10-09 19:49:41	SortSam	Wrote    40,000,000 records from a sorting collection.  Elapsed time: 00:11:58s.  Time for last 10,000,000:   69s.  Last read position: chr10:5,212,550
INFO	2021-10-09 19:50:49	SortSam	Wrote    50,000,000 records from a sorting collection.  Elapsed time: 00:13:06s.  Time for last 10,000,000:   68s.  Last read position: chr12:55,400,947
INFO	2021-10-09 19:51:58	SortSam	Wrote    60,000,000 records from a sorting collection.  Elapsed time: 00:14:15s.  Time for last 10,000,000:   69s.  Last read position: chr16:2,237,107
INFO	2021-10-09 19:53:07	SortSam	Wrote    70,000,000 records from a sorting collection.  Elapsed time: 00:15:24s.  Time for last 10,000,000:   68s.  Last read position: chr19:1,990,050
INFO	2021-10-09 19:54:15	SortSam	Wrote    80,000,000 records from a sorting collection.  Elapsed time: 00:16:32s.  Time for last 10,000,000:   67s.  Last read position: chr22:32,193,068
[Sat Oct 09 19:55:08 AEDT 2021] picard.sam.SortSam done. Elapsed time: 17.45 minutes.
Runtime.totalMemory()=1677402112
[Sat Oct  9 19:55:09 2021]
Finished job 0.
1 of 1 steps (100%) done
