Building DAG of jobs...
Using shell: /bin/bash
Provided cores: 1 (use --cores to define parallelism)
Rules claiming more threads will be scaled down.
Select jobs to execute...

[Sat Oct  9 20:50:53 2021]
rule sort_mark_duplicates:
    input: /fs03/pg32/zarul/results/marked_dup/JH19034.bam
    output: /fs03/pg32/zarul/results/marked_dup/JH19034.sorted.bam, /fs03/pg32/zarul/results/marked_dup/JH19034.sorted.bai
    jobid: 0
    wildcards: sample=JH19034
    resources: mem_mb=10452, disk_mb=10452, tmpdir=/tmp

Activating conda environment: /projects/pg32/WES_preliminary_analyses/.snakemake/conda/ff944c3fd317023ffbdbe7a022133507
INFO	2021-10-09 20:51:03	SortSam	

********** NOTE: Picard's command line syntax is changing.
**********
********** For more information, please see:
********** https://github.com/broadinstitute/picard/wiki/Command-Line-Syntax-Transition-For-Users-(Pre-Transition)
**********
********** The command line looks like this in the new syntax:
**********
**********    SortSam -I /fs03/pg32/zarul/results/marked_dup/JH19034.bam -O /fs03/pg32/zarul/results/marked_dup/JH19034.sorted.bam -SORT_ORDER coordinate -CREATE_INDEX true
**********


20:51:04.643 INFO  NativeLibraryLoader - Loading libgkl_compression.so from jar:file:/projects/pg32/WES_preliminary_analyses/.snakemake/conda/ff944c3fd317023ffbdbe7a022133507/share/picard-2.26.1-0/picard.jar!/com/intel/gkl/native/libgkl_compression.so
[Sat Oct 09 20:51:04 AEDT 2021] SortSam INPUT=/fs03/pg32/zarul/results/marked_dup/JH19034.bam OUTPUT=/fs03/pg32/zarul/results/marked_dup/JH19034.sorted.bam SORT_ORDER=coordinate CREATE_INDEX=true    VERBOSITY=INFO QUIET=false VALIDATION_STRINGENCY=STRICT COMPRESSION_LEVEL=5 MAX_RECORDS_IN_RAM=500000 CREATE_MD5_FILE=false GA4GH_CLIENT_SECRETS=client_secrets.json USE_JDK_DEFLATER=false USE_JDK_INFLATER=false
[Sat Oct 09 20:51:04 AEDT 2021] Executing as mzar0002@m3j003 on Linux 3.10.0-1160.11.1.el7.x86_64 amd64; OpenJDK 64-Bit Server VM 11.0.9.1-internal+0-adhoc..src; Deflater: Intel; Inflater: Intel; Provider GCS is not available; Picard version: 2.26.1
WARNING: BAM index file /fs03/pg32/zarul/results/marked_dup/JH19034.bai is older than BAM /fs03/pg32/zarul/results/marked_dup/JH19034.bam
INFO	2021-10-09 20:52:03	SortSam	Read    10,000,000 records.  Elapsed time: 00:00:58s.  Time for last 10,000,000:   58s.  Last read position: chr2:26,577,566
INFO	2021-10-09 20:52:57	SortSam	Read    20,000,000 records.  Elapsed time: 00:01:52s.  Time for last 10,000,000:   53s.  Last read position: chr3:149,540,190
INFO	2021-10-09 20:53:49	SortSam	Read    30,000,000 records.  Elapsed time: 00:02:44s.  Time for last 10,000,000:   52s.  Last read position: chr6:43,558,454
INFO	2021-10-09 20:54:41	SortSam	Read    40,000,000 records.  Elapsed time: 00:03:36s.  Time for last 10,000,000:   51s.  Last read position: chr8:140,119,481
INFO	2021-10-09 20:55:36	SortSam	Read    50,000,000 records.  Elapsed time: 00:04:31s.  Time for last 10,000,000:   54s.  Last read position: chr11:57,320,230
INFO	2021-10-09 20:56:28	SortSam	Read    60,000,000 records.  Elapsed time: 00:05:23s.  Time for last 10,000,000:   52s.  Last read position: chr14:21,301,049
INFO	2021-10-09 20:57:21	SortSam	Read    70,000,000 records.  Elapsed time: 00:06:16s.  Time for last 10,000,000:   53s.  Last read position: chr16:75,224,806
INFO	2021-10-09 20:58:16	SortSam	Read    80,000,000 records.  Elapsed time: 00:07:11s.  Time for last 10,000,000:   54s.  Last read position: chr19:18,446,315
INFO	2021-10-09 20:59:12	SortSam	Read    90,000,000 records.  Elapsed time: 00:08:07s.  Time for last 10,000,000:   55s.  Last read position: chrX:3,650,211
INFO	2021-10-09 20:59:53	SortSam	Finished reading inputs, merging and writing to output now.
INFO	2021-10-09 21:01:10	SortSam	Wrote    10,000,000 records from a sorting collection.  Elapsed time: 00:10:05s.  Time for last 10,000,000:   77s.  Last read position: chr2:26,577,566
INFO	2021-10-09 21:02:28	SortSam	Wrote    20,000,000 records from a sorting collection.  Elapsed time: 00:11:23s.  Time for last 10,000,000:   77s.  Last read position: chr3:149,540,190
INFO	2021-10-09 21:03:46	SortSam	Wrote    30,000,000 records from a sorting collection.  Elapsed time: 00:12:41s.  Time for last 10,000,000:   77s.  Last read position: chr6:43,558,454
INFO	2021-10-09 21:05:04	SortSam	Wrote    40,000,000 records from a sorting collection.  Elapsed time: 00:13:59s.  Time for last 10,000,000:   78s.  Last read position: chr8:140,119,481
INFO	2021-10-09 21:06:20	SortSam	Wrote    50,000,000 records from a sorting collection.  Elapsed time: 00:15:15s.  Time for last 10,000,000:   76s.  Last read position: chr11:57,320,230
INFO	2021-10-09 21:07:36	SortSam	Wrote    60,000,000 records from a sorting collection.  Elapsed time: 00:16:31s.  Time for last 10,000,000:   75s.  Last read position: chr14:21,301,049
INFO	2021-10-09 21:08:52	SortSam	Wrote    70,000,000 records from a sorting collection.  Elapsed time: 00:17:47s.  Time for last 10,000,000:   76s.  Last read position: chr16:75,224,806
INFO	2021-10-09 21:10:07	SortSam	Wrote    80,000,000 records from a sorting collection.  Elapsed time: 00:19:02s.  Time for last 10,000,000:   74s.  Last read position: chr19:18,446,315
INFO	2021-10-09 21:11:22	SortSam	Wrote    90,000,000 records from a sorting collection.  Elapsed time: 00:20:17s.  Time for last 10,000,000:   75s.  Last read position: chrX:3,650,211
[Sat Oct 09 21:12:18 AEDT 2021] picard.sam.SortSam done. Elapsed time: 21.24 minutes.
Runtime.totalMemory()=1721327616
[Sat Oct  9 21:12:19 2021]
Finished job 0.
1 of 1 steps (100%) done
