Building DAG of jobs...
Using shell: /bin/bash
Provided cores: 1 (use --cores to define parallelism)
Rules claiming more threads will be scaled down.
Select jobs to execute...

[Sat Oct  9 20:17:00 2021]
rule sort_mark_duplicates:
    input: /fs03/pg32/zarul/results/marked_dup/PRS034.bam
    output: /fs03/pg32/zarul/results/marked_dup/PRS034.sorted.bam, /fs03/pg32/zarul/results/marked_dup/PRS034.sorted.bai
    jobid: 0
    wildcards: sample=PRS034
    resources: mem_mb=8864, disk_mb=8864, tmpdir=/tmp

Activating conda environment: /projects/pg32/WES_preliminary_analyses/.snakemake/conda/ff944c3fd317023ffbdbe7a022133507
INFO	2021-10-09 20:17:04	SortSam	

********** NOTE: Picard's command line syntax is changing.
**********
********** For more information, please see:
********** https://github.com/broadinstitute/picard/wiki/Command-Line-Syntax-Transition-For-Users-(Pre-Transition)
**********
********** The command line looks like this in the new syntax:
**********
**********    SortSam -I /fs03/pg32/zarul/results/marked_dup/PRS034.bam -O /fs03/pg32/zarul/results/marked_dup/PRS034.sorted.bam -SORT_ORDER coordinate -CREATE_INDEX true
**********


20:17:05.574 INFO  NativeLibraryLoader - Loading libgkl_compression.so from jar:file:/projects/pg32/WES_preliminary_analyses/.snakemake/conda/ff944c3fd317023ffbdbe7a022133507/share/picard-2.26.1-0/picard.jar!/com/intel/gkl/native/libgkl_compression.so
[Sat Oct 09 20:17:05 AEDT 2021] SortSam INPUT=/fs03/pg32/zarul/results/marked_dup/PRS034.bam OUTPUT=/fs03/pg32/zarul/results/marked_dup/PRS034.sorted.bam SORT_ORDER=coordinate CREATE_INDEX=true    VERBOSITY=INFO QUIET=false VALIDATION_STRINGENCY=STRICT COMPRESSION_LEVEL=5 MAX_RECORDS_IN_RAM=500000 CREATE_MD5_FILE=false GA4GH_CLIENT_SECRETS=client_secrets.json USE_JDK_DEFLATER=false USE_JDK_INFLATER=false
[Sat Oct 09 20:17:05 AEDT 2021] Executing as mzar0002@m3i045 on Linux 3.10.0-1160.11.1.el7.x86_64 amd64; OpenJDK 64-Bit Server VM 11.0.9.1-internal+0-adhoc..src; Deflater: Intel; Inflater: Intel; Provider GCS is not available; Picard version: 2.26.1
WARNING: BAM index file /fs03/pg32/zarul/results/marked_dup/PRS034.bai is older than BAM /fs03/pg32/zarul/results/marked_dup/PRS034.bam
INFO	2021-10-09 20:17:59	SortSam	Read    10,000,000 records.  Elapsed time: 00:00:53s.  Time for last 10,000,000:   53s.  Last read position: chr2:33,243,820
INFO	2021-10-09 20:18:53	SortSam	Read    20,000,000 records.  Elapsed time: 00:01:47s.  Time for last 10,000,000:   53s.  Last read position: chr3:196,886,240
INFO	2021-10-09 20:19:43	SortSam	Read    30,000,000 records.  Elapsed time: 00:02:37s.  Time for last 10,000,000:   49s.  Last read position: chr6:142,760,271
INFO	2021-10-09 20:20:33	SortSam	Read    40,000,000 records.  Elapsed time: 00:03:27s.  Time for last 10,000,000:   50s.  Last read position: chr9:93,447,559
INFO	2021-10-09 20:21:22	SortSam	Read    50,000,000 records.  Elapsed time: 00:04:16s.  Time for last 10,000,000:   49s.  Last read position: chr11:117,161,186
INFO	2021-10-09 20:22:14	SortSam	Read    60,000,000 records.  Elapsed time: 00:05:08s.  Time for last 10,000,000:   51s.  Last read position: chr15:33,853,443
INFO	2021-10-09 20:23:02	SortSam	Read    70,000,000 records.  Elapsed time: 00:05:56s.  Time for last 10,000,000:   48s.  Last read position: chr17:42,979,371
INFO	2021-10-09 20:23:50	SortSam	Read    80,000,000 records.  Elapsed time: 00:06:44s.  Time for last 10,000,000:   47s.  Last read position: chr19:57,100,223
INFO	2021-10-09 20:24:46	SortSam	Read    90,000,000 records.  Elapsed time: 00:07:40s.  Time for last 10,000,000:   56s.  Last read position: chr17_KI270908v1_alt:725,993
INFO	2021-10-09 20:24:52	SortSam	Finished reading inputs, merging and writing to output now.
INFO	2021-10-09 20:25:59	SortSam	Wrote    10,000,000 records from a sorting collection.  Elapsed time: 00:08:53s.  Time for last 10,000,000:   65s.  Last read position: chr2:33,243,820
INFO	2021-10-09 20:27:03	SortSam	Wrote    20,000,000 records from a sorting collection.  Elapsed time: 00:09:57s.  Time for last 10,000,000:   64s.  Last read position: chr3:196,886,240
INFO	2021-10-09 20:28:09	SortSam	Wrote    30,000,000 records from a sorting collection.  Elapsed time: 00:11:03s.  Time for last 10,000,000:   65s.  Last read position: chr6:142,760,271
INFO	2021-10-09 20:29:15	SortSam	Wrote    40,000,000 records from a sorting collection.  Elapsed time: 00:12:09s.  Time for last 10,000,000:   65s.  Last read position: chr9:93,447,559
INFO	2021-10-09 20:30:19	SortSam	Wrote    50,000,000 records from a sorting collection.  Elapsed time: 00:13:13s.  Time for last 10,000,000:   64s.  Last read position: chr11:117,161,186
INFO	2021-10-09 20:31:24	SortSam	Wrote    60,000,000 records from a sorting collection.  Elapsed time: 00:14:18s.  Time for last 10,000,000:   64s.  Last read position: chr15:33,853,443
INFO	2021-10-09 20:32:29	SortSam	Wrote    70,000,000 records from a sorting collection.  Elapsed time: 00:15:23s.  Time for last 10,000,000:   64s.  Last read position: chr17:42,979,371
INFO	2021-10-09 20:33:32	SortSam	Wrote    80,000,000 records from a sorting collection.  Elapsed time: 00:16:26s.  Time for last 10,000,000:   63s.  Last read position: chr19:57,100,223
INFO	2021-10-09 20:34:39	SortSam	Wrote    90,000,000 records from a sorting collection.  Elapsed time: 00:17:33s.  Time for last 10,000,000:   66s.  Last read position: chr17_KI270908v1_alt:725,993
[Sat Oct 09 20:34:47 AEDT 2021] picard.sam.SortSam done. Elapsed time: 17.70 minutes.
Runtime.totalMemory()=1705684992
[Sat Oct  9 20:34:47 2021]
Finished job 0.
1 of 1 steps (100%) done
