Building DAG of jobs...
Using shell: /bin/bash
Provided cores: 1 (use --cores to define parallelism)
Rules claiming more threads will be scaled down.
Select jobs to execute...

[Sat Oct  9 20:55:52 2021]
rule sort_mark_duplicates:
    input: /fs03/pg32/zarul/results/marked_dup/JH19010.bam
    output: /fs03/pg32/zarul/results/marked_dup/JH19010.sorted.bam, /fs03/pg32/zarul/results/marked_dup/JH19010.sorted.bai
    jobid: 0
    wildcards: sample=JH19010
    resources: mem_mb=10272, disk_mb=10272, tmpdir=/tmp

Activating conda environment: /projects/pg32/WES_preliminary_analyses/.snakemake/conda/ff944c3fd317023ffbdbe7a022133507
INFO	2021-10-09 20:56:00	SortSam	

********** NOTE: Picard's command line syntax is changing.
**********
********** For more information, please see:
********** https://github.com/broadinstitute/picard/wiki/Command-Line-Syntax-Transition-For-Users-(Pre-Transition)
**********
********** The command line looks like this in the new syntax:
**********
**********    SortSam -I /fs03/pg32/zarul/results/marked_dup/JH19010.bam -O /fs03/pg32/zarul/results/marked_dup/JH19010.sorted.bam -SORT_ORDER coordinate -CREATE_INDEX true
**********


20:56:01.072 INFO  NativeLibraryLoader - Loading libgkl_compression.so from jar:file:/projects/pg32/WES_preliminary_analyses/.snakemake/conda/ff944c3fd317023ffbdbe7a022133507/share/picard-2.26.1-0/picard.jar!/com/intel/gkl/native/libgkl_compression.so
[Sat Oct 09 20:56:01 AEDT 2021] SortSam INPUT=/fs03/pg32/zarul/results/marked_dup/JH19010.bam OUTPUT=/fs03/pg32/zarul/results/marked_dup/JH19010.sorted.bam SORT_ORDER=coordinate CREATE_INDEX=true    VERBOSITY=INFO QUIET=false VALIDATION_STRINGENCY=STRICT COMPRESSION_LEVEL=5 MAX_RECORDS_IN_RAM=500000 CREATE_MD5_FILE=false GA4GH_CLIENT_SECRETS=client_secrets.json USE_JDK_DEFLATER=false USE_JDK_INFLATER=false
[Sat Oct 09 20:56:01 AEDT 2021] Executing as mzar0002@m3i045 on Linux 3.10.0-1160.11.1.el7.x86_64 amd64; OpenJDK 64-Bit Server VM 11.0.9.1-internal+0-adhoc..src; Deflater: Intel; Inflater: Intel; Provider GCS is not available; Picard version: 2.26.1
WARNING: BAM index file /fs03/pg32/zarul/results/marked_dup/JH19010.bai is older than BAM /fs03/pg32/zarul/results/marked_dup/JH19010.bam
INFO	2021-10-09 20:56:58	SortSam	Read    10,000,000 records.  Elapsed time: 00:00:57s.  Time for last 10,000,000:   57s.  Last read position: chr1:248,812,066
INFO	2021-10-09 20:57:50	SortSam	Read    20,000,000 records.  Elapsed time: 00:01:48s.  Time for last 10,000,000:   51s.  Last read position: chr3:108,579,351
INFO	2021-10-09 20:58:40	SortSam	Read    30,000,000 records.  Elapsed time: 00:02:38s.  Time for last 10,000,000:   49s.  Last read position: chr5:178,263,149
INFO	2021-10-09 20:59:28	SortSam	Read    40,000,000 records.  Elapsed time: 00:03:27s.  Time for last 10,000,000:   48s.  Last read position: chr8:22,195,466
INFO	2021-10-09 21:00:19	SortSam	Read    50,000,000 records.  Elapsed time: 00:04:18s.  Time for last 10,000,000:   51s.  Last read position: chr10:103,398,364
INFO	2021-10-09 21:01:08	SortSam	Read    60,000,000 records.  Elapsed time: 00:05:07s.  Time for last 10,000,000:   48s.  Last read position: chr12:96,828,739
INFO	2021-10-09 21:01:59	SortSam	Read    70,000,000 records.  Elapsed time: 00:05:57s.  Time for last 10,000,000:   50s.  Last read position: chr16:377,401
INFO	2021-10-09 21:02:49	SortSam	Read    80,000,000 records.  Elapsed time: 00:06:48s.  Time for last 10,000,000:   50s.  Last read position: chr17:81,683,017
INFO	2021-10-09 21:03:39	SortSam	Read    90,000,000 records.  Elapsed time: 00:07:37s.  Time for last 10,000,000:   49s.  Last read position: chr20:38,381,343
INFO	2021-10-09 21:04:30	SortSam	Read   100,000,000 records.  Elapsed time: 00:08:29s.  Time for last 10,000,000:   51s.  Last read position: chr14_KI270846v1_alt:473,186
INFO	2021-10-09 21:04:42	SortSam	Finished reading inputs, merging and writing to output now.
INFO	2021-10-09 21:05:53	SortSam	Wrote    10,000,000 records from a sorting collection.  Elapsed time: 00:09:51s.  Time for last 10,000,000:   69s.  Last read position: chr1:248,812,066
INFO	2021-10-09 21:07:02	SortSam	Wrote    20,000,000 records from a sorting collection.  Elapsed time: 00:11:01s.  Time for last 10,000,000:   69s.  Last read position: chr3:108,579,351
INFO	2021-10-09 21:08:12	SortSam	Wrote    30,000,000 records from a sorting collection.  Elapsed time: 00:12:11s.  Time for last 10,000,000:   70s.  Last read position: chr5:178,263,149
INFO	2021-10-09 21:09:23	SortSam	Wrote    40,000,000 records from a sorting collection.  Elapsed time: 00:13:21s.  Time for last 10,000,000:   70s.  Last read position: chr8:22,195,466
INFO	2021-10-09 21:10:33	SortSam	Wrote    50,000,000 records from a sorting collection.  Elapsed time: 00:14:31s.  Time for last 10,000,000:   69s.  Last read position: chr10:103,398,364
INFO	2021-10-09 21:11:41	SortSam	Wrote    60,000,000 records from a sorting collection.  Elapsed time: 00:15:40s.  Time for last 10,000,000:   68s.  Last read position: chr12:96,828,739
INFO	2021-10-09 21:12:51	SortSam	Wrote    70,000,000 records from a sorting collection.  Elapsed time: 00:16:49s.  Time for last 10,000,000:   69s.  Last read position: chr16:377,401
INFO	2021-10-09 21:13:59	SortSam	Wrote    80,000,000 records from a sorting collection.  Elapsed time: 00:17:58s.  Time for last 10,000,000:   68s.  Last read position: chr17:81,683,017
INFO	2021-10-09 21:15:08	SortSam	Wrote    90,000,000 records from a sorting collection.  Elapsed time: 00:19:06s.  Time for last 10,000,000:   68s.  Last read position: chr20:38,381,343
INFO	2021-10-09 21:16:18	SortSam	Wrote   100,000,000 records from a sorting collection.  Elapsed time: 00:20:17s.  Time for last 10,000,000:   70s.  Last read position: chr14_KI270846v1_alt:473,186
[Sat Oct 09 21:16:36 AEDT 2021] picard.sam.SortSam done. Elapsed time: 20.58 minutes.
Runtime.totalMemory()=1607237632
[Sat Oct  9 21:16:36 2021]
Finished job 0.
1 of 1 steps (100%) done
