Building DAG of jobs...
Using shell: /bin/bash
Provided cores: 1 (use --cores to define parallelism)
Rules claiming more threads will be scaled down.
Select jobs to execute...

[Mon Oct  4 10:04:41 2021]
rule sort_mark_duplicates:
    input: /fs03/pg32/zarul/results/marked_dup/NIST7035.bam
    output: /fs03/pg32/zarul/results/marked_dup/NIST7035.sorted.bam
    jobid: 0
    wildcards: sample=NIST7035
    resources: mem_mb=12224, disk_mb=12224, tmpdir=/tmp

Activating conda environment: /projects/pg32/WES_preliminary_analyses/.snakemake/conda/ff944c3fd317023ffbdbe7a022133507
INFO	2021-10-04 10:04:54	SortSam	

********** NOTE: Picard's command line syntax is changing.
**********
********** For more information, please see:
********** https://github.com/broadinstitute/picard/wiki/Command-Line-Syntax-Transition-For-Users-(Pre-Transition)
**********
********** The command line looks like this in the new syntax:
**********
**********    SortSam -I /fs03/pg32/zarul/results/marked_dup/NIST7035.bam -O /fs03/pg32/zarul/results/marked_dup/NIST7035.sorted.bam -SORT_ORDER coordinate -CREATE_INDEX true
**********


10:04:55.223 INFO  NativeLibraryLoader - Loading libgkl_compression.so from jar:file:/projects/pg32/WES_preliminary_analyses/.snakemake/conda/ff944c3fd317023ffbdbe7a022133507/share/picard-2.26.1-0/picard.jar!/com/intel/gkl/native/libgkl_compression.so
[Mon Oct 04 10:04:55 AEDT 2021] SortSam INPUT=/fs03/pg32/zarul/results/marked_dup/NIST7035.bam OUTPUT=/fs03/pg32/zarul/results/marked_dup/NIST7035.sorted.bam SORT_ORDER=coordinate CREATE_INDEX=true    VERBOSITY=INFO QUIET=false VALIDATION_STRINGENCY=STRICT COMPRESSION_LEVEL=5 MAX_RECORDS_IN_RAM=500000 CREATE_MD5_FILE=false GA4GH_CLIENT_SECRETS=client_secrets.json USE_JDK_DEFLATER=false USE_JDK_INFLATER=false
[Mon Oct 04 10:04:55 AEDT 2021] Executing as mzar0002@m3i027 on Linux 3.10.0-1160.11.1.el7.x86_64 amd64; OpenJDK 64-Bit Server VM 11.0.9.1-internal+0-adhoc..src; Deflater: Intel; Inflater: Intel; Provider GCS is not available; Picard version: 2.26.1
WARNING: BAM index file /fs03/pg32/zarul/results/marked_dup/NIST7035.bai is older than BAM /fs03/pg32/zarul/results/marked_dup/NIST7035.bam
INFO	2021-10-04 10:06:27	SortSam	Read    10,000,000 records.  Elapsed time: 00:01:31s.  Time for last 10,000,000:   91s.  Last read position: chr2:96,024,741
INFO	2021-10-04 10:07:18	SortSam	Read    20,000,000 records.  Elapsed time: 00:02:23s.  Time for last 10,000,000:   51s.  Last read position: chr4:143,379,622
INFO	2021-10-04 10:08:10	SortSam	Read    30,000,000 records.  Elapsed time: 00:03:15s.  Time for last 10,000,000:   52s.  Last read position: chr7:90,265,127
INFO	2021-10-04 10:09:03	SortSam	Read    40,000,000 records.  Elapsed time: 00:04:08s.  Time for last 10,000,000:   52s.  Last read position: chr9:136,761,764
INFO	2021-10-04 10:09:54	SortSam	Read    50,000,000 records.  Elapsed time: 00:04:59s.  Time for last 10,000,000:   51s.  Last read position: chr12:100,154,234
INFO	2021-10-04 10:10:47	SortSam	Read    60,000,000 records.  Elapsed time: 00:05:51s.  Time for last 10,000,000:   52s.  Last read position: chr16:58,014,242
INFO	2021-10-04 10:11:39	SortSam	Read    70,000,000 records.  Elapsed time: 00:06:43s.  Time for last 10,000,000:   51s.  Last read position: chr19:49,798,909
INFO	2021-10-04 10:12:31	SortSam	Read    80,000,000 records.  Elapsed time: 00:07:36s.  Time for last 10,000,000:   52s.  Last read position: chr15_GL383554v1_alt:226,403
INFO	2021-10-04 10:12:41	SortSam	Finished reading inputs, merging and writing to output now.
INFO	2021-10-04 10:14:16	SortSam	Wrote    10,000,000 records from a sorting collection.  Elapsed time: 00:09:20s.  Time for last 10,000,000:   93s.  Last read position: chr2:96,024,741
INFO	2021-10-04 10:15:44	SortSam	Wrote    20,000,000 records from a sorting collection.  Elapsed time: 00:10:48s.  Time for last 10,000,000:   87s.  Last read position: chr4:143,379,622
INFO	2021-10-04 10:17:12	SortSam	Wrote    30,000,000 records from a sorting collection.  Elapsed time: 00:12:16s.  Time for last 10,000,000:   88s.  Last read position: chr7:90,265,127
INFO	2021-10-04 10:18:37	SortSam	Wrote    40,000,000 records from a sorting collection.  Elapsed time: 00:13:42s.  Time for last 10,000,000:   85s.  Last read position: chr9:136,761,764
INFO	2021-10-04 10:20:06	SortSam	Wrote    50,000,000 records from a sorting collection.  Elapsed time: 00:15:10s.  Time for last 10,000,000:   87s.  Last read position: chr12:100,154,234
INFO	2021-10-04 10:21:54	SortSam	Wrote    60,000,000 records from a sorting collection.  Elapsed time: 00:16:59s.  Time for last 10,000,000:  108s.  Last read position: chr16:58,014,242
INFO	2021-10-04 10:23:54	SortSam	Wrote    70,000,000 records from a sorting collection.  Elapsed time: 00:18:58s.  Time for last 10,000,000:  119s.  Last read position: chr19:49,798,909
INFO	2021-10-04 10:25:21	SortSam	Wrote    80,000,000 records from a sorting collection.  Elapsed time: 00:20:25s.  Time for last 10,000,000:   87s.  Last read position: chr15_GL383554v1_alt:226,403
[Mon Oct 04 10:25:36 AEDT 2021] picard.sam.SortSam done. Elapsed time: 20.69 minutes.
Runtime.totalMemory()=1550721024
[Mon Oct  4 10:25:36 2021]
Finished job 0.
1 of 1 steps (100%) done
