Building DAG of jobs...
Using shell: /bin/bash
Provided cores: 1 (use --cores to define parallelism)
Rules claiming more threads will be scaled down.
Select jobs to execute...

[Sat Oct  9 19:48:26 2021]
rule sort_mark_duplicates:
    input: /fs03/pg32/zarul/results/marked_dup/JH19025.bam
    output: /fs03/pg32/zarul/results/marked_dup/JH19025.sorted.bam, /fs03/pg32/zarul/results/marked_dup/JH19025.sorted.bai
    jobid: 0
    wildcards: sample=JH19025
    resources: mem_mb=12584, disk_mb=12584, tmpdir=/tmp

Activating conda environment: /projects/pg32/WES_preliminary_analyses/.snakemake/conda/ff944c3fd317023ffbdbe7a022133507
INFO	2021-10-09 19:48:34	SortSam	

********** NOTE: Picard's command line syntax is changing.
**********
********** For more information, please see:
********** https://github.com/broadinstitute/picard/wiki/Command-Line-Syntax-Transition-For-Users-(Pre-Transition)
**********
********** The command line looks like this in the new syntax:
**********
**********    SortSam -I /fs03/pg32/zarul/results/marked_dup/JH19025.bam -O /fs03/pg32/zarul/results/marked_dup/JH19025.sorted.bam -SORT_ORDER coordinate -CREATE_INDEX true
**********


19:48:35.122 INFO  NativeLibraryLoader - Loading libgkl_compression.so from jar:file:/projects/pg32/WES_preliminary_analyses/.snakemake/conda/ff944c3fd317023ffbdbe7a022133507/share/picard-2.26.1-0/picard.jar!/com/intel/gkl/native/libgkl_compression.so
[Sat Oct 09 19:48:35 AEDT 2021] SortSam INPUT=/fs03/pg32/zarul/results/marked_dup/JH19025.bam OUTPUT=/fs03/pg32/zarul/results/marked_dup/JH19025.sorted.bam SORT_ORDER=coordinate CREATE_INDEX=true    VERBOSITY=INFO QUIET=false VALIDATION_STRINGENCY=STRICT COMPRESSION_LEVEL=5 MAX_RECORDS_IN_RAM=500000 CREATE_MD5_FILE=false GA4GH_CLIENT_SECRETS=client_secrets.json USE_JDK_DEFLATER=false USE_JDK_INFLATER=false
[Sat Oct 09 19:48:35 AEDT 2021] Executing as mzar0002@m3j003 on Linux 3.10.0-1160.11.1.el7.x86_64 amd64; OpenJDK 64-Bit Server VM 11.0.9.1-internal+0-adhoc..src; Deflater: Intel; Inflater: Intel; Provider GCS is not available; Picard version: 2.26.1
WARNING: BAM index file /fs03/pg32/zarul/results/marked_dup/JH19025.bai is older than BAM /fs03/pg32/zarul/results/marked_dup/JH19025.bam
INFO	2021-10-09 19:49:32	SortSam	Read    10,000,000 records.  Elapsed time: 00:00:56s.  Time for last 10,000,000:   56s.  Last read position: chr1:204,944,171
INFO	2021-10-09 19:50:26	SortSam	Read    20,000,000 records.  Elapsed time: 00:01:50s.  Time for last 10,000,000:   54s.  Last read position: chr3:15,479,141
INFO	2021-10-09 19:51:20	SortSam	Read    30,000,000 records.  Elapsed time: 00:02:45s.  Time for last 10,000,000:   54s.  Last read position: chr5:19,545,762
INFO	2021-10-09 19:52:16	SortSam	Read    40,000,000 records.  Elapsed time: 00:03:41s.  Time for last 10,000,000:   55s.  Last read position: chr7:36,406,260
INFO	2021-10-09 19:53:09	SortSam	Read    50,000,000 records.  Elapsed time: 00:04:34s.  Time for last 10,000,000:   53s.  Last read position: chr9:42,385,951
INFO	2021-10-09 19:54:02	SortSam	Read    60,000,000 records.  Elapsed time: 00:05:27s.  Time for last 10,000,000:   53s.  Last read position: chr11:43,889,538
INFO	2021-10-09 19:54:54	SortSam	Read    70,000,000 records.  Elapsed time: 00:06:19s.  Time for last 10,000,000:   51s.  Last read position: chr12:122,288,524
INFO	2021-10-09 19:55:46	SortSam	Read    80,000,000 records.  Elapsed time: 00:07:10s.  Time for last 10,000,000:   51s.  Last read position: chr15:101,756,024
INFO	2021-10-09 19:56:39	SortSam	Read    90,000,000 records.  Elapsed time: 00:08:04s.  Time for last 10,000,000:   53s.  Last read position: chr17:48,596,537
INFO	2021-10-09 19:57:32	SortSam	Read   100,000,000 records.  Elapsed time: 00:08:56s.  Time for last 10,000,000:   52s.  Last read position: chr19:42,738,612
INFO	2021-10-09 19:58:22	SortSam	Read   110,000,000 records.  Elapsed time: 00:09:46s.  Time for last 10,000,000:   50s.  Last read position: chr22:50,117,165
INFO	2021-10-09 19:59:18	SortSam	Finished reading inputs, merging and writing to output now.
INFO	2021-10-09 20:00:31	SortSam	Wrote    10,000,000 records from a sorting collection.  Elapsed time: 00:11:56s.  Time for last 10,000,000:   72s.  Last read position: chr1:204,944,171
INFO	2021-10-09 20:01:44	SortSam	Wrote    20,000,000 records from a sorting collection.  Elapsed time: 00:13:08s.  Time for last 10,000,000:   72s.  Last read position: chr3:15,479,141
INFO	2021-10-09 20:02:56	SortSam	Wrote    30,000,000 records from a sorting collection.  Elapsed time: 00:14:21s.  Time for last 10,000,000:   72s.  Last read position: chr5:19,545,762
INFO	2021-10-09 20:04:09	SortSam	Wrote    40,000,000 records from a sorting collection.  Elapsed time: 00:15:33s.  Time for last 10,000,000:   72s.  Last read position: chr7:36,406,260
INFO	2021-10-09 20:05:21	SortSam	Wrote    50,000,000 records from a sorting collection.  Elapsed time: 00:16:46s.  Time for last 10,000,000:   72s.  Last read position: chr9:42,385,951
INFO	2021-10-09 20:06:33	SortSam	Wrote    60,000,000 records from a sorting collection.  Elapsed time: 00:17:57s.  Time for last 10,000,000:   71s.  Last read position: chr11:43,889,538
INFO	2021-10-09 20:07:43	SortSam	Wrote    70,000,000 records from a sorting collection.  Elapsed time: 00:19:07s.  Time for last 10,000,000:   69s.  Last read position: chr12:122,288,524
INFO	2021-10-09 20:08:55	SortSam	Wrote    80,000,000 records from a sorting collection.  Elapsed time: 00:20:19s.  Time for last 10,000,000:   71s.  Last read position: chr15:101,756,024
INFO	2021-10-09 20:10:05	SortSam	Wrote    90,000,000 records from a sorting collection.  Elapsed time: 00:21:29s.  Time for last 10,000,000:   70s.  Last read position: chr17:48,596,537
INFO	2021-10-09 20:11:15	SortSam	Wrote   100,000,000 records from a sorting collection.  Elapsed time: 00:22:39s.  Time for last 10,000,000:   69s.  Last read position: chr19:42,738,612
INFO	2021-10-09 20:12:26	SortSam	Wrote   110,000,000 records from a sorting collection.  Elapsed time: 00:23:50s.  Time for last 10,000,000:   71s.  Last read position: chr22:50,117,165
[Sat Oct 09 20:13:36 AEDT 2021] picard.sam.SortSam done. Elapsed time: 25.03 minutes.
Runtime.totalMemory()=1886818304
[Sat Oct  9 20:13:36 2021]
Finished job 0.
1 of 1 steps (100%) done
