Building DAG of jobs...
Using shell: /bin/bash
Provided cores: 1 (use --cores to define parallelism)
Rules claiming more threads will be scaled down.
Select jobs to execute...

[Sat Oct  9 20:44:05 2021]
rule sort_mark_duplicates:
    input: /fs03/pg32/zarul/results/marked_dup/JH19033.bam
    output: /fs03/pg32/zarul/results/marked_dup/JH19033.sorted.bam, /fs03/pg32/zarul/results/marked_dup/JH19033.sorted.bai
    jobid: 0
    wildcards: sample=JH19033
    resources: mem_mb=8976, disk_mb=8976, tmpdir=/tmp

Activating conda environment: /projects/pg32/WES_preliminary_analyses/.snakemake/conda/ff944c3fd317023ffbdbe7a022133507
INFO	2021-10-09 20:44:11	SortSam	

********** NOTE: Picard's command line syntax is changing.
**********
********** For more information, please see:
********** https://github.com/broadinstitute/picard/wiki/Command-Line-Syntax-Transition-For-Users-(Pre-Transition)
**********
********** The command line looks like this in the new syntax:
**********
**********    SortSam -I /fs03/pg32/zarul/results/marked_dup/JH19033.bam -O /fs03/pg32/zarul/results/marked_dup/JH19033.sorted.bam -SORT_ORDER coordinate -CREATE_INDEX true
**********


20:44:11.836 INFO  NativeLibraryLoader - Loading libgkl_compression.so from jar:file:/projects/pg32/WES_preliminary_analyses/.snakemake/conda/ff944c3fd317023ffbdbe7a022133507/share/picard-2.26.1-0/picard.jar!/com/intel/gkl/native/libgkl_compression.so
[Sat Oct 09 20:44:11 AEDT 2021] SortSam INPUT=/fs03/pg32/zarul/results/marked_dup/JH19033.bam OUTPUT=/fs03/pg32/zarul/results/marked_dup/JH19033.sorted.bam SORT_ORDER=coordinate CREATE_INDEX=true    VERBOSITY=INFO QUIET=false VALIDATION_STRINGENCY=STRICT COMPRESSION_LEVEL=5 MAX_RECORDS_IN_RAM=500000 CREATE_MD5_FILE=false GA4GH_CLIENT_SECRETS=client_secrets.json USE_JDK_DEFLATER=false USE_JDK_INFLATER=false
[Sat Oct 09 20:44:11 AEDT 2021] Executing as mzar0002@m3i020 on Linux 3.10.0-1160.11.1.el7.x86_64 amd64; OpenJDK 64-Bit Server VM 11.0.9.1-internal+0-adhoc..src; Deflater: Intel; Inflater: Intel; Provider GCS is not available; Picard version: 2.26.1
WARNING: BAM index file /fs03/pg32/zarul/results/marked_dup/JH19033.bai is older than BAM /fs03/pg32/zarul/results/marked_dup/JH19033.bam
INFO	2021-10-09 20:45:10	SortSam	Read    10,000,000 records.  Elapsed time: 00:00:58s.  Time for last 10,000,000:   58s.  Last read position: chr2:88,714,063
INFO	2021-10-09 20:46:01	SortSam	Read    20,000,000 records.  Elapsed time: 00:01:49s.  Time for last 10,000,000:   51s.  Last read position: chr4:118,493,398
INFO	2021-10-09 20:46:52	SortSam	Read    30,000,000 records.  Elapsed time: 00:02:40s.  Time for last 10,000,000:   50s.  Last read position: chr7:100,992,953
INFO	2021-10-09 20:47:44	SortSam	Read    40,000,000 records.  Elapsed time: 00:03:32s.  Time for last 10,000,000:   51s.  Last read position: chr10:101,828,976
INFO	2021-10-09 20:48:35	SortSam	Read    50,000,000 records.  Elapsed time: 00:04:23s.  Time for last 10,000,000:   51s.  Last read position: chr13:42,173,846
INFO	2021-10-09 20:49:25	SortSam	Read    60,000,000 records.  Elapsed time: 00:05:13s.  Time for last 10,000,000:   49s.  Last read position: chr16:88,950,896
INFO	2021-10-09 20:50:15	SortSam	Read    70,000,000 records.  Elapsed time: 00:06:03s.  Time for last 10,000,000:   50s.  Last read position: chr19:44,471,894
INFO	2021-10-09 20:51:07	SortSam	Read    80,000,000 records.  Elapsed time: 00:06:54s.  Time for last 10,000,000:   51s.  Last read position: chrY:56,825,773
INFO	2021-10-09 20:51:23	SortSam	Finished reading inputs, merging and writing to output now.
INFO	2021-10-09 20:52:41	SortSam	Wrote    10,000,000 records from a sorting collection.  Elapsed time: 00:08:29s.  Time for last 10,000,000:   76s.  Last read position: chr2:88,714,063
INFO	2021-10-09 20:53:57	SortSam	Wrote    20,000,000 records from a sorting collection.  Elapsed time: 00:09:45s.  Time for last 10,000,000:   76s.  Last read position: chr4:118,493,398
INFO	2021-10-09 20:55:14	SortSam	Wrote    30,000,000 records from a sorting collection.  Elapsed time: 00:11:02s.  Time for last 10,000,000:   77s.  Last read position: chr7:100,992,953
INFO	2021-10-09 20:56:31	SortSam	Wrote    40,000,000 records from a sorting collection.  Elapsed time: 00:12:18s.  Time for last 10,000,000:   76s.  Last read position: chr10:101,828,976
INFO	2021-10-09 20:57:46	SortSam	Wrote    50,000,000 records from a sorting collection.  Elapsed time: 00:13:33s.  Time for last 10,000,000:   75s.  Last read position: chr13:42,173,846
INFO	2021-10-09 20:59:01	SortSam	Wrote    60,000,000 records from a sorting collection.  Elapsed time: 00:14:49s.  Time for last 10,000,000:   75s.  Last read position: chr16:88,950,896
INFO	2021-10-09 21:00:15	SortSam	Wrote    70,000,000 records from a sorting collection.  Elapsed time: 00:16:03s.  Time for last 10,000,000:   73s.  Last read position: chr19:44,471,894
INFO	2021-10-09 21:01:30	SortSam	Wrote    80,000,000 records from a sorting collection.  Elapsed time: 00:17:18s.  Time for last 10,000,000:   74s.  Last read position: chrY:56,825,773
[Sat Oct 09 21:01:54 AEDT 2021] picard.sam.SortSam done. Elapsed time: 17.70 minutes.
Runtime.totalMemory()=1697120256
[Sat Oct  9 21:01:54 2021]
Finished job 0.
1 of 1 steps (100%) done
