Building DAG of jobs...
Using shell: /bin/bash
Provided cores: 1 (use --cores to define parallelism)
Rules claiming more threads will be scaled down.
Select jobs to execute...

[Sat Oct  9 20:37:43 2021]
rule sort_mark_duplicates:
    input: /fs03/pg32/zarul/results/marked_dup/JH19038.bam
    output: /fs03/pg32/zarul/results/marked_dup/JH19038.sorted.bam, /fs03/pg32/zarul/results/marked_dup/JH19038.sorted.bai
    jobid: 0
    wildcards: sample=JH19038
    resources: mem_mb=10478, disk_mb=10478, tmpdir=/tmp

Activating conda environment: /projects/pg32/WES_preliminary_analyses/.snakemake/conda/ff944c3fd317023ffbdbe7a022133507
INFO	2021-10-09 20:37:49	SortSam	

********** NOTE: Picard's command line syntax is changing.
**********
********** For more information, please see:
********** https://github.com/broadinstitute/picard/wiki/Command-Line-Syntax-Transition-For-Users-(Pre-Transition)
**********
********** The command line looks like this in the new syntax:
**********
**********    SortSam -I /fs03/pg32/zarul/results/marked_dup/JH19038.bam -O /fs03/pg32/zarul/results/marked_dup/JH19038.sorted.bam -SORT_ORDER coordinate -CREATE_INDEX true
**********


20:37:50.718 INFO  NativeLibraryLoader - Loading libgkl_compression.so from jar:file:/projects/pg32/WES_preliminary_analyses/.snakemake/conda/ff944c3fd317023ffbdbe7a022133507/share/picard-2.26.1-0/picard.jar!/com/intel/gkl/native/libgkl_compression.so
[Sat Oct 09 20:37:50 AEDT 2021] SortSam INPUT=/fs03/pg32/zarul/results/marked_dup/JH19038.bam OUTPUT=/fs03/pg32/zarul/results/marked_dup/JH19038.sorted.bam SORT_ORDER=coordinate CREATE_INDEX=true    VERBOSITY=INFO QUIET=false VALIDATION_STRINGENCY=STRICT COMPRESSION_LEVEL=5 MAX_RECORDS_IN_RAM=500000 CREATE_MD5_FILE=false GA4GH_CLIENT_SECRETS=client_secrets.json USE_JDK_DEFLATER=false USE_JDK_INFLATER=false
[Sat Oct 09 20:37:50 AEDT 2021] Executing as mzar0002@m3i005 on Linux 3.10.0-1160.11.1.el7.x86_64 amd64; OpenJDK 64-Bit Server VM 11.0.9.1-internal+0-adhoc..src; Deflater: Intel; Inflater: Intel; Provider GCS is not available; Picard version: 2.26.1
WARNING: BAM index file /fs03/pg32/zarul/results/marked_dup/JH19038.bai is older than BAM /fs03/pg32/zarul/results/marked_dup/JH19038.bam
INFO	2021-10-09 20:39:01	SortSam	Read    10,000,000 records.  Elapsed time: 00:01:09s.  Time for last 10,000,000:   69s.  Last read position: chr2:26,484,660
INFO	2021-10-09 20:40:03	SortSam	Read    20,000,000 records.  Elapsed time: 00:02:12s.  Time for last 10,000,000:   62s.  Last read position: chr3:141,778,757
INFO	2021-10-09 20:41:06	SortSam	Read    30,000,000 records.  Elapsed time: 00:03:15s.  Time for last 10,000,000:   63s.  Last read position: chr6:39,905,865
INFO	2021-10-09 20:42:07	SortSam	Read    40,000,000 records.  Elapsed time: 00:04:16s.  Time for last 10,000,000:   61s.  Last read position: chr8:113,018,990
INFO	2021-10-09 20:43:09	SortSam	Read    50,000,000 records.  Elapsed time: 00:05:18s.  Time for last 10,000,000:   61s.  Last read position: chr11:35,204,614
INFO	2021-10-09 20:44:07	SortSam	Read    60,000,000 records.  Elapsed time: 00:06:15s.  Time for last 10,000,000:   57s.  Last read position: chr13:95,077,542
INFO	2021-10-09 20:45:04	SortSam	Read    70,000,000 records.  Elapsed time: 00:07:12s.  Time for last 10,000,000:   57s.  Last read position: chr16:66,477,587
INFO	2021-10-09 20:46:04	SortSam	Read    80,000,000 records.  Elapsed time: 00:08:13s.  Time for last 10,000,000:   60s.  Last read position: chr19:12,867,635
INFO	2021-10-09 20:47:00	SortSam	Read    90,000,000 records.  Elapsed time: 00:09:09s.  Time for last 10,000,000:   55s.  Last read position: chr22:39,315,397
INFO	2021-10-09 20:47:49	SortSam	Finished reading inputs, merging and writing to output now.
INFO	2021-10-09 20:49:07	SortSam	Wrote    10,000,000 records from a sorting collection.  Elapsed time: 00:11:15s.  Time for last 10,000,000:   76s.  Last read position: chr2:26,484,660
INFO	2021-10-09 20:50:24	SortSam	Wrote    20,000,000 records from a sorting collection.  Elapsed time: 00:12:33s.  Time for last 10,000,000:   77s.  Last read position: chr3:141,778,757
INFO	2021-10-09 20:51:42	SortSam	Wrote    30,000,000 records from a sorting collection.  Elapsed time: 00:13:51s.  Time for last 10,000,000:   77s.  Last read position: chr6:39,905,865
INFO	2021-10-09 20:53:00	SortSam	Wrote    40,000,000 records from a sorting collection.  Elapsed time: 00:15:09s.  Time for last 10,000,000:   78s.  Last read position: chr8:113,018,990
INFO	2021-10-09 20:54:17	SortSam	Wrote    50,000,000 records from a sorting collection.  Elapsed time: 00:16:26s.  Time for last 10,000,000:   76s.  Last read position: chr11:35,204,614
INFO	2021-10-09 20:55:33	SortSam	Wrote    60,000,000 records from a sorting collection.  Elapsed time: 00:17:42s.  Time for last 10,000,000:   76s.  Last read position: chr13:95,077,542
INFO	2021-10-09 20:56:50	SortSam	Wrote    70,000,000 records from a sorting collection.  Elapsed time: 00:18:59s.  Time for last 10,000,000:   76s.  Last read position: chr16:66,477,587
INFO	2021-10-09 20:58:05	SortSam	Wrote    80,000,000 records from a sorting collection.  Elapsed time: 00:20:13s.  Time for last 10,000,000:   74s.  Last read position: chr19:12,867,635
INFO	2021-10-09 20:59:19	SortSam	Wrote    90,000,000 records from a sorting collection.  Elapsed time: 00:21:27s.  Time for last 10,000,000:   74s.  Last read position: chr22:39,315,397
[Sat Oct 09 21:00:22 AEDT 2021] picard.sam.SortSam done. Elapsed time: 22.53 minutes.
Runtime.totalMemory()=1397022720
[Sat Oct  9 21:00:22 2021]
Finished job 0.
1 of 1 steps (100%) done
