Building DAG of jobs...
Using shell: /bin/bash
Provided cores: 1 (use --cores to define parallelism)
Rules claiming more threads will be scaled down.
Select jobs to execute...

[Sat Oct  9 20:37:43 2021]
rule sort_mark_duplicates:
    input: /fs03/pg32/zarul/results/marked_dup/PRS012.bam
    output: /fs03/pg32/zarul/results/marked_dup/PRS012.sorted.bam, /fs03/pg32/zarul/results/marked_dup/PRS012.sorted.bai
    jobid: 0
    wildcards: sample=PRS012
    resources: mem_mb=15451, disk_mb=15451, tmpdir=/tmp

Activating conda environment: /projects/pg32/WES_preliminary_analyses/.snakemake/conda/ff944c3fd317023ffbdbe7a022133507
INFO	2021-10-09 20:37:49	SortSam	

********** NOTE: Picard's command line syntax is changing.
**********
********** For more information, please see:
********** https://github.com/broadinstitute/picard/wiki/Command-Line-Syntax-Transition-For-Users-(Pre-Transition)
**********
********** The command line looks like this in the new syntax:
**********
**********    SortSam -I /fs03/pg32/zarul/results/marked_dup/PRS012.bam -O /fs03/pg32/zarul/results/marked_dup/PRS012.sorted.bam -SORT_ORDER coordinate -CREATE_INDEX true
**********


20:37:50.719 INFO  NativeLibraryLoader - Loading libgkl_compression.so from jar:file:/projects/pg32/WES_preliminary_analyses/.snakemake/conda/ff944c3fd317023ffbdbe7a022133507/share/picard-2.26.1-0/picard.jar!/com/intel/gkl/native/libgkl_compression.so
[Sat Oct 09 20:37:50 AEDT 2021] SortSam INPUT=/fs03/pg32/zarul/results/marked_dup/PRS012.bam OUTPUT=/fs03/pg32/zarul/results/marked_dup/PRS012.sorted.bam SORT_ORDER=coordinate CREATE_INDEX=true    VERBOSITY=INFO QUIET=false VALIDATION_STRINGENCY=STRICT COMPRESSION_LEVEL=5 MAX_RECORDS_IN_RAM=500000 CREATE_MD5_FILE=false GA4GH_CLIENT_SECRETS=client_secrets.json USE_JDK_DEFLATER=false USE_JDK_INFLATER=false
[Sat Oct 09 20:37:50 AEDT 2021] Executing as mzar0002@m3i005 on Linux 3.10.0-1160.11.1.el7.x86_64 amd64; OpenJDK 64-Bit Server VM 11.0.9.1-internal+0-adhoc..src; Deflater: Intel; Inflater: Intel; Provider GCS is not available; Picard version: 2.26.1
WARNING: BAM index file /fs03/pg32/zarul/results/marked_dup/PRS012.bai is older than BAM /fs03/pg32/zarul/results/marked_dup/PRS012.bam
INFO	2021-10-09 20:38:59	SortSam	Read    10,000,000 records.  Elapsed time: 00:01:08s.  Time for last 10,000,000:   68s.  Last read position: chr1:152,664,168
INFO	2021-10-09 20:40:02	SortSam	Read    20,000,000 records.  Elapsed time: 00:02:11s.  Time for last 10,000,000:   63s.  Last read position: chr2:109,398,702
INFO	2021-10-09 20:41:07	SortSam	Read    30,000,000 records.  Elapsed time: 00:03:16s.  Time for last 10,000,000:   64s.  Last read position: chr3:119,620,924
INFO	2021-10-09 20:42:08	SortSam	Read    40,000,000 records.  Elapsed time: 00:04:17s.  Time for last 10,000,000:   60s.  Last read position: chr5:86,879,521
INFO	2021-10-09 20:43:10	SortSam	Read    50,000,000 records.  Elapsed time: 00:05:19s.  Time for last 10,000,000:   62s.  Last read position: chr7:2,607,062
INFO	2021-10-09 20:44:10	SortSam	Read    60,000,000 records.  Elapsed time: 00:06:19s.  Time for last 10,000,000:   59s.  Last read position: chr8:65,724,234
INFO	2021-10-09 20:45:08	SortSam	Read    70,000,000 records.  Elapsed time: 00:07:16s.  Time for last 10,000,000:   57s.  Last read position: chr10:17,493,844
INFO	2021-10-09 20:46:03	SortSam	Read    80,000,000 records.  Elapsed time: 00:08:12s.  Time for last 10,000,000:   55s.  Last read position: chr11:65,885,534
INFO	2021-10-09 20:47:01	SortSam	Read    90,000,000 records.  Elapsed time: 00:09:10s.  Time for last 10,000,000:   58s.  Last read position: chr12:111,871,142
INFO	2021-10-09 20:47:53	SortSam	Read   100,000,000 records.  Elapsed time: 00:10:02s.  Time for last 10,000,000:   51s.  Last read position: chr15:41,673,791
INFO	2021-10-09 20:48:47	SortSam	Read   110,000,000 records.  Elapsed time: 00:10:56s.  Time for last 10,000,000:   53s.  Last read position: chr16:58,041,557
INFO	2021-10-09 20:49:38	SortSam	Read   120,000,000 records.  Elapsed time: 00:11:47s.  Time for last 10,000,000:   50s.  Last read position: chr17:63,545,587
INFO	2021-10-09 20:50:33	SortSam	Read   130,000,000 records.  Elapsed time: 00:12:42s.  Time for last 10,000,000:   55s.  Last read position: chr19:17,725,676
INFO	2021-10-09 20:51:26	SortSam	Read   140,000,000 records.  Elapsed time: 00:13:35s.  Time for last 10,000,000:   52s.  Last read position: chr20:35,849,289
INFO	2021-10-09 20:52:21	SortSam	Read   150,000,000 records.  Elapsed time: 00:14:30s.  Time for last 10,000,000:   55s.  Last read position: chrX:72,205,769
INFO	2021-10-09 20:53:09	SortSam	Finished reading inputs, merging and writing to output now.
INFO	2021-10-09 20:54:18	SortSam	Wrote    10,000,000 records from a sorting collection.  Elapsed time: 00:16:27s.  Time for last 10,000,000:   69s.  Last read position: chr1:152,664,168
INFO	2021-10-09 20:55:28	SortSam	Wrote    20,000,000 records from a sorting collection.  Elapsed time: 00:17:37s.  Time for last 10,000,000:   69s.  Last read position: chr2:109,398,702
INFO	2021-10-09 20:56:36	SortSam	Wrote    30,000,000 records from a sorting collection.  Elapsed time: 00:18:45s.  Time for last 10,000,000:   68s.  Last read position: chr3:119,620,924
INFO	2021-10-09 20:57:46	SortSam	Wrote    40,000,000 records from a sorting collection.  Elapsed time: 00:19:55s.  Time for last 10,000,000:   69s.  Last read position: chr5:86,879,521
INFO	2021-10-09 20:58:55	SortSam	Wrote    50,000,000 records from a sorting collection.  Elapsed time: 00:21:04s.  Time for last 10,000,000:   68s.  Last read position: chr7:2,607,062
INFO	2021-10-09 21:00:04	SortSam	Wrote    60,000,000 records from a sorting collection.  Elapsed time: 00:22:13s.  Time for last 10,000,000:   68s.  Last read position: chr8:65,724,234
INFO	2021-10-09 21:01:11	SortSam	Wrote    70,000,000 records from a sorting collection.  Elapsed time: 00:23:20s.  Time for last 10,000,000:   67s.  Last read position: chr10:17,493,844
INFO	2021-10-09 21:02:17	SortSam	Wrote    80,000,000 records from a sorting collection.  Elapsed time: 00:24:26s.  Time for last 10,000,000:   66s.  Last read position: chr11:65,885,534
INFO	2021-10-09 21:03:24	SortSam	Wrote    90,000,000 records from a sorting collection.  Elapsed time: 00:25:33s.  Time for last 10,000,000:   66s.  Last read position: chr12:111,871,142
INFO	2021-10-09 21:04:31	SortSam	Wrote   100,000,000 records from a sorting collection.  Elapsed time: 00:26:40s.  Time for last 10,000,000:   67s.  Last read position: chr15:41,673,791
INFO	2021-10-09 21:05:39	SortSam	Wrote   110,000,000 records from a sorting collection.  Elapsed time: 00:27:48s.  Time for last 10,000,000:   67s.  Last read position: chr16:58,041,557
INFO	2021-10-09 21:06:45	SortSam	Wrote   120,000,000 records from a sorting collection.  Elapsed time: 00:28:54s.  Time for last 10,000,000:   66s.  Last read position: chr17:63,545,587
INFO	2021-10-09 21:07:51	SortSam	Wrote   130,000,000 records from a sorting collection.  Elapsed time: 00:30:00s.  Time for last 10,000,000:   65s.  Last read position: chr19:17,725,676
INFO	2021-10-09 21:08:56	SortSam	Wrote   140,000,000 records from a sorting collection.  Elapsed time: 00:31:05s.  Time for last 10,000,000:   65s.  Last read position: chr20:35,849,289
INFO	2021-10-09 21:10:03	SortSam	Wrote   150,000,000 records from a sorting collection.  Elapsed time: 00:32:12s.  Time for last 10,000,000:   66s.  Last read position: chrX:72,205,769
[Sat Oct 09 21:11:00 AEDT 2021] picard.sam.SortSam done. Elapsed time: 33.16 minutes.
Runtime.totalMemory()=1664655360
[Sat Oct  9 21:11:00 2021]
Finished job 0.
1 of 1 steps (100%) done
