Building DAG of jobs...
Using shell: /bin/bash
Provided cores: 1 (use --cores to define parallelism)
Rules claiming more threads will be scaled down.
Select jobs to execute...

[Sat Oct  9 19:48:25 2021]
rule sort_mark_duplicates:
    input: /fs03/pg32/zarul/results/marked_dup/JH19039.bam
    output: /fs03/pg32/zarul/results/marked_dup/JH19039.sorted.bam, /fs03/pg32/zarul/results/marked_dup/JH19039.sorted.bai
    jobid: 0
    wildcards: sample=JH19039
    resources: mem_mb=11733, disk_mb=11733, tmpdir=/tmp

Activating conda environment: /projects/pg32/WES_preliminary_analyses/.snakemake/conda/ff944c3fd317023ffbdbe7a022133507
INFO	2021-10-09 19:48:34	SortSam	

********** NOTE: Picard's command line syntax is changing.
**********
********** For more information, please see:
********** https://github.com/broadinstitute/picard/wiki/Command-Line-Syntax-Transition-For-Users-(Pre-Transition)
**********
********** The command line looks like this in the new syntax:
**********
**********    SortSam -I /fs03/pg32/zarul/results/marked_dup/JH19039.bam -O /fs03/pg32/zarul/results/marked_dup/JH19039.sorted.bam -SORT_ORDER coordinate -CREATE_INDEX true
**********


19:48:35.163 INFO  NativeLibraryLoader - Loading libgkl_compression.so from jar:file:/projects/pg32/WES_preliminary_analyses/.snakemake/conda/ff944c3fd317023ffbdbe7a022133507/share/picard-2.26.1-0/picard.jar!/com/intel/gkl/native/libgkl_compression.so
[Sat Oct 09 19:48:35 AEDT 2021] SortSam INPUT=/fs03/pg32/zarul/results/marked_dup/JH19039.bam OUTPUT=/fs03/pg32/zarul/results/marked_dup/JH19039.sorted.bam SORT_ORDER=coordinate CREATE_INDEX=true    VERBOSITY=INFO QUIET=false VALIDATION_STRINGENCY=STRICT COMPRESSION_LEVEL=5 MAX_RECORDS_IN_RAM=500000 CREATE_MD5_FILE=false GA4GH_CLIENT_SECRETS=client_secrets.json USE_JDK_DEFLATER=false USE_JDK_INFLATER=false
[Sat Oct 09 19:48:35 AEDT 2021] Executing as mzar0002@m3i022 on Linux 3.10.0-1160.11.1.el7.x86_64 amd64; OpenJDK 64-Bit Server VM 11.0.9.1-internal+0-adhoc..src; Deflater: Intel; Inflater: Intel; Provider GCS is not available; Picard version: 2.26.1
WARNING: BAM index file /fs03/pg32/zarul/results/marked_dup/JH19039.bai is older than BAM /fs03/pg32/zarul/results/marked_dup/JH19039.bam
INFO	2021-10-09 19:49:31	SortSam	Read    10,000,000 records.  Elapsed time: 00:00:56s.  Time for last 10,000,000:   56s.  Last read position: chr1:205,067,128
INFO	2021-10-09 19:50:21	SortSam	Read    20,000,000 records.  Elapsed time: 00:01:45s.  Time for last 10,000,000:   49s.  Last read position: chr3:11,564,821
INFO	2021-10-09 19:51:12	SortSam	Read    30,000,000 records.  Elapsed time: 00:02:36s.  Time for last 10,000,000:   51s.  Last read position: chr4:183,319,534
INFO	2021-10-09 19:52:04	SortSam	Read    40,000,000 records.  Elapsed time: 00:03:28s.  Time for last 10,000,000:   51s.  Last read position: chr7:2,815,102
INFO	2021-10-09 19:52:55	SortSam	Read    50,000,000 records.  Elapsed time: 00:04:20s.  Time for last 10,000,000:   51s.  Last read position: chr9:3,536,553
INFO	2021-10-09 19:53:46	SortSam	Read    60,000,000 records.  Elapsed time: 00:05:10s.  Time for last 10,000,000:   50s.  Last read position: chr11:2,583,390
INFO	2021-10-09 19:54:40	SortSam	Read    70,000,000 records.  Elapsed time: 00:06:04s.  Time for last 10,000,000:   53s.  Last read position: chr12:95,682,770
INFO	2021-10-09 19:55:31	SortSam	Read    80,000,000 records.  Elapsed time: 00:06:56s.  Time for last 10,000,000:   51s.  Last read position: chr15:70,279,054
INFO	2021-10-09 19:56:23	SortSam	Read    90,000,000 records.  Elapsed time: 00:07:47s.  Time for last 10,000,000:   51s.  Last read position: chr17:28,628,339
INFO	2021-10-09 19:57:13	SortSam	Read   100,000,000 records.  Elapsed time: 00:08:38s.  Time for last 10,000,000:   50s.  Last read position: chr19:21,057,694
INFO	2021-10-09 19:58:03	SortSam	Read   110,000,000 records.  Elapsed time: 00:09:28s.  Time for last 10,000,000:   49s.  Last read position: chr22:22,822,894
INFO	2021-10-09 19:58:57	SortSam	Read   120,000,000 records.  Elapsed time: 00:10:22s.  Time for last 10,000,000:   53s.  Last read position: chr15_KI270905v1_alt:3,168,157
INFO	2021-10-09 19:59:05	SortSam	Finished reading inputs, merging and writing to output now.
INFO	2021-10-09 20:00:12	SortSam	Wrote    10,000,000 records from a sorting collection.  Elapsed time: 00:11:37s.  Time for last 10,000,000:   66s.  Last read position: chr1:205,067,128
INFO	2021-10-09 20:01:20	SortSam	Wrote    20,000,000 records from a sorting collection.  Elapsed time: 00:12:45s.  Time for last 10,000,000:   67s.  Last read position: chr3:11,564,821
INFO	2021-10-09 20:02:27	SortSam	Wrote    30,000,000 records from a sorting collection.  Elapsed time: 00:13:51s.  Time for last 10,000,000:   66s.  Last read position: chr4:183,319,534
INFO	2021-10-09 20:03:34	SortSam	Wrote    40,000,000 records from a sorting collection.  Elapsed time: 00:14:59s.  Time for last 10,000,000:   67s.  Last read position: chr7:2,815,102
INFO	2021-10-09 20:04:42	SortSam	Wrote    50,000,000 records from a sorting collection.  Elapsed time: 00:16:06s.  Time for last 10,000,000:   67s.  Last read position: chr9:3,536,553
INFO	2021-10-09 20:05:49	SortSam	Wrote    60,000,000 records from a sorting collection.  Elapsed time: 00:17:13s.  Time for last 10,000,000:   67s.  Last read position: chr11:2,583,390
INFO	2021-10-09 20:06:54	SortSam	Wrote    70,000,000 records from a sorting collection.  Elapsed time: 00:18:19s.  Time for last 10,000,000:   65s.  Last read position: chr12:95,682,770
INFO	2021-10-09 20:08:01	SortSam	Wrote    80,000,000 records from a sorting collection.  Elapsed time: 00:19:26s.  Time for last 10,000,000:   66s.  Last read position: chr15:70,279,054
INFO	2021-10-09 20:09:08	SortSam	Wrote    90,000,000 records from a sorting collection.  Elapsed time: 00:20:32s.  Time for last 10,000,000:   66s.  Last read position: chr17:28,628,339
INFO	2021-10-09 20:10:13	SortSam	Wrote   100,000,000 records from a sorting collection.  Elapsed time: 00:21:38s.  Time for last 10,000,000:   65s.  Last read position: chr19:21,057,694
INFO	2021-10-09 20:11:19	SortSam	Wrote   110,000,000 records from a sorting collection.  Elapsed time: 00:22:44s.  Time for last 10,000,000:   65s.  Last read position: chr22:22,822,894
INFO	2021-10-09 20:12:28	SortSam	Wrote   120,000,000 records from a sorting collection.  Elapsed time: 00:23:52s.  Time for last 10,000,000:   68s.  Last read position: chr15_KI270905v1_alt:3,168,157
[Sat Oct 09 20:12:39 AEDT 2021] picard.sam.SortSam done. Elapsed time: 24.07 minutes.
Runtime.totalMemory()=1520914432
[Sat Oct  9 20:12:39 2021]
Finished job 0.
1 of 1 steps (100%) done
