Building DAG of jobs...
Using shell: /bin/bash
Provided cores: 1 (use --cores to define parallelism)
Rules claiming more threads will be scaled down.
Select jobs to execute...

[Sat Oct  9 21:03:42 2021]
rule sort_mark_duplicates:
    input: /fs03/pg32/zarul/results/marked_dup/JH19026.bam
    output: /fs03/pg32/zarul/results/marked_dup/JH19026.sorted.bam, /fs03/pg32/zarul/results/marked_dup/JH19026.sorted.bai
    jobid: 0
    wildcards: sample=JH19026
    resources: mem_mb=8111, disk_mb=8111, tmpdir=/tmp

Activating conda environment: /projects/pg32/WES_preliminary_analyses/.snakemake/conda/ff944c3fd317023ffbdbe7a022133507
INFO	2021-10-09 21:03:48	SortSam	

********** NOTE: Picard's command line syntax is changing.
**********
********** For more information, please see:
********** https://github.com/broadinstitute/picard/wiki/Command-Line-Syntax-Transition-For-Users-(Pre-Transition)
**********
********** The command line looks like this in the new syntax:
**********
**********    SortSam -I /fs03/pg32/zarul/results/marked_dup/JH19026.bam -O /fs03/pg32/zarul/results/marked_dup/JH19026.sorted.bam -SORT_ORDER coordinate -CREATE_INDEX true
**********


21:03:49.517 INFO  NativeLibraryLoader - Loading libgkl_compression.so from jar:file:/projects/pg32/WES_preliminary_analyses/.snakemake/conda/ff944c3fd317023ffbdbe7a022133507/share/picard-2.26.1-0/picard.jar!/com/intel/gkl/native/libgkl_compression.so
[Sat Oct 09 21:03:49 AEDT 2021] SortSam INPUT=/fs03/pg32/zarul/results/marked_dup/JH19026.bam OUTPUT=/fs03/pg32/zarul/results/marked_dup/JH19026.sorted.bam SORT_ORDER=coordinate CREATE_INDEX=true    VERBOSITY=INFO QUIET=false VALIDATION_STRINGENCY=STRICT COMPRESSION_LEVEL=5 MAX_RECORDS_IN_RAM=500000 CREATE_MD5_FILE=false GA4GH_CLIENT_SECRETS=client_secrets.json USE_JDK_DEFLATER=false USE_JDK_INFLATER=false
[Sat Oct 09 21:03:49 AEDT 2021] Executing as mzar0002@m3i015 on Linux 3.10.0-1160.11.1.el7.x86_64 amd64; OpenJDK 64-Bit Server VM 11.0.9.1-internal+0-adhoc..src; Deflater: Intel; Inflater: Intel; Provider GCS is not available; Picard version: 2.26.1
WARNING: BAM index file /fs03/pg32/zarul/results/marked_dup/JH19026.bai is older than BAM /fs03/pg32/zarul/results/marked_dup/JH19026.bam
INFO	2021-10-09 21:04:50	SortSam	Read    10,000,000 records.  Elapsed time: 00:01:00s.  Time for last 10,000,000:   60s.  Last read position: chr2:85,389,787
INFO	2021-10-09 21:05:45	SortSam	Read    20,000,000 records.  Elapsed time: 00:01:55s.  Time for last 10,000,000:   54s.  Last read position: chr4:88,574,967
INFO	2021-10-09 21:06:38	SortSam	Read    30,000,000 records.  Elapsed time: 00:02:48s.  Time for last 10,000,000:   53s.  Last read position: chr7:91,624,965
INFO	2021-10-09 21:07:33	SortSam	Read    40,000,000 records.  Elapsed time: 00:03:43s.  Time for last 10,000,000:   54s.  Last read position: chr10:80,588,405
INFO	2021-10-09 21:08:24	SortSam	Read    50,000,000 records.  Elapsed time: 00:04:35s.  Time for last 10,000,000:   51s.  Last read position: chr12:124,815,004
INFO	2021-10-09 21:09:19	SortSam	Read    60,000,000 records.  Elapsed time: 00:05:29s.  Time for last 10,000,000:   54s.  Last read position: chr16:67,945,745
INFO	2021-10-09 21:10:09	SortSam	Read    70,000,000 records.  Elapsed time: 00:06:20s.  Time for last 10,000,000:   50s.  Last read position: chr19:37,153,501
INFO	2021-10-09 21:11:05	SortSam	Read    80,000,000 records.  Elapsed time: 00:07:15s.  Time for last 10,000,000:   55s.  Last read position: chr2_KI270774v1_alt:170,153
INFO	2021-10-09 21:11:22	SortSam	Finished reading inputs, merging and writing to output now.
INFO	2021-10-09 21:12:36	SortSam	Wrote    10,000,000 records from a sorting collection.  Elapsed time: 00:08:46s.  Time for last 10,000,000:   72s.  Last read position: chr2:85,389,787
INFO	2021-10-09 21:13:46	SortSam	Wrote    20,000,000 records from a sorting collection.  Elapsed time: 00:09:56s.  Time for last 10,000,000:   70s.  Last read position: chr4:88,574,967
INFO	2021-10-09 21:14:58	SortSam	Wrote    30,000,000 records from a sorting collection.  Elapsed time: 00:11:08s.  Time for last 10,000,000:   72s.  Last read position: chr7:91,624,965
INFO	2021-10-09 21:16:11	SortSam	Wrote    40,000,000 records from a sorting collection.  Elapsed time: 00:12:21s.  Time for last 10,000,000:   72s.  Last read position: chr10:80,588,405
INFO	2021-10-09 21:17:22	SortSam	Wrote    50,000,000 records from a sorting collection.  Elapsed time: 00:13:32s.  Time for last 10,000,000:   71s.  Last read position: chr12:124,815,004
INFO	2021-10-09 21:18:34	SortSam	Wrote    60,000,000 records from a sorting collection.  Elapsed time: 00:14:44s.  Time for last 10,000,000:   72s.  Last read position: chr16:67,945,745
INFO	2021-10-09 21:19:45	SortSam	Wrote    70,000,000 records from a sorting collection.  Elapsed time: 00:15:55s.  Time for last 10,000,000:   70s.  Last read position: chr19:37,153,501
INFO	2021-10-09 21:20:57	SortSam	Wrote    80,000,000 records from a sorting collection.  Elapsed time: 00:17:07s.  Time for last 10,000,000:   72s.  Last read position: chr2_KI270774v1_alt:170,153
[Sat Oct 09 21:21:16 AEDT 2021] picard.sam.SortSam done. Elapsed time: 17.46 minutes.
Runtime.totalMemory()=1522302976
[Sat Oct  9 21:21:17 2021]
Finished job 0.
1 of 1 steps (100%) done
