Building DAG of jobs...
Using shell: /bin/bash
Provided cores: 1 (use --cores to define parallelism)
Rules claiming more threads will be scaled down.
Select jobs to execute...

[Sat Oct  9 22:03:17 2021]
rule sort_mark_duplicates:
    input: /fs03/pg32/zarul/results/marked_dup/PRS023.bam
    output: /fs03/pg32/zarul/results/marked_dup/PRS023.sorted.bam, /fs03/pg32/zarul/results/marked_dup/PRS023.sorted.bai
    jobid: 0
    wildcards: sample=PRS023
    resources: mem_mb=20051, disk_mb=20051, tmpdir=/tmp

Activating conda environment: /projects/pg32/WES_preliminary_analyses/.snakemake/conda/ff944c3fd317023ffbdbe7a022133507
INFO	2021-10-09 22:03:29	SortSam	

********** NOTE: Picard's command line syntax is changing.
**********
********** For more information, please see:
********** https://github.com/broadinstitute/picard/wiki/Command-Line-Syntax-Transition-For-Users-(Pre-Transition)
**********
********** The command line looks like this in the new syntax:
**********
**********    SortSam -I /fs03/pg32/zarul/results/marked_dup/PRS023.bam -O /fs03/pg32/zarul/results/marked_dup/PRS023.sorted.bam -SORT_ORDER coordinate -CREATE_INDEX true
**********


22:03:30.979 INFO  NativeLibraryLoader - Loading libgkl_compression.so from jar:file:/projects/pg32/WES_preliminary_analyses/.snakemake/conda/ff944c3fd317023ffbdbe7a022133507/share/picard-2.26.1-0/picard.jar!/com/intel/gkl/native/libgkl_compression.so
[Sat Oct 09 22:03:31 AEDT 2021] SortSam INPUT=/fs03/pg32/zarul/results/marked_dup/PRS023.bam OUTPUT=/fs03/pg32/zarul/results/marked_dup/PRS023.sorted.bam SORT_ORDER=coordinate CREATE_INDEX=true    VERBOSITY=INFO QUIET=false VALIDATION_STRINGENCY=STRICT COMPRESSION_LEVEL=5 MAX_RECORDS_IN_RAM=500000 CREATE_MD5_FILE=false GA4GH_CLIENT_SECRETS=client_secrets.json USE_JDK_DEFLATER=false USE_JDK_INFLATER=false
[Sat Oct 09 22:03:31 AEDT 2021] Executing as mzar0002@m3i015 on Linux 3.10.0-1160.11.1.el7.x86_64 amd64; OpenJDK 64-Bit Server VM 11.0.9.1-internal+0-adhoc..src; Deflater: Intel; Inflater: Intel; Provider GCS is not available; Picard version: 2.26.1
WARNING: BAM index file /fs03/pg32/zarul/results/marked_dup/PRS023.bai is older than BAM /fs03/pg32/zarul/results/marked_dup/PRS023.bam
INFO	2021-10-09 22:04:26	SortSam	Read    10,000,000 records.  Elapsed time: 00:00:54s.  Time for last 10,000,000:   54s.  Last read position: chr1:109,235,880
INFO	2021-10-09 22:05:15	SortSam	Read    20,000,000 records.  Elapsed time: 00:01:44s.  Time for last 10,000,000:   49s.  Last read position: chr1:234,446,799
INFO	2021-10-09 22:06:06	SortSam	Read    30,000,000 records.  Elapsed time: 00:02:35s.  Time for last 10,000,000:   50s.  Last read position: chr2:206,767,153
INFO	2021-10-09 22:06:57	SortSam	Read    40,000,000 records.  Elapsed time: 00:03:26s.  Time for last 10,000,000:   51s.  Last read position: chr3:126,112,814
INFO	2021-10-09 22:07:48	SortSam	Read    50,000,000 records.  Elapsed time: 00:04:17s.  Time for last 10,000,000:   51s.  Last read position: chr5:34,190,509
INFO	2021-10-09 22:08:40	SortSam	Read    60,000,000 records.  Elapsed time: 00:05:09s.  Time for last 10,000,000:   51s.  Last read position: chr6:43,450,502
INFO	2021-10-09 22:09:31	SortSam	Read    70,000,000 records.  Elapsed time: 00:05:59s.  Time for last 10,000,000:   50s.  Last read position: chr7:100,813,606
INFO	2021-10-09 22:10:19	SortSam	Read    80,000,000 records.  Elapsed time: 00:06:48s.  Time for last 10,000,000:   48s.  Last read position: chr8:143,953,626
INFO	2021-10-09 22:11:12	SortSam	Read    90,000,000 records.  Elapsed time: 00:07:41s.  Time for last 10,000,000:   52s.  Last read position: chr10:13,666,227
INFO	2021-10-09 22:12:04	SortSam	Read   100,000,000 records.  Elapsed time: 00:08:32s.  Time for last 10,000,000:   51s.  Last read position: chr11:44,058,326
INFO	2021-10-09 22:12:54	SortSam	Read   110,000,000 records.  Elapsed time: 00:09:22s.  Time for last 10,000,000:   49s.  Last read position: chr12:6,944,246
INFO	2021-10-09 22:13:42	SortSam	Read   120,000,000 records.  Elapsed time: 00:10:11s.  Time for last 10,000,000:   48s.  Last read position: chr13:40,696,593
INFO	2021-10-09 22:14:32	SortSam	Read   130,000,000 records.  Elapsed time: 00:11:01s.  Time for last 10,000,000:   50s.  Last read position: chr15:42,736,056
INFO	2021-10-09 22:15:24	SortSam	Read   140,000,000 records.  Elapsed time: 00:11:52s.  Time for last 10,000,000:   51s.  Last read position: chr16:28,834,229
INFO	2021-10-09 22:16:12	SortSam	Read   150,000,000 records.  Elapsed time: 00:12:41s.  Time for last 10,000,000:   48s.  Last read position: chr17:17,143,430
INFO	2021-10-09 22:17:03	SortSam	Read   160,000,000 records.  Elapsed time: 00:13:32s.  Time for last 10,000,000:   50s.  Last read position: chr17:82,088,097
INFO	2021-10-09 22:17:55	SortSam	Read   170,000,000 records.  Elapsed time: 00:14:24s.  Time for last 10,000,000:   51s.  Last read position: chr19:18,667,939
INFO	2021-10-09 22:18:48	SortSam	Read   180,000,000 records.  Elapsed time: 00:15:17s.  Time for last 10,000,000:   53s.  Last read position: chr19:58,582,339
INFO	2021-10-09 22:19:39	SortSam	Read   190,000,000 records.  Elapsed time: 00:16:08s.  Time for last 10,000,000:   51s.  Last read position: chr22:29,350,041
INFO	2021-10-09 22:20:30	SortSam	Read   200,000,000 records.  Elapsed time: 00:16:58s.  Time for last 10,000,000:   50s.  Last read position: chr7_KI270803v1_alt:438,885
INFO	2021-10-09 22:21:11	SortSam	Finished reading inputs, merging and writing to output now.
INFO	2021-10-09 22:22:19	SortSam	Wrote    10,000,000 records from a sorting collection.  Elapsed time: 00:18:48s.  Time for last 10,000,000:   67s.  Last read position: chr1:109,235,880
INFO	2021-10-09 22:23:25	SortSam	Wrote    20,000,000 records from a sorting collection.  Elapsed time: 00:19:54s.  Time for last 10,000,000:   66s.  Last read position: chr1:234,446,799
INFO	2021-10-09 22:24:35	SortSam	Wrote    30,000,000 records from a sorting collection.  Elapsed time: 00:21:04s.  Time for last 10,000,000:   69s.  Last read position: chr2:206,767,153
INFO	2021-10-09 22:25:41	SortSam	Wrote    40,000,000 records from a sorting collection.  Elapsed time: 00:22:10s.  Time for last 10,000,000:   66s.  Last read position: chr3:126,112,814
INFO	2021-10-09 22:26:50	SortSam	Wrote    50,000,000 records from a sorting collection.  Elapsed time: 00:23:18s.  Time for last 10,000,000:   68s.  Last read position: chr5:34,190,509
INFO	2021-10-09 22:27:57	SortSam	Wrote    60,000,000 records from a sorting collection.  Elapsed time: 00:24:26s.  Time for last 10,000,000:   67s.  Last read position: chr6:43,450,502
INFO	2021-10-09 22:29:06	SortSam	Wrote    70,000,000 records from a sorting collection.  Elapsed time: 00:25:34s.  Time for last 10,000,000:   68s.  Last read position: chr7:100,813,606
INFO	2021-10-09 22:30:14	SortSam	Wrote    80,000,000 records from a sorting collection.  Elapsed time: 00:26:43s.  Time for last 10,000,000:   68s.  Last read position: chr8:143,953,626
INFO	2021-10-09 22:31:21	SortSam	Wrote    90,000,000 records from a sorting collection.  Elapsed time: 00:27:50s.  Time for last 10,000,000:   67s.  Last read position: chr10:13,666,227
INFO	2021-10-09 22:32:29	SortSam	Wrote   100,000,000 records from a sorting collection.  Elapsed time: 00:28:58s.  Time for last 10,000,000:   67s.  Last read position: chr11:44,058,326
INFO	2021-10-09 22:33:35	SortSam	Wrote   110,000,000 records from a sorting collection.  Elapsed time: 00:30:03s.  Time for last 10,000,000:   65s.  Last read position: chr12:6,944,246
INFO	2021-10-09 22:34:42	SortSam	Wrote   120,000,000 records from a sorting collection.  Elapsed time: 00:31:11s.  Time for last 10,000,000:   67s.  Last read position: chr13:40,696,593
INFO	2021-10-09 22:35:50	SortSam	Wrote   130,000,000 records from a sorting collection.  Elapsed time: 00:32:18s.  Time for last 10,000,000:   67s.  Last read position: chr15:42,736,056
INFO	2021-10-09 22:36:57	SortSam	Wrote   140,000,000 records from a sorting collection.  Elapsed time: 00:33:26s.  Time for last 10,000,000:   67s.  Last read position: chr16:28,834,229
INFO	2021-10-09 22:38:04	SortSam	Wrote   150,000,000 records from a sorting collection.  Elapsed time: 00:34:33s.  Time for last 10,000,000:   66s.  Last read position: chr17:17,143,430
INFO	2021-10-09 22:39:10	SortSam	Wrote   160,000,000 records from a sorting collection.  Elapsed time: 00:35:39s.  Time for last 10,000,000:   65s.  Last read position: chr17:82,088,097
INFO	2021-10-09 22:40:17	SortSam	Wrote   170,000,000 records from a sorting collection.  Elapsed time: 00:36:46s.  Time for last 10,000,000:   66s.  Last read position: chr19:18,667,939
INFO	2021-10-09 22:41:23	SortSam	Wrote   180,000,000 records from a sorting collection.  Elapsed time: 00:37:52s.  Time for last 10,000,000:   66s.  Last read position: chr19:58,582,339
INFO	2021-10-09 22:42:30	SortSam	Wrote   190,000,000 records from a sorting collection.  Elapsed time: 00:38:59s.  Time for last 10,000,000:   67s.  Last read position: chr22:29,350,041
INFO	2021-10-09 22:43:40	SortSam	Wrote   200,000,000 records from a sorting collection.  Elapsed time: 00:40:08s.  Time for last 10,000,000:   69s.  Last read position: chr7_KI270803v1_alt:438,885
[Sat Oct 09 22:44:36 AEDT 2021] picard.sam.SortSam done. Elapsed time: 41.09 minutes.
Runtime.totalMemory()=1602646016
[Sat Oct  9 22:44:36 2021]
Finished job 0.
1 of 1 steps (100%) done
