Building DAG of jobs...
Using shell: /bin/bash
Provided cores: 1 (use --cores to define parallelism)
Rules claiming more threads will be scaled down.
Select jobs to execute...

[Sat Oct  9 20:22:38 2021]
rule sort_mark_duplicates:
    input: /fs03/pg32/zarul/results/marked_dup/PRS044.bam
    output: /fs03/pg32/zarul/results/marked_dup/PRS044.sorted.bam, /fs03/pg32/zarul/results/marked_dup/PRS044.sorted.bai
    jobid: 0
    wildcards: sample=PRS044
    resources: mem_mb=12604, disk_mb=12604, tmpdir=/tmp

Activating conda environment: /projects/pg32/WES_preliminary_analyses/.snakemake/conda/ff944c3fd317023ffbdbe7a022133507
INFO	2021-10-09 20:22:43	SortSam	

********** NOTE: Picard's command line syntax is changing.
**********
********** For more information, please see:
********** https://github.com/broadinstitute/picard/wiki/Command-Line-Syntax-Transition-For-Users-(Pre-Transition)
**********
********** The command line looks like this in the new syntax:
**********
**********    SortSam -I /fs03/pg32/zarul/results/marked_dup/PRS044.bam -O /fs03/pg32/zarul/results/marked_dup/PRS044.sorted.bam -SORT_ORDER coordinate -CREATE_INDEX true
**********


20:22:44.756 INFO  NativeLibraryLoader - Loading libgkl_compression.so from jar:file:/projects/pg32/WES_preliminary_analyses/.snakemake/conda/ff944c3fd317023ffbdbe7a022133507/share/picard-2.26.1-0/picard.jar!/com/intel/gkl/native/libgkl_compression.so
[Sat Oct 09 20:22:44 AEDT 2021] SortSam INPUT=/fs03/pg32/zarul/results/marked_dup/PRS044.bam OUTPUT=/fs03/pg32/zarul/results/marked_dup/PRS044.sorted.bam SORT_ORDER=coordinate CREATE_INDEX=true    VERBOSITY=INFO QUIET=false VALIDATION_STRINGENCY=STRICT COMPRESSION_LEVEL=5 MAX_RECORDS_IN_RAM=500000 CREATE_MD5_FILE=false GA4GH_CLIENT_SECRETS=client_secrets.json USE_JDK_DEFLATER=false USE_JDK_INFLATER=false
[Sat Oct 09 20:22:44 AEDT 2021] Executing as mzar0002@m3i025 on Linux 3.10.0-1160.11.1.el7.x86_64 amd64; OpenJDK 64-Bit Server VM 11.0.9.1-internal+0-adhoc..src; Deflater: Intel; Inflater: Intel; Provider GCS is not available; Picard version: 2.26.1
WARNING: BAM index file /fs03/pg32/zarul/results/marked_dup/PRS044.bai is older than BAM /fs03/pg32/zarul/results/marked_dup/PRS044.bam
INFO	2021-10-09 20:23:41	SortSam	Read    10,000,000 records.  Elapsed time: 00:00:56s.  Time for last 10,000,000:   56s.  Last read position: chr1:201,648,779
INFO	2021-10-09 20:24:34	SortSam	Read    20,000,000 records.  Elapsed time: 00:01:49s.  Time for last 10,000,000:   52s.  Last read position: chr2:240,891,831
INFO	2021-10-09 20:25:24	SortSam	Read    30,000,000 records.  Elapsed time: 00:02:39s.  Time for last 10,000,000:   50s.  Last read position: chr4:127,894,962
INFO	2021-10-09 20:26:15	SortSam	Read    40,000,000 records.  Elapsed time: 00:03:30s.  Time for last 10,000,000:   51s.  Last read position: chr6:136,925,940
INFO	2021-10-09 20:27:08	SortSam	Read    50,000,000 records.  Elapsed time: 00:04:23s.  Time for last 10,000,000:   52s.  Last read position: chr8:105,802,091
INFO	2021-10-09 20:28:00	SortSam	Read    60,000,000 records.  Elapsed time: 00:05:15s.  Time for last 10,000,000:   52s.  Last read position: chr10:103,097,408
INFO	2021-10-09 20:28:52	SortSam	Read    70,000,000 records.  Elapsed time: 00:06:07s.  Time for last 10,000,000:   52s.  Last read position: chr12:47,983,262
INFO	2021-10-09 20:29:44	SortSam	Read    80,000,000 records.  Elapsed time: 00:06:59s.  Time for last 10,000,000:   52s.  Last read position: chr15:20,142,899
INFO	2021-10-09 20:30:35	SortSam	Read    90,000,000 records.  Elapsed time: 00:07:50s.  Time for last 10,000,000:   50s.  Last read position: chr16:88,652,576
INFO	2021-10-09 20:31:27	SortSam	Read   100,000,000 records.  Elapsed time: 00:08:42s.  Time for last 10,000,000:   52s.  Last read position: chr19:3,204,529
INFO	2021-10-09 20:32:18	SortSam	Read   110,000,000 records.  Elapsed time: 00:09:33s.  Time for last 10,000,000:   50s.  Last read position: chr20:42,771,283
INFO	2021-10-09 20:33:11	SortSam	Read   120,000,000 records.  Elapsed time: 00:10:26s.  Time for last 10,000,000:   53s.  Last read position: chr11_KI270832v1_alt:86,117
INFO	2021-10-09 20:33:33	SortSam	Finished reading inputs, merging and writing to output now.
INFO	2021-10-09 20:34:44	SortSam	Wrote    10,000,000 records from a sorting collection.  Elapsed time: 00:11:59s.  Time for last 10,000,000:   70s.  Last read position: chr1:201,648,779
INFO	2021-10-09 20:35:56	SortSam	Wrote    20,000,000 records from a sorting collection.  Elapsed time: 00:13:11s.  Time for last 10,000,000:   71s.  Last read position: chr2:240,891,831
INFO	2021-10-09 20:37:07	SortSam	Wrote    30,000,000 records from a sorting collection.  Elapsed time: 00:14:22s.  Time for last 10,000,000:   70s.  Last read position: chr4:127,894,962
INFO	2021-10-09 20:38:19	SortSam	Wrote    40,000,000 records from a sorting collection.  Elapsed time: 00:15:34s.  Time for last 10,000,000:   71s.  Last read position: chr6:136,925,940
INFO	2021-10-09 20:39:31	SortSam	Wrote    50,000,000 records from a sorting collection.  Elapsed time: 00:16:46s.  Time for last 10,000,000:   71s.  Last read position: chr8:105,802,091
INFO	2021-10-09 20:40:42	SortSam	Wrote    60,000,000 records from a sorting collection.  Elapsed time: 00:17:57s.  Time for last 10,000,000:   71s.  Last read position: chr10:103,097,408
INFO	2021-10-09 20:41:51	SortSam	Wrote    70,000,000 records from a sorting collection.  Elapsed time: 00:19:06s.  Time for last 10,000,000:   69s.  Last read position: chr12:47,983,262
INFO	2021-10-09 20:43:02	SortSam	Wrote    80,000,000 records from a sorting collection.  Elapsed time: 00:20:17s.  Time for last 10,000,000:   70s.  Last read position: chr15:20,142,899
INFO	2021-10-09 20:44:12	SortSam	Wrote    90,000,000 records from a sorting collection.  Elapsed time: 00:21:27s.  Time for last 10,000,000:   70s.  Last read position: chr16:88,652,576
INFO	2021-10-09 20:45:21	SortSam	Wrote   100,000,000 records from a sorting collection.  Elapsed time: 00:22:36s.  Time for last 10,000,000:   69s.  Last read position: chr19:3,204,529
INFO	2021-10-09 20:46:29	SortSam	Wrote   110,000,000 records from a sorting collection.  Elapsed time: 00:23:44s.  Time for last 10,000,000:   67s.  Last read position: chr20:42,771,283
INFO	2021-10-09 20:47:41	SortSam	Wrote   120,000,000 records from a sorting collection.  Elapsed time: 00:24:56s.  Time for last 10,000,000:   72s.  Last read position: chr11_KI270832v1_alt:86,117
[Sat Oct 09 20:48:07 AEDT 2021] picard.sam.SortSam done. Elapsed time: 25.38 minutes.
Runtime.totalMemory()=1645641728
[Sat Oct  9 20:48:07 2021]
Finished job 0.
1 of 1 steps (100%) done
