Building DAG of jobs...
Using shell: /bin/bash
Provided cores: 1 (use --cores to define parallelism)
Rules claiming more threads will be scaled down.
Select jobs to execute...

[Sun Oct  3 20:52:58 2021]
rule sort_mark_duplicates:
    input: /fs03/pg32/zarul/results/marked_dup/PRS076.bam
    output: /fs03/pg32/zarul/results/marked_dup/PRS076.sorted.bam
    jobid: 0
    wildcards: sample=PRS076
    resources: mem_mb=8868, disk_mb=8868, tmpdir=/tmp

Activating conda environment: /projects/pg32/WES_preliminary_analyses/.snakemake/conda/ff944c3fd317023ffbdbe7a022133507
INFO	2021-10-03 20:53:03	SortSam	

********** NOTE: Picard's command line syntax is changing.
**********
********** For more information, please see:
********** https://github.com/broadinstitute/picard/wiki/Command-Line-Syntax-Transition-For-Users-(Pre-Transition)
**********
********** The command line looks like this in the new syntax:
**********
**********    SortSam -I /fs03/pg32/zarul/results/marked_dup/PRS076.bam -O /fs03/pg32/zarul/results/marked_dup/PRS076.sorted.bam -SORT_ORDER coordinate -CREATE_INDEX true
**********


19:53:04.474 INFO  NativeLibraryLoader - Loading libgkl_compression.so from jar:file:/projects/pg32/WES_preliminary_analyses/.snakemake/conda/ff944c3fd317023ffbdbe7a022133507/share/picard-2.26.1-0/picard.jar!/com/intel/gkl/native/libgkl_compression.so
[Sun Oct 03 20:53:04 AEDT 2021] SortSam INPUT=/fs03/pg32/zarul/results/marked_dup/PRS076.bam OUTPUT=/fs03/pg32/zarul/results/marked_dup/PRS076.sorted.bam SORT_ORDER=coordinate CREATE_INDEX=true    VERBOSITY=INFO QUIET=false VALIDATION_STRINGENCY=STRICT COMPRESSION_LEVEL=5 MAX_RECORDS_IN_RAM=500000 CREATE_MD5_FILE=false GA4GH_CLIENT_SECRETS=client_secrets.json USE_JDK_DEFLATER=false USE_JDK_INFLATER=false
[Sun Oct 03 20:53:04 AEDT 2021] Executing as mzar0002@m3i025 on Linux 3.10.0-1160.11.1.el7.x86_64 amd64; OpenJDK 64-Bit Server VM 11.0.9.1-internal+0-adhoc..src; Deflater: Intel; Inflater: Intel; Provider GCS is not available; Picard version: 2.26.1
WARNING: BAM index file /fs03/pg32/zarul/results/marked_dup/PRS076.bai is older than BAM /fs03/pg32/zarul/results/marked_dup/PRS076.bam
INFO	2021-10-03 20:54:01	SortSam	Read    10,000,000 records.  Elapsed time: 00:00:57s.  Time for last 10,000,000:   57s.  Last read position: chr2:55,683,713
INFO	2021-10-03 20:54:55	SortSam	Read    20,000,000 records.  Elapsed time: 00:01:50s.  Time for last 10,000,000:   53s.  Last read position: chr4:38,929,155
INFO	2021-10-03 20:55:44	SortSam	Read    30,000,000 records.  Elapsed time: 00:02:39s.  Time for last 10,000,000:   48s.  Last read position: chr7:43,468,494
INFO	2021-10-03 20:56:35	SortSam	Read    40,000,000 records.  Elapsed time: 00:03:30s.  Time for last 10,000,000:   51s.  Last read position: chr9:137,778,567
INFO	2021-10-03 20:57:28	SortSam	Read    50,000,000 records.  Elapsed time: 00:04:23s.  Time for last 10,000,000:   53s.  Last read position: chr12:51,890,977
INFO	2021-10-03 20:58:20	SortSam	Read    60,000,000 records.  Elapsed time: 00:05:15s.  Time for last 10,000,000:   51s.  Last read position: chr16:53,439
INFO	2021-10-03 20:59:11	SortSam	Read    70,000,000 records.  Elapsed time: 00:06:06s.  Time for last 10,000,000:   50s.  Last read position: chr18:21,937,717
INFO	2021-10-03 21:00:00	SortSam	Read    80,000,000 records.  Elapsed time: 00:06:55s.  Time for last 10,000,000:   48s.  Last read position: chr21:30,543,321
INFO	2021-10-03 21:00:42	SortSam	Finished reading inputs, merging and writing to output now.
INFO	2021-10-03 21:01:54	SortSam	Wrote    10,000,000 records from a sorting collection.  Elapsed time: 00:08:49s.  Time for last 10,000,000:   71s.  Last read position: chr2:55,683,713
INFO	2021-10-03 21:03:04	SortSam	Wrote    20,000,000 records from a sorting collection.  Elapsed time: 00:10:00s.  Time for last 10,000,000:   70s.  Last read position: chr4:38,929,155
INFO	2021-10-03 21:04:16	SortSam	Wrote    30,000,000 records from a sorting collection.  Elapsed time: 00:11:12s.  Time for last 10,000,000:   72s.  Last read position: chr7:43,468,494
INFO	2021-10-03 21:05:29	SortSam	Wrote    40,000,000 records from a sorting collection.  Elapsed time: 00:12:24s.  Time for last 10,000,000:   72s.  Last read position: chr9:137,778,567
INFO	2021-10-03 21:06:39	SortSam	Wrote    50,000,000 records from a sorting collection.  Elapsed time: 00:13:35s.  Time for last 10,000,000:   70s.  Last read position: chr12:51,890,977
INFO	2021-10-03 21:07:51	SortSam	Wrote    60,000,000 records from a sorting collection.  Elapsed time: 00:14:46s.  Time for last 10,000,000:   71s.  Last read position: chr16:53,439
INFO	2021-10-03 21:09:00	SortSam	Wrote    70,000,000 records from a sorting collection.  Elapsed time: 00:15:55s.  Time for last 10,000,000:   69s.  Last read position: chr18:21,937,717
INFO	2021-10-03 21:10:08	SortSam	Wrote    80,000,000 records from a sorting collection.  Elapsed time: 00:17:04s.  Time for last 10,000,000:   68s.  Last read position: chr21:30,543,321
[Sun Oct 03 21:11:09 AEDT 2021] picard.sam.SortSam done. Elapsed time: 18.09 minutes.
Runtime.totalMemory()=1672278016
[Sun Oct  3 21:11:09 2021]
Finished job 0.
1 of 1 steps (100%) done
