Building DAG of jobs...
Using shell: /bin/bash
Provided cores: 1 (use --cores to define parallelism)
Rules claiming more threads will be scaled down.
Select jobs to execute...

[Sat Oct  9 20:37:42 2021]
rule sort_mark_duplicates:
    input: /fs03/pg32/zarul/results/marked_dup/JH19022.bam
    output: /fs03/pg32/zarul/results/marked_dup/JH19022.sorted.bam, /fs03/pg32/zarul/results/marked_dup/JH19022.sorted.bai
    jobid: 0
    wildcards: sample=JH19022
    resources: mem_mb=11554, disk_mb=11554, tmpdir=/tmp

Activating conda environment: /projects/pg32/WES_preliminary_analyses/.snakemake/conda/ff944c3fd317023ffbdbe7a022133507
INFO	2021-10-09 20:37:49	SortSam	

********** NOTE: Picard's command line syntax is changing.
**********
********** For more information, please see:
********** https://github.com/broadinstitute/picard/wiki/Command-Line-Syntax-Transition-For-Users-(Pre-Transition)
**********
********** The command line looks like this in the new syntax:
**********
**********    SortSam -I /fs03/pg32/zarul/results/marked_dup/JH19022.bam -O /fs03/pg32/zarul/results/marked_dup/JH19022.sorted.bam -SORT_ORDER coordinate -CREATE_INDEX true
**********


20:37:50.813 INFO  NativeLibraryLoader - Loading libgkl_compression.so from jar:file:/projects/pg32/WES_preliminary_analyses/.snakemake/conda/ff944c3fd317023ffbdbe7a022133507/share/picard-2.26.1-0/picard.jar!/com/intel/gkl/native/libgkl_compression.so
[Sat Oct 09 20:37:50 AEDT 2021] SortSam INPUT=/fs03/pg32/zarul/results/marked_dup/JH19022.bam OUTPUT=/fs03/pg32/zarul/results/marked_dup/JH19022.sorted.bam SORT_ORDER=coordinate CREATE_INDEX=true    VERBOSITY=INFO QUIET=false VALIDATION_STRINGENCY=STRICT COMPRESSION_LEVEL=5 MAX_RECORDS_IN_RAM=500000 CREATE_MD5_FILE=false GA4GH_CLIENT_SECRETS=client_secrets.json USE_JDK_DEFLATER=false USE_JDK_INFLATER=false
[Sat Oct 09 20:37:50 AEDT 2021] Executing as mzar0002@m3j000 on Linux 3.10.0-1160.11.1.el7.x86_64 amd64; OpenJDK 64-Bit Server VM 11.0.9.1-internal+0-adhoc..src; Deflater: Intel; Inflater: Intel; Provider GCS is not available; Picard version: 2.26.1
WARNING: BAM index file /fs03/pg32/zarul/results/marked_dup/JH19022.bai is older than BAM /fs03/pg32/zarul/results/marked_dup/JH19022.bam
INFO	2021-10-09 20:39:02	SortSam	Read    10,000,000 records.  Elapsed time: 00:01:11s.  Time for last 10,000,000:   71s.  Last read position: chr1:219,925,271
INFO	2021-10-09 20:40:01	SortSam	Read    20,000,000 records.  Elapsed time: 00:02:10s.  Time for last 10,000,000:   59s.  Last read position: chr3:45,035,607
INFO	2021-10-09 20:41:00	SortSam	Read    30,000,000 records.  Elapsed time: 00:03:09s.  Time for last 10,000,000:   58s.  Last read position: chr5:70,530,026
INFO	2021-10-09 20:41:58	SortSam	Read    40,000,000 records.  Elapsed time: 00:04:07s.  Time for last 10,000,000:   58s.  Last read position: chr7:73,225,397
INFO	2021-10-09 20:42:57	SortSam	Read    50,000,000 records.  Elapsed time: 00:05:06s.  Time for last 10,000,000:   59s.  Last read position: chr9:109,342,557
INFO	2021-10-09 20:43:53	SortSam	Read    60,000,000 records.  Elapsed time: 00:06:02s.  Time for last 10,000,000:   55s.  Last read position: chr11:65,619,776
INFO	2021-10-09 20:44:48	SortSam	Read    70,000,000 records.  Elapsed time: 00:06:57s.  Time for last 10,000,000:   55s.  Last read position: chr13:99,071,519
INFO	2021-10-09 20:45:46	SortSam	Read    80,000,000 records.  Elapsed time: 00:07:55s.  Time for last 10,000,000:   57s.  Last read position: chr16:27,493,255
INFO	2021-10-09 20:46:42	SortSam	Read    90,000,000 records.  Elapsed time: 00:08:50s.  Time for last 10,000,000:   55s.  Last read position: chr17:82,300,249
INFO	2021-10-09 20:47:44	SortSam	Read   100,000,000 records.  Elapsed time: 00:09:52s.  Time for last 10,000,000:   61s.  Last read position: chr20:1,312,220
INFO	2021-10-09 20:48:42	SortSam	Read   110,000,000 records.  Elapsed time: 00:10:51s.  Time for last 10,000,000:   58s.  Last read position: chrX:102,654,541
INFO	2021-10-09 20:49:18	SortSam	Finished reading inputs, merging and writing to output now.
INFO	2021-10-09 20:50:32	SortSam	Wrote    10,000,000 records from a sorting collection.  Elapsed time: 00:12:41s.  Time for last 10,000,000:   73s.  Last read position: chr1:219,925,271
INFO	2021-10-09 20:51:45	SortSam	Wrote    20,000,000 records from a sorting collection.  Elapsed time: 00:13:54s.  Time for last 10,000,000:   72s.  Last read position: chr3:45,035,607
INFO	2021-10-09 20:52:58	SortSam	Wrote    30,000,000 records from a sorting collection.  Elapsed time: 00:15:07s.  Time for last 10,000,000:   73s.  Last read position: chr5:70,530,026
INFO	2021-10-09 20:54:10	SortSam	Wrote    40,000,000 records from a sorting collection.  Elapsed time: 00:16:19s.  Time for last 10,000,000:   72s.  Last read position: chr7:73,225,397
INFO	2021-10-09 20:55:23	SortSam	Wrote    50,000,000 records from a sorting collection.  Elapsed time: 00:17:32s.  Time for last 10,000,000:   72s.  Last read position: chr9:109,342,557
INFO	2021-10-09 20:56:33	SortSam	Wrote    60,000,000 records from a sorting collection.  Elapsed time: 00:18:41s.  Time for last 10,000,000:   69s.  Last read position: chr11:65,619,776
INFO	2021-10-09 20:57:43	SortSam	Wrote    70,000,000 records from a sorting collection.  Elapsed time: 00:19:52s.  Time for last 10,000,000:   70s.  Last read position: chr13:99,071,519
INFO	2021-10-09 20:58:53	SortSam	Wrote    80,000,000 records from a sorting collection.  Elapsed time: 00:21:02s.  Time for last 10,000,000:   69s.  Last read position: chr16:27,493,255
INFO	2021-10-09 21:00:05	SortSam	Wrote    90,000,000 records from a sorting collection.  Elapsed time: 00:22:14s.  Time for last 10,000,000:   71s.  Last read position: chr17:82,300,249
INFO	2021-10-09 21:01:14	SortSam	Wrote   100,000,000 records from a sorting collection.  Elapsed time: 00:23:22s.  Time for last 10,000,000:   68s.  Last read position: chr20:1,312,220
INFO	2021-10-09 21:02:26	SortSam	Wrote   110,000,000 records from a sorting collection.  Elapsed time: 00:24:34s.  Time for last 10,000,000:   72s.  Last read position: chrX:102,654,541
[Sat Oct 09 21:03:11 AEDT 2021] picard.sam.SortSam done. Elapsed time: 25.34 minutes.
Runtime.totalMemory()=1240682496
[Sat Oct  9 21:03:11 2021]
Finished job 0.
1 of 1 steps (100%) done
