Building DAG of jobs...
Using shell: /bin/bash
Provided cores: 1 (use --cores to define parallelism)
Rules claiming more threads will be scaled down.
Select jobs to execute...

[Sat Oct  9 19:34:42 2021]
rule sort_mark_duplicates:
    input: /fs03/pg32/zarul/results/marked_dup/PRS004.bam
    output: /fs03/pg32/zarul/results/marked_dup/PRS004.sorted.bam, /fs03/pg32/zarul/results/marked_dup/PRS004.sorted.bai
    jobid: 0
    wildcards: sample=PRS004
    resources: mem_mb=8158, disk_mb=8158, tmpdir=/tmp

Activating conda environment: /projects/pg32/WES_preliminary_analyses/.snakemake/conda/ff944c3fd317023ffbdbe7a022133507
INFO	2021-10-09 19:34:53	SortSam	

********** NOTE: Picard's command line syntax is changing.
**********
********** For more information, please see:
********** https://github.com/broadinstitute/picard/wiki/Command-Line-Syntax-Transition-For-Users-(Pre-Transition)
**********
********** The command line looks like this in the new syntax:
**********
**********    SortSam -I /fs03/pg32/zarul/results/marked_dup/PRS004.bam -O /fs03/pg32/zarul/results/marked_dup/PRS004.sorted.bam -SORT_ORDER coordinate -CREATE_INDEX true
**********


19:34:54.533 INFO  NativeLibraryLoader - Loading libgkl_compression.so from jar:file:/projects/pg32/WES_preliminary_analyses/.snakemake/conda/ff944c3fd317023ffbdbe7a022133507/share/picard-2.26.1-0/picard.jar!/com/intel/gkl/native/libgkl_compression.so
[Sat Oct 09 19:34:54 AEDT 2021] SortSam INPUT=/fs03/pg32/zarul/results/marked_dup/PRS004.bam OUTPUT=/fs03/pg32/zarul/results/marked_dup/PRS004.sorted.bam SORT_ORDER=coordinate CREATE_INDEX=true    VERBOSITY=INFO QUIET=false VALIDATION_STRINGENCY=STRICT COMPRESSION_LEVEL=5 MAX_RECORDS_IN_RAM=500000 CREATE_MD5_FILE=false GA4GH_CLIENT_SECRETS=client_secrets.json USE_JDK_DEFLATER=false USE_JDK_INFLATER=false
[Sat Oct 09 19:34:54 AEDT 2021] Executing as mzar0002@m3i020 on Linux 3.10.0-1160.11.1.el7.x86_64 amd64; OpenJDK 64-Bit Server VM 11.0.9.1-internal+0-adhoc..src; Deflater: Intel; Inflater: Intel; Provider GCS is not available; Picard version: 2.26.1
WARNING: BAM index file /fs03/pg32/zarul/results/marked_dup/PRS004.bai is older than BAM /fs03/pg32/zarul/results/marked_dup/PRS004.bam
INFO	2021-10-09 19:35:48	SortSam	Read    10,000,000 records.  Elapsed time: 00:00:53s.  Time for last 10,000,000:   53s.  Last read position: chr2:90,083,180
INFO	2021-10-09 19:36:38	SortSam	Read    20,000,000 records.  Elapsed time: 00:01:44s.  Time for last 10,000,000:   50s.  Last read position: chr4:153,370,395
INFO	2021-10-09 19:37:29	SortSam	Read    30,000,000 records.  Elapsed time: 00:02:34s.  Time for last 10,000,000:   50s.  Last read position: chr7:129,054,513
INFO	2021-10-09 19:38:19	SortSam	Read    40,000,000 records.  Elapsed time: 00:03:24s.  Time for last 10,000,000:   50s.  Last read position: chr10:132,941,921
INFO	2021-10-09 19:39:08	SortSam	Read    50,000,000 records.  Elapsed time: 00:04:13s.  Time for last 10,000,000:   49s.  Last read position: chr13:113,117,442
INFO	2021-10-09 19:39:56	SortSam	Read    60,000,000 records.  Elapsed time: 00:05:01s.  Time for last 10,000,000:   48s.  Last read position: chr17:4,825,936
INFO	2021-10-09 19:40:45	SortSam	Read    70,000,000 records.  Elapsed time: 00:05:50s.  Time for last 10,000,000:   48s.  Last read position: chr19:43,598,941
INFO	2021-10-09 19:41:38	SortSam	Read    80,000,000 records.  Elapsed time: 00:06:43s.  Time for last 10,000,000:   53s.  Last read position: chr16_KI270855v1_alt:149,341
INFO	2021-10-09 19:41:48	SortSam	Finished reading inputs, merging and writing to output now.
INFO	2021-10-09 19:42:57	SortSam	Wrote    10,000,000 records from a sorting collection.  Elapsed time: 00:08:02s.  Time for last 10,000,000:   68s.  Last read position: chr2:90,083,180
INFO	2021-10-09 19:44:04	SortSam	Wrote    20,000,000 records from a sorting collection.  Elapsed time: 00:09:09s.  Time for last 10,000,000:   67s.  Last read position: chr4:153,370,395
INFO	2021-10-09 19:45:13	SortSam	Wrote    30,000,000 records from a sorting collection.  Elapsed time: 00:10:18s.  Time for last 10,000,000:   68s.  Last read position: chr7:129,054,513
INFO	2021-10-09 19:46:21	SortSam	Wrote    40,000,000 records from a sorting collection.  Elapsed time: 00:11:26s.  Time for last 10,000,000:   67s.  Last read position: chr10:132,941,921
INFO	2021-10-09 19:47:28	SortSam	Wrote    50,000,000 records from a sorting collection.  Elapsed time: 00:12:33s.  Time for last 10,000,000:   66s.  Last read position: chr13:113,117,442
INFO	2021-10-09 19:48:35	SortSam	Wrote    60,000,000 records from a sorting collection.  Elapsed time: 00:13:40s.  Time for last 10,000,000:   67s.  Last read position: chr17:4,825,936
INFO	2021-10-09 19:49:41	SortSam	Wrote    70,000,000 records from a sorting collection.  Elapsed time: 00:14:46s.  Time for last 10,000,000:   66s.  Last read position: chr19:43,598,941
INFO	2021-10-09 19:50:49	SortSam	Wrote    80,000,000 records from a sorting collection.  Elapsed time: 00:15:55s.  Time for last 10,000,000:   68s.  Last read position: chr16_KI270855v1_alt:149,341
[Sat Oct 09 19:51:04 AEDT 2021] picard.sam.SortSam done. Elapsed time: 16.17 minutes.
Runtime.totalMemory()=1842102272
[Sat Oct  9 19:51:04 2021]
Finished job 0.
1 of 1 steps (100%) done
