Building DAG of jobs...
Using shell: /bin/bash
Provided cores: 1 (use --cores to define parallelism)
Rules claiming more threads will be scaled down.
Select jobs to execute...

[Sat Oct  9 21:03:42 2021]
rule sort_mark_duplicates:
    input: /fs03/pg32/zarul/results/marked_dup/JH19005.bam
    output: /fs03/pg32/zarul/results/marked_dup/JH19005.sorted.bam, /fs03/pg32/zarul/results/marked_dup/JH19005.sorted.bai
    jobid: 0
    wildcards: sample=JH19005
    resources: mem_mb=8679, disk_mb=8679, tmpdir=/tmp

Activating conda environment: /projects/pg32/WES_preliminary_analyses/.snakemake/conda/ff944c3fd317023ffbdbe7a022133507
INFO	2021-10-09 21:03:48	SortSam	

********** NOTE: Picard's command line syntax is changing.
**********
********** For more information, please see:
********** https://github.com/broadinstitute/picard/wiki/Command-Line-Syntax-Transition-For-Users-(Pre-Transition)
**********
********** The command line looks like this in the new syntax:
**********
**********    SortSam -I /fs03/pg32/zarul/results/marked_dup/JH19005.bam -O /fs03/pg32/zarul/results/marked_dup/JH19005.sorted.bam -SORT_ORDER coordinate -CREATE_INDEX true
**********


21:03:49.125 INFO  NativeLibraryLoader - Loading libgkl_compression.so from jar:file:/projects/pg32/WES_preliminary_analyses/.snakemake/conda/ff944c3fd317023ffbdbe7a022133507/share/picard-2.26.1-0/picard.jar!/com/intel/gkl/native/libgkl_compression.so
[Sat Oct 09 21:03:49 AEDT 2021] SortSam INPUT=/fs03/pg32/zarul/results/marked_dup/JH19005.bam OUTPUT=/fs03/pg32/zarul/results/marked_dup/JH19005.sorted.bam SORT_ORDER=coordinate CREATE_INDEX=true    VERBOSITY=INFO QUIET=false VALIDATION_STRINGENCY=STRICT COMPRESSION_LEVEL=5 MAX_RECORDS_IN_RAM=500000 CREATE_MD5_FILE=false GA4GH_CLIENT_SECRETS=client_secrets.json USE_JDK_DEFLATER=false USE_JDK_INFLATER=false
[Sat Oct 09 21:03:49 AEDT 2021] Executing as mzar0002@m3i017 on Linux 3.10.0-1160.11.1.el7.x86_64 amd64; OpenJDK 64-Bit Server VM 11.0.9.1-internal+0-adhoc..src; Deflater: Intel; Inflater: Intel; Provider GCS is not available; Picard version: 2.26.1
WARNING: BAM index file /fs03/pg32/zarul/results/marked_dup/JH19005.bai is older than BAM /fs03/pg32/zarul/results/marked_dup/JH19005.bam
INFO	2021-10-09 21:04:52	SortSam	Read    10,000,000 records.  Elapsed time: 00:01:02s.  Time for last 10,000,000:   62s.  Last read position: chr2:97,585,179
INFO	2021-10-09 21:05:49	SortSam	Read    20,000,000 records.  Elapsed time: 00:01:59s.  Time for last 10,000,000:   57s.  Last read position: chr4:157,152,541
INFO	2021-10-09 21:06:44	SortSam	Read    30,000,000 records.  Elapsed time: 00:02:55s.  Time for last 10,000,000:   55s.  Last read position: chr7:130,181,576
INFO	2021-10-09 21:07:39	SortSam	Read    40,000,000 records.  Elapsed time: 00:03:50s.  Time for last 10,000,000:   55s.  Last read position: chr11:1,929,073
INFO	2021-10-09 21:08:32	SortSam	Read    50,000,000 records.  Elapsed time: 00:04:43s.  Time for last 10,000,000:   53s.  Last read position: chr14:29,630,929
INFO	2021-10-09 21:09:28	SortSam	Read    60,000,000 records.  Elapsed time: 00:05:39s.  Time for last 10,000,000:   55s.  Last read position: chr17:31,523,626
INFO	2021-10-09 21:10:22	SortSam	Read    70,000,000 records.  Elapsed time: 00:06:33s.  Time for last 10,000,000:   53s.  Last read position: chr20:33,663,472
INFO	2021-10-09 21:11:20	SortSam	Finished reading inputs, merging and writing to output now.
INFO	2021-10-09 21:12:40	SortSam	Wrote    10,000,000 records from a sorting collection.  Elapsed time: 00:08:50s.  Time for last 10,000,000:   78s.  Last read position: chr2:97,585,179
INFO	2021-10-09 21:13:59	SortSam	Wrote    20,000,000 records from a sorting collection.  Elapsed time: 00:10:09s.  Time for last 10,000,000:   78s.  Last read position: chr4:157,152,541
INFO	2021-10-09 21:15:18	SortSam	Wrote    30,000,000 records from a sorting collection.  Elapsed time: 00:11:29s.  Time for last 10,000,000:   79s.  Last read position: chr7:130,181,576
INFO	2021-10-09 21:16:37	SortSam	Wrote    40,000,000 records from a sorting collection.  Elapsed time: 00:12:48s.  Time for last 10,000,000:   78s.  Last read position: chr11:1,929,073
INFO	2021-10-09 21:17:55	SortSam	Wrote    50,000,000 records from a sorting collection.  Elapsed time: 00:14:05s.  Time for last 10,000,000:   77s.  Last read position: chr14:29,630,929
INFO	2021-10-09 21:19:12	SortSam	Wrote    60,000,000 records from a sorting collection.  Elapsed time: 00:15:23s.  Time for last 10,000,000:   77s.  Last read position: chr17:31,523,626
INFO	2021-10-09 21:20:29	SortSam	Wrote    70,000,000 records from a sorting collection.  Elapsed time: 00:16:39s.  Time for last 10,000,000:   76s.  Last read position: chr20:33,663,472
[Sat Oct 09 21:21:48 AEDT 2021] picard.sam.SortSam done. Elapsed time: 17.99 minutes.
Runtime.totalMemory()=1195339776
[Sat Oct  9 21:21:48 2021]
Finished job 0.
1 of 1 steps (100%) done
