Building DAG of jobs...
Using shell: /bin/bash
Provided cores: 1 (use --cores to define parallelism)
Rules claiming more threads will be scaled down.
Select jobs to execute...

[Sat Oct  9 21:10:56 2021]
rule sort_mark_duplicates:
    input: /fs03/pg32/zarul/results/marked_dup/PRS018.bam
    output: /fs03/pg32/zarul/results/marked_dup/PRS018.sorted.bam, /fs03/pg32/zarul/results/marked_dup/PRS018.sorted.bai
    jobid: 0
    wildcards: sample=PRS018
    resources: mem_mb=15248, disk_mb=15248, tmpdir=/tmp

Activating conda environment: /projects/pg32/WES_preliminary_analyses/.snakemake/conda/ff944c3fd317023ffbdbe7a022133507
INFO	2021-10-09 21:11:04	SortSam	

********** NOTE: Picard's command line syntax is changing.
**********
********** For more information, please see:
********** https://github.com/broadinstitute/picard/wiki/Command-Line-Syntax-Transition-For-Users-(Pre-Transition)
**********
********** The command line looks like this in the new syntax:
**********
**********    SortSam -I /fs03/pg32/zarul/results/marked_dup/PRS018.bam -O /fs03/pg32/zarul/results/marked_dup/PRS018.sorted.bam -SORT_ORDER coordinate -CREATE_INDEX true
**********


21:11:05.673 INFO  NativeLibraryLoader - Loading libgkl_compression.so from jar:file:/projects/pg32/WES_preliminary_analyses/.snakemake/conda/ff944c3fd317023ffbdbe7a022133507/share/picard-2.26.1-0/picard.jar!/com/intel/gkl/native/libgkl_compression.so
[Sat Oct 09 21:11:05 AEDT 2021] SortSam INPUT=/fs03/pg32/zarul/results/marked_dup/PRS018.bam OUTPUT=/fs03/pg32/zarul/results/marked_dup/PRS018.sorted.bam SORT_ORDER=coordinate CREATE_INDEX=true    VERBOSITY=INFO QUIET=false VALIDATION_STRINGENCY=STRICT COMPRESSION_LEVEL=5 MAX_RECORDS_IN_RAM=500000 CREATE_MD5_FILE=false GA4GH_CLIENT_SECRETS=client_secrets.json USE_JDK_DEFLATER=false USE_JDK_INFLATER=false
[Sat Oct 09 21:11:05 AEDT 2021] Executing as mzar0002@m3j003 on Linux 3.10.0-1160.11.1.el7.x86_64 amd64; OpenJDK 64-Bit Server VM 11.0.9.1-internal+0-adhoc..src; Deflater: Intel; Inflater: Intel; Provider GCS is not available; Picard version: 2.26.1
WARNING: BAM index file /fs03/pg32/zarul/results/marked_dup/PRS018.bai is older than BAM /fs03/pg32/zarul/results/marked_dup/PRS018.bam
INFO	2021-10-09 21:12:02	SortSam	Read    10,000,000 records.  Elapsed time: 00:00:56s.  Time for last 10,000,000:   56s.  Last read position: chr1:154,588,331
INFO	2021-10-09 21:12:52	SortSam	Read    20,000,000 records.  Elapsed time: 00:01:46s.  Time for last 10,000,000:   50s.  Last read position: chr2:106,459,326
INFO	2021-10-09 21:13:42	SortSam	Read    30,000,000 records.  Elapsed time: 00:02:36s.  Time for last 10,000,000:   49s.  Last read position: chr3:69,200,655
INFO	2021-10-09 21:14:35	SortSam	Read    40,000,000 records.  Elapsed time: 00:03:29s.  Time for last 10,000,000:   53s.  Last read position: chr5:13,752,261
INFO	2021-10-09 21:15:28	SortSam	Read    50,000,000 records.  Elapsed time: 00:04:22s.  Time for last 10,000,000:   53s.  Last read position: chr6:112,117,606
INFO	2021-10-09 21:16:21	SortSam	Read    60,000,000 records.  Elapsed time: 00:05:15s.  Time for last 10,000,000:   52s.  Last read position: chr8:10,607,698
INFO	2021-10-09 21:17:15	SortSam	Read    70,000,000 records.  Elapsed time: 00:06:09s.  Time for last 10,000,000:   53s.  Last read position: chr9:133,082,533
INFO	2021-10-09 21:18:07	SortSam	Read    80,000,000 records.  Elapsed time: 00:07:01s.  Time for last 10,000,000:   52s.  Last read position: chr11:46,899,359
INFO	2021-10-09 21:19:03	SortSam	Read    90,000,000 records.  Elapsed time: 00:07:57s.  Time for last 10,000,000:   55s.  Last read position: chr12:56,099,869
INFO	2021-10-09 21:19:55	SortSam	Read   100,000,000 records.  Elapsed time: 00:08:49s.  Time for last 10,000,000:   51s.  Last read position: chr14:95,516,988
INFO	2021-10-09 21:20:45	SortSam	Read   110,000,000 records.  Elapsed time: 00:09:39s.  Time for last 10,000,000:   50s.  Last read position: chr16:29,546,177
INFO	2021-10-09 21:21:39	SortSam	Read   120,000,000 records.  Elapsed time: 00:10:33s.  Time for last 10,000,000:   53s.  Last read position: chr17:50,740,308
INFO	2021-10-09 21:22:29	SortSam	Read   130,000,000 records.  Elapsed time: 00:11:23s.  Time for last 10,000,000:   50s.  Last read position: chr19:22,685,413
INFO	2021-10-09 21:23:22	SortSam	Read   140,000,000 records.  Elapsed time: 00:12:16s.  Time for last 10,000,000:   53s.  Last read position: chr21:29,007,830
INFO	2021-10-09 21:24:12	SortSam	Read   150,000,000 records.  Elapsed time: 00:13:06s.  Time for last 10,000,000:   49s.  Last read position: chr6_KI270798v1_alt:50,508
INFO	2021-10-09 21:24:39	SortSam	Finished reading inputs, merging and writing to output now.
INFO	2021-10-09 21:25:47	SortSam	Wrote    10,000,000 records from a sorting collection.  Elapsed time: 00:14:41s.  Time for last 10,000,000:   67s.  Last read position: chr1:154,588,331
INFO	2021-10-09 21:26:55	SortSam	Wrote    20,000,000 records from a sorting collection.  Elapsed time: 00:15:49s.  Time for last 10,000,000:   67s.  Last read position: chr2:106,459,326
INFO	2021-10-09 21:28:02	SortSam	Wrote    30,000,000 records from a sorting collection.  Elapsed time: 00:16:56s.  Time for last 10,000,000:   66s.  Last read position: chr3:69,200,655
INFO	2021-10-09 21:29:10	SortSam	Wrote    40,000,000 records from a sorting collection.  Elapsed time: 00:18:04s.  Time for last 10,000,000:   68s.  Last read position: chr5:13,752,261
INFO	2021-10-09 21:30:17	SortSam	Wrote    50,000,000 records from a sorting collection.  Elapsed time: 00:19:11s.  Time for last 10,000,000:   67s.  Last read position: chr6:112,117,606
INFO	2021-10-09 21:31:26	SortSam	Wrote    60,000,000 records from a sorting collection.  Elapsed time: 00:20:20s.  Time for last 10,000,000:   68s.  Last read position: chr8:10,607,698
INFO	2021-10-09 21:32:33	SortSam	Wrote    70,000,000 records from a sorting collection.  Elapsed time: 00:21:27s.  Time for last 10,000,000:   67s.  Last read position: chr9:133,082,533
INFO	2021-10-09 21:33:41	SortSam	Wrote    80,000,000 records from a sorting collection.  Elapsed time: 00:22:35s.  Time for last 10,000,000:   67s.  Last read position: chr11:46,899,359
INFO	2021-10-09 21:34:46	SortSam	Wrote    90,000,000 records from a sorting collection.  Elapsed time: 00:23:40s.  Time for last 10,000,000:   65s.  Last read position: chr12:56,099,869
INFO	2021-10-09 21:35:54	SortSam	Wrote   100,000,000 records from a sorting collection.  Elapsed time: 00:24:48s.  Time for last 10,000,000:   67s.  Last read position: chr14:95,516,988
INFO	2021-10-09 21:37:02	SortSam	Wrote   110,000,000 records from a sorting collection.  Elapsed time: 00:25:56s.  Time for last 10,000,000:   67s.  Last read position: chr16:29,546,177
INFO	2021-10-09 21:38:08	SortSam	Wrote   120,000,000 records from a sorting collection.  Elapsed time: 00:27:02s.  Time for last 10,000,000:   66s.  Last read position: chr17:50,740,308
INFO	2021-10-09 21:39:15	SortSam	Wrote   130,000,000 records from a sorting collection.  Elapsed time: 00:28:09s.  Time for last 10,000,000:   66s.  Last read position: chr19:22,685,413
INFO	2021-10-09 21:40:22	SortSam	Wrote   140,000,000 records from a sorting collection.  Elapsed time: 00:29:16s.  Time for last 10,000,000:   66s.  Last read position: chr21:29,007,830
INFO	2021-10-09 21:41:31	SortSam	Wrote   150,000,000 records from a sorting collection.  Elapsed time: 00:30:25s.  Time for last 10,000,000:   68s.  Last read position: chr6_KI270798v1_alt:50,508
[Sat Oct 09 21:42:04 AEDT 2021] picard.sam.SortSam done. Elapsed time: 30.98 minutes.
Runtime.totalMemory()=1148248064
[Sat Oct  9 21:42:04 2021]
Finished job 0.
1 of 1 steps (100%) done
