Building DAG of jobs...
Using shell: /bin/bash
Provided cores: 1 (use --cores to define parallelism)
Rules claiming more threads will be scaled down.
Select jobs to execute...

[Sat Oct  9 20:50:52 2021]
rule sort_mark_duplicates:
    input: /fs03/pg32/zarul/results/marked_dup/JH19036.bam
    output: /fs03/pg32/zarul/results/marked_dup/JH19036.sorted.bam, /fs03/pg32/zarul/results/marked_dup/JH19036.sorted.bai
    jobid: 0
    wildcards: sample=JH19036
    resources: mem_mb=9571, disk_mb=9571, tmpdir=/tmp

Activating conda environment: /projects/pg32/WES_preliminary_analyses/.snakemake/conda/ff944c3fd317023ffbdbe7a022133507
INFO	2021-10-09 20:51:01	SortSam	

********** NOTE: Picard's command line syntax is changing.
**********
********** For more information, please see:
********** https://github.com/broadinstitute/picard/wiki/Command-Line-Syntax-Transition-For-Users-(Pre-Transition)
**********
********** The command line looks like this in the new syntax:
**********
**********    SortSam -I /fs03/pg32/zarul/results/marked_dup/JH19036.bam -O /fs03/pg32/zarul/results/marked_dup/JH19036.sorted.bam -SORT_ORDER coordinate -CREATE_INDEX true
**********


20:51:02.068 INFO  NativeLibraryLoader - Loading libgkl_compression.so from jar:file:/projects/pg32/WES_preliminary_analyses/.snakemake/conda/ff944c3fd317023ffbdbe7a022133507/share/picard-2.26.1-0/picard.jar!/com/intel/gkl/native/libgkl_compression.so
[Sat Oct 09 20:51:02 AEDT 2021] SortSam INPUT=/fs03/pg32/zarul/results/marked_dup/JH19036.bam OUTPUT=/fs03/pg32/zarul/results/marked_dup/JH19036.sorted.bam SORT_ORDER=coordinate CREATE_INDEX=true    VERBOSITY=INFO QUIET=false VALIDATION_STRINGENCY=STRICT COMPRESSION_LEVEL=5 MAX_RECORDS_IN_RAM=500000 CREATE_MD5_FILE=false GA4GH_CLIENT_SECRETS=client_secrets.json USE_JDK_DEFLATER=false USE_JDK_INFLATER=false
[Sat Oct 09 20:51:02 AEDT 2021] Executing as mzar0002@m3i025 on Linux 3.10.0-1160.11.1.el7.x86_64 amd64; OpenJDK 64-Bit Server VM 11.0.9.1-internal+0-adhoc..src; Deflater: Intel; Inflater: Intel; Provider GCS is not available; Picard version: 2.26.1
WARNING: BAM index file /fs03/pg32/zarul/results/marked_dup/JH19036.bai is older than BAM /fs03/pg32/zarul/results/marked_dup/JH19036.bam
INFO	2021-10-09 20:51:57	SortSam	Read    10,000,000 records.  Elapsed time: 00:00:54s.  Time for last 10,000,000:   54s.  Last read position: chr2:32,916,242
INFO	2021-10-09 20:52:53	SortSam	Read    20,000,000 records.  Elapsed time: 00:01:51s.  Time for last 10,000,000:   56s.  Last read position: chr3:186,538,780
INFO	2021-10-09 20:53:44	SortSam	Read    30,000,000 records.  Elapsed time: 00:02:42s.  Time for last 10,000,000:   51s.  Last read position: chr6:108,222,349
INFO	2021-10-09 20:54:39	SortSam	Read    40,000,000 records.  Elapsed time: 00:03:36s.  Time for last 10,000,000:   54s.  Last read position: chr9:35,846,813
INFO	2021-10-09 20:55:33	SortSam	Read    50,000,000 records.  Elapsed time: 00:04:30s.  Time for last 10,000,000:   54s.  Last read position: chr11:70,490,168
INFO	2021-10-09 20:56:26	SortSam	Read    60,000,000 records.  Elapsed time: 00:05:24s.  Time for last 10,000,000:   53s.  Last read position: chr14:79,280,270
INFO	2021-10-09 20:57:17	SortSam	Read    70,000,000 records.  Elapsed time: 00:06:15s.  Time for last 10,000,000:   51s.  Last read position: chr17:17,137,864
INFO	2021-10-09 20:58:13	SortSam	Read    80,000,000 records.  Elapsed time: 00:07:11s.  Time for last 10,000,000:   56s.  Last read position: chr19:44,087,097
INFO	2021-10-09 20:59:07	SortSam	Read    90,000,000 records.  Elapsed time: 00:08:05s.  Time for last 10,000,000:   53s.  Last read position: chrX:100,887,630
INFO	2021-10-09 20:59:39	SortSam	Finished reading inputs, merging and writing to output now.
INFO	2021-10-09 21:00:50	SortSam	Wrote    10,000,000 records from a sorting collection.  Elapsed time: 00:09:48s.  Time for last 10,000,000:   70s.  Last read position: chr2:32,916,242
INFO	2021-10-09 21:02:00	SortSam	Wrote    20,000,000 records from a sorting collection.  Elapsed time: 00:10:58s.  Time for last 10,000,000:   70s.  Last read position: chr3:186,538,780
INFO	2021-10-09 21:03:11	SortSam	Wrote    30,000,000 records from a sorting collection.  Elapsed time: 00:12:09s.  Time for last 10,000,000:   70s.  Last read position: chr6:108,222,349
INFO	2021-10-09 21:04:22	SortSam	Wrote    40,000,000 records from a sorting collection.  Elapsed time: 00:13:19s.  Time for last 10,000,000:   70s.  Last read position: chr9:35,846,813
INFO	2021-10-09 21:05:31	SortSam	Wrote    50,000,000 records from a sorting collection.  Elapsed time: 00:14:29s.  Time for last 10,000,000:   69s.  Last read position: chr11:70,490,168
INFO	2021-10-09 21:06:41	SortSam	Wrote    60,000,000 records from a sorting collection.  Elapsed time: 00:15:38s.  Time for last 10,000,000:   69s.  Last read position: chr14:79,280,270
INFO	2021-10-09 21:07:50	SortSam	Wrote    70,000,000 records from a sorting collection.  Elapsed time: 00:16:48s.  Time for last 10,000,000:   69s.  Last read position: chr17:17,137,864
INFO	2021-10-09 21:08:58	SortSam	Wrote    80,000,000 records from a sorting collection.  Elapsed time: 00:17:56s.  Time for last 10,000,000:   67s.  Last read position: chr19:44,087,097
INFO	2021-10-09 21:10:07	SortSam	Wrote    90,000,000 records from a sorting collection.  Elapsed time: 00:19:04s.  Time for last 10,000,000:   68s.  Last read position: chrX:100,887,630
[Sat Oct 09 21:10:43 AEDT 2021] picard.sam.SortSam done. Elapsed time: 19.70 minutes.
Runtime.totalMemory()=1697722368
[Sat Oct  9 21:10:43 2021]
Finished job 0.
1 of 1 steps (100%) done
