Building DAG of jobs...
Using shell: /bin/bash
Provided cores: 1 (use --cores to define parallelism)
Rules claiming more threads will be scaled down.
Select jobs to execute...

[Sat Oct  9 20:59:45 2021]
rule sort_mark_duplicates:
    input: /fs03/pg32/zarul/results/marked_dup/JH19008.bam
    output: /fs03/pg32/zarul/results/marked_dup/JH19008.sorted.bam, /fs03/pg32/zarul/results/marked_dup/JH19008.sorted.bai
    jobid: 0
    wildcards: sample=JH19008
    resources: mem_mb=10908, disk_mb=10908, tmpdir=/tmp

Activating conda environment: /projects/pg32/WES_preliminary_analyses/.snakemake/conda/ff944c3fd317023ffbdbe7a022133507
INFO	2021-10-09 20:59:52	SortSam	

********** NOTE: Picard's command line syntax is changing.
**********
********** For more information, please see:
********** https://github.com/broadinstitute/picard/wiki/Command-Line-Syntax-Transition-For-Users-(Pre-Transition)
**********
********** The command line looks like this in the new syntax:
**********
**********    SortSam -I /fs03/pg32/zarul/results/marked_dup/JH19008.bam -O /fs03/pg32/zarul/results/marked_dup/JH19008.sorted.bam -SORT_ORDER coordinate -CREATE_INDEX true
**********


20:59:53.451 INFO  NativeLibraryLoader - Loading libgkl_compression.so from jar:file:/projects/pg32/WES_preliminary_analyses/.snakemake/conda/ff944c3fd317023ffbdbe7a022133507/share/picard-2.26.1-0/picard.jar!/com/intel/gkl/native/libgkl_compression.so
[Sat Oct 09 20:59:53 AEDT 2021] SortSam INPUT=/fs03/pg32/zarul/results/marked_dup/JH19008.bam OUTPUT=/fs03/pg32/zarul/results/marked_dup/JH19008.sorted.bam SORT_ORDER=coordinate CREATE_INDEX=true    VERBOSITY=INFO QUIET=false VALIDATION_STRINGENCY=STRICT COMPRESSION_LEVEL=5 MAX_RECORDS_IN_RAM=500000 CREATE_MD5_FILE=false GA4GH_CLIENT_SECRETS=client_secrets.json USE_JDK_DEFLATER=false USE_JDK_INFLATER=false
[Sat Oct 09 20:59:53 AEDT 2021] Executing as mzar0002@m3i022 on Linux 3.10.0-1160.11.1.el7.x86_64 amd64; OpenJDK 64-Bit Server VM 11.0.9.1-internal+0-adhoc..src; Deflater: Intel; Inflater: Intel; Provider GCS is not available; Picard version: 2.26.1
WARNING: BAM index file /fs03/pg32/zarul/results/marked_dup/JH19008.bai is older than BAM /fs03/pg32/zarul/results/marked_dup/JH19008.bam
INFO	2021-10-09 21:00:48	SortSam	Read    10,000,000 records.  Elapsed time: 00:00:54s.  Time for last 10,000,000:   54s.  Last read position: chr1:233,128,468
INFO	2021-10-09 21:01:39	SortSam	Read    20,000,000 records.  Elapsed time: 00:01:46s.  Time for last 10,000,000:   51s.  Last read position: chr3:52,259,353
INFO	2021-10-09 21:02:30	SortSam	Read    30,000,000 records.  Elapsed time: 00:02:36s.  Time for last 10,000,000:   50s.  Last read position: chr5:139,682,825
INFO	2021-10-09 21:03:22	SortSam	Read    40,000,000 records.  Elapsed time: 00:03:28s.  Time for last 10,000,000:   51s.  Last read position: chr7:116,971,979
INFO	2021-10-09 21:04:10	SortSam	Read    50,000,000 records.  Elapsed time: 00:04:16s.  Time for last 10,000,000:   48s.  Last read position: chr10:24,187,901
INFO	2021-10-09 21:05:03	SortSam	Read    60,000,000 records.  Elapsed time: 00:05:09s.  Time for last 10,000,000:   52s.  Last read position: chr12:8,933,003
INFO	2021-10-09 21:05:54	SortSam	Read    70,000,000 records.  Elapsed time: 00:06:00s.  Time for last 10,000,000:   51s.  Last read position: chr15:22,645,377
INFO	2021-10-09 21:06:43	SortSam	Read    80,000,000 records.  Elapsed time: 00:06:49s.  Time for last 10,000,000:   49s.  Last read position: chr17:16,683,282
INFO	2021-10-09 21:07:30	SortSam	Read    90,000,000 records.  Elapsed time: 00:07:37s.  Time for last 10,000,000:   47s.  Last read position: chr19:35,745,855
INFO	2021-10-09 21:08:21	SortSam	Read   100,000,000 records.  Elapsed time: 00:08:28s.  Time for last 10,000,000:   51s.  Last read position: chrX:2,770,525
INFO	2021-10-09 21:09:04	SortSam	Finished reading inputs, merging and writing to output now.
INFO	2021-10-09 21:10:16	SortSam	Wrote    10,000,000 records from a sorting collection.  Elapsed time: 00:10:22s.  Time for last 10,000,000:   70s.  Last read position: chr1:233,128,468
INFO	2021-10-09 21:11:26	SortSam	Wrote    20,000,000 records from a sorting collection.  Elapsed time: 00:11:32s.  Time for last 10,000,000:   70s.  Last read position: chr3:52,259,353
INFO	2021-10-09 21:12:37	SortSam	Wrote    30,000,000 records from a sorting collection.  Elapsed time: 00:12:43s.  Time for last 10,000,000:   70s.  Last read position: chr5:139,682,825
INFO	2021-10-09 21:13:47	SortSam	Wrote    40,000,000 records from a sorting collection.  Elapsed time: 00:13:54s.  Time for last 10,000,000:   70s.  Last read position: chr7:116,971,979
INFO	2021-10-09 21:14:58	SortSam	Wrote    50,000,000 records from a sorting collection.  Elapsed time: 00:15:05s.  Time for last 10,000,000:   70s.  Last read position: chr10:24,187,901
INFO	2021-10-09 21:16:08	SortSam	Wrote    60,000,000 records from a sorting collection.  Elapsed time: 00:16:14s.  Time for last 10,000,000:   69s.  Last read position: chr12:8,933,003
INFO	2021-10-09 21:17:18	SortSam	Wrote    70,000,000 records from a sorting collection.  Elapsed time: 00:17:24s.  Time for last 10,000,000:   70s.  Last read position: chr15:22,645,377
INFO	2021-10-09 21:18:28	SortSam	Wrote    80,000,000 records from a sorting collection.  Elapsed time: 00:18:35s.  Time for last 10,000,000:   70s.  Last read position: chr17:16,683,282
INFO	2021-10-09 21:19:38	SortSam	Wrote    90,000,000 records from a sorting collection.  Elapsed time: 00:19:44s.  Time for last 10,000,000:   69s.  Last read position: chr19:35,745,855
INFO	2021-10-09 21:20:47	SortSam	Wrote   100,000,000 records from a sorting collection.  Elapsed time: 00:20:53s.  Time for last 10,000,000:   69s.  Last read position: chrX:2,770,525
[Sat Oct 09 21:21:46 AEDT 2021] picard.sam.SortSam done. Elapsed time: 21.89 minutes.
Runtime.totalMemory()=1684443136
[Sat Oct  9 21:21:46 2021]
Finished job 0.
1 of 1 steps (100%) done
