Building DAG of jobs...
Using shell: /bin/bash
Provided cores: 1 (use --cores to define parallelism)
Rules claiming more threads will be scaled down.
Select jobs to execute...

[Sat Oct  9 19:37:36 2021]
rule sort_mark_duplicates:
    input: /fs03/pg32/zarul/results/marked_dup/JH19017.bam
    output: /fs03/pg32/zarul/results/marked_dup/JH19017.sorted.bam, /fs03/pg32/zarul/results/marked_dup/JH19017.sorted.bai
    jobid: 0
    wildcards: sample=JH19017
    resources: mem_mb=8256, disk_mb=8256, tmpdir=/tmp

Activating conda environment: /projects/pg32/WES_preliminary_analyses/.snakemake/conda/ff944c3fd317023ffbdbe7a022133507
INFO	2021-10-09 19:37:41	SortSam	

********** NOTE: Picard's command line syntax is changing.
**********
********** For more information, please see:
********** https://github.com/broadinstitute/picard/wiki/Command-Line-Syntax-Transition-For-Users-(Pre-Transition)
**********
********** The command line looks like this in the new syntax:
**********
**********    SortSam -I /fs03/pg32/zarul/results/marked_dup/JH19017.bam -O /fs03/pg32/zarul/results/marked_dup/JH19017.sorted.bam -SORT_ORDER coordinate -CREATE_INDEX true
**********


19:37:42.266 INFO  NativeLibraryLoader - Loading libgkl_compression.so from jar:file:/projects/pg32/WES_preliminary_analyses/.snakemake/conda/ff944c3fd317023ffbdbe7a022133507/share/picard-2.26.1-0/picard.jar!/com/intel/gkl/native/libgkl_compression.so
[Sat Oct 09 19:37:42 AEDT 2021] SortSam INPUT=/fs03/pg32/zarul/results/marked_dup/JH19017.bam OUTPUT=/fs03/pg32/zarul/results/marked_dup/JH19017.sorted.bam SORT_ORDER=coordinate CREATE_INDEX=true    VERBOSITY=INFO QUIET=false VALIDATION_STRINGENCY=STRICT COMPRESSION_LEVEL=5 MAX_RECORDS_IN_RAM=500000 CREATE_MD5_FILE=false GA4GH_CLIENT_SECRETS=client_secrets.json USE_JDK_DEFLATER=false USE_JDK_INFLATER=false
[Sat Oct 09 19:37:42 AEDT 2021] Executing as mzar0002@m3j003 on Linux 3.10.0-1160.11.1.el7.x86_64 amd64; OpenJDK 64-Bit Server VM 11.0.9.1-internal+0-adhoc..src; Deflater: Intel; Inflater: Intel; Provider GCS is not available; Picard version: 2.26.1
WARNING: BAM index file /fs03/pg32/zarul/results/marked_dup/JH19017.bai is older than BAM /fs03/pg32/zarul/results/marked_dup/JH19017.bam
INFO	2021-10-09 19:38:40	SortSam	Read    10,000,000 records.  Elapsed time: 00:00:57s.  Time for last 10,000,000:   57s.  Last read position: chr2:89,221,544
INFO	2021-10-09 19:39:29	SortSam	Read    20,000,000 records.  Elapsed time: 00:01:46s.  Time for last 10,000,000:   49s.  Last read position: chr4:112,620,254
INFO	2021-10-09 19:40:20	SortSam	Read    30,000,000 records.  Elapsed time: 00:02:37s.  Time for last 10,000,000:   50s.  Last read position: chr7:100,992,120
INFO	2021-10-09 19:41:14	SortSam	Read    40,000,000 records.  Elapsed time: 00:03:32s.  Time for last 10,000,000:   54s.  Last read position: chr10:101,535,022
INFO	2021-10-09 19:42:03	SortSam	Read    50,000,000 records.  Elapsed time: 00:04:21s.  Time for last 10,000,000:   48s.  Last read position: chr13:41,085,146
INFO	2021-10-09 19:42:55	SortSam	Read    60,000,000 records.  Elapsed time: 00:05:12s.  Time for last 10,000,000:   51s.  Last read position: chr16:88,429,030
INFO	2021-10-09 19:43:47	SortSam	Read    70,000,000 records.  Elapsed time: 00:06:04s.  Time for last 10,000,000:   52s.  Last read position: chr19:43,025,613
INFO	2021-10-09 19:44:38	SortSam	Read    80,000,000 records.  Elapsed time: 00:06:56s.  Time for last 10,000,000:   51s.  Last read position: chr17_KI270857v1_alt:735,862
INFO	2021-10-09 19:44:49	SortSam	Finished reading inputs, merging and writing to output now.
INFO	2021-10-09 19:46:00	SortSam	Wrote    10,000,000 records from a sorting collection.  Elapsed time: 00:08:18s.  Time for last 10,000,000:   70s.  Last read position: chr2:89,221,544
INFO	2021-10-09 19:47:10	SortSam	Wrote    20,000,000 records from a sorting collection.  Elapsed time: 00:09:27s.  Time for last 10,000,000:   69s.  Last read position: chr4:112,620,254
INFO	2021-10-09 19:48:21	SortSam	Wrote    30,000,000 records from a sorting collection.  Elapsed time: 00:10:38s.  Time for last 10,000,000:   70s.  Last read position: chr7:100,992,120
INFO	2021-10-09 19:49:31	SortSam	Wrote    40,000,000 records from a sorting collection.  Elapsed time: 00:11:48s.  Time for last 10,000,000:   70s.  Last read position: chr10:101,535,022
INFO	2021-10-09 19:50:40	SortSam	Wrote    50,000,000 records from a sorting collection.  Elapsed time: 00:12:57s.  Time for last 10,000,000:   68s.  Last read position: chr13:41,085,146
INFO	2021-10-09 19:51:50	SortSam	Wrote    60,000,000 records from a sorting collection.  Elapsed time: 00:14:07s.  Time for last 10,000,000:   70s.  Last read position: chr16:88,429,030
INFO	2021-10-09 19:52:58	SortSam	Wrote    70,000,000 records from a sorting collection.  Elapsed time: 00:15:15s.  Time for last 10,000,000:   68s.  Last read position: chr19:43,025,613
INFO	2021-10-09 19:54:09	SortSam	Wrote    80,000,000 records from a sorting collection.  Elapsed time: 00:16:26s.  Time for last 10,000,000:   70s.  Last read position: chr17_KI270857v1_alt:735,862
[Sat Oct 09 19:54:21 AEDT 2021] picard.sam.SortSam done. Elapsed time: 16.65 minutes.
Runtime.totalMemory()=1671847936
[Sat Oct  9 19:54:21 2021]
Finished job 0.
1 of 1 steps (100%) done
