Building DAG of jobs...
Using shell: /bin/bash
Provided cores: 1 (use --cores to define parallelism)
Rules claiming more threads will be scaled down.
Select jobs to execute...

[Sat Oct  9 20:30:10 2021]
rule sort_mark_duplicates:
    input: /fs03/pg32/zarul/results/marked_dup/PRS006.bam
    output: /fs03/pg32/zarul/results/marked_dup/PRS006.sorted.bam, /fs03/pg32/zarul/results/marked_dup/PRS006.sorted.bai
    jobid: 0
    wildcards: sample=PRS006
    resources: mem_mb=8848, disk_mb=8848, tmpdir=/tmp

Activating conda environment: /projects/pg32/WES_preliminary_analyses/.snakemake/conda/ff944c3fd317023ffbdbe7a022133507
INFO	2021-10-09 20:30:16	SortSam	

********** NOTE: Picard's command line syntax is changing.
**********
********** For more information, please see:
********** https://github.com/broadinstitute/picard/wiki/Command-Line-Syntax-Transition-For-Users-(Pre-Transition)
**********
********** The command line looks like this in the new syntax:
**********
**********    SortSam -I /fs03/pg32/zarul/results/marked_dup/PRS006.bam -O /fs03/pg32/zarul/results/marked_dup/PRS006.sorted.bam -SORT_ORDER coordinate -CREATE_INDEX true
**********


20:30:17.568 INFO  NativeLibraryLoader - Loading libgkl_compression.so from jar:file:/projects/pg32/WES_preliminary_analyses/.snakemake/conda/ff944c3fd317023ffbdbe7a022133507/share/picard-2.26.1-0/picard.jar!/com/intel/gkl/native/libgkl_compression.so
[Sat Oct 09 20:30:17 AEDT 2021] SortSam INPUT=/fs03/pg32/zarul/results/marked_dup/PRS006.bam OUTPUT=/fs03/pg32/zarul/results/marked_dup/PRS006.sorted.bam SORT_ORDER=coordinate CREATE_INDEX=true    VERBOSITY=INFO QUIET=false VALIDATION_STRINGENCY=STRICT COMPRESSION_LEVEL=5 MAX_RECORDS_IN_RAM=500000 CREATE_MD5_FILE=false GA4GH_CLIENT_SECRETS=client_secrets.json USE_JDK_DEFLATER=false USE_JDK_INFLATER=false
[Sat Oct 09 20:30:17 AEDT 2021] Executing as mzar0002@m3i006 on Linux 3.10.0-1160.11.1.el7.x86_64 amd64; OpenJDK 64-Bit Server VM 11.0.9.1-internal+0-adhoc..src; Deflater: Intel; Inflater: Intel; Provider GCS is not available; Picard version: 2.26.1
WARNING: BAM index file /fs03/pg32/zarul/results/marked_dup/PRS006.bai is older than BAM /fs03/pg32/zarul/results/marked_dup/PRS006.bam
INFO	2021-10-09 20:31:28	SortSam	Read    10,000,000 records.  Elapsed time: 00:01:10s.  Time for last 10,000,000:   70s.  Last read position: chr2:71,427,043
INFO	2021-10-09 20:32:27	SortSam	Read    20,000,000 records.  Elapsed time: 00:02:09s.  Time for last 10,000,000:   58s.  Last read position: chr4:24,999,813
INFO	2021-10-09 20:33:24	SortSam	Read    30,000,000 records.  Elapsed time: 00:03:06s.  Time for last 10,000,000:   57s.  Last read position: chr7:4,149,293
INFO	2021-10-09 20:34:23	SortSam	Read    40,000,000 records.  Elapsed time: 00:04:06s.  Time for last 10,000,000:   59s.  Last read position: chr9:131,629,133
INFO	2021-10-09 20:35:21	SortSam	Read    50,000,000 records.  Elapsed time: 00:05:03s.  Time for last 10,000,000:   57s.  Last read position: chr12:49,037,401
INFO	2021-10-09 20:36:16	SortSam	Read    60,000,000 records.  Elapsed time: 00:05:58s.  Time for last 10,000,000:   55s.  Last read position: chr16:262,312
INFO	2021-10-09 20:37:15	SortSam	Read    70,000,000 records.  Elapsed time: 00:06:57s.  Time for last 10,000,000:   58s.  Last read position: chr19:6,362,461
INFO	2021-10-09 20:38:10	SortSam	Read    80,000,000 records.  Elapsed time: 00:07:52s.  Time for last 10,000,000:   55s.  Last read position: chrX:46,648,668
INFO	2021-10-09 20:38:38	SortSam	Finished reading inputs, merging and writing to output now.
INFO	2021-10-09 20:39:51	SortSam	Wrote    10,000,000 records from a sorting collection.  Elapsed time: 00:09:33s.  Time for last 10,000,000:   72s.  Last read position: chr2:71,427,043
INFO	2021-10-09 20:41:02	SortSam	Wrote    20,000,000 records from a sorting collection.  Elapsed time: 00:10:44s.  Time for last 10,000,000:   70s.  Last read position: chr4:24,999,813
INFO	2021-10-09 20:42:14	SortSam	Wrote    30,000,000 records from a sorting collection.  Elapsed time: 00:11:56s.  Time for last 10,000,000:   71s.  Last read position: chr7:4,149,293
INFO	2021-10-09 20:43:26	SortSam	Wrote    40,000,000 records from a sorting collection.  Elapsed time: 00:13:08s.  Time for last 10,000,000:   72s.  Last read position: chr9:131,629,133
INFO	2021-10-09 20:44:36	SortSam	Wrote    50,000,000 records from a sorting collection.  Elapsed time: 00:14:18s.  Time for last 10,000,000:   70s.  Last read position: chr12:49,037,401
INFO	2021-10-09 20:45:48	SortSam	Wrote    60,000,000 records from a sorting collection.  Elapsed time: 00:15:30s.  Time for last 10,000,000:   71s.  Last read position: chr16:262,312
INFO	2021-10-09 20:46:58	SortSam	Wrote    70,000,000 records from a sorting collection.  Elapsed time: 00:16:40s.  Time for last 10,000,000:   70s.  Last read position: chr19:6,362,461
INFO	2021-10-09 20:48:09	SortSam	Wrote    80,000,000 records from a sorting collection.  Elapsed time: 00:17:51s.  Time for last 10,000,000:   70s.  Last read position: chrX:46,648,668
[Sat Oct 09 20:48:44 AEDT 2021] picard.sam.SortSam done. Elapsed time: 18.45 minutes.
Runtime.totalMemory()=1465225216
[Sat Oct  9 20:48:44 2021]
Finished job 0.
1 of 1 steps (100%) done
